<p style='color: green; font-size:30px;'> <b>DMI+</b></p>
<p style='color: green;'>  币种/交易对:BTCUSDT DMI+</p>
<p style='color: green;'>  币种/交易对:ETHUSDT DMI+</p>
<p style='color: green;'>  币种/交易对:NEOUSDT DMI+</p>
<p style='color: green;'>  币种/交易对:LTCUSDT DMI+</p>
<p style='color: green;'>  币种/交易对:QTUMUSDT DMI+</p>
<p style='color: green;'>  币种/交易对:XRPUSDT DMI+</p>
<p style='color: green;'>  币种/交易对:BTCTUSD DMI+</p>
<p style='color: green;'>  币种/交易对:ETHTUSD DMI+</p>
<p style='color: green;'>  币种/交易对:EOSUSDT DMI+</p>
<p style='color: green;'>  币种/交易对:IOTAUSDT DMI+</p>
<p style='color: green;'>  币种/交易对:XLMUSDT DMI+</p>
<p style='color: green;'>  币种/交易对:ICXUSDT DMI+</p>
<p style='color: green;'>  币种/交易对:BCHUSDT DMI+</p>
<p style='color: green;'>  币种/交易对:XRPTUSD DMI+</p>
<p style='color: green;'>  币种/交易对:ZILUSDT DMI+</p>
<p style='color: green;'>  币种/交易对:ZRXUSDT DMI+</p>
<p style='color: green;'>  币种/交易对:FETUSDT DMI+</p>
<p style='color: green;'>  币种/交易对:BATUSDT DMI+</p>
<p style='color: green;'>  币种/交易对:XMRUSDT DMI+</p>
<p style='color: green;'>  币种/交易对:ZECUSDT DMI+</p>
<p style='color: green;'>  币种/交易对:CELRUSDT DMI+</p>
<p style='color: green;'>  币种/交易对:DASHUSDT DMI+</p>
<p style='color: green;'>  币种/交易对:OMGUSDT DMI+</p>
<p style='color: green;'>  币种/交易对:THETAUSDT DMI+</p>
<p style='color: green;'>  币种/交易对:ENJUSDT DMI+</p>
<p style='color: green;'>  币种/交易对:MATICUSDT DMI+</p>
<p style='color: green;'>  币种/交易对:ALGOUSDT DMI+</p>
<p style='color: green;'>  币种/交易对:ANKRUSDT DMI+</p>
<p style='color: green;'>  币种/交易对:TOMOUSDT DMI+</p>
<p style='color: green;'>  币种/交易对:PERLUSDT DMI+</p>
<p style='color: green;'>  币种/交易对:DENTUSDT DMI+</p>
<p style='color: green;'>  币种/交易对:WANUSDT DMI+</p>
<p style='color: green;'>  币种/交易对:CHZUSDT DMI+</p>
<p style='color: green;'>  币种/交易对:BANDUSDT DMI+</p>
<p style='color: green;'>  币种/交易对:BTCBUSD DMI+</p>
<p style='color: green;'>  币种/交易对:RENUSDT DMI+</p>
<p style='color: green;'>  币种/交易对:RVNUSDT DMI+</p>
<p style='color: green;'>  币种/交易对:HBARUSDT DMI+</p>
<p style='color: green;'>  币种/交易对:NKNUSDT DMI+</p>
<p style='color: green;'>  币种/交易对:XRPBUSD DMI+</p>
<p style='color: green;'>  币种/交易对:ETHBUSD DMI+</p>
<p style='color: green;'>  币种/交易对:BCHBUSD DMI+</p>
<p style='color: green;'>  币种/交易对:LTCBUSD DMI+</p>
<p style='color: green;'>  币种/交易对:ARPAUSDT DMI+</p>
<p style='color: green;'>  币种/交易对:EOSBUSD DMI+</p>
<p style='color: green;'>  币种/交易对:IOTXUSDT DMI+</p>
<p style='color: green;'>  币种/交易对:RLCUSDT DMI+</p>
<p style='color: green;'>  币种/交易对:XLMBUSD DMI+</p>
<p style='color: green;'>  币种/交易对:QTUMBUSD DMI+</p>
<p style='color: green;'>  币种/交易对:VETBUSD DMI+</p>
<p style='color: green;'>  币种/交易对:FTTUSDT DMI+</p>
<p style='color: green;'>  币种/交易对:EURBUSD DMI+</p>
<p style='color: green;'>  币种/交易对:OGNUSDT DMI+</p>
<p style='color: green;'>  币种/交易对:ICXBUSD DMI+</p>
<p style='color: green;'>  币种/交易对:BTSUSDT DMI+</p>
<p style='color: green;'>  币种/交易对:BNTBUSD DMI+</p>
<p style='color: green;'>  币种/交易对:DASHBUSD DMI+</p>
<p style='color: green;'>  币种/交易对:NEOBUSD DMI+</p>
<p style='color: green;'>  币种/交易对:BATBUSD DMI+</p>
<p style='color: green;'>  币种/交易对:ENJBUSD DMI+</p>
<p style='color: green;'>  币种/交易对:RVNBUSD DMI+</p>
<p style='color: green;'>  币种/交易对:AIONUSDT DMI+</p>
<p style='color: green;'>  币种/交易对:MBLUSDT DMI+</p>
<p style='color: green;'>  币种/交易对:COTIUSDT DMI+</p>
<p style='color: green;'>  币种/交易对:ALGOBUSD DMI+</p>
<p style='color: green;'>  币种/交易对:TOMOBUSD DMI+</p>
<p style='color: green;'>  币种/交易对:XMRBUSD DMI+</p>
<p style='color: green;'>  币种/交易对:ZECBUSD DMI+</p>
<p style='color: green;'>  币种/交易对:WTCUSDT DMI+</p>
<p style='color: green;'>  币种/交易对:BTCUPUSDT DMI+</p>
<p style='color: green;'>  币种/交易对:HBARBUSD DMI+</p>
<p style='color: green;'>  币种/交易对:MATICBUSD DMI+</p>
<p style='color: green;'>  币种/交易对:ZILBUSD DMI+</p>
<p style='color: green;'>  币种/交易对:STMXUSDT DMI+</p>
<p style='color: green;'>  币种/交易对:LRCBUSD DMI+</p>
<p style='color: green;'>  币种/交易对:LRCUSDT DMI+</p>
<p style='color: green;'>  币种/交易对:PNTUSDT DMI+</p>
<p style='color: green;'>  币种/交易对:COMPBUSD DMI+</p>
<p style='color: green;'>  币种/交易对:COMPUSDT DMI+</p>
<p style='color: green;'>  币种/交易对:SCUSDT DMI+</p>
<p style='color: green;'>  币种/交易对:ZENUSDT DMI+</p>
<p style='color: green;'>  币种/交易对:SXPBUSD DMI+</p>
<p style='color: green;'>  币种/交易对:SNXBUSD DMI+</p>
<p style='color: green;'>  币种/交易对:SNXUSDT DMI+</p>
<p style='color: green;'>  币种/交易对:ETHUPUSDT DMI+</p>
<p style='color: green;'>  币种/交易对:SXPUSDT DMI+</p>
<p style='color: green;'>  币种/交易对:MKRUSDT DMI+</p>
<p style='color: green;'>  币种/交易对:MKRBUSD DMI+</p>
<p style='color: green;'>  币种/交易对:RUNEBUSD DMI+</p>
<p style='color: green;'>  币种/交易对:ZRXBUSD DMI+</p>
<p style='color: green;'>  币种/交易对:STORJUSDT DMI+</p>
<p style='color: green;'>  币种/交易对:FIOBUSD DMI+</p>
<p style='color: green;'>  币种/交易对:IOTABUSD DMI+</p>
<p style='color: green;'>  币种/交易对:BALBUSD DMI+</p>
<p style='color: green;'>  币种/交易对:BALUSDT DMI+</p>
<p style='color: green;'>  币种/交易对:ANTBUSD DMI+</p>
<p style='color: green;'>  币种/交易对:SANDUSDT DMI+</p>
<p style='color: green;'>  币种/交易对:SANDBUSD DMI+</p>
<p style='color: green;'>  币种/交易对:NMRBUSD DMI+</p>
<p style='color: green;'>  币种/交易对:NMRUSDT DMI+</p>
<p style='color: green;'>  币种/交易对:IDEXBUSD DMI+</p>
<p style='color: green;'>  币种/交易对:WNXMUSDT DMI+</p>
<p style='color: green;'>  币种/交易对:TRBBUSD DMI+</p>
<p style='color: green;'>  币种/交易对:TRBUSDT DMI+</p>
<p style='color: green;'>  币种/交易对:RUNEUSDT DMI+</p>
<p style='color: green;'>  币种/交易对:FIOUSDT DMI+</p>
<p style='color: green;'>  币种/交易对:XRPUPUSDT DMI+</p>
<p style='color: green;'>  币种/交易对:UNIBUSD DMI+</p>
<p style='color: green;'>  币种/交易对:UNIUSDT DMI+</p>
<p style='color: green;'>  币种/交易对:NBSUSDT DMI+</p>
<p style='color: green;'>  币种/交易对:AVAXBUSD DMI+</p>
<p style='color: green;'>  币种/交易对:AVAXUSDT DMI+</p>
<p style='color: green;'>  币种/交易对:FLMUSDT DMI+</p>
<p style='color: green;'>  币种/交易对:XVSUSDT DMI+</p>
<p style='color: green;'>  币种/交易对:ALPHABUSD DMI+</p>
<p style='color: green;'>  币种/交易对:ALPHAUSDT DMI+</p>
<p style='color: green;'>  币种/交易对:FILBUSD DMI+</p>
<p style='color: green;'>  币种/交易对:INJBUSD DMI+</p>
<p style='color: green;'>  币种/交易对:INJUSDT DMI+</p>
<p style='color: green;'>  币种/交易对:AUDIOBUSD DMI+</p>
<p style='color: green;'>  币种/交易对:AUDIOUSDT DMI+</p>
<p style='color: green;'>  币种/交易对:AKROUSDT DMI+</p>
<p style='color: green;'>  币种/交易对:KP3RBUSD DMI+</p>
<p style='color: green;'>  币种/交易对:FRONTBUSD DMI+</p>
<p style='color: green;'>  币种/交易对:ROSEBUSD DMI+</p>
<p style='color: green;'>  币种/交易对:ROSEUSDT DMI+</p>
<p style='color: green;'>  币种/交易对:PROMBUSD DMI+</p>
<p style='color: green;'>  币种/交易对:GRTUSDT DMI+</p>
<p style='color: green;'>  币种/交易对:TRUUSDT DMI+</p>
<p style='color: green;'>  币种/交易对:CKBUSDT DMI+</p>
<p style='color: green;'>  币种/交易对:TWTBUSD DMI+</p>
<p style='color: green;'>  币种/交易对:TWTUSDT DMI+</p>
<p style='color: green;'>  币种/交易对:FIROUSDT DMI+</p>
<p style='color: green;'>  币种/交易对:SFPBUSD DMI+</p>
<p style='color: green;'>  币种/交易对:SFPUSDT DMI+</p>
<p style='color: green;'>  币种/交易对:DODOBUSD DMI+</p>
<p style='color: green;'>  币种/交易对:DODOUSDT DMI+</p>
<p style='color: green;'>  币种/交易对:CAKEUSDT DMI+</p>
<p style='color: green;'>  币种/交易对:BAKEBUSD DMI+</p>
<p style='color: green;'>  币种/交易对:UFTBUSD DMI+</p>
<p style='color: green;'>  币种/交易对:BANDBUSD DMI+</p>
<p style='color: green;'>  币种/交易对:GRTBUSD DMI+</p>
<p style='color: green;'>  币种/交易对:OMGBUSD DMI+</p>
<p style='color: green;'>  币种/交易对:AUCTIONBUSD DMI+</p>
<p style='color: green;'>  币种/交易对:BADGERBUSD DMI+</p>
<p style='color: green;'>  币种/交易对:OMUSDT DMI+</p>
<p style='color: green;'>  币种/交易对:CHZBUSD DMI+</p>
<p style='color: green;'>  币种/交易对:PERPBUSD DMI+</p>
<p style='color: green;'>  币种/交易对:PERPUSDT DMI+</p>
<p style='color: green;'>  币种/交易对:XVGBUSD DMI+</p>
<p style='color: green;'>  币种/交易对:TKOBUSD DMI+</p>
<p style='color: green;'>  币种/交易对:TKOUSDT DMI+</p>
<p style='color: green;'>  币种/交易对:TLMUSDT DMI+</p>
<p style='color: green;'>  币种/交易对:BAKEUSDT DMI+</p>
<p style='color: green;'>  币种/交易对:ARBUSD DMI+</p>
<p style='color: green;'>  币种/交易对:POLSBUSD DMI+</p>
<p style='color: green;'>  币种/交易对:MDXBUSD DMI+</p>
<p style='color: green;'>  币种/交易对:MDXUSDT DMI+</p>
<p style='color: green;'>  币种/交易对:MASKUSDT DMI+</p>
<p style='color: green;'>  币种/交易对:LPTBUSD DMI+</p>
<p style='color: green;'>  币种/交易对:LPTUSDT DMI+</p>
<p style='color: green;'>  币种/交易对:XVGUSDT DMI+</p>
<p style='color: green;'>  币种/交易对:CELRBUSD DMI+</p>
<p style='color: green;'>  币种/交易对:ZENBUSD DMI+</p>
<p style='color: green;'>  币种/交易对:THETABUSD DMI+</p>
<p style='color: green;'>  币种/交易对:GTCBUSD DMI+</p>
<p style='color: green;'>  币种/交易对:GTCUSDT DMI+</p>
<p style='color: green;'>  币种/交易对:TORNBUSD DMI+</p>
<p style='color: green;'>  币种/交易对:TORNUSDT DMI+</p>
<p style='color: green;'>  币种/交易对:COTIBUSD DMI+</p>
<p style='color: green;'>  币种/交易对:SCBUSD DMI+</p>
<p style='color: green;'>  币种/交易对:STMXBUSD DMI+</p>
<p style='color: green;'>  币种/交易对:FTTBUSD DMI+</p>
<p style='color: green;'>  币种/交易对:ERNBUSD DMI+</p>
<p style='color: green;'>  币种/交易对:ERNUSDT DMI+</p>
<p style='color: green;'>  币种/交易对:IOTXBUSD DMI+</p>
<p style='color: green;'>  币种/交易对:CLVBUSD DMI+</p>
<p style='color: green;'>  币种/交易对:CLVUSDT DMI+</p>
<p style='color: green;'>  币种/交易对:FLOWBUSD DMI+</p>
<p style='color: green;'>  币种/交易对:FLOWUSDT DMI+</p>
<p style='color: green;'>  币种/交易对:MINABUSD DMI+</p>
<p style='color: green;'>  币种/交易对:MINAUSDT DMI+</p>
<p style='color: green;'>  币种/交易对:RAYBUSD DMI+</p>
<p style='color: green;'>  币种/交易对:RAYUSDT DMI+</p>
<p style='color: green;'>  币种/交易对:FARMBUSD DMI+</p>
<p style='color: green;'>  币种/交易对:FARMUSDT DMI+</p>
<p style='color: green;'>  币种/交易对:ALPACAUSDT DMI+</p>
<p style='color: green;'>  币种/交易对:QUICKUSDT DMI+</p>
<p style='color: green;'>  币种/交易对:GNOUSDT DMI+</p>
<p style='color: green;'>  币种/交易对:OGNBUSD DMI+</p>
<p style='color: green;'>  币种/交易对:IDEXUSDT DMI+</p>
<p style='color: green;'>  币种/交易对:RENBUSD DMI+</p>
<p style='color: green;'>  币种/交易对:YGGUSDT DMI+</p>
<p style='color: green;'>  币种/交易对:YGGBUSD DMI+</p>
<p style='color: green;'>  币种/交易对:STXBUSD DMI+</p>
<p style='color: green;'>  币种/交易对:FETBUSD DMI+</p>
<p style='color: green;'>  币种/交易对:ARPABUSD DMI+</p>
<p style='color: green;'>  币种/交易对:DENTBUSD DMI+</p>
<p style='color: green;'>  币种/交易对:FRONTUSDT DMI+</p>
<p style='color: green;'>  币种/交易对:TROYBUSD DMI+</p>
<p style='color: green;'>  币种/交易对:AUCTIONUSDT DMI+</p>
<p style='color: green;'>  币种/交易对:DARBUSD DMI+</p>
<p style='color: green;'>  币种/交易对:BNXUSDT DMI+</p>
<p style='color: green;'>  币种/交易对:ANKRBUSD DMI+</p>
<p style='color: green;'>  币种/交易对:KP3RUSDT DMI+</p>
<p style='color: green;'>  币种/交易对:PLABUSD DMI+</p>
<p style='color: green;'>  币种/交易对:RNDRUSDT DMI+</p>
<p style='color: green;'>  币种/交易对:RNDRBUSD DMI+</p>
<p style='color: green;'>  币种/交易对:BICOUSDT DMI+</p>
<p style='color: green;'>  币种/交易对:OOKIBUSD DMI+</p>
<p style='color: green;'>  币种/交易对:OOKIUSDT DMI+</p>
<p style='color: green;'>  币种/交易对:MDTBUSD DMI+</p>
<p style='color: green;'>  币种/交易对:JOEBUSD DMI+</p>
<p style='color: green;'>  币种/交易对:JOEUSDT DMI+</p>
<p style='color: green;'>  币种/交易对:GLMRUSDT DMI+</p>
<p style='color: green;'>  币种/交易对:API3BUSD DMI+</p>
<p style='color: green;'>  币种/交易对:API3USDT DMI+</p>
<p style='color: green;'>  币种/交易对:BTTCUSDT DMI+</p>
<p style='color: green;'>  币种/交易对:ACAUSDT DMI+</p>
<p style='color: green;'>  币种/交易对:XNOBUSD DMI+</p>
<p style='color: green;'>  币种/交易对:TFUELBUSD DMI+</p>
<p style='color: green;'>  币种/交易对:GMTBUSD DMI+</p>
<p style='color: green;'>  币种/交易对:APEUSDT DMI+</p>
<p style='color: green;'>  币种/交易对:APEBUSD DMI+</p>
<p style='color: green;'>  币种/交易对:MOBUSDT DMI+</p>
<p style='color: green;'>  币种/交易对:MOBBUSD DMI+</p>
<p style='color: green;'>  币种/交易对:GALUSDT DMI+</p>
<p style='color: green;'>  币种/交易对:GALBUSD DMI+</p>
<p style='color: green;'>  币种/交易对:LDOUSDT DMI+</p>
<p style='color: green;'>  币种/交易对:AKROBUSD DMI+</p>
<p style='color: green; font-size:30px;'> <b>macd金叉信号 + DMI</b></p>
<p style='color: green;'>  币种/交易对:BTCUSDT macd金叉信号 + DMI</p>
<p style='color: green;'>  币种/交易对:LTCUSDT macd金叉信号 + DMI</p>
<p style='color: green;'>  币种/交易对:XRPUSDT macd金叉信号 + DMI</p>
<p style='color: green;'>  币种/交易对:BTCTUSD macd金叉信号 + DMI</p>
<p style='color: green;'>  币种/交易对:EOSUSDT macd金叉信号 + DMI</p>
<p style='color: green;'>  币种/交易对:XRPTUSD macd金叉信号 + DMI</p>
<p style='color: green;'>  币种/交易对:FETUSDT macd金叉信号 + DMI</p>
<p style='color: green;'>  币种/交易对:XMRUSDT macd金叉信号 + DMI</p>
<p style='color: green;'>  币种/交易对:ZECUSDT macd金叉信号 + DMI</p>
<p style='color: green;'>  币种/交易对:DASHUSDT macd金叉信号 + DMI</p>
<p style='color: green;'>  币种/交易对:OMGUSDT macd金叉信号 + DMI</p>
<p style='color: green;'>  币种/交易对:MATICUSDT macd金叉信号 + DMI</p>
<p style='color: green;'>  币种/交易对:ANKRUSDT macd金叉信号 + DMI</p>
<p style='color: green;'>  币种/交易对:TOMOUSDT macd金叉信号 + DMI</p>
<p style='color: green;'>  币种/交易对:DENTUSDT macd金叉信号 + DMI</p>
<p style='color: green;'>  币种/交易对:BANDUSDT macd金叉信号 + DMI</p>
<p style='color: green;'>  币种/交易对:BTCBUSD macd金叉信号 + DMI</p>
<p style='color: green;'>  币种/交易对:RENUSDT macd金叉信号 + DMI</p>
<p style='color: green;'>  币种/交易对:RVNUSDT macd金叉信号 + DMI</p>
<p style='color: green;'>  币种/交易对:NKNUSDT macd金叉信号 + DMI</p>
<p style='color: green;'>  币种/交易对:XRPBUSD macd金叉信号 + DMI</p>
<p style='color: green;'>  币种/交易对:LTCBUSD macd金叉信号 + DMI</p>
<p style='color: green;'>  币种/交易对:ARPAUSDT macd金叉信号 + DMI</p>
<p style='color: green;'>  币种/交易对:EOSBUSD macd金叉信号 + DMI</p>
<p style='color: green;'>  币种/交易对:IOTXUSDT macd金叉信号 + DMI</p>
<p style='color: green;'>  币种/交易对:RLCUSDT macd金叉信号 + DMI</p>
<p style='color: green;'>  币种/交易对:FTTUSDT macd金叉信号 + DMI</p>
<p style='color: green;'>  币种/交易对:BTSUSDT macd金叉信号 + DMI</p>
<p style='color: green;'>  币种/交易对:BNTBUSD macd金叉信号 + DMI</p>
<p style='color: green;'>  币种/交易对:DASHBUSD macd金叉信号 + DMI</p>
<p style='color: green;'>  币种/交易对:RVNBUSD macd金叉信号 + DMI</p>
<p style='color: green;'>  币种/交易对:COTIUSDT macd金叉信号 + DMI</p>
<p style='color: green;'>  币种/交易对:TOMOBUSD macd金叉信号 + DMI</p>
<p style='color: green;'>  币种/交易对:XMRBUSD macd金叉信号 + DMI</p>
<p style='color: green;'>  币种/交易对:ZECBUSD macd金叉信号 + DMI</p>
<p style='color: green;'>  币种/交易对:BTCUPUSDT macd金叉信号 + DMI</p>
<p style='color: green;'>  币种/交易对:MATICBUSD macd金叉信号 + DMI</p>
<p style='color: green;'>  币种/交易对:LRCBUSD macd金叉信号 + DMI</p>
<p style='color: green;'>  币种/交易对:LRCUSDT macd金叉信号 + DMI</p>
<p style='color: green;'>  币种/交易对:PNTUSDT macd金叉信号 + DMI</p>
<p style='color: green;'>  币种/交易对:COMPUSDT macd金叉信号 + DMI</p>
<p style='color: green;'>  币种/交易对:ZENUSDT macd金叉信号 + DMI</p>
<p style='color: green;'>  币种/交易对:SNXBUSD macd金叉信号 + DMI</p>
<p style='color: green;'>  币种/交易对:SNXUSDT macd金叉信号 + DMI</p>
<p style='color: green;'>  币种/交易对:MKRUSDT macd金叉信号 + DMI</p>
<p style='color: green;'>  币种/交易对:MKRBUSD macd金叉信号 + DMI</p>
<p style='color: green;'>  币种/交易对:BALBUSD macd金叉信号 + DMI</p>
<p style='color: green;'>  币种/交易对:BALUSDT macd金叉信号 + DMI</p>
<p style='color: green;'>  币种/交易对:ANTBUSD macd金叉信号 + DMI</p>
<p style='color: green;'>  币种/交易对:SANDUSDT macd金叉信号 + DMI</p>
<p style='color: green;'>  币种/交易对:SANDBUSD macd金叉信号 + DMI</p>
<p style='color: green;'>  币种/交易对:NMRBUSD macd金叉信号 + DMI</p>
<p style='color: green;'>  币种/交易对:NMRUSDT macd金叉信号 + DMI</p>
<p style='color: green;'>  币种/交易对:IDEXBUSD macd金叉信号 + DMI</p>
<p style='color: green;'>  币种/交易对:WNXMUSDT macd金叉信号 + DMI</p>
<p style='color: green;'>  币种/交易对:TRBBUSD macd金叉信号 + DMI</p>
<p style='color: green;'>  币种/交易对:TRBUSDT macd金叉信号 + DMI</p>
<p style='color: green;'>  币种/交易对:XRPUPUSDT macd金叉信号 + DMI</p>
<p style='color: green;'>  币种/交易对:UNIBUSD macd金叉信号 + DMI</p>
<p style='color: green;'>  币种/交易对:UNIUSDT macd金叉信号 + DMI</p>
<p style='color: green;'>  币种/交易对:XVSUSDT macd金叉信号 + DMI</p>
<p style='color: green;'>  币种/交易对:ALPHABUSD macd金叉信号 + DMI</p>
<p style='color: green;'>  币种/交易对:ALPHAUSDT macd金叉信号 + DMI</p>
<p style='color: green;'>  币种/交易对:FILBUSD macd金叉信号 + DMI</p>
<p style='color: green;'>  币种/交易对:AUDIOBUSD macd金叉信号 + DMI</p>
<p style='color: green;'>  币种/交易对:AUDIOUSDT macd金叉信号 + DMI</p>
<p style='color: green;'>  币种/交易对:KP3RBUSD macd金叉信号 + DMI</p>
<p style='color: green;'>  币种/交易对:FRONTBUSD macd金叉信号 + DMI</p>
<p style='color: green;'>  币种/交易对:ROSEBUSD macd金叉信号 + DMI</p>
<p style='color: green;'>  币种/交易对:ROSEUSDT macd金叉信号 + DMI</p>
<p style='color: green;'>  币种/交易对:TRUUSDT macd金叉信号 + DMI</p>
<p style='color: green;'>  币种/交易对:TWTBUSD macd金叉信号 + DMI</p>
<p style='color: green;'>  币种/交易对:TWTUSDT macd金叉信号 + DMI</p>
<p style='color: green;'>  币种/交易对:SFPBUSD macd金叉信号 + DMI</p>
<p style='color: green;'>  币种/交易对:SFPUSDT macd金叉信号 + DMI</p>
<p style='color: green;'>  币种/交易对:BAKEBUSD macd金叉信号 + DMI</p>
<p style='color: green;'>  币种/交易对:UFTBUSD macd金叉信号 + DMI</p>
<p style='color: green;'>  币种/交易对:BANDBUSD macd金叉信号 + DMI</p>
<p style='color: green;'>  币种/交易对:OMGBUSD macd金叉信号 + DMI</p>
<p style='color: green;'>  币种/交易对:OMUSDT macd金叉信号 + DMI</p>
<p style='color: green;'>  币种/交易对:XVGBUSD macd金叉信号 + DMI</p>
<p style='color: green;'>  币种/交易对:BAKEUSDT macd金叉信号 + DMI</p>
<p style='color: green;'>  币种/交易对:MASKUSDT macd金叉信号 + DMI</p>
<p style='color: green;'>  币种/交易对:XVGUSDT macd金叉信号 + DMI</p>
<p style='color: green;'>  币种/交易对:ZENBUSD macd金叉信号 + DMI</p>
<p style='color: green;'>  币种/交易对:GTCBUSD macd金叉信号 + DMI</p>
<p style='color: green;'>  币种/交易对:GTCUSDT macd金叉信号 + DMI</p>
<p style='color: green;'>  币种/交易对:COTIBUSD macd金叉信号 + DMI</p>
<p style='color: green;'>  币种/交易对:FTTBUSD macd金叉信号 + DMI</p>
<p style='color: green;'>  币种/交易对:ERNBUSD macd金叉信号 + DMI</p>
<p style='color: green;'>  币种/交易对:ERNUSDT macd金叉信号 + DMI</p>
<p style='color: green;'>  币种/交易对:IOTXBUSD macd金叉信号 + DMI</p>
<p style='color: green;'>  币种/交易对:CLVBUSD macd金叉信号 + DMI</p>
<p style='color: green;'>  币种/交易对:CLVUSDT macd金叉信号 + DMI</p>
<p style='color: green;'>  币种/交易对:MINABUSD macd金叉信号 + DMI</p>
<p style='color: green;'>  币种/交易对:MINAUSDT macd金叉信号 + DMI</p>
<p style='color: green;'>  币种/交易对:RAYBUSD macd金叉信号 + DMI</p>
<p style='color: green;'>  币种/交易对:RAYUSDT macd金叉信号 + DMI</p>
<p style='color: green;'>  币种/交易对:FARMBUSD macd金叉信号 + DMI</p>
<p style='color: green;'>  币种/交易对:FARMUSDT macd金叉信号 + DMI</p>
<p style='color: green;'>  币种/交易对:ALPACAUSDT macd金叉信号 + DMI</p>
<p style='color: green;'>  币种/交易对:QUICKUSDT macd金叉信号 + DMI</p>
<p style='color: green;'>  币种/交易对:IDEXUSDT macd金叉信号 + DMI</p>
<p style='color: green;'>  币种/交易对:RENBUSD macd金叉信号 + DMI</p>
<p style='color: green;'>  币种/交易对:FETBUSD macd金叉信号 + DMI</p>
<p style='color: green;'>  币种/交易对:ARPABUSD macd金叉信号 + DMI</p>
<p style='color: green;'>  币种/交易对:DENTBUSD macd金叉信号 + DMI</p>
<p style='color: green;'>  币种/交易对:FRONTUSDT macd金叉信号 + DMI</p>
<p style='color: green;'>  币种/交易对:ANKRBUSD macd金叉信号 + DMI</p>
<p style='color: green;'>  币种/交易对:RNDRUSDT macd金叉信号 + DMI</p>
<p style='color: green;'>  币种/交易对:RNDRBUSD macd金叉信号 + DMI</p>
<p style='color: green;'>  币种/交易对:OOKIBUSD macd金叉信号 + DMI</p>
<p style='color: green;'>  币种/交易对:OOKIUSDT macd金叉信号 + DMI</p>
<p style='color: green;'>  币种/交易对:API3BUSD macd金叉信号 + DMI</p>
<p style='color: green;'>  币种/交易对:API3USDT macd金叉信号 + DMI</p>
<p style='color: green;'>  币种/交易对:ACAUSDT macd金叉信号 + DMI</p>
<p style='color: green;'>  币种/交易对:MOBUSDT macd金叉信号 + DMI</p>
<p style='color: green;'>  币种/交易对:MOBBUSD macd金叉信号 + DMI</p>
<p style='color: green;'>  币种/交易对:LDOUSDT macd金叉信号 + DMI</p>
<p style='color: green; font-size:30px;'> <b>macd金叉信号</b></p>
<p style='color: green;'>  币种/交易对:BTCUSDT macd金叉信号</p>
<p style='color: green;'>  币种/交易对:LTCUSDT macd金叉信号</p>
<p style='color: green;'>  币种/交易对:XRPUSDT macd金叉信号</p>
<p style='color: green;'>  币种/交易对:BTCTUSD macd金叉信号</p>
<p style='color: green;'>  币种/交易对:EOSUSDT macd金叉信号</p>
<p style='color: green;'>  币种/交易对:TRXUSDT macd金叉信号</p>
<p style='color: green;'>  币种/交易对:NULSUSDT macd金叉信号</p>
<p style='color: green;'>  币种/交易对:XRPTUSD macd金叉信号</p>
<p style='color: green;'>  币种/交易对:ADATUSD macd金叉信号</p>
<p style='color: green;'>  币种/交易对:TRXTUSD macd金叉信号</p>
<p style='color: green;'>  币种/交易对:LINKUSDT macd金叉信号</p>
<p style='color: green;'>  币种/交易对:FETUSDT macd金叉信号</p>
<p style='color: green;'>  币种/交易对:XMRUSDT macd金叉信号</p>
<p style='color: green;'>  币种/交易对:ZECUSDT macd金叉信号</p>
<p style='color: green;'>  币种/交易对:DASHUSDT macd金叉信号</p>
<p style='color: green;'>  币种/交易对:OMGUSDT macd金叉信号</p>
<p style='color: green;'>  币种/交易对:MATICUSDT macd金叉信号</p>
<p style='color: green;'>  币种/交易对:FTMUSDT macd金叉信号</p>
<p style='color: green;'>  币种/交易对:DUSKUSDT macd金叉信号</p>
<p style='color: green;'>  币种/交易对:ANKRUSDT macd金叉信号</p>
<p style='color: green;'>  币种/交易对:TOMOUSDT macd金叉信号</p>
<p style='color: green;'>  币种/交易对:DENTUSDT macd金叉信号</p>
<p style='color: green;'>  币种/交易对:DOCKUSDT macd金叉信号</p>
<p style='color: green;'>  币种/交易对:CVCUSDT macd金叉信号</p>
<p style='color: green;'>  币种/交易对:BANDUSDT macd金叉信号</p>
<p style='color: green;'>  币种/交易对:BTCBUSD macd金叉信号</p>
<p style='color: green;'>  币种/交易对:BEAMUSDT macd金叉信号</p>
<p style='color: green;'>  币种/交易对:RENUSDT macd金叉信号</p>
<p style='color: green;'>  币种/交易对:RVNUSDT macd金叉信号</p>
<p style='color: green;'>  币种/交易对:NKNUSDT macd金叉信号</p>
<p style='color: green;'>  币种/交易对:XRPBUSD macd金叉信号</p>
<p style='color: green;'>  币种/交易对:LTCBUSD macd金叉信号</p>
<p style='color: green;'>  币种/交易对:LINKBUSD macd金叉信号</p>
<p style='color: green;'>  币种/交易对:KAVAUSDT macd金叉信号</p>
<p style='color: green;'>  币种/交易对:ARPAUSDT macd金叉信号</p>
<p style='color: green;'>  币种/交易对:TRXBUSD macd金叉信号</p>
<p style='color: green;'>  币种/交易对:EOSBUSD macd金叉信号</p>
<p style='color: green;'>  币种/交易对:IOTXUSDT macd金叉信号</p>
<p style='color: green;'>  币种/交易对:RLCUSDT macd金叉信号</p>
<p style='color: green;'>  币种/交易对:FTTUSDT macd金叉信号</p>
<p style='color: green;'>  币种/交易对:EURUSDT macd金叉信号</p>
<p style='color: green;'>  币种/交易对:TCTUSDT macd金叉信号</p>
<p style='color: green;'>  币种/交易对:BTSUSDT macd金叉信号</p>
<p style='color: green;'>  币种/交易对:BNTUSDT macd金叉信号</p>
<p style='color: green;'>  币种/交易对:BNTBUSD macd金叉信号</p>
<p style='color: green;'>  币种/交易对:LTOUSDT macd金叉信号</p>
<p style='color: green;'>  币种/交易对:DASHBUSD macd金叉信号</p>
<p style='color: green;'>  币种/交易对:RVNBUSD macd金叉信号</p>
<p style='color: green;'>  币种/交易对:COTIUSDT macd金叉信号</p>
<p style='color: green;'>  币种/交易对:TOMOBUSD macd金叉信号</p>
<p style='color: green;'>  币种/交易对:XMRBUSD macd金叉信号</p>
<p style='color: green;'>  币种/交易对:ZECBUSD macd金叉信号</p>
<p style='color: green;'>  币种/交易对:DATABUSD macd金叉信号</p>
<p style='color: green;'>  币种/交易对:DATAUSDT macd金叉信号</p>
<p style='color: green;'>  币种/交易对:CHRUSDT macd金叉信号</p>
<p style='color: green;'>  币种/交易对:BTCUPUSDT macd金叉信号</p>
<p style='color: green;'>  币种/交易对:MATICBUSD macd金叉信号</p>
<p style='color: green;'>  币种/交易对:KNCBUSD macd金叉信号</p>
<p style='color: green;'>  币种/交易对:KNCUSDT macd金叉信号</p>
<p style='color: green;'>  币种/交易对:LRCBUSD macd金叉信号</p>
<p style='color: green;'>  币种/交易对:LRCUSDT macd金叉信号</p>
<p style='color: green;'>  币种/交易对:PNTUSDT macd金叉信号</p>
<p style='color: green;'>  币种/交易对:COMPUSDT macd金叉信号</p>
<p style='color: green;'>  币种/交易对:ZENUSDT macd金叉信号</p>
<p style='color: green;'>  币种/交易对:SNXBUSD macd金叉信号</p>
<p style='color: green;'>  币种/交易对:SNXUSDT macd金叉信号</p>
<p style='color: green;'>  币种/交易对:ADAUPUSDT macd金叉信号</p>
<p style='color: green;'>  币种/交易对:LINKUPUSDT macd金叉信号</p>
<p style='color: green;'>  币种/交易对:MKRUSDT macd金叉信号</p>
<p style='color: green;'>  币种/交易对:MKRBUSD macd金叉信号</p>
<p style='color: green;'>  币种/交易对:MANABUSD macd金叉信号</p>
<p style='color: green;'>  币种/交易对:DCRUSDT macd金叉信号</p>
<p style='color: green;'>  币种/交易对:AUDBUSD macd金叉信号</p>
<p style='color: green;'>  币种/交易对:MANAUSDT macd金叉信号</p>
<p style='color: green;'>  币种/交易对:AUDUSDT macd金叉信号</p>
<p style='color: green;'>  币种/交易对:BALBUSD macd金叉信号</p>
<p style='color: green;'>  币种/交易对:YFIBUSD macd金叉信号</p>
<p style='color: green;'>  币种/交易对:YFIUSDT macd金叉信号</p>
<p style='color: green;'>  币种/交易对:BALUSDT macd金叉信号</p>
<p style='color: green;'>  币种/交易对:ANTBUSD macd金叉信号</p>
<p style='color: green;'>  币种/交易对:ANTUSDT macd金叉信号</p>
<p style='color: green;'>  币种/交易对:SANDUSDT macd金叉信号</p>
<p style='color: green;'>  币种/交易对:SANDBUSD macd金叉信号</p>
<p style='color: green;'>  币种/交易对:OCEANBUSD macd金叉信号</p>
<p style='color: green;'>  币种/交易对:OCEANUSDT macd金叉信号</p>
<p style='color: green;'>  币种/交易对:NMRBUSD macd金叉信号</p>
<p style='color: green;'>  币种/交易对:NMRUSDT macd金叉信号</p>
<p style='color: green;'>  币种/交易对:IDEXBUSD macd金叉信号</p>
<p style='color: green;'>  币种/交易对:RSRBUSD macd金叉信号</p>
<p style='color: green;'>  币种/交易对:RSRUSDT macd金叉信号</p>
<p style='color: green;'>  币种/交易对:PAXGBUSD macd金叉信号</p>
<p style='color: green;'>  币种/交易对:PAXGUSDT macd金叉信号</p>
<p style='color: green;'>  币种/交易对:WNXMUSDT macd金叉信号</p>
<p style='color: green;'>  币种/交易对:TRBBUSD macd金叉信号</p>
<p style='color: green;'>  币种/交易对:TRBUSDT macd金叉信号</p>
<p style='color: green;'>  币种/交易对:KSMBUSD macd金叉信号</p>
<p style='color: green;'>  币种/交易对:KSMUSDT macd金叉信号</p>
<p style='color: green;'>  币种/交易对:DIABUSD macd金叉信号</p>
<p style='color: green;'>  币种/交易对:DIAUSDT macd金叉信号</p>
<p style='color: green;'>  币种/交易对:UMAUSDT macd金叉信号</p>
<p style='color: green;'>  币种/交易对:TRXUPUSDT macd金叉信号</p>
<p style='color: green;'>  币种/交易对:XRPUPUSDT macd金叉信号</p>
<p style='color: green;'>  币种/交易对:BELBUSD macd金叉信号</p>
<p style='color: green;'>  币种/交易对:BELUSDT macd金叉信号</p>
<p style='color: green;'>  币种/交易对:WINGBUSD macd金叉信号</p>
<p style='color: green;'>  币种/交易对:WINGUSDT macd金叉信号</p>
<p style='color: green;'>  币种/交易对:UNIBUSD macd金叉信号</p>
<p style='color: green;'>  币种/交易对:UNIUSDT macd金叉信号</p>
<p style='color: green;'>  币种/交易对:SUNUSDT macd金叉信号</p>
<p style='color: green;'>  币种/交易对:ORNUSDT macd金叉信号</p>
<p style='color: green;'>  币种/交易对:XVSBUSD macd金叉信号</p>
<p style='color: green;'>  币种/交易对:XVSUSDT macd金叉信号</p>
<p style='color: green;'>  币种/交易对:ALPHABUSD macd金叉信号</p>
<p style='color: green;'>  币种/交易对:ALPHAUSDT macd金叉信号</p>
<p style='color: green;'>  币种/交易对:FILBUSD macd金叉信号</p>
<p style='color: green;'>  币种/交易对:FILUSDT macd金叉信号</p>
<p style='color: green;'>  币种/交易对:AUDIOBUSD macd金叉信号</p>
<p style='color: green;'>  币种/交易对:AUDIOUSDT macd金叉信号</p>
<p style='color: green;'>  币种/交易对:CTKBUSD macd金叉信号</p>
<p style='color: green;'>  币种/交易对:CTKUSDT macd金叉信号</p>
<p style='color: green;'>  币种/交易对:KP3RBUSD macd金叉信号</p>
<p style='color: green;'>  币种/交易对:DNTBUSD macd金叉信号</p>
<p style='color: green;'>  币种/交易对:DNTUSDT macd金叉信号</p>
<p style='color: green;'>  币种/交易对:FRONTBUSD macd金叉信号</p>
<p style='color: green;'>  币种/交易对:ROSEBUSD macd金叉信号</p>
<p style='color: green;'>  币种/交易对:ROSEUSDT macd金叉信号</p>
<p style='color: green;'>  币种/交易对:AVAUSDT macd金叉信号</p>
<p style='color: green;'>  币种/交易对:XEMUSDT macd金叉信号</p>
<p style='color: green;'>  币种/交易对:SKLBUSD macd金叉信号</p>
<p style='color: green;'>  币种/交易对:SKLUSDT macd金叉信号</p>
<p style='color: green;'>  币种/交易对:GHSTBUSD macd金叉信号</p>
<p style='color: green;'>  币种/交易对:DFBUSD macd金叉信号</p>
<p style='color: green;'>  币种/交易对:1INCHUSDT macd金叉信号</p>
<p style='color: green;'>  币种/交易对:RIFUSDT macd金叉信号</p>
<p style='color: green;'>  币种/交易对:TRUUSDT macd金叉信号</p>
<p style='color: green;'>  币种/交易对:TWTBUSD macd金叉信号</p>
<p style='color: green;'>  币种/交易对:TWTUSDT macd金叉信号</p>
<p style='color: green;'>  币种/交易对:LITBUSD macd金叉信号</p>
<p style='color: green;'>  币种/交易对:LITUSDT macd金叉信号</p>
<p style='color: green;'>  币种/交易对:SFPBUSD macd金叉信号</p>
<p style='color: green;'>  币种/交易对:SFPUSDT macd金叉信号</p>
<p style='color: green;'>  币种/交易对:BAKEBUSD macd金叉信号</p>
<p style='color: green;'>  币种/交易对:UFTBUSD macd金叉信号</p>
<p style='color: green;'>  币种/交易对:1INCHBUSD macd金叉信号</p>
<p style='color: green;'>  币种/交易对:BANDBUSD macd金叉信号</p>
<p style='color: green;'>  币种/交易对:OMGBUSD macd金叉信号</p>
<p style='color: green;'>  币种/交易对:PHABUSD macd金叉信号</p>
<p style='color: green;'>  币种/交易对:TVKBUSD macd金叉信号</p>
<p style='color: green;'>  币种/交易对:FISBUSD macd金叉信号</p>
<p style='color: green;'>  币种/交易对:FISUSDT macd金叉信号</p>
<p style='color: green;'>  币种/交易对:OMBUSD macd金叉信号</p>
<p style='color: green;'>  币种/交易对:OMUSDT macd金叉信号</p>
<p style='color: green;'>  币种/交易对:PONDBUSD macd金叉信号</p>
<p style='color: green;'>  币种/交易对:PONDUSDT macd金叉信号</p>
<p style='color: green;'>  币种/交易对:DEGOBUSD macd金叉信号</p>
<p style='color: green;'>  币种/交易对:DEGOUSDT macd金叉信号</p>
<p style='color: green;'>  币种/交易对:LINABUSD macd金叉信号</p>
<p style='color: green;'>  币种/交易对:LINAUSDT macd金叉信号</p>
<p style='color: green;'>  币种/交易对:XVGBUSD macd金叉信号</p>
<p style='color: green;'>  币种/交易对:FORTHBUSD macd金叉信号</p>
<p style='color: green;'>  币种/交易对:BAKEUSDT macd金叉信号</p>
<p style='color: green;'>  币种/交易对:SHIBUSDT macd金叉信号</p>
<p style='color: green;'>  币种/交易对:SHIBBUSD macd金叉信号</p>
<p style='color: green;'>  币种/交易对:MASKBUSD macd金叉信号</p>
<p style='color: green;'>  币种/交易对:MASKUSDT macd金叉信号</p>
<p style='color: green;'>  币种/交易对:XVGUSDT macd金叉信号</p>
<p style='color: green;'>  币种/交易对:ZENBUSD macd金叉信号</p>
<p style='color: green;'>  币种/交易对:FTMBUSD macd金叉信号</p>
<p style='color: green;'>  币种/交易对:KAVABUSD macd金叉信号</p>
<p style='color: green;'>  币种/交易对:ATABUSD macd金叉信号</p>
<p style='color: green;'>  币种/交易对:ATAUSDT macd金叉信号</p>
<p style='color: green;'>  币种/交易对:GTCBUSD macd金叉信号</p>
<p style='color: green;'>  币种/交易对:GTCUSDT macd金叉信号</p>
<p style='color: green;'>  币种/交易对:COTIBUSD macd金叉信号</p>
<p style='color: green;'>  币种/交易对:CHRBUSD macd金叉信号</p>
<p style='color: green;'>  币种/交易对:FTTBUSD macd金叉信号</p>
<p style='color: green;'>  币种/交易对:DOCKBUSD macd金叉信号</p>
<p style='color: green;'>  币种/交易对:ERNBUSD macd金叉信号</p>
<p style='color: green;'>  币种/交易对:ERNUSDT macd金叉信号</p>
<p style='color: green;'>  币种/交易对:KLAYBUSD macd金叉信号</p>
<p style='color: green;'>  币种/交易对:KLAYUSDT macd金叉信号</p>
<p style='color: green;'>  币种/交易对:IOTXBUSD macd金叉信号</p>
<p style='color: green;'>  币种/交易对:PHAUSDT macd金叉信号</p>
<p style='color: green;'>  币种/交易对:BONDBUSD macd金叉信号</p>
<p style='color: green;'>  币种/交易对:BONDUSDT macd金叉信号</p>
<p style='color: green;'>  币种/交易对:MLNBUSD macd金叉信号</p>
<p style='color: green;'>  币种/交易对:MLNUSDT macd金叉信号</p>
<p style='color: green;'>  币种/交易对:LTOBUSD macd金叉信号</p>
<p style='color: green;'>  币种/交易对:ADXBUSD macd金叉信号</p>
<p style='color: green;'>  币种/交易对:QUICKBUSD macd金叉信号</p>
<p style='color: green;'>  币种/交易对:CLVBUSD macd金叉信号</p>
<p style='color: green;'>  币种/交易对:CLVUSDT macd金叉信号</p>
<p style='color: green;'>  币种/交易对:TVKUSDT macd金叉信号</p>
<p style='color: green;'>  币种/交易对:MINABUSD macd金叉信号</p>
<p style='color: green;'>  币种/交易对:MINAUSDT macd金叉信号</p>
<p style='color: green;'>  币种/交易对:RAYBUSD macd金叉信号</p>
<p style='color: green;'>  币种/交易对:RAYUSDT macd金叉信号</p>
<p style='color: green;'>  币种/交易对:FARMBUSD macd金叉信号</p>
<p style='color: green;'>  币种/交易对:FARMUSDT macd金叉信号</p>
<p style='color: green;'>  币种/交易对:ALPACABUSD macd金叉信号</p>
<p style='color: green;'>  币种/交易对:ALPACAUSDT macd金叉信号</p>
<p style='color: green;'>  币种/交易对:QUICKUSDT macd金叉信号</p>
<p style='color: green;'>  币种/交易对:ORNBUSD macd金叉信号</p>
<p style='color: green;'>  币种/交易对:GHSTUSDT macd金叉信号</p>
<p style='color: green;'>  币种/交易对:TRIBEBUSD macd金叉信号</p>
<p style='color: green;'>  币种/交易对:IDEXUSDT macd金叉信号</p>
<p style='color: green;'>  币种/交易对:USDPBUSD macd金叉信号</p>
<p style='color: green;'>  币种/交易对:SUNBUSD macd金叉信号</p>
<p style='color: green;'>  币种/交易对:ILVUSDT macd金叉信号</p>
<p style='color: green;'>  币种/交易对:ILVBUSD macd金叉信号</p>
<p style='color: green;'>  币种/交易对:RENBUSD macd金叉信号</p>
<p style='color: green;'>  币种/交易对:FETBUSD macd金叉信号</p>
<p style='color: green;'>  币种/交易对:ARPABUSD macd金叉信号</p>
<p style='color: green;'>  币种/交易对:DENTBUSD macd金叉信号</p>
<p style='color: green;'>  币种/交易对:FRONTUSDT macd金叉信号</p>
<p style='color: green;'>  币种/交易对:ADXUSDT macd金叉信号</p>
<p style='color: green;'>  币种/交易对:ENSBUSD macd金叉信号</p>
<p style='color: green;'>  币种/交易对:ENSUSDT macd金叉信号</p>
<p style='color: green;'>  币种/交易对:ANKRBUSD macd金叉信号</p>
<p style='color: green;'>  币种/交易对:JASMYUSDT macd金叉信号</p>
<p style='color: green;'>  币种/交易对:JASMYBUSD macd金叉信号</p>
<p style='color: green;'>  币种/交易对:AMPBUSD macd金叉信号</p>
<p style='color: green;'>  币种/交易对:AMPUSDT macd金叉信号</p>
<p style='color: green;'>  币种/交易对:PYRBUSD macd金叉信号</p>
<p style='color: green;'>  币种/交易对:PYRUSDT macd金叉信号</p>
<p style='color: green;'>  币种/交易对:RNDRUSDT macd金叉信号</p>
<p style='color: green;'>  币种/交易对:RNDRBUSD macd金叉信号</p>
<p style='color: green;'>  币种/交易对:FLUXBUSD macd金叉信号</p>
<p style='color: green;'>  币种/交易对:FLUXUSDT macd金叉信号</p>
<p style='color: green;'>  币种/交易对:REQBUSD macd金叉信号</p>
<p style='color: green;'>  币种/交易对:OOKIBUSD macd金叉信号</p>
<p style='color: green;'>  币种/交易对:OOKIUSDT macd金叉信号</p>
<p style='color: green;'>  币种/交易对:NULSBUSD macd金叉信号</p>
<p style='color: green;'>  币种/交易对:DUSKBUSD macd金叉信号</p>
<p style='color: green;'>  币种/交易对:UMABUSD macd金叉信号</p>
<p style='color: green;'>  币种/交易对:API3BUSD macd金叉信号</p>
<p style='color: green;'>  币种/交易对:API3USDT macd金叉信号</p>
<p style='color: green;'>  币种/交易对:ACABUSD macd金叉信号</p>
<p style='color: green;'>  币种/交易对:ACAUSDT macd金叉信号</p>
<p style='color: green;'>  币种/交易对:WOOBUSD macd金叉信号</p>
<p style='color: green;'>  币种/交易对:WOOUSDT macd金叉信号</p>
<p style='color: green;'>  币种/交易对:MOBUSDT macd金叉信号</p>
<p style='color: green;'>  币种/交易对:MOBBUSD macd金叉信号</p>
<p style='color: green;'>  币种/交易对:REIUSDT macd金叉信号</p>
<p style='color: green;'>  币种/交易对:LDOBUSD macd金叉信号</p>
<p style='color: green;'>  币种/交易对:LDOUSDT macd金叉信号</p>
<p style='color: green;'>  币种/交易对:EPXUSDT macd金叉信号</p>
<p style='color: green;'>  币种/交易对:EPXBUSD macd金叉信号</p>
<p style='color: green;'>  币种/交易对:REIBUSD macd金叉信号</p>
<p style='color: green; font-size:30px;'> <b>kdj金叉信号</b></p>
<p style='color: green;'>  币种/交易对:BTCUSDT kdj金叉信号</p>
<p style='color: green;'>  币种/交易对:ETHUSDT kdj金叉信号</p>
<p style='color: green;'>  币种/交易对:BNBUSDT kdj金叉信号</p>
<p style='color: green;'>  币种/交易对:NEOUSDT kdj金叉信号</p>
<p style='color: green;'>  币种/交易对:QTUMUSDT kdj金叉信号</p>
<p style='color: green;'>  币种/交易对:BTCTUSD kdj金叉信号</p>
<p style='color: green;'>  币种/交易对:ETHTUSD kdj金叉信号</p>
<p style='color: green;'>  币种/交易对:XLMUSDT kdj金叉信号</p>
<p style='color: green;'>  币种/交易对:ONTUSDT kdj金叉信号</p>
<p style='color: green;'>  币种/交易对:ETCUSDT kdj金叉信号</p>
<p style='color: green;'>  币种/交易对:ICXUSDT kdj金叉信号</p>
<p style='color: green;'>  币种/交易对:VETUSDT kdj金叉信号</p>
<p style='color: green;'>  币种/交易对:BCHUSDT kdj金叉信号</p>
<p style='color: green;'>  币种/交易对:BNBTUSD kdj金叉信号</p>
<p style='color: green;'>  币种/交易对:WAVESUSDT kdj金叉信号</p>
<p style='color: green;'>  币种/交易对:HOTUSDT kdj金叉信号</p>
<p style='color: green;'>  币种/交易对:ZILUSDT kdj金叉信号</p>
<p style='color: green;'>  币种/交易对:BATUSDT kdj金叉信号</p>
<p style='color: green;'>  币种/交易对:IOSTUSDT kdj金叉信号</p>
<p style='color: green;'>  币种/交易对:CELRUSDT kdj金叉信号</p>
<p style='color: green;'>  币种/交易对:OMGUSDT kdj金叉信号</p>
<p style='color: green;'>  币种/交易对:ENJUSDT kdj金叉信号</p>
<p style='color: green;'>  币种/交易对:MATICUSDT kdj金叉信号</p>
<p style='color: green;'>  币种/交易对:ATOMUSDT kdj金叉信号</p>
<p style='color: green;'>  币种/交易对:TFUELUSDT kdj金叉信号</p>
<p style='color: green;'>  币种/交易对:ONEUSDT kdj金叉信号</p>
<p style='color: green;'>  币种/交易对:FTMUSDT kdj金叉信号</p>
<p style='color: green;'>  币种/交易对:ALGOUSDT kdj金叉信号</p>
<p style='color: green;'>  币种/交易对:GTOUSDT kdj金叉信号</p>
<p style='color: green;'>  币种/交易对:ANKRUSDT kdj金叉信号</p>
<p style='color: green;'>  币种/交易对:WINUSDT kdj金叉信号</p>
<p style='color: green;'>  币种/交易对:TOMOUSDT kdj金叉信号</p>
<p style='color: green;'>  币种/交易对:PERLUSDT kdj金叉信号</p>
<p style='color: green;'>  币种/交易对:DENTUSDT kdj金叉信号</p>
<p style='color: green;'>  币种/交易对:MFTUSDT kdj金叉信号</p>
<p style='color: green;'>  币种/交易对:KEYUSDT kdj金叉信号</p>
<p style='color: green;'>  币种/交易对:CVCUSDT kdj金叉信号</p>
<p style='color: green;'>  币种/交易对:CHZUSDT kdj金叉信号</p>
<p style='color: green;'>  币种/交易对:BANDUSDT kdj金叉信号</p>
<p style='color: green;'>  币种/交易对:BNBBUSD kdj金叉信号</p>
<p style='color: green;'>  币种/交易对:BTCBUSD kdj金叉信号</p>
<p style='color: green;'>  币种/交易对:XTZUSDT kdj金叉信号</p>
<p style='color: green;'>  币种/交易对:RENUSDT kdj金叉信号</p>
<p style='color: green;'>  币种/交易对:RVNUSDT kdj金叉信号</p>
<p style='color: green;'>  币种/交易对:NKNUSDT kdj金叉信号</p>
<p style='color: green;'>  币种/交易对:ETHBUSD kdj金叉信号</p>
<p style='color: green;'>  币种/交易对:BCHBUSD kdj金叉信号</p>
<p style='color: green;'>  币种/交易对:ETCBUSD kdj金叉信号</p>
<p style='color: green;'>  币种/交易对:STXUSDT kdj金叉信号</p>
<p style='color: green;'>  币种/交易对:XLMBUSD kdj金叉信号</p>
<p style='color: green;'>  币种/交易对:TROYUSDT kdj金叉信号</p>
<p style='color: green;'>  币种/交易对:QTUMBUSD kdj金叉信号</p>
<p style='color: green;'>  币种/交易对:VETBUSD kdj金叉信号</p>
<p style='color: green;'>  币种/交易对:FTTUSDT kdj金叉信号</p>
<p style='color: green;'>  币种/交易对:ICXBUSD kdj金叉信号</p>
<p style='color: green;'>  币种/交易对:ATOMBUSD kdj金叉信号</p>
<p style='color: green;'>  币种/交易对:NEOBUSD kdj金叉信号</p>
<p style='color: green;'>  币种/交易对:WAVESBUSD kdj金叉信号</p>
<p style='color: green;'>  币种/交易对:XTZBUSD kdj金叉信号</p>
<p style='color: green;'>  币种/交易对:BATBUSD kdj金叉信号</p>
<p style='color: green;'>  币种/交易对:ENJBUSD kdj金叉信号</p>
<p style='color: green;'>  币种/交易对:ONTBUSD kdj金叉信号</p>
<p style='color: green;'>  币种/交易对:RVNBUSD kdj金叉信号</p>
<p style='color: green;'>  币种/交易对:MBLUSDT kdj金叉信号</p>
<p style='color: green;'>  币种/交易对:COTIUSDT kdj金叉信号</p>
<p style='color: green;'>  币种/交易对:ALGOBUSD kdj金叉信号</p>
<p style='color: green;'>  币种/交易对:TOMOBUSD kdj金叉信号</p>
<p style='color: green;'>  币种/交易对:WTCUSDT kdj金叉信号</p>
<p style='color: green;'>  币种/交易对:BTCUPUSDT kdj金叉信号</p>
<p style='color: green;'>  币种/交易对:MATICBUSD kdj金叉信号</p>
<p style='color: green;'>  币种/交易对:ZILBUSD kdj金叉信号</p>
<p style='color: green;'>  币种/交易对:KNCBUSD kdj金叉信号</p>
<p style='color: green;'>  币种/交易对:KNCUSDT kdj金叉信号</p>
<p style='color: green;'>  币种/交易对:REPUSDT kdj金叉信号</p>
<p style='color: green;'>  币种/交易对:IQBUSD kdj金叉信号</p>
<p style='color: green;'>  币种/交易对:PNTUSDT kdj金叉信号</p>
<p style='color: green;'>  币种/交易对:COMPBUSD kdj金叉信号</p>
<p style='color: green;'>  币种/交易对:COMPUSDT kdj金叉信号</p>
<p style='color: green;'>  币种/交易对:SCUSDT kdj金叉信号</p>
<p style='color: green;'>  币种/交易对:ZENUSDT kdj金叉信号</p>
<p style='color: green;'>  币种/交易对:SXPBUSD kdj金叉信号</p>
<p style='color: green;'>  币种/交易对:SNXBUSD kdj金叉信号</p>
<p style='color: green;'>  币种/交易对:SNXUSDT kdj金叉信号</p>
<p style='color: green;'>  币种/交易对:ETHUPUSDT kdj金叉信号</p>
<p style='color: green;'>  币种/交易对:VTHOUSDT kdj金叉信号</p>
<p style='color: green;'>  币种/交易对:SXPUSDT kdj金叉信号</p>
<p style='color: green;'>  币种/交易对:MKRBUSD kdj金叉信号</p>
<p style='color: green;'>  币种/交易对:MANABUSD kdj金叉信号</p>
<p style='color: green;'>  币种/交易对:FIOBUSD kdj金叉信号</p>
<p style='color: green;'>  币种/交易对:BNBUPUSDT kdj金叉信号</p>
<p style='color: green;'>  币种/交易对:MANAUSDT kdj金叉信号</p>
<p style='color: green;'>  币种/交易对:BALBUSD kdj金叉信号</p>
<p style='color: green;'>  币种/交易对:BALUSDT kdj金叉信号</p>
<p style='color: green;'>  币种/交易对:IRISUSDT kdj金叉信号</p>
<p style='color: green;'>  币种/交易对:ANTUSDT kdj金叉信号</p>
<p style='color: green;'>  币种/交易对:SANDUSDT kdj金叉信号</p>
<p style='color: green;'>  币种/交易对:SANDBUSD kdj金叉信号</p>
<p style='color: green;'>  币种/交易对:NMRBUSD kdj金叉信号</p>
<p style='color: green;'>  币种/交易对:NMRUSDT kdj金叉信号</p>
<p style='color: green;'>  币种/交易对:DOTBUSD kdj金叉信号</p>
<p style='color: green;'>  币种/交易对:DOTUSDT kdj金叉信号</p>
<p style='color: green;'>  币种/交易对:WNXMUSDT kdj金叉信号</p>
<p style='color: green;'>  币种/交易对:TRBBUSD kdj金叉信号</p>
<p style='color: green;'>  币种/交易对:TRBUSDT kdj金叉信号</p>
<p style='color: green;'>  币种/交易对:SUSHIBUSD kdj金叉信号</p>
<p style='color: green;'>  币种/交易对:SUSHIUSDT kdj金叉信号</p>
<p style='color: green;'>  币种/交易对:KSMBUSD kdj金叉信号</p>
<p style='color: green;'>  币种/交易对:KSMUSDT kdj金叉信号</p>
<p style='color: green;'>  币种/交易对:FIOUSDT kdj金叉信号</p>
<p style='color: green;'>  币种/交易对:DOTUPUSDT kdj金叉信号</p>
<p style='color: green;'>  币种/交易对:BELBUSD kdj金叉信号</p>
<p style='color: green;'>  币种/交易对:BELUSDT kdj金叉信号</p>
<p style='color: green;'>  币种/交易对:UNIBUSD kdj金叉信号</p>
<p style='color: green;'>  币种/交易对:UNIUSDT kdj金叉信号</p>
<p style='color: green;'>  币种/交易对:AVAXBUSD kdj金叉信号</p>
<p style='color: green;'>  币种/交易对:AVAXUSDT kdj金叉信号</p>
<p style='color: green;'>  币种/交易对:FLMUSDT kdj金叉信号</p>
<p style='color: green;'>  币种/交易对:CAKEBUSD kdj金叉信号</p>
<p style='color: green;'>  币种/交易对:ALPHABUSD kdj金叉信号</p>
<p style='color: green;'>  币种/交易对:ALPHAUSDT kdj金叉信号</p>
<p style='color: green;'>  币种/交易对:AAVEBUSD kdj金叉信号</p>
<p style='color: green;'>  币种/交易对:AAVEUSDT kdj金叉信号</p>
<p style='color: green;'>  币种/交易对:NEARBUSD kdj金叉信号</p>
<p style='color: green;'>  币种/交易对:NEARUSDT kdj金叉信号</p>
<p style='color: green;'>  币种/交易对:INJBUSD kdj金叉信号</p>
<p style='color: green;'>  币种/交易对:INJUSDT kdj金叉信号</p>
<p style='color: green;'>  币种/交易对:AERGOBUSD kdj金叉信号</p>
<p style='color: green;'>  币种/交易对:ONEBUSD kdj金叉信号</p>
<p style='color: green;'>  币种/交易对:AUDIOBUSD kdj金叉信号</p>
<p style='color: green;'>  币种/交易对:AUDIOUSDT kdj金叉信号</p>
<p style='color: green;'>  币种/交易对:AKROUSDT kdj金叉信号</p>
<p style='color: green;'>  币种/交易对:AXSBUSD kdj金叉信号</p>
<p style='color: green;'>  币种/交易对:AXSUSDT kdj金叉信号</p>
<p style='color: green;'>  币种/交易对:FRONTBUSD kdj金叉信号</p>
<p style='color: green;'>  币种/交易对:AVAUSDT kdj金叉信号</p>
<p style='color: green;'>  币种/交易对:SYSBUSD kdj金叉信号</p>
<p style='color: green;'>  币种/交易对:XEMUSDT kdj金叉信号</p>
<p style='color: green;'>  币种/交易对:1INCHUSDT kdj金叉信号</p>
<p style='color: green;'>  币种/交易对:REEFUSDT kdj金叉信号</p>
<p style='color: green;'>  币种/交易对:RIFUSDT kdj金叉信号</p>
<p style='color: green;'>  币种/交易对:CKBUSDT kdj金叉信号</p>
<p style='color: green;'>  币种/交易对:SFPBUSD kdj金叉信号</p>
<p style='color: green;'>  币种/交易对:SFPUSDT kdj金叉信号</p>
<p style='color: green;'>  币种/交易对:CAKEUSDT kdj金叉信号</p>
<p style='color: green;'>  币种/交易对:BAKEBUSD kdj金叉信号</p>
<p style='color: green;'>  币种/交易对:UFTBUSD kdj金叉信号</p>
<p style='color: green;'>  币种/交易对:1INCHBUSD kdj金叉信号</p>
<p style='color: green;'>  币种/交易对:BANDBUSD kdj金叉信号</p>
<p style='color: green;'>  币种/交易对:IOSTBUSD kdj金叉信号</p>
<p style='color: green;'>  币种/交易对:OMGBUSD kdj金叉信号</p>
<p style='color: green;'>  币种/交易对:REEFBUSD kdj金叉信号</p>
<p style='color: green;'>  币种/交易对:AUCTIONBUSD kdj金叉信号</p>
<p style='color: green;'>  币种/交易对:PHABUSD kdj金叉信号</p>
<p style='color: green;'>  币种/交易对:BADGERBUSD kdj金叉信号</p>
<p style='color: green;'>  币种/交易对:BADGERUSDT kdj金叉信号</p>
<p style='color: green;'>  币种/交易对:ALICEBUSD kdj金叉信号</p>
<p style='color: green;'>  币种/交易对:ALICEUSDT kdj金叉信号</p>
<p style='color: green;'>  币种/交易对:CHZBUSD kdj金叉信号</p>
<p style='color: green;'>  币种/交易对:LINABUSD kdj金叉信号</p>
<p style='color: green;'>  币种/交易对:LINAUSDT kdj金叉信号</p>
<p style='color: green;'>  币种/交易对:RAMPBUSD kdj金叉信号</p>
<p style='color: green;'>  币种/交易对:RAMPUSDT kdj金叉信号</p>
<p style='color: green;'>  币种/交易对:SUPERBUSD kdj金叉信号</p>
<p style='color: green;'>  币种/交易对:SUPERUSDT kdj金叉信号</p>
<p style='color: green;'>  币种/交易对:CFXBUSD kdj金叉信号</p>
<p style='color: green;'>  币种/交易对:CFXUSDT kdj金叉信号</p>
<p style='color: green;'>  币种/交易对:AUTOBUSD kdj金叉信号</p>
<p style='color: green;'>  币种/交易对:TKOBUSD kdj金叉信号</p>
<p style='color: green;'>  币种/交易对:TKOUSDT kdj金叉信号</p>
<p style='color: green;'>  币种/交易对:TLMBUSD kdj金叉信号</p>
<p style='color: green;'>  币种/交易对:TLMUSDT kdj金叉信号</p>
<p style='color: green;'>  币种/交易对:BTGBUSD kdj金叉信号</p>
<p style='color: green;'>  币种/交易对:BTGUSDT kdj金叉信号</p>
<p style='color: green;'>  币种/交易对:HOTBUSD kdj金叉信号</p>
<p style='color: green;'>  币种/交易对:MIRBUSD kdj金叉信号</p>
<p style='color: green;'>  币种/交易对:MIRUSDT kdj金叉信号</p>
<p style='color: green;'>  币种/交易对:BAKEUSDT kdj金叉信号</p>
<p style='color: green;'>  币种/交易对:SLPBUSD kdj金叉信号</p>
<p style='color: green;'>  币种/交易对:SLPUSDT kdj金叉信号</p>
<p style='color: green;'>  币种/交易对:POLSBUSD kdj金叉信号</p>
<p style='color: green;'>  币种/交易对:POLSUSDT kdj金叉信号</p>
<p style='color: green;'>  币种/交易对:MDXBUSD kdj金叉信号</p>
<p style='color: green;'>  币种/交易对:MDXUSDT kdj金叉信号</p>
<p style='color: green;'>  币种/交易对:LPTBUSD kdj金叉信号</p>
<p style='color: green;'>  币种/交易对:LPTUSDT kdj金叉信号</p>
<p style='color: green;'>  币种/交易对:CELRBUSD kdj金叉信号</p>
<p style='color: green;'>  币种/交易对:ZENBUSD kdj金叉信号</p>
<p style='color: green;'>  币种/交易对:FTMBUSD kdj金叉信号</p>
<p style='color: green;'>  币种/交易对:WINBUSD kdj金叉信号</p>
<p style='color: green;'>  币种/交易对:GTCBUSD kdj金叉信号</p>
<p style='color: green;'>  币种/交易对:GTCUSDT kdj金叉信号</p>
<p style='color: green;'>  币种/交易对:TORNBUSD kdj金叉信号</p>
<p style='color: green;'>  币种/交易对:TORNUSDT kdj金叉信号</p>
<p style='color: green;'>  币种/交易对:COTIBUSD kdj金叉信号</p>
<p style='color: green;'>  币种/交易对:SCBUSD kdj金叉信号</p>
<p style='color: green;'>  币种/交易对:FTTBUSD kdj金叉信号</p>
<p style='color: green;'>  币种/交易对:ERNBUSD kdj金叉信号</p>
<p style='color: green;'>  币种/交易对:ERNUSDT kdj金叉信号</p>
<p style='color: green;'>  币种/交易对:PHAUSDT kdj金叉信号</p>
<p style='color: green;'>  币种/交易对:QUICKBUSD kdj金叉信号</p>
<p style='color: green;'>  币种/交易对:CLVBUSD kdj金叉信号</p>
<p style='color: green;'>  币种/交易对:CLVUSDT kdj金叉信号</p>
<p style='color: green;'>  币种/交易对:QNTBUSD kdj金叉信号</p>
<p style='color: green;'>  币种/交易对:FLOWBUSD kdj金叉信号</p>
<p style='color: green;'>  币种/交易对:FLOWUSDT kdj金叉信号</p>
<p style='color: green;'>  币种/交易对:MINABUSD kdj金叉信号</p>
<p style='color: green;'>  币种/交易对:MINAUSDT kdj金叉信号</p>
<p style='color: green;'>  币种/交易对:FARMBUSD kdj金叉信号</p>
<p style='color: green;'>  币种/交易对:FARMUSDT kdj金叉信号</p>
<p style='color: green;'>  币种/交易对:ALPACABUSD kdj金叉信号</p>
<p style='color: green;'>  币种/交易对:ALPACAUSDT kdj金叉信号</p>
<p style='color: green;'>  币种/交易对:MBOXBUSD kdj金叉信号</p>
<p style='color: green;'>  币种/交易对:MBOXUSDT kdj金叉信号</p>
<p style='color: green;'>  币种/交易对:WAXPUSDT kdj金叉信号</p>
<p style='color: green;'>  币种/交易对:WAXPBUSD kdj金叉信号</p>
<p style='color: green;'>  币种/交易对:GNOUSDT kdj金叉信号</p>
<p style='color: green;'>  币种/交易对:RENBUSD kdj金叉信号</p>
<p style='color: green;'>  币种/交易对:YGGUSDT kdj金叉信号</p>
<p style='color: green;'>  币种/交易对:YGGBUSD kdj金叉信号</p>
<p style='color: green;'>  币种/交易对:STXBUSD kdj金叉信号</p>
<p style='color: green;'>  币种/交易对:SYSUSDT kdj金叉信号</p>
<p style='color: green;'>  币种/交易对:FIDAUSDT kdj金叉信号</p>
<p style='color: green;'>  币种/交易对:FIDABUSD kdj金叉信号</p>
<p style='color: green;'>  币种/交易对:DENTBUSD kdj金叉信号</p>
<p style='color: green;'>  币种/交易对:FRONTUSDT kdj金叉信号</p>
<p style='color: green;'>  币种/交易对:AGLDBUSD kdj金叉信号</p>
<p style='color: green;'>  币种/交易对:AGLDUSDT kdj金叉信号</p>
<p style='color: green;'>  币种/交易对:RADBUSD kdj金叉信号</p>
<p style='color: green;'>  币种/交易对:RADUSDT kdj金叉信号</p>
<p style='color: green;'>  币种/交易对:RAREBUSD kdj金叉信号</p>
<p style='color: green;'>  币种/交易对:RAREUSDT kdj金叉信号</p>
<p style='color: green;'>  币种/交易对:TROYBUSD kdj金叉信号</p>
<p style='color: green;'>  币种/交易对:AUCTIONUSDT kdj金叉信号</p>
<p style='color: green;'>  币种/交易对:CELOBUSD kdj金叉信号</p>
<p style='color: green;'>  币种/交易对:DARUSDT kdj金叉信号</p>
<p style='color: green;'>  币种/交易对:DARBUSD kdj金叉信号</p>
<p style='color: green;'>  币种/交易对:LAZIOBUSD kdj金叉信号</p>
<p style='color: green;'>  币种/交易对:MOVRBUSD kdj金叉信号</p>
<p style='color: green;'>  币种/交易对:MOVRUSDT kdj金叉信号</p>
<p style='color: green;'>  币种/交易对:ENSBUSD kdj金叉信号</p>
<p style='color: green;'>  币种/交易对:ENSUSDT kdj金叉信号</p>
<p style='color: green;'>  币种/交易对:ANKRBUSD kdj金叉信号</p>
<p style='color: green;'>  币种/交易对:POWRUSDT kdj金叉信号</p>
<p style='color: green;'>  币种/交易对:POWRBUSD kdj金叉信号</p>
<p style='color: green;'>  币种/交易对:AMPBUSD kdj金叉信号</p>
<p style='color: green;'>  币种/交易对:AMPUSDT kdj金叉信号</p>
<p style='color: green;'>  币种/交易对:PLABUSD kdj金叉信号</p>
<p style='color: green;'>  币种/交易对:PLAUSDT kdj金叉信号</p>
<p style='color: green;'>  币种/交易对:RNDRUSDT kdj金叉信号</p>
<p style='color: green;'>  币种/交易对:RNDRBUSD kdj金叉信号</p>
<p style='color: green;'>  币种/交易对:BICOBUSD kdj金叉信号</p>
<p style='color: green;'>  币种/交易对:BICOUSDT kdj金叉信号</p>
<p style='color: green;'>  币种/交易对:FLUXBUSD kdj金叉信号</p>
<p style='color: green;'>  币种/交易对:FLUXUSDT kdj金叉信号</p>
<p style='color: green;'>  币种/交易对:VOXELUSDT kdj金叉信号</p>
<p style='color: green;'>  币种/交易对:HIGHBUSD kdj金叉信号</p>
<p style='color: green;'>  币种/交易对:HIGHUSDT kdj金叉信号</p>
<p style='color: green;'>  币种/交易对:PEOPLEBUSD kdj金叉信号</p>
<p style='color: green;'>  币种/交易对:PEOPLEUSDT kdj金叉信号</p>
<p style='color: green;'>  币种/交易对:SPELLUSDT kdj金叉信号</p>
<p style='color: green;'>  币种/交易对:SPELLBUSD kdj金叉信号</p>
<p style='color: green;'>  币种/交易对:JOEBUSD kdj金叉信号</p>
<p style='color: green;'>  币种/交易对:JOEUSDT kdj金叉信号</p>
<p style='color: green;'>  币种/交易对:IMXBUSD kdj金叉信号</p>
<p style='color: green;'>  币种/交易对:IMXUSDT kdj金叉信号</p>
<p style='color: green;'>  币种/交易对:GLMRBUSD kdj金叉信号</p>
<p style='color: green;'>  币种/交易对:GLMRUSDT kdj金叉信号</p>
<p style='color: green;'>  币种/交易对:API3BUSD kdj金叉信号</p>
<p style='color: green;'>  币种/交易对:API3USDT kdj金叉信号</p>
<p style='color: green;'>  币种/交易对:ACABUSD kdj金叉信号</p>
<p style='color: green;'>  币种/交易对:ACAUSDT kdj金叉信号</p>
<p style='color: green;'>  币种/交易对:WOOBUSD kdj金叉信号</p>
<p style='color: green;'>  币种/交易对:WOOUSDT kdj金叉信号</p>
<p style='color: green;'>  币种/交易对:TUSDT kdj金叉信号</p>
<p style='color: green;'>  币种/交易对:TBUSD kdj金叉信号</p>
<p style='color: green;'>  币种/交易对:ASTRBUSD kdj金叉信号</p>
<p style='color: green;'>  币种/交易对:ASTRUSDT kdj金叉信号</p>
<p style='color: green;'>  币种/交易对:GMTBUSD kdj金叉信号</p>
<p style='color: green;'>  币种/交易对:GMTUSDT kdj金叉信号</p>
<p style='color: green;'>  币种/交易对:APEUSDT kdj金叉信号</p>
<p style='color: green;'>  币种/交易对:APEBUSD kdj金叉信号</p>
<p style='color: green;'>  币种/交易对:BSWUSDT kdj金叉信号</p>
<p style='color: green;'>  币种/交易对:BSWBUSD kdj金叉信号</p>
<p style='color: green;'>  币种/交易对:MULTIBUSD kdj金叉信号</p>
<p style='color: green;'>  币种/交易对:MULTIUSDT kdj金叉信号</p>
<p style='color: green;'>  币种/交易对:PORTOBUSD kdj金叉信号</p>
<p style='color: green;'>  币种/交易对:BTTCBUSD kdj金叉信号</p>
<p style='color: green;'>  币种/交易对:MBLBUSD kdj金叉信号</p>
<p style='color: green;'>  币种/交易对:REIUSDT kdj金叉信号</p>
<p style='color: green;'>  币种/交易对:GALUSDT kdj金叉信号</p>
<p style='color: green;'>  币种/交易对:GALBUSD kdj金叉信号</p>
<p style='color: green;'>  币种/交易对:LDOBUSD kdj金叉信号</p>
<p style='color: green;'>  币种/交易对:CVCBUSD kdj金叉信号</p>
<p style='color: green; font-size:30px;'> <b>沾到ema30/ema60</b></p>
<p style='color: green;'>  币种/交易对:ETHUSDT 沾到ema30/ema60</p>
<p style='color: green;'>  币种/交易对:BNBUSDT 沾到ema30/ema60</p>
<p style='color: green;'>  币种/交易对:XRPUSDT 沾到ema30/ema60</p>
<p style='color: green;'>  币种/交易对:ETHTUSD 沾到ema30/ema60</p>
<p style='color: green;'>  币种/交易对:TRXUSDT 沾到ema30/ema60</p>
<p style='color: green;'>  币种/交易对:ETCUSDT 沾到ema30/ema60</p>
<p style='color: green;'>  币种/交易对:BNBTUSD 沾到ema30/ema60</p>
<p style='color: green;'>  币种/交易对:XRPTUSD 沾到ema30/ema60</p>
<p style='color: green;'>  币种/交易对:TRXTUSD 沾到ema30/ema60</p>
<p style='color: green;'>  币种/交易对:XMRUSDT 沾到ema30/ema60</p>
<p style='color: green;'>  币种/交易对:MITHUSDT 沾到ema30/ema60</p>
<p style='color: green;'>  币种/交易对:COSUSDT 沾到ema30/ema60</p>
<p style='color: green;'>  币种/交易对:COCOSUSDT 沾到ema30/ema60</p>
<p style='color: green;'>  币种/交易对:BNBBUSD 沾到ema30/ema60</p>
<p style='color: green;'>  币种/交易对:XRPBUSD 沾到ema30/ema60</p>
<p style='color: green;'>  币种/交易对:ETHBUSD 沾到ema30/ema60</p>
<p style='color: green;'>  币种/交易对:ETCBUSD 沾到ema30/ema60</p>
<p style='color: green;'>  币种/交易对:TRXBUSD 沾到ema30/ema60</p>
<p style='color: green;'>  币种/交易对:VETBUSD 沾到ema30/ema60</p>
<p style='color: green;'>  币种/交易对:WRXUSDT 沾到ema30/ema60</p>
<p style='color: green;'>  币种/交易对:XMRBUSD 沾到ema30/ema60</p>
<p style='color: green;'>  币种/交易对:SOLUSDT 沾到ema30/ema60</p>
<p style='color: green;'>  币种/交易对:SOLBUSD 沾到ema30/ema60</p>
<p style='color: green;'>  币种/交易对:WRXBUSD 沾到ema30/ema60</p>
<p style='color: green;'>  币种/交易对:IQBUSD 沾到ema30/ema60</p>
<p style='color: green;'>  币种/交易对:ETHUPUSDT 沾到ema30/ema60</p>
<p style='color: green;'>  币种/交易对:VTHOUSDT 沾到ema30/ema60</p>
<p style='color: green;'>  币种/交易对:GBPUSDT 沾到ema30/ema60</p>
<p style='color: green;'>  币种/交易对:DCRUSDT 沾到ema30/ema60</p>
<p style='color: green;'>  币种/交易对:LUNABUSD 沾到ema30/ema60</p>
<p style='color: green;'>  币种/交易对:YFIIUSDT 沾到ema30/ema60</p>
<p style='color: green;'>  币种/交易对:TRXUPUSDT 沾到ema30/ema60</p>
<p style='color: green;'>  币种/交易对:XRPUPUSDT 沾到ema30/ema60</p>
<p style='color: green;'>  币种/交易对:DOTUPUSDT 沾到ema30/ema60</p>
<p style='color: green;'>  币种/交易对:DOTDOWNUSDT 沾到ema30/ema60</p>
<p style='color: green;'>  币种/交易对:CREAMBUSD 沾到ema30/ema60</p>
<p style='color: green;'>  币种/交易对:HNTUSDT 沾到ema30/ema60</p>
<p style='color: green;'>  币种/交易对:CAKEBUSD 沾到ema30/ema60</p>
<p style='color: green;'>  币种/交易对:UTKUSDT 沾到ema30/ema60</p>
<p style='color: green;'>  币种/交易对:FILBUSD 沾到ema30/ema60</p>
<p style='color: green;'>  币种/交易对:FILUSDT 沾到ema30/ema60</p>
<p style='color: green;'>  币种/交易对:GHSTBUSD 沾到ema30/ema60</p>
<p style='color: green;'>  币种/交易对:PSGBUSD 沾到ema30/ema60</p>
<p style='color: green;'>  币种/交易对:OGUSDT 沾到ema30/ema60</p>
<p style='color: green;'>  币种/交易对:ATMUSDT 沾到ema30/ema60</p>
<p style='color: green;'>  币种/交易对:ASRUSDT 沾到ema30/ema60</p>
<p style='color: green;'>  币种/交易对:DEXEBUSD 沾到ema30/ema60</p>
<p style='color: green;'>  币种/交易对:USDCBUSD 沾到ema30/ema60</p>
<p style='color: green;'>  币种/交易对:TUSDBUSD 沾到ema30/ema60</p>
<p style='color: green;'>  币种/交易对:TWTBUSD 沾到ema30/ema60</p>
<p style='color: green;'>  币种/交易对:TWTUSDT 沾到ema30/ema60</p>
<p style='color: green;'>  币种/交易对:CAKEUSDT 沾到ema30/ema60</p>
<p style='color: green;'>  币种/交易对:ACMBUSD 沾到ema30/ema60</p>
<p style='color: green;'>  币种/交易对:ACMUSDT 沾到ema30/ema60</p>
<p style='color: green;'>  币种/交易对:BIFIBUSD 沾到ema30/ema60</p>
<p style='color: green;'>  币种/交易对:ATMBUSD 沾到ema30/ema60</p>
<p style='color: green;'>  币种/交易对:UTKBUSD 沾到ema30/ema60</p>
<p style='color: green;'>  币种/交易对:DEXEUSDT 沾到ema30/ema60</p>
<p style='color: green;'>  币种/交易对:RAYBUSD 沾到ema30/ema60</p>
<p style='color: green;'>  币种/交易对:RAYUSDT 沾到ema30/ema60</p>
<p style='color: green;'>  币种/交易对:GHSTUSDT 沾到ema30/ema60</p>
<p style='color: green;'>  币种/交易对:GNOUSDT 沾到ema30/ema60</p>
<p style='color: green;'>  币种/交易对:ELFUSDT 沾到ema30/ema60</p>
<p style='color: green;'>  币种/交易对:ELFBUSD 沾到ema30/ema60</p>
<p style='color: green;'>  币种/交易对:USDPUSDT 沾到ema30/ema60</p>
<p style='color: green;'>  币种/交易对:LSKBUSD 沾到ema30/ema60</p>
<p style='color: green;'>  币种/交易对:BETABUSD 沾到ema30/ema60</p>
<p style='color: green;'>  币种/交易对:BETAUSDT 沾到ema30/ema60</p>
<p style='color: green;'>  币种/交易对:LAZIOUSDT 沾到ema30/ema60</p>
<p style='color: green;'>  币种/交易对:LAZIOBUSD 沾到ema30/ema60</p>
<p style='color: green;'>  币种/交易对:PORTOUSDT 沾到ema30/ema60</p>
<p style='color: green;'>  币种/交易对:PYRBUSD 沾到ema30/ema60</p>
<p style='color: green;'>  币种/交易对:PYRUSDT 沾到ema30/ema60</p>
<p style='color: green;'>  币种/交易对:SANTOSUSDT 沾到ema30/ema60</p>
<p style='color: green;'>  币种/交易对:COCOSBUSD 沾到ema30/ema60</p>
<p style='color: green;'>  币种/交易对:COSBUSD 沾到ema30/ema60</p>
<p style='color: green;'>  币种/交易对:NULSBUSD 沾到ema30/ema60</p>
<p style='color: green;'>  币种/交易对:ACHBUSD 沾到ema30/ema60</p>
<p style='color: green;'>  币种/交易对:ACHUSDT 沾到ema30/ema60</p>
<p style='color: green;'>  币种/交易对:IMXBUSD 沾到ema30/ema60</p>
<p style='color: green;'>  币种/交易对:GLMRUSDT 沾到ema30/ema60</p>
<p style='color: green;'>  币种/交易对:ALPINEUSDT 沾到ema30/ema60</p>
<p style='color: green;'>  币种/交易对:GMTBUSD 沾到ema30/ema60</p>
<p style='color: green;'>  币种/交易对:GMTUSDT 沾到ema30/ema60</p>
<p style='color: green;'>  币种/交易对:KDABUSD 沾到ema30/ema60</p>
<p style='color: green;'>  币种/交易对:KDAUSDT 沾到ema30/ema60</p>
<p style='color: green;'>  币种/交易对:APEUSDT 沾到ema30/ema60</p>
<p style='color: green;'>  币种/交易对:APEBUSD 沾到ema30/ema60</p>
<p style='color: green;'>  币种/交易对:ALPINEBUSD 沾到ema30/ema60</p>
<p style='color: green;'>  币种/交易对:BSWUSDT 沾到ema30/ema60</p>
<p style='color: green;'>  币种/交易对:BSWBUSD 沾到ema30/ema60</p>
<p style='color: green;'>  币种/交易对:SANTOSBUSD 沾到ema30/ema60</p>
<p style='color: green;'>  币种/交易对:BIFIUSDT 沾到ema30/ema60</p>
<p style='color: green;'>  币种/交易对:PORTOBUSD 沾到ema30/ema60</p>
<p style='color: green;'>  币种/交易对:STEEMUSDT 沾到ema30/ema60</p>
<p style='color: green;'>  币种/交易对:NEXOUSDT 沾到ema30/ema60</p>
<p style='color: green;'>  币种/交易对:NEXOBUSD 沾到ema30/ema60</p>
<p style='color: green;'>  币种/交易对:STEEMBUSD 沾到ema30/ema60</p>
<p style='color: green; font-size:30px;'> <b>分立跳空底背离</b></p>
<p style='color: green;'>  币种/交易对:ATOMUSDT 分立跳空底背离</p>
<p style='color: green;'>  币种/交易对:ONEUSDT 分立跳空底背离</p>
<p style='color: green;'>  币种/交易对:ATOMBUSD 分立跳空底背离</p>
<p style='color: green;'>  币种/交易对:SOLUSDT 分立跳空底背离</p>
<p style='color: green;'>  币种/交易对:SOLBUSD 分立跳空底背离</p>
<p style='color: green;'>  币种/交易对:BTCDOWNUSDT 分立跳空底背离</p>
<p style='color: green;'>  币种/交易对:REPUSDT 分立跳空底背离</p>
<p style='color: green;'>  币种/交易对:ADADOWNUSDT 分立跳空底背离</p>
<p style='color: green;'>  币种/交易对:LINKDOWNUSDT 分立跳空底背离</p>
<p style='color: green;'>  币种/交易对:ONEBUSD 分立跳空底背离</p>
<p style='color: green;'>  币种/交易对:FXSBUSD 分立跳空底背离</p>
<p style='color: green;'>  币种/交易对:LPTBUSD 分立跳空底背离</p>
<p style='color: green;'>  币种/交易对:LPTUSDT 分立跳空底背离</p>
<p style='color: green;'>  币种/交易对:TORNBUSD 分立跳空底背离</p>
<p style='color: green;'>  币种/交易对:TORNUSDT 分立跳空底背离</p>
<p style='color: green;'>  币种/交易对:BETABUSD 分立跳空底背离</p>
<p style='color: green;'>  币种/交易对:BETAUSDT 分立跳空底背离</p>
<p style='color: green;'>  币种/交易对:MOVRBUSD 分立跳空底背离</p>
<p style='color: green;'>  币种/交易对:MOVRUSDT 分立跳空底背离</p>
<p style='color: green;'>  币种/交易对:CVXBUSD 分立跳空底背离</p>
<p style='color: green;'>  币种/交易对:CVXUSDT 分立跳空底背离</p>
<p style='color: green;'>  币种/交易对:SPELLUSDT 分立跳空底背离</p>
<p style='color: green;'>  币种/交易对:SPELLBUSD 分立跳空底背离</p>
<p style='color: green;'>  币种/交易对:JOEBUSD 分立跳空底背离</p>
<p style='color: green;'>  币种/交易对:JOEUSDT 分立跳空底背离</p>
<p style='color: green;'>  币种/交易对:LOKABUSD 分立跳空底背离</p>
<p style='color: green;'>  币种/交易对:LOKAUSDT 分立跳空底背离</p>
<p style='color: green;'>  币种/交易对:ANCBUSD 分立跳空底背离</p>
<p style='color: green;'>  币种/交易对:ANCUSDT 分立跳空底背离</p>
<p style='color: green;'>  币种/交易对:APEUSDT 分立跳空底背离</p>
<p style='color: green;'>  币种/交易对:APEBUSD 分立跳空底背离</p>
<p style='color: green;'>  币种/交易对:MULTIBUSD 分立跳空底背离</p>
<p style='color: green;'>  币种/交易对:MULTIUSDT 分立跳空底背离</p>
<p style='color: green;'>  币种/交易对:GALUSDT 分立跳空底背离</p>
<p style='color: green;'>  币种/交易对:GALBUSD 分立跳空底背离</p>
<p style='color: green; font-size:30px;'> <b>段内底背离</b></p>
<p style='color: green;'>  币种/交易对:DOGEUSDT 段内底背离</p>
<p style='color: green;'>  币种/交易对:FUNUSDT 段内底背离</p>
<p style='color: green;'>  币种/交易对:EURBUSD 段内底背离</p>
<p style='color: green;'>  币种/交易对:AIONUSDT 段内底背离</p>
<p style='color: green;'>  币种/交易对:WRXBUSD 段内底背离</p>
<p style='color: green;'>  币种/交易对:DOGEBUSD 段内底背离</p>
<p style='color: green;'>  币种/交易对:EGLDBUSD 段内底背离</p>
<p style='color: green;'>  币种/交易对:AAVEBUSD 段内底背离</p>
<p style='color: green;'>  币种/交易对:AAVEUSDT 段内底背离</p>
<p style='color: green;'>  币种/交易对:ONEBUSD 段内底背离</p>
<p style='color: green;'>  币种/交易对:PROMBUSD 段内底背离</p>
<p style='color: green;'>  币种/交易对:PERPBUSD 段内底背离</p>
<p style='color: green;'>  币种/交易对:PERPUSDT 段内底背离</p>
<p style='color: green;'>  币种/交易对:MIRUSDT 段内底背离</p>
<p style='color: green;'>  币种/交易对:SLPUSDT 段内底背离</p>
<p style='color: green;'>  币种/交易对:ICPBUSD 段内底背离</p>
<p style='color: green;'>  币种/交易对:ICPUSDT 段内底背离</p>
<p style='color: green;'>  币种/交易对:DYDXUSDT 段内底背离</p>
<p style='color: green;'>  币种/交易对:DYDXBUSD 段内底背离</p>
<p style='color: green;'>  币种/交易对:YGGUSDT 段内底背离</p>
<p style='color: green;'>  币种/交易对:YGGBUSD 段内底背离</p>
<p style='color: green;'>  币种/交易对:SCRTBUSD 段内底背离</p>
<p style='color: green;'>  币种/交易对:AUCTIONUSDT 段内底背离</p>
<p style='color: green;'>  币种/交易对:LOKABUSD 段内底背离</p>
<p style='color: green;'>  币种/交易对:LOKAUSDT 段内底背离</p>
<p style='color: green;'>  币种/交易对:SCRTUSDT 段内底背离</p>
<p style='color: green;'>  币种/交易对:ALPINEUSDT 段内底背离</p>
<p style='color: green;'>  币种/交易对:KDABUSD 段内底背离</p>
<p style='color: green;'>  币种/交易对:KDAUSDT 段内底背离</p>
<p style='color: green;'>  币种/交易对:GALUSDT 段内底背离</p>
<p style='color: green;'>  币种/交易对:GALBUSD 段内底背离</p>
<p style='color: green; font-size:30px;'> <b>TD 底部 9位置</b></p>
<p style='color: green;'>  币种/交易对:TKOBUSD TD 底部 9位置</p>
<p style='color: green;'>  币种/交易对:TKOUSDT TD 底部 9位置</p>
