<p style='color: green; font-size:30px;'> <b>沾到ema30/ema60</b></p>
<p style='color: green;'>  币种/交易对:BTCUSDT 沾到ema30/ema60</p>
<p style='color: green;'>  币种/交易对:NEOUSDT 沾到ema30/ema60</p>
<p style='color: green;'>  币种/交易对:ADAUSDT 沾到ema30/ema60</p>
<p style='color: green;'>  币种/交易对:XRPUSDT 沾到ema30/ema60</p>
<p style='color: green;'>  币种/交易对:EOSUSDT 沾到ema30/ema60</p>
<p style='color: green;'>  币种/交易对:ETCUSDT 沾到ema30/ema60</p>
<p style='color: green;'>  币种/交易对:BCHUSDT 沾到ema30/ema60</p>
<p style='color: green;'>  币种/交易对:WAVESUSDT 沾到ema30/ema60</p>
<p style='color: green;'>  币种/交易对:ONGUSDT 沾到ema30/ema60</p>
<p style='color: green;'>  币种/交易对:ZRXUSDT 沾到ema30/ema60</p>
<p style='color: green;'>  币种/交易对:BATUSDT 沾到ema30/ema60</p>
<p style='color: green;'>  币种/交易对:IOSTUSDT 沾到ema30/ema60</p>
<p style='color: green;'>  币种/交易对:CELRUSDT 沾到ema30/ema60</p>
<p style='color: green;'>  币种/交易对:OMGUSDT 沾到ema30/ema60</p>
<p style='color: green;'>  币种/交易对:ENJUSDT 沾到ema30/ema60</p>
<p style='color: green;'>  币种/交易对:ONEUSDT 沾到ema30/ema60</p>
<p style='color: green;'>  币种/交易对:GTOUSDT 沾到ema30/ema60</p>
<p style='color: green;'>  币种/交易对:ANKRUSDT 沾到ema30/ema60</p>
<p style='color: green;'>  币种/交易对:MTLUSDT 沾到ema30/ema60</p>
<p style='color: green;'>  币种/交易对:TOMOUSDT 沾到ema30/ema60</p>
<p style='color: green;'>  币种/交易对:PERLUSDT 沾到ema30/ema60</p>
<p style='color: green;'>  币种/交易对:DOCKUSDT 沾到ema30/ema60</p>
<p style='color: green;'>  币种/交易对:FUNUSDT 沾到ema30/ema60</p>
<p style='color: green;'>  币种/交易对:CVCUSDT 沾到ema30/ema60</p>
<p style='color: green;'>  币种/交易对:BTCBUSD 沾到ema30/ema60</p>
<p style='color: green;'>  币种/交易对:XTZUSDT 沾到ema30/ema60</p>
<p style='color: green;'>  币种/交易对:RENUSDT 沾到ema30/ema60</p>
<p style='color: green;'>  币种/交易对:RVNUSDT 沾到ema30/ema60</p>
<p style='color: green;'>  币种/交易对:HBARUSDT 沾到ema30/ema60</p>
<p style='color: green;'>  币种/交易对:XRPBUSD 沾到ema30/ema60</p>
<p style='color: green;'>  币种/交易对:BCHBUSD 沾到ema30/ema60</p>
<p style='color: green;'>  币种/交易对:ETCBUSD 沾到ema30/ema60</p>
<p style='color: green;'>  币种/交易对:STXUSDT 沾到ema30/ema60</p>
<p style='color: green;'>  币种/交易对:EOSBUSD 沾到ema30/ema60</p>
<p style='color: green;'>  币种/交易对:ADABUSD 沾到ema30/ema60</p>
<p style='color: green;'>  币种/交易对:QTUMBUSD 沾到ema30/ema60</p>
<p style='color: green;'>  币种/交易对:VITEUSDT 沾到ema30/ema60</p>
<p style='color: green;'>  币种/交易对:BTSUSDT 沾到ema30/ema60</p>
<p style='color: green;'>  币种/交易对:LSKUSDT 沾到ema30/ema60</p>
<p style='color: green;'>  币种/交易对:WAVESBUSD 沾到ema30/ema60</p>
<p style='color: green;'>  币种/交易对:XTZBUSD 沾到ema30/ema60</p>
<p style='color: green;'>  币种/交易对:BATBUSD 沾到ema30/ema60</p>
<p style='color: green;'>  币种/交易对:ENJBUSD 沾到ema30/ema60</p>
<p style='color: green;'>  币种/交易对:RVNBUSD 沾到ema30/ema60</p>
<p style='color: green;'>  币种/交易对:AIONUSDT 沾到ema30/ema60</p>
<p style='color: green;'>  币种/交易对:MBLUSDT 沾到ema30/ema60</p>
<p style='color: green;'>  币种/交易对:COTIUSDT 沾到ema30/ema60</p>
<p style='color: green;'>  币种/交易对:TOMOBUSD 沾到ema30/ema60</p>
<p style='color: green;'>  币种/交易对:STPTUSDT 沾到ema30/ema60</p>
<p style='color: green;'>  币种/交易对:WTCUSDT 沾到ema30/ema60</p>
<p style='color: green;'>  币种/交易对:DATABUSD 沾到ema30/ema60</p>
<p style='color: green;'>  币种/交易对:DATAUSDT 沾到ema30/ema60</p>
<p style='color: green;'>  币种/交易对:BTCUPUSDT 沾到ema30/ema60</p>
<p style='color: green;'>  币种/交易对:ARDRUSDT 沾到ema30/ema60</p>
<p style='color: green;'>  币种/交易对:HBARBUSD 沾到ema30/ema60</p>
<p style='color: green;'>  币种/交易对:KNCBUSD 沾到ema30/ema60</p>
<p style='color: green;'>  币种/交易对:KNCUSDT 沾到ema30/ema60</p>
<p style='color: green;'>  币种/交易对:REPUSDT 沾到ema30/ema60</p>
<p style='color: green;'>  币种/交易对:IQBUSD 沾到ema30/ema60</p>
<p style='color: green;'>  币种/交易对:DGBBUSD 沾到ema30/ema60</p>
<p style='color: green;'>  币种/交易对:COMPBUSD 沾到ema30/ema60</p>
<p style='color: green;'>  币种/交易对:COMPUSDT 沾到ema30/ema60</p>
<p style='color: green;'>  币种/交易对:SCUSDT 沾到ema30/ema60</p>
<p style='color: green;'>  币种/交易对:ZENUSDT 沾到ema30/ema60</p>
<p style='color: green;'>  币种/交易对:SNXBUSD 沾到ema30/ema60</p>
<p style='color: green;'>  币种/交易对:SNXUSDT 沾到ema30/ema60</p>
<p style='color: green;'>  币种/交易对:ADAUPUSDT 沾到ema30/ema60</p>
<p style='color: green;'>  币种/交易对:VTHOUSDT 沾到ema30/ema60</p>
<p style='color: green;'>  币种/交易对:DGBUSDT 沾到ema30/ema60</p>
<p style='color: green;'>  币种/交易对:GBPUSDT 沾到ema30/ema60</p>
<p style='color: green;'>  币种/交易对:STORJBUSD 沾到ema30/ema60</p>
<p style='color: green;'>  币种/交易对:MKRBUSD 沾到ema30/ema60</p>
<p style='color: green;'>  币种/交易对:MANABUSD 沾到ema30/ema60</p>
<p style='color: green;'>  币种/交易对:ZRXBUSD 沾到ema30/ema60</p>
<p style='color: green;'>  币种/交易对:STORJUSDT 沾到ema30/ema60</p>
<p style='color: green;'>  币种/交易对:AUDBUSD 沾到ema30/ema60</p>
<p style='color: green;'>  币种/交易对:MANAUSDT 沾到ema30/ema60</p>
<p style='color: green;'>  币种/交易对:AUDUSDT 沾到ema30/ema60</p>
<p style='color: green;'>  币种/交易对:KMDUSDT 沾到ema30/ema60</p>
<p style='color: green;'>  币种/交易对:SRMBUSD 沾到ema30/ema60</p>
<p style='color: green;'>  币种/交易对:SRMUSDT 沾到ema30/ema60</p>
<p style='color: green;'>  币种/交易对:SANDUSDT 沾到ema30/ema60</p>
<p style='color: green;'>  币种/交易对:SANDBUSD 沾到ema30/ema60</p>
<p style='color: green;'>  币种/交易对:NMRBUSD 沾到ema30/ema60</p>
<p style='color: green;'>  币种/交易对:NMRUSDT 沾到ema30/ema60</p>
<p style='color: green;'>  币种/交易对:PAXGBUSD 沾到ema30/ema60</p>
<p style='color: green;'>  币种/交易对:WNXMUSDT 沾到ema30/ema60</p>
<p style='color: green;'>  币种/交易对:KSMBUSD 沾到ema30/ema60</p>
<p style='color: green;'>  币种/交易对:KSMUSDT 沾到ema30/ema60</p>
<p style='color: green;'>  币种/交易对:DIABUSD 沾到ema30/ema60</p>
<p style='color: green;'>  币种/交易对:DIAUSDT 沾到ema30/ema60</p>
<p style='color: green;'>  币种/交易对:OXTUSDT 沾到ema30/ema60</p>
<p style='color: green;'>  币种/交易对:SUNUSDT 沾到ema30/ema60</p>
<p style='color: green;'>  币种/交易对:AVAXBUSD 沾到ema30/ema60</p>
<p style='color: green;'>  币种/交易对:AVAXUSDT 沾到ema30/ema60</p>
<p style='color: green;'>  币种/交易对:ORNUSDT 沾到ema30/ema60</p>
<p style='color: green;'>  币种/交易对:UTKUSDT 沾到ema30/ema60</p>
<p style='color: green;'>  币种/交易对:NEARBUSD 沾到ema30/ema60</p>
<p style='color: green;'>  币种/交易对:NEARUSDT 沾到ema30/ema60</p>
<p style='color: green;'>  币种/交易对:ONEBUSD 沾到ema30/ema60</p>
<p style='color: green;'>  币种/交易对:AUDIOBUSD 沾到ema30/ema60</p>
<p style='color: green;'>  币种/交易对:AUDIOUSDT 沾到ema30/ema60</p>
<p style='color: green;'>  币种/交易对:AKROUSDT 沾到ema30/ema60</p>
<p style='color: green;'>  币种/交易对:AXSBUSD 沾到ema30/ema60</p>
<p style='color: green;'>  币种/交易对:AXSUSDT 沾到ema30/ema60</p>
<p style='color: green;'>  币种/交易对:STRAXBUSD 沾到ema30/ema60</p>
<p style='color: green;'>  币种/交易对:STRAXUSDT 沾到ema30/ema60</p>
<p style='color: green;'>  币种/交易对:FORBUSD 沾到ema30/ema60</p>
<p style='color: green;'>  币种/交易对:UNFIBUSD 沾到ema30/ema60</p>
<p style='color: green;'>  币种/交易对:UNFIUSDT 沾到ema30/ema60</p>
<p style='color: green;'>  币种/交易对:SKLBUSD 沾到ema30/ema60</p>
<p style='color: green;'>  币种/交易对:SKLUSDT 沾到ema30/ema60</p>
<p style='color: green;'>  币种/交易对:GHSTBUSD 沾到ema30/ema60</p>
<p style='color: green;'>  币种/交易对:GRTUSDT 沾到ema30/ema60</p>
<p style='color: green;'>  币种/交易对:BTCSTBUSD 沾到ema30/ema60</p>
<p style='color: green;'>  币种/交易对:BTCSTUSDT 沾到ema30/ema60</p>
<p style='color: green;'>  币种/交易对:CKBBUSD 沾到ema30/ema60</p>
<p style='color: green;'>  币种/交易对:FIROUSDT 沾到ema30/ema60</p>
<p style='color: green;'>  币种/交易对:GRTBUSD 沾到ema30/ema60</p>
<p style='color: green;'>  币种/交易对:IOSTBUSD 沾到ema30/ema60</p>
<p style='color: green;'>  币种/交易对:OMGBUSD 沾到ema30/ema60</p>
<p style='color: green;'>  币种/交易对:TVKBUSD 沾到ema30/ema60</p>
<p style='color: green;'>  币种/交易对:BADGERBUSD 沾到ema30/ema60</p>
<p style='color: green;'>  币种/交易对:DEGOBUSD 沾到ema30/ema60</p>
<p style='color: green;'>  币种/交易对:DEGOUSDT 沾到ema30/ema60</p>
<p style='color: green;'>  币种/交易对:PERPBUSD 沾到ema30/ema60</p>
<p style='color: green;'>  币种/交易对:PERPUSDT 沾到ema30/ema60</p>
<p style='color: green;'>  币种/交易对:MIRBUSD 沾到ema30/ema60</p>
<p style='color: green;'>  币种/交易对:MIRUSDT 沾到ema30/ema60</p>
<p style='color: green;'>  币种/交易对:FORTHBUSD 沾到ema30/ema60</p>
<p style='color: green;'>  币种/交易对:FORTHUSDT 沾到ema30/ema60</p>
<p style='color: green;'>  币种/交易对:ICPBUSD 沾到ema30/ema60</p>
<p style='color: green;'>  币种/交易对:ICPUSDT 沾到ema30/ema60</p>
<p style='color: green;'>  币种/交易对:POLSBUSD 沾到ema30/ema60</p>
<p style='color: green;'>  币种/交易对:POLSUSDT 沾到ema30/ema60</p>
<p style='color: green;'>  币种/交易对:MDXBUSD 沾到ema30/ema60</p>
<p style='color: green;'>  币种/交易对:MDXUSDT 沾到ema30/ema60</p>
<p style='color: green;'>  币种/交易对:CELRBUSD 沾到ema30/ema60</p>
<p style='color: green;'>  币种/交易对:ZENBUSD 沾到ema30/ema60</p>
<p style='color: green;'>  币种/交易对:COTIBUSD 沾到ema30/ema60</p>
<p style='color: green;'>  币种/交易对:SCBUSD 沾到ema30/ema60</p>
<p style='color: green;'>  币种/交易对:CHRBUSD 沾到ema30/ema60</p>
<p style='color: green;'>  币种/交易对:STMXBUSD 沾到ema30/ema60</p>
<p style='color: green;'>  币种/交易对:HNTBUSD 沾到ema30/ema60</p>
<p style='color: green;'>  币种/交易对:DOCKBUSD 沾到ema30/ema60</p>
<p style='color: green;'>  币种/交易对:UTKBUSD 沾到ema30/ema60</p>
<p style='color: green;'>  币种/交易对:C98USDT 沾到ema30/ema60</p>
<p style='color: green;'>  币种/交易对:C98BUSD 沾到ema30/ema60</p>
<p style='color: green;'>  币种/交易对:QNTBUSD 沾到ema30/ema60</p>
<p style='color: green;'>  币种/交易对:QNTUSDT 沾到ema30/ema60</p>
<p style='color: green;'>  币种/交易对:FLOWBUSD 沾到ema30/ema60</p>
<p style='color: green;'>  币种/交易对:FLOWUSDT 沾到ema30/ema60</p>
<p style='color: green;'>  币种/交易对:TVKUSDT 沾到ema30/ema60</p>
<p style='color: green;'>  币种/交易对:RAYBUSD 沾到ema30/ema60</p>
<p style='color: green;'>  币种/交易对:RAYUSDT 沾到ema30/ema60</p>
<p style='color: green;'>  币种/交易对:ORNBUSD 沾到ema30/ema60</p>
<p style='color: green;'>  币种/交易对:MBOXBUSD 沾到ema30/ema60</p>
<p style='color: green;'>  币种/交易对:MBOXUSDT 沾到ema30/ema60</p>
<p style='color: green;'>  币种/交易对:REQUSDT 沾到ema30/ema60</p>
<p style='color: green;'>  币种/交易对:MTLBUSD 沾到ema30/ema60</p>
<p style='color: green;'>  币种/交易对:ELFUSDT 沾到ema30/ema60</p>
<p style='color: green;'>  币种/交易对:ELFBUSD 沾到ema30/ema60</p>
<p style='color: green;'>  币种/交易对:SUNBUSD 沾到ema30/ema60</p>
<p style='color: green;'>  币种/交易对:ILVUSDT 沾到ema30/ema60</p>
<p style='color: green;'>  币种/交易对:ILVBUSD 沾到ema30/ema60</p>
<p style='color: green;'>  币种/交易对:RENBUSD 沾到ema30/ema60</p>
<p style='color: green;'>  币种/交易对:STXBUSD 沾到ema30/ema60</p>
<p style='color: green;'>  币种/交易对:SYSUSDT 沾到ema30/ema60</p>
<p style='color: green;'>  币种/交易对:LSKBUSD 沾到ema30/ema60</p>
<p style='color: green;'>  币种/交易对:FIDAUSDT 沾到ema30/ema60</p>
<p style='color: green;'>  币种/交易对:FIDABUSD 沾到ema30/ema60</p>
<p style='color: green;'>  币种/交易对:DENTBUSD 沾到ema30/ema60</p>
<p style='color: green;'>  币种/交易对:AGLDBUSD 沾到ema30/ema60</p>
<p style='color: green;'>  币种/交易对:STPTBUSD 沾到ema30/ema60</p>
<p style='color: green;'>  币种/交易对:RAREBUSD 沾到ema30/ema60</p>
<p style='color: green;'>  币种/交易对:RAREUSDT 沾到ema30/ema60</p>
<p style='color: green;'>  币种/交易对:CHESSBUSD 沾到ema30/ema60</p>
<p style='color: green;'>  币种/交易对:CHESSUSDT 沾到ema30/ema60</p>
<p style='color: green;'>  币种/交易对:SCRTBUSD 沾到ema30/ema60</p>
<p style='color: green;'>  币种/交易对:AUCTIONUSDT 沾到ema30/ema60</p>
<p style='color: green;'>  币种/交易对:OXTBUSD 沾到ema30/ema60</p>
<p style='color: green;'>  币种/交易对:MOVRBUSD 沾到ema30/ema60</p>
<p style='color: green;'>  币种/交易对:MOVRUSDT 沾到ema30/ema60</p>
<p style='color: green;'>  币种/交易对:ENSBUSD 沾到ema30/ema60</p>
<p style='color: green;'>  币种/交易对:ENSUSDT 沾到ema30/ema60</p>
<p style='color: green;'>  币种/交易对:ANKRBUSD 沾到ema30/ema60</p>
<p style='color: green;'>  币种/交易对:PORTOUSDT 沾到ema30/ema60</p>
<p style='color: green;'>  币种/交易对:POWRUSDT 沾到ema30/ema60</p>
<p style='color: green;'>  币种/交易对:POWRBUSD 沾到ema30/ema60</p>
<p style='color: green;'>  币种/交易对:JASMYUSDT 沾到ema30/ema60</p>
<p style='color: green;'>  币种/交易对:JASMYBUSD 沾到ema30/ema60</p>
<p style='color: green;'>  币种/交易对:PLABUSD 沾到ema30/ema60</p>
<p style='color: green;'>  币种/交易对:PLAUSDT 沾到ema30/ema60</p>
<p style='color: green;'>  币种/交易对:MCBUSD 沾到ema30/ema60</p>
<p style='color: green;'>  币种/交易对:MCUSDT 沾到ema30/ema60</p>
<p style='color: green;'>  币种/交易对:BICOBUSD 沾到ema30/ema60</p>
<p style='color: green;'>  币种/交易对:BICOUSDT 沾到ema30/ema60</p>
<p style='color: green;'>  币种/交易对:FLUXUSDT 沾到ema30/ema60</p>
<p style='color: green;'>  币种/交易对:REQBUSD 沾到ema30/ema60</p>
<p style='color: green;'>  币种/交易对:VOXELBUSD 沾到ema30/ema60</p>
<p style='color: green;'>  币种/交易对:VOXELUSDT 沾到ema30/ema60</p>
<p style='color: green;'>  币种/交易对:OOKIBUSD 沾到ema30/ema60</p>
<p style='color: green;'>  币种/交易对:OOKIUSDT 沾到ema30/ema60</p>
<p style='color: green;'>  币种/交易对:SPELLUSDT 沾到ema30/ema60</p>
<p style='color: green;'>  币种/交易对:SPELLBUSD 沾到ema30/ema60</p>
<p style='color: green;'>  币种/交易对:JOEBUSD 沾到ema30/ema60</p>
<p style='color: green;'>  币种/交易对:JOEUSDT 沾到ema30/ema60</p>
<p style='color: green;'>  币种/交易对:ACHBUSD 沾到ema30/ema60</p>
<p style='color: green;'>  币种/交易对:ACHUSDT 沾到ema30/ema60</p>
<p style='color: green;'>  币种/交易对:IMXBUSD 沾到ema30/ema60</p>
<p style='color: green;'>  币种/交易对:IMXUSDT 沾到ema30/ema60</p>
<p style='color: green;'>  币种/交易对:GLMRBUSD 沾到ema30/ema60</p>
<p style='color: green;'>  币种/交易对:GLMRUSDT 沾到ema30/ema60</p>
<p style='color: green;'>  币种/交易对:LOKABUSD 沾到ema30/ema60</p>
<p style='color: green;'>  币种/交易对:LOKAUSDT 沾到ema30/ema60</p>
<p style='color: green;'>  币种/交易对:SCRTUSDT 沾到ema30/ema60</p>
<p style='color: green;'>  币种/交易对:ACABUSD 沾到ema30/ema60</p>
<p style='color: green;'>  币种/交易对:ACAUSDT 沾到ema30/ema60</p>
<p style='color: green;'>  币种/交易对:ALPINEUSDT 沾到ema30/ema60</p>
<p style='color: green;'>  币种/交易对:TUSDT 沾到ema30/ema60</p>
<p style='color: green;'>  币种/交易对:TBUSD 沾到ema30/ema60</p>
<p style='color: green;'>  币种/交易对:GMTBUSD 沾到ema30/ema60</p>
<p style='color: green;'>  币种/交易对:APEUSDT 沾到ema30/ema60</p>
<p style='color: green;'>  币种/交易对:APEBUSD 沾到ema30/ema60</p>
<p style='color: green;'>  币种/交易对:ALPINEBUSD 沾到ema30/ema60</p>
<p style='color: green;'>  币种/交易对:PORTOBUSD 沾到ema30/ema60</p>
<p style='color: green;'>  币种/交易对:STEEMUSDT 沾到ema30/ema60</p>
<p style='color: green;'>  币种/交易对:MBLBUSD 沾到ema30/ema60</p>
<p style='color: green;'>  币种/交易对:NEXOUSDT 沾到ema30/ema60</p>
<p style='color: green;'>  币种/交易对:NEXOBUSD 沾到ema30/ema60</p>
<p style='color: green;'>  币种/交易对:GALUSDT 沾到ema30/ema60</p>
<p style='color: green;'>  币种/交易对:GALBUSD 沾到ema30/ema60</p>
<p style='color: green;'>  币种/交易对:LDOBUSD 沾到ema30/ema60</p>
<p style='color: green;'>  币种/交易对:LDOUSDT 沾到ema30/ema60</p>
<p style='color: green;'>  币种/交易对:STEEMBUSD 沾到ema30/ema60</p>
<p style='color: green;'>  币种/交易对:CVCBUSD 沾到ema30/ema60</p>
<p style='color: green;'>  币种/交易对:AKROBUSD 沾到ema30/ema60</p>
<p style='color: green;'>  币种/交易对:OGBUSD 沾到ema30/ema60</p>
<p style='color: green;'>  币种/交易对:FIROBUSD 沾到ema30/ema60</p>
<p style='color: green;'>  币种/交易对:GTOBUSD 沾到ema30/ema60</p>
<p style='color: green;'>  币种/交易对:WBTCBUSD 沾到ema30/ema60</p>
<p style='color: green;'>  币种/交易对:GLMBUSD 沾到ema30/ema60</p>
<p style='color: green;'>  币种/交易对:ARKBUSD 沾到ema30/ema60</p>
<p style='color: green;'>  币种/交易对:LOOMBUSD 沾到ema30/ema60</p>
<p style='color: green; font-size:30px;'> <b>kdj金叉信号</b></p>
<p style='color: green;'>  币种/交易对:ETHUSDT kdj金叉信号</p>
<p style='color: green;'>  币种/交易对:NULSUSDT kdj金叉信号</p>
<p style='color: green;'>  币种/交易对:ETHBUSD kdj金叉信号</p>
<p style='color: green;'>  币种/交易对:LTOUSDT kdj金叉信号</p>
<p style='color: green;'>  币种/交易对:CTSIUSDT kdj金叉信号</p>
<p style='color: green;'>  币种/交易对:CTSIBUSD kdj金叉信号</p>
<p style='color: green;'>  币种/交易对:ETHUPUSDT kdj金叉信号</p>
<p style='color: green;'>  币种/交易对:BALBUSD kdj金叉信号</p>
<p style='color: green;'>  币种/交易对:HNTUSDT kdj金叉信号</p>
<p style='color: green;'>  币种/交易对:AERGOBUSD kdj金叉信号</p>
<p style='color: green;'>  币种/交易对:KP3RBUSD kdj金叉信号</p>
<p style='color: green;'>  币种/交易对:CVPBUSD kdj金叉信号</p>
<p style='color: green;'>  币种/交易对:ATMUSDT kdj金叉信号</p>
<p style='color: green;'>  币种/交易对:1INCHBUSD kdj金叉信号</p>
<p style='color: green;'>  币种/交易对:DEGOBUSD kdj金叉信号</p>
<p style='color: green;'>  币种/交易对:DEGOUSDT kdj金叉信号</p>
<p style='color: green;'>  币种/交易对:ATMBUSD kdj金叉信号</p>
<p style='color: green;'>  币种/交易对:LTOBUSD kdj金叉信号</p>
<p style='color: green;'>  币种/交易对:GALAUSDT kdj金叉信号</p>
<p style='color: green;'>  币种/交易对:GALABUSD kdj金叉信号</p>
<p style='color: green;'>  币种/交易对:CVPUSDT kdj金叉信号</p>
<p style='color: green;'>  币种/交易对:RADBUSD kdj金叉信号</p>
<p style='color: green;'>  币种/交易对:NULSBUSD kdj金叉信号</p>
<p style='color: green;'>  币种/交易对:MBLBUSD kdj金叉信号</p>
<p style='color: green;'>  币种/交易对:EPXUSDT kdj金叉信号</p>
<p style='color: green;'>  币种/交易对:EPXBUSD kdj金叉信号</p>
<p style='color: green;'>  币种/交易对:USTCBUSD kdj金叉信号</p>
<p style='color: green;'>  币种/交易对:WBTCBUSD kdj金叉信号</p>
<p style='color: green; font-size:30px;'> <b>macd金叉信号</b></p>
<p style='color: green;'>  币种/交易对:ETHTUSD macd金叉信号</p>
<p style='color: green;'>  币种/交易对:TRXUSDT macd金叉信号</p>
<p style='color: green;'>  币种/交易对:KAVAUSDT macd金叉信号</p>
<p style='color: green;'>  币种/交易对:TRXBUSD macd金叉信号</p>
<p style='color: green;'>  币种/交易对:TRXUPUSDT macd金叉信号</p>
<p style='color: green;'>  币种/交易对:AERGOBUSD macd金叉信号</p>
<p style='color: green;'>  币种/交易对:DNTBUSD macd金叉信号</p>
<p style='color: green;'>  币种/交易对:DNTUSDT macd金叉信号</p>
<p style='color: green;'>  币种/交易对:CKBBUSD macd金叉信号</p>
<p style='color: green;'>  币种/交易对:CKBUSDT macd金叉信号</p>
<p style='color: green;'>  币种/交易对:UFTBUSD macd金叉信号</p>
<p style='color: green;'>  币种/交易对:DEGOBUSD macd金叉信号</p>
<p style='color: green;'>  币种/交易对:DEGOUSDT macd金叉信号</p>
<p style='color: green;'>  币种/交易对:BTGBUSD macd金叉信号</p>
<p style='color: green;'>  币种/交易对:BTGUSDT macd金叉信号</p>
<p style='color: green;'>  币种/交易对:KAVABUSD macd金叉信号</p>
<p style='color: green;'>  币种/交易对:ADXBUSD macd金叉信号</p>
<p style='color: green;'>  币种/交易对:CLVBUSD macd金叉信号</p>
<p style='color: green;'>  币种/交易对:CLVUSDT macd金叉信号</p>
<p style='color: green;'>  币种/交易对:ADXUSDT macd金叉信号</p>
<p style='color: green; font-size:30px;'> <b>DMI+</b></p>
<p style='color: green;'>  币种/交易对:EOSUSDT DMI+</p>
<p style='color: green;'>  币种/交易对:ETCUSDT DMI+</p>
<p style='color: green;'>  币种/交易对:ZECUSDT DMI+</p>
<p style='color: green;'>  币种/交易对:BEAMUSDT DMI+</p>
<p style='color: green;'>  币种/交易对:XTZUSDT DMI+</p>
<p style='color: green;'>  币种/交易对:RVNUSDT DMI+</p>
<p style='color: green;'>  币种/交易对:ETCBUSD DMI+</p>
<p style='color: green;'>  币种/交易对:KAVAUSDT DMI+</p>
<p style='color: green;'>  币种/交易对:XTZBUSD DMI+</p>
<p style='color: green;'>  币种/交易对:RVNBUSD DMI+</p>
<p style='color: green;'>  币种/交易对:MBLUSDT DMI+</p>
<p style='color: green;'>  币种/交易对:KNCUSDT DMI+</p>
<p style='color: green;'>  币种/交易对:COMPBUSD DMI+</p>
<p style='color: green;'>  币种/交易对:COMPUSDT DMI+</p>
<p style='color: green;'>  币种/交易对:SCUSDT DMI+</p>
<p style='color: green;'>  币种/交易对:SXPUSDT DMI+</p>
<p style='color: green;'>  币种/交易对:KSMBUSD DMI+</p>
<p style='color: green;'>  币种/交易对:KSMUSDT DMI+</p>
<p style='color: green;'>  币种/交易对:AXSUSDT DMI+</p>
<p style='color: green;'>  币种/交易对:BARBUSD DMI+</p>
<p style='color: green;'>  币种/交易对:BARUSDT DMI+</p>
<p style='color: green;'>  币种/交易对:SCBUSD DMI+</p>
<p style='color: green;'>  币种/交易对:HNTBUSD DMI+</p>
<p style='color: green;'>  币种/交易对:GALAUSDT DMI+</p>
<p style='color: green;'>  币种/交易对:CITYBUSD DMI+</p>
<p style='color: green;'>  币种/交易对:CITYUSDT DMI+</p>
<p style='color: green;'>  币种/交易对:FLUXBUSD DMI+</p>
<p style='color: green;'>  币种/交易对:GMTBUSD DMI+</p>
<p style='color: green;'>  币种/交易对:GMTUSDT DMI+</p>
<p style='color: green;'>  币种/交易对:APEUSDT DMI+</p>
<p style='color: green;'>  币种/交易对:APEBUSD DMI+</p>
<p style='color: green; font-size:30px;'> <b>段内底背离</b></p>
<p style='color: green;'>  币种/交易对:ADATUSD 段内底背离</p>
<p style='color: green;'>  币种/交易对:TCTUSDT 段内底背离</p>
<p style='color: green;'>  币种/交易对:BTCDOWNUSDT 段内底背离</p>
<p style='color: green;'>  币种/交易对:ETHDOWNUSDT 段内底背离</p>
<p style='color: green;'>  币种/交易对:BNBDOWNUSDT 段内底背离</p>
<p style='color: green;'>  币种/交易对:DOTDOWNUSDT 段内底背离</p>
<p style='color: green;'>  币种/交易对:NBSUSDT 段内底背离</p>
<p style='color: green;'>  币种/交易对:HNTUSDT 段内底背离</p>
<p style='color: green;'>  币种/交易对:GHSTUSDT 段内底背离</p>
<p style='color: green; font-size:30px;'> <b>macd金叉信号 + DMI</b></p>
<p style='color: green;'>  币种/交易对:KAVAUSDT macd金叉信号 + DMI</p>
<p style='color: green; font-size:30px;'> <b>cci over 100</b></p>
<p style='color: green;'>  币种/交易对:ZILBUSD cci over 100</p>
<p style='color: green;'>  币种/交易对:FIOBUSD cci over 100</p>
<p style='color: green;'>  币种/交易对:BLZBUSD cci over 100</p>
<p style='color: green;'>  币种/交易对:BLZUSDT cci over 100</p>
<p style='color: green;'>  币种/交易对:AUTOBUSD cci over 100</p>
<p style='color: green;'>  币种/交易对:AUTOUSDT cci over 100</p>
<p style='color: green;'>  币种/交易对:TKOBUSD cci over 100</p>
<p style='color: green;'>  币种/交易对:ADXBUSD cci over 100</p>
<p style='color: green;'>  币种/交易对:FARMBUSD cci over 100</p>
<p style='color: green;'>  币种/交易对:FARMUSDT cci over 100</p>
<p style='color: green;'>  币种/交易对:LAZIOUSDT cci over 100</p>
<p style='color: green;'>  币种/交易对:ADXUSDT cci over 100</p>
<p style='color: green;'>  币种/交易对:LAZIOBUSD cci over 100</p>
<p style='color: green;'>  币种/交易对:KEYBUSD cci over 100</p>
<p style='color: green; font-size:30px;'> <b>分立跳空底背离</b></p>
<p style='color: green;'>  币种/交易对:TRXDOWNUSDT 分立跳空底背离</p>
<p style='color: green;'>  币种/交易对:GHSTUSDT 分立跳空底背离</p>
