<p style='color: green; font-size:30px;'> <b>kdj金叉信号</b></p>
<p style='color: green;'>  币种/交易对:BTCUSDT kdj金叉信号</p>
<p style='color: green;'>  币种/交易对:THETAUSDT kdj金叉信号</p>
<p style='color: green;'>  币种/交易对:TFUELUSDT kdj金叉信号</p>
<p style='color: green;'>  币种/交易对:BTCBUSD kdj金叉信号</p>
<p style='color: green;'>  币种/交易对:BTCUPUSDT kdj金叉信号</p>
<p style='color: green;'>  币种/交易对:COMPBUSD kdj金叉信号</p>
<p style='color: green;'>  币种/交易对:MANABUSD kdj金叉信号</p>
<p style='color: green;'>  币种/交易对:MANAUSDT kdj金叉信号</p>
<p style='color: green;'>  币种/交易对:SANDUSDT kdj金叉信号</p>
<p style='color: green;'>  币种/交易对:SANDBUSD kdj金叉信号</p>
<p style='color: green;'>  币种/交易对:DIABUSD kdj金叉信号</p>
<p style='color: green;'>  币种/交易对:DIAUSDT kdj金叉信号</p>
<p style='color: green;'>  币种/交易对:XVSBUSD kdj金叉信号</p>
<p style='color: green;'>  币种/交易对:XVSUSDT kdj金叉信号</p>
<p style='color: green;'>  币种/交易对:ALPHABUSD kdj金叉信号</p>
<p style='color: green;'>  币种/交易对:ALPHAUSDT kdj金叉信号</p>
<p style='color: green;'>  币种/交易对:CTKBUSD kdj金叉信号</p>
<p style='color: green;'>  币种/交易对:UNFIBUSD kdj金叉信号</p>
<p style='color: green;'>  币种/交易对:UNFIUSDT kdj金叉信号</p>
<p style='color: green;'>  币种/交易对:SKLBUSD kdj金叉信号</p>
<p style='color: green;'>  币种/交易对:SKLUSDT kdj金叉信号</p>
<p style='color: green;'>  币种/交易对:GHSTBUSD kdj金叉信号</p>
<p style='color: green;'>  币种/交易对:DFBUSD kdj金叉信号</p>
<p style='color: green;'>  币种/交易对:REEFUSDT kdj金叉信号</p>
<p style='color: green;'>  币种/交易对:OGUSDT kdj金叉信号</p>
<p style='color: green;'>  币种/交易对:ATMUSDT kdj金叉信号</p>
<p style='color: green;'>  币种/交易对:TRUUSDT kdj金叉信号</p>
<p style='color: green;'>  币种/交易对:FIROUSDT kdj金叉信号</p>
<p style='color: green;'>  币种/交易对:LITBUSD kdj金叉信号</p>
<p style='color: green;'>  币种/交易对:LITUSDT kdj金叉信号</p>
<p style='color: green;'>  币种/交易对:REEFBUSD kdj金叉信号</p>
<p style='color: green;'>  币种/交易对:ACMUSDT kdj金叉信号</p>
<p style='color: green;'>  币种/交易对:DEGOBUSD kdj金叉信号</p>
<p style='color: green;'>  币种/交易对:DEGOUSDT kdj金叉信号</p>
<p style='color: green;'>  币种/交易对:AUTOBUSD kdj金叉信号</p>
<p style='color: green;'>  币种/交易对:AUTOUSDT kdj金叉信号</p>
<p style='color: green;'>  币种/交易对:FORTHBUSD kdj金叉信号</p>
<p style='color: green;'>  币种/交易对:FORTHUSDT kdj金叉信号</p>
<p style='color: green;'>  币种/交易对:LPTBUSD kdj金叉信号</p>
<p style='color: green;'>  币种/交易对:TORNBUSD kdj金叉信号</p>
<p style='color: green;'>  币种/交易对:MLNBUSD kdj金叉信号</p>
<p style='color: green;'>  币种/交易对:MLNUSDT kdj金叉信号</p>
<p style='color: green;'>  币种/交易对:LTOBUSD kdj金叉信号</p>
<p style='color: green;'>  币种/交易对:RAYBUSD kdj金叉信号</p>
<p style='color: green;'>  币种/交易对:WAXPBUSD kdj金叉信号</p>
<p style='color: green;'>  币种/交易对:DYDXUSDT kdj金叉信号</p>
<p style='color: green;'>  币种/交易对:DYDXBUSD kdj金叉信号</p>
<p style='color: green;'>  币种/交易对:SYSUSDT kdj金叉信号</p>
<p style='color: green;'>  币种/交易对:DFUSDT kdj金叉信号</p>
<p style='color: green;'>  币种/交易对:ADXUSDT kdj金叉信号</p>
<p style='color: green;'>  币种/交易对:OOKIUSDT kdj金叉信号</p>
<p style='color: green;'>  币种/交易对:MDTBUSD kdj金叉信号</p>
<p style='color: green;'>  币种/交易对:ACAUSDT kdj金叉信号</p>
<p style='color: green;'>  币种/交易对:KDABUSD kdj金叉信号</p>
<p style='color: green;'>  币种/交易对:KDAUSDT kdj金叉信号</p>
<p style='color: green;'>  币种/交易对:NEXOUSDT kdj金叉信号</p>
<p style='color: green;'>  币种/交易对:USTCBUSD kdj金叉信号</p>
<p style='color: green;'>  币种/交易对:OPBUSD kdj金叉信号</p>
<p style='color: green;'>  币种/交易对:FIROBUSD kdj金叉信号</p>
<p style='color: green;'>  币种/交易对:LEVERUSDT kdj金叉信号</p>
<p style='color: green;'>  币种/交易对:LEVERBUSD kdj金叉信号</p>
<p style='color: green;'>  币种/交易对:LOOMBUSD kdj金叉信号</p>
<p style='color: green;'>  币种/交易对:POLYXBUSD kdj金叉信号</p>
<p style='color: green;'>  币种/交易对:QKCBUSD kdj金叉信号</p>
<p style='color: green; font-size:30px;'> <b>沾到ema30/ema60</b></p>
<p style='color: green;'>  币种/交易对:ETHUSDT 沾到ema30/ema60</p>
<p style='color: green;'>  币种/交易对:EOSUSDT 沾到ema30/ema60</p>
<p style='color: green;'>  币种/交易对:ONTUSDT 沾到ema30/ema60</p>
<p style='color: green;'>  币种/交易对:TRXUSDT 沾到ema30/ema60</p>
<p style='color: green;'>  币种/交易对:ETCUSDT 沾到ema30/ema60</p>
<p style='color: green;'>  币种/交易对:ICXUSDT 沾到ema30/ema60</p>
<p style='color: green;'>  币种/交易对:NULSUSDT 沾到ema30/ema60</p>
<p style='color: green;'>  币种/交易对:VETUSDT 沾到ema30/ema60</p>
<p style='color: green;'>  币种/交易对:BCHUSDT 沾到ema30/ema60</p>
<p style='color: green;'>  币种/交易对:HOTUSDT 沾到ema30/ema60</p>
<p style='color: green;'>  币种/交易对:ZRXUSDT 沾到ema30/ema60</p>
<p style='color: green;'>  币种/交易对:FETUSDT 沾到ema30/ema60</p>
<p style='color: green;'>  币种/交易对:BATUSDT 沾到ema30/ema60</p>
<p style='color: green;'>  币种/交易对:IOSTUSDT 沾到ema30/ema60</p>
<p style='color: green;'>  币种/交易对:DASHUSDT 沾到ema30/ema60</p>
<p style='color: green;'>  币种/交易对:OMGUSDT 沾到ema30/ema60</p>
<p style='color: green;'>  币种/交易对:ENJUSDT 沾到ema30/ema60</p>
<p style='color: green;'>  币种/交易对:ATOMUSDT 沾到ema30/ema60</p>
<p style='color: green;'>  币种/交易对:ONEUSDT 沾到ema30/ema60</p>
<p style='color: green;'>  币种/交易对:DOGEUSDT 沾到ema30/ema60</p>
<p style='color: green;'>  币种/交易对:DUSKUSDT 沾到ema30/ema60</p>
<p style='color: green;'>  币种/交易对:COCOSUSDT 沾到ema30/ema60</p>
<p style='color: green;'>  币种/交易对:PERLUSDT 沾到ema30/ema60</p>
<p style='color: green;'>  币种/交易对:DOCKUSDT 沾到ema30/ema60</p>
<p style='color: green;'>  币种/交易对:WANUSDT 沾到ema30/ema60</p>
<p style='color: green;'>  币种/交易对:FUNUSDT 沾到ema30/ema60</p>
<p style='color: green;'>  币种/交易对:BANDUSDT 沾到ema30/ema60</p>
<p style='color: green;'>  币种/交易对:RENUSDT 沾到ema30/ema60</p>
<p style='color: green;'>  币种/交易对:RVNUSDT 沾到ema30/ema60</p>
<p style='color: green;'>  币种/交易对:HBARUSDT 沾到ema30/ema60</p>
<p style='color: green;'>  币种/交易对:NKNUSDT 沾到ema30/ema60</p>
<p style='color: green;'>  币种/交易对:ETHBUSD 沾到ema30/ema60</p>
<p style='color: green;'>  币种/交易对:BCHBUSD 沾到ema30/ema60</p>
<p style='color: green;'>  币种/交易对:LINKBUSD 沾到ema30/ema60</p>
<p style='color: green;'>  币种/交易对:ETCBUSD 沾到ema30/ema60</p>
<p style='color: green;'>  币种/交易对:ARPAUSDT 沾到ema30/ema60</p>
<p style='color: green;'>  币种/交易对:TRXBUSD 沾到ema30/ema60</p>
<p style='color: green;'>  币种/交易对:RLCUSDT 沾到ema30/ema60</p>
<p style='color: green;'>  币种/交易对:CTXCUSDT 沾到ema30/ema60</p>
<p style='color: green;'>  币种/交易对:TROYUSDT 沾到ema30/ema60</p>
<p style='color: green;'>  币种/交易对:QTUMBUSD 沾到ema30/ema60</p>
<p style='color: green;'>  币种/交易对:OGNUSDT 沾到ema30/ema60</p>
<p style='color: green;'>  币种/交易对:WRXUSDT 沾到ema30/ema60</p>
<p style='color: green;'>  币种/交易对:ATOMBUSD 沾到ema30/ema60</p>
<p style='color: green;'>  币种/交易对:BATBUSD 沾到ema30/ema60</p>
<p style='color: green;'>  币种/交易对:ENJBUSD 沾到ema30/ema60</p>
<p style='color: green;'>  币种/交易对:ONTBUSD 沾到ema30/ema60</p>
<p style='color: green;'>  币种/交易对:RVNBUSD 沾到ema30/ema60</p>
<p style='color: green;'>  币种/交易对:COTIUSDT 沾到ema30/ema60</p>
<p style='color: green;'>  币种/交易对:TOMOBUSD 沾到ema30/ema60</p>
<p style='color: green;'>  币种/交易对:STPTUSDT 沾到ema30/ema60</p>
<p style='color: green;'>  币种/交易对:CTSIUSDT 沾到ema30/ema60</p>
<p style='color: green;'>  币种/交易对:CTSIBUSD 沾到ema30/ema60</p>
<p style='color: green;'>  币种/交易对:CHRUSDT 沾到ema30/ema60</p>
<p style='color: green;'>  币种/交易对:BTCUPUSDT 沾到ema30/ema60</p>
<p style='color: green;'>  币种/交易对:BTCDOWNUSDT 沾到ema30/ema60</p>
<p style='color: green;'>  币种/交易对:ARDRUSDT 沾到ema30/ema60</p>
<p style='color: green;'>  币种/交易对:HBARBUSD 沾到ema30/ema60</p>
<p style='color: green;'>  币种/交易对:WRXBUSD 沾到ema30/ema60</p>
<p style='color: green;'>  币种/交易对:STMXUSDT 沾到ema30/ema60</p>
<p style='color: green;'>  币种/交易对:LRCBUSD 沾到ema30/ema60</p>
<p style='color: green;'>  币种/交易对:LRCUSDT 沾到ema30/ema60</p>
<p style='color: green;'>  币种/交易对:PNTUSDT 沾到ema30/ema60</p>
<p style='color: green;'>  币种/交易对:COMPBUSD 沾到ema30/ema60</p>
<p style='color: green;'>  币种/交易对:COMPUSDT 沾到ema30/ema60</p>
<p style='color: green;'>  币种/交易对:SXPBUSD 沾到ema30/ema60</p>
<p style='color: green;'>  币种/交易对:ETHUPUSDT 沾到ema30/ema60</p>
<p style='color: green;'>  币种/交易对:ADADOWNUSDT 沾到ema30/ema60</p>
<p style='color: green;'>  币种/交易对:LINKDOWNUSDT 沾到ema30/ema60</p>
<p style='color: green;'>  币种/交易对:STORJBUSD 沾到ema30/ema60</p>
<p style='color: green;'>  币种/交易对:SXPUSDT 沾到ema30/ema60</p>
<p style='color: green;'>  币种/交易对:RUNEBUSD 沾到ema30/ema60</p>
<p style='color: green;'>  币种/交易对:DOGEBUSD 沾到ema30/ema60</p>
<p style='color: green;'>  币种/交易对:ZRXBUSD 沾到ema30/ema60</p>
<p style='color: green;'>  币种/交易对:BNBUPUSDT 沾到ema30/ema60</p>
<p style='color: green;'>  币种/交易对:BNBDOWNUSDT 沾到ema30/ema60</p>
<p style='color: green;'>  币种/交易对:BALBUSD 沾到ema30/ema60</p>
<p style='color: green;'>  币种/交易对:YFIBUSD 沾到ema30/ema60</p>
<p style='color: green;'>  币种/交易对:YFIUSDT 沾到ema30/ema60</p>
<p style='color: green;'>  币种/交易对:BALUSDT 沾到ema30/ema60</p>
<p style='color: green;'>  币种/交易对:KMDUSDT 沾到ema30/ema60</p>
<p style='color: green;'>  币种/交易对:ANTBUSD 沾到ema30/ema60</p>
<p style='color: green;'>  币种/交易对:ANTUSDT 沾到ema30/ema60</p>
<p style='color: green;'>  币种/交易对:OCEANBUSD 沾到ema30/ema60</p>
<p style='color: green;'>  币种/交易对:OCEANUSDT 沾到ema30/ema60</p>
<p style='color: green;'>  币种/交易对:IDEXBUSD 沾到ema30/ema60</p>
<p style='color: green;'>  币种/交易对:RSRBUSD 沾到ema30/ema60</p>
<p style='color: green;'>  币种/交易对:RSRUSDT 沾到ema30/ema60</p>
<p style='color: green;'>  币种/交易对:PAXGBUSD 沾到ema30/ema60</p>
<p style='color: green;'>  币种/交易对:PAXGUSDT 沾到ema30/ema60</p>
<p style='color: green;'>  币种/交易对:KSMBUSD 沾到ema30/ema60</p>
<p style='color: green;'>  币种/交易对:KSMUSDT 沾到ema30/ema60</p>
<p style='color: green;'>  币种/交易对:RUNEUSDT 沾到ema30/ema60</p>
<p style='color: green;'>  币种/交易对:BELBUSD 沾到ema30/ema60</p>
<p style='color: green;'>  币种/交易对:WINGBUSD 沾到ema30/ema60</p>
<p style='color: green;'>  币种/交易对:WINGUSDT 沾到ema30/ema60</p>
<p style='color: green;'>  币种/交易对:OXTUSDT 沾到ema30/ema60</p>
<p style='color: green;'>  币种/交易对:VIDTBUSD 沾到ema30/ema60</p>
<p style='color: green;'>  币种/交易对:AAVEBUSD 沾到ema30/ema60</p>
<p style='color: green;'>  币种/交易对:AAVEUSDT 沾到ema30/ema60</p>
<p style='color: green;'>  币种/交易对:ONEBUSD 沾到ema30/ema60</p>
<p style='color: green;'>  币种/交易对:AUDIOBUSD 沾到ema30/ema60</p>
<p style='color: green;'>  币种/交易对:AUDIOUSDT 沾到ema30/ema60</p>
<p style='color: green;'>  币种/交易对:KP3RBUSD 沾到ema30/ema60</p>
<p style='color: green;'>  币种/交易对:STRAXUSDT 沾到ema30/ema60</p>
<p style='color: green;'>  币种/交易对:ROSEBUSD 沾到ema30/ema60</p>
<p style='color: green;'>  币种/交易对:ROSEUSDT 沾到ema30/ema60</p>
<p style='color: green;'>  币种/交易对:SYSBUSD 沾到ema30/ema60</p>
<p style='color: green;'>  币种/交易对:PROMBUSD 沾到ema30/ema60</p>
<p style='color: green;'>  币种/交易对:PSGBUSD 沾到ema30/ema60</p>
<p style='color: green;'>  币种/交易对:1INCHUSDT 沾到ema30/ema60</p>
<p style='color: green;'>  币种/交易对:RIFUSDT 沾到ema30/ema60</p>
<p style='color: green;'>  币种/交易对:DEXEBUSD 沾到ema30/ema60</p>
<p style='color: green;'>  币种/交易对:FIROUSDT 沾到ema30/ema60</p>
<p style='color: green;'>  币种/交易对:FXSBUSD 沾到ema30/ema60</p>
<p style='color: green;'>  币种/交易对:UFTBUSD 沾到ema30/ema60</p>
<p style='color: green;'>  币种/交易对:BANDBUSD 沾到ema30/ema60</p>
<p style='color: green;'>  币种/交易对:IOSTBUSD 沾到ema30/ema60</p>
<p style='color: green;'>  币种/交易对:BADGERBUSD 沾到ema30/ema60</p>
<p style='color: green;'>  币种/交易对:FISBUSD 沾到ema30/ema60</p>
<p style='color: green;'>  币种/交易对:FISUSDT 沾到ema30/ema60</p>
<p style='color: green;'>  币种/交易对:ALICEUSDT 沾到ema30/ema60</p>
<p style='color: green;'>  币种/交易对:PERPUSDT 沾到ema30/ema60</p>
<p style='color: green;'>  币种/交易对:XVGBUSD 沾到ema30/ema60</p>
<p style='color: green;'>  币种/交易对:TKOBUSD 沾到ema30/ema60</p>
<p style='color: green;'>  币种/交易对:TKOUSDT 沾到ema30/ema60</p>
<p style='color: green;'>  币种/交易对:PUNDIXUSDT 沾到ema30/ema60</p>
<p style='color: green;'>  币种/交易对:TLMBUSD 沾到ema30/ema60</p>
<p style='color: green;'>  币种/交易对:MIRBUSD 沾到ema30/ema60</p>
<p style='color: green;'>  币种/交易对:BARBUSD 沾到ema30/ema60</p>
<p style='color: green;'>  币种/交易对:BARUSDT 沾到ema30/ema60</p>
<p style='color: green;'>  币种/交易对:ICPBUSD 沾到ema30/ema60</p>
<p style='color: green;'>  币种/交易对:ICPUSDT 沾到ema30/ema60</p>
<p style='color: green;'>  币种/交易对:MASKBUSD 沾到ema30/ema60</p>
<p style='color: green;'>  币种/交易对:MASKUSDT 沾到ema30/ema60</p>
<p style='color: green;'>  币种/交易对:LPTBUSD 沾到ema30/ema60</p>
<p style='color: green;'>  币种/交易对:LPTUSDT 沾到ema30/ema60</p>
<p style='color: green;'>  币种/交易对:XVGUSDT 沾到ema30/ema60</p>
<p style='color: green;'>  币种/交易对:WINBUSD 沾到ema30/ema60</p>
<p style='color: green;'>  币种/交易对:GTCUSDT 沾到ema30/ema60</p>
<p style='color: green;'>  币种/交易对:COTIBUSD 沾到ema30/ema60</p>
<p style='color: green;'>  币种/交易对:STMXBUSD 沾到ema30/ema60</p>
<p style='color: green;'>  币种/交易对:KLAYBUSD 沾到ema30/ema60</p>
<p style='color: green;'>  币种/交易对:KLAYUSDT 沾到ema30/ema60</p>
<p style='color: green;'>  币种/交易对:MLNBUSD 沾到ema30/ema60</p>
<p style='color: green;'>  币种/交易对:DEXEUSDT 沾到ema30/ema60</p>
<p style='color: green;'>  币种/交易对:C98USDT 沾到ema30/ema60</p>
<p style='color: green;'>  币种/交易对:C98BUSD 沾到ema30/ema60</p>
<p style='color: green;'>  币种/交易对:CLVBUSD 沾到ema30/ema60</p>
<p style='color: green;'>  币种/交易对:CLVUSDT 沾到ema30/ema60</p>
<p style='color: green;'>  币种/交易对:QNTBUSD 沾到ema30/ema60</p>
<p style='color: green;'>  币种/交易对:QNTUSDT 沾到ema30/ema60</p>
<p style='color: green;'>  币种/交易对:XECBUSD 沾到ema30/ema60</p>
<p style='color: green;'>  币种/交易对:FARMBUSD 沾到ema30/ema60</p>
<p style='color: green;'>  币种/交易对:ALPACABUSD 沾到ema30/ema60</p>
<p style='color: green;'>  币种/交易对:ALPACAUSDT 沾到ema30/ema60</p>
<p style='color: green;'>  币种/交易对:REQUSDT 沾到ema30/ema60</p>
<p style='color: green;'>  币种/交易对:WAXPUSDT 沾到ema30/ema60</p>
<p style='color: green;'>  币种/交易对:WAXPBUSD 沾到ema30/ema60</p>
<p style='color: green;'>  币种/交易对:SUNBUSD 沾到ema30/ema60</p>
<p style='color: green;'>  币种/交易对:ILVBUSD 沾到ema30/ema60</p>
<p style='color: green;'>  币种/交易对:RENBUSD 沾到ema30/ema60</p>
<p style='color: green;'>  币种/交易对:SYSUSDT 沾到ema30/ema60</p>
<p style='color: green;'>  币种/交易对:FETBUSD 沾到ema30/ema60</p>
<p style='color: green;'>  币种/交易对:RADBUSD 沾到ema30/ema60</p>
<p style='color: green;'>  币种/交易对:RADUSDT 沾到ema30/ema60</p>
<p style='color: green;'>  币种/交易对:TROYBUSD 沾到ema30/ema60</p>
<p style='color: green;'>  币种/交易对:OXTBUSD 沾到ema30/ema60</p>
<p style='color: green;'>  币种/交易对:MOVRBUSD 沾到ema30/ema60</p>
<p style='color: green;'>  币种/交易对:MOVRUSDT 沾到ema30/ema60</p>
<p style='color: green;'>  币种/交易对:KP3RUSDT 沾到ema30/ema60</p>
<p style='color: green;'>  币种/交易对:QIUSDT 沾到ema30/ema60</p>
<p style='color: green;'>  币种/交易对:QIBUSD 沾到ema30/ema60</p>
<p style='color: green;'>  币种/交易对:POWRBUSD 沾到ema30/ema60</p>
<p style='color: green;'>  币种/交易对:AMPBUSD 沾到ema30/ema60</p>
<p style='color: green;'>  币种/交易对:PLABUSD 沾到ema30/ema60</p>
<p style='color: green;'>  币种/交易对:MCBUSD 沾到ema30/ema60</p>
<p style='color: green;'>  币种/交易对:COCOSBUSD 沾到ema30/ema60</p>
<p style='color: green;'>  币种/交易对:BICOBUSD 沾到ema30/ema60</p>
<p style='color: green;'>  币种/交易对:BICOUSDT 沾到ema30/ema60</p>
<p style='color: green;'>  币种/交易对:FXSUSDT 沾到ema30/ema60</p>
<p style='color: green;'>  币种/交易对:REQBUSD 沾到ema30/ema60</p>
<p style='color: green;'>  币种/交易对:CTXCBUSD 沾到ema30/ema60</p>
<p style='color: green;'>  币种/交易对:CVXBUSD 沾到ema30/ema60</p>
<p style='color: green;'>  币种/交易对:CVXUSDT 沾到ema30/ema60</p>
<p style='color: green;'>  币种/交易对:PEOPLEBUSD 沾到ema30/ema60</p>
<p style='color: green;'>  币种/交易对:OOKIUSDT 沾到ema30/ema60</p>
<p style='color: green;'>  币种/交易对:NULSBUSD 沾到ema30/ema60</p>
<p style='color: green;'>  币种/交易对:IMXUSDT 沾到ema30/ema60</p>
<p style='color: green;'>  币种/交易对:LOKABUSD 沾到ema30/ema60</p>
<p style='color: green;'>  币种/交易对:BTTCUSDT 沾到ema30/ema60</p>
<p style='color: green;'>  币种/交易对:ANCBUSD 沾到ema30/ema60</p>
<p style='color: green;'>  币种/交易对:ALPINEUSDT 沾到ema30/ema60</p>
<p style='color: green;'>  币种/交易对:ASTRBUSD 沾到ema30/ema60</p>
<p style='color: green;'>  币种/交易对:ASTRUSDT 沾到ema30/ema60</p>
<p style='color: green;'>  币种/交易对:NBTUSDT 沾到ema30/ema60</p>
<p style='color: green;'>  币种/交易对:APEUSDT 沾到ema30/ema60</p>
<p style='color: green;'>  币种/交易对:APEBUSD 沾到ema30/ema60</p>
<p style='color: green;'>  币种/交易对:LDOBUSD 沾到ema30/ema60</p>
<p style='color: green;'>  币种/交易对:LDOUSDT 沾到ema30/ema60</p>
<p style='color: green;'>  币种/交易对:CVCBUSD 沾到ema30/ema60</p>
<p style='color: green;'>  币种/交易对:OPBUSD 沾到ema30/ema60</p>
<p style='color: green;'>  币种/交易对:OPUSDT 沾到ema30/ema60</p>
<p style='color: green;'>  币种/交易对:OGBUSD 沾到ema30/ema60</p>
<p style='color: green;'>  币种/交易对:NKNBUSD 沾到ema30/ema60</p>
<p style='color: green;'>  币种/交易对:GTOBUSD 沾到ema30/ema60</p>
<p style='color: green;'>  币种/交易对:ARKBUSD 沾到ema30/ema60</p>
<p style='color: green;'>  币种/交易对:PHBBUSD 沾到ema30/ema60</p>
<p style='color: green;'>  币种/交易对:GASBUSD 沾到ema30/ema60</p>
<p style='color: green;'>  币种/交易对:GMXBUSD 沾到ema30/ema60</p>
<p style='color: green;'>  币种/交易对:GMXUSDT 沾到ema30/ema60</p>
<p style='color: green;'>  币种/交易对:APTUSDT 沾到ema30/ema60</p>
<p style='color: green;'>  币种/交易对:APTBUSD 沾到ema30/ema60</p>
<p style='color: green;'>  币种/交易对:PHBUSDT 沾到ema30/ema60</p>
<p style='color: green;'>  币种/交易对:VITEBUSD 沾到ema30/ema60</p>
<p style='color: green;'>  币种/交易对:HOOKUSDT 沾到ema30/ema60</p>
<p style='color: green;'>  币种/交易对:HOOKBUSD 沾到ema30/ema60</p>
<p style='color: green;'>  币种/交易对:HIFIUSDT 沾到ema30/ema60</p>
<p style='color: green; font-size:30px;'> <b>0轴上macd金叉信号</b></p>
<p style='color: green;'>  币种/交易对:THETAUSDT 0轴上macd金叉信号</p>
<p style='color: green;'>  币种/交易对:DIAUSDT 0轴上macd金叉信号</p>
<p style='color: green;'>  币种/交易对:CVPBUSD 0轴上macd金叉信号</p>
<p style='color: green;'>  币种/交易对:PROMBUSD 0轴上macd金叉信号</p>
<p style='color: green;'>  币种/交易对:THETABUSD 0轴上macd金叉信号</p>
<p style='color: green;'>  币种/交易对:CVPUSDT 0轴上macd金叉信号</p>
<p style='color: green;'>  币种/交易对:KDABUSD 0轴上macd金叉信号</p>
<p style='color: green;'>  币种/交易对:KDAUSDT 0轴上macd金叉信号</p>
<p style='color: green;'>  币种/交易对:GTOBUSD 0轴上macd金叉信号</p>
<p style='color: green;'>  币种/交易对:ARKBUSD 0轴上macd金叉信号</p>
<p style='color: green; font-size:30px;'> <b>接近0轴的macd金叉信号</b></p>
<p style='color: green;'>  币种/交易对:THETAUSDT 接近0轴的macd金叉信号</p>
<p style='color: green;'>  币种/交易对:DIAUSDT 接近0轴的macd金叉信号</p>
<p style='color: green;'>  币种/交易对:CVPBUSD 接近0轴的macd金叉信号</p>
<p style='color: green;'>  币种/交易对:PROMBUSD 接近0轴的macd金叉信号</p>
<p style='color: green;'>  币种/交易对:THETABUSD 接近0轴的macd金叉信号</p>
<p style='color: green;'>  币种/交易对:CVPUSDT 接近0轴的macd金叉信号</p>
<p style='color: green;'>  币种/交易对:KDABUSD 接近0轴的macd金叉信号</p>
<p style='color: green;'>  币种/交易对:KDAUSDT 接近0轴的macd金叉信号</p>
<p style='color: green;'>  币种/交易对:GTOBUSD 接近0轴的macd金叉信号</p>
<p style='color: green;'>  币种/交易对:ARKBUSD 接近0轴的macd金叉信号</p>
<p style='color: green; font-size:30px;'> <b>macd金叉信号</b></p>
<p style='color: green;'>  币种/交易对:THETAUSDT macd金叉信号</p>
<p style='color: green;'>  币种/交易对:GBPUSDT macd金叉信号</p>
<p style='color: green;'>  币种/交易对:DIAUSDT macd金叉信号</p>
<p style='color: green;'>  币种/交易对:CVPBUSD macd金叉信号</p>
<p style='color: green;'>  币种/交易对:PROMBUSD macd金叉信号</p>
<p style='color: green;'>  币种/交易对:JUVBUSD macd金叉信号</p>
<p style='color: green;'>  币种/交易对:JUVUSDT macd金叉信号</p>
<p style='color: green;'>  币种/交易对:THETABUSD macd金叉信号</p>
<p style='color: green;'>  币种/交易对:CVPUSDT macd金叉信号</p>
<p style='color: green;'>  币种/交易对:KDABUSD macd金叉信号</p>
<p style='color: green;'>  币种/交易对:KDAUSDT macd金叉信号</p>
<p style='color: green;'>  币种/交易对:GTOBUSD macd金叉信号</p>
<p style='color: green;'>  币种/交易对:ARKBUSD macd金叉信号</p>
<p style='color: green; font-size:30px;'> <b>DMI+</b></p>
<p style='color: green;'>  币种/交易对:ATOMUSDT DMI+</p>
<p style='color: green;'>  币种/交易对:TFUELUSDT DMI+</p>
<p style='color: green;'>  币种/交易对:STXUSDT DMI+</p>
<p style='color: green;'>  币种/交易对:EURBUSD DMI+</p>
<p style='color: green;'>  币种/交易对:WRXUSDT DMI+</p>
<p style='color: green;'>  币种/交易对:LTOUSDT DMI+</p>
<p style='color: green;'>  币种/交易对:TOMOBUSD DMI+</p>
<p style='color: green;'>  币种/交易对:STPTUSDT DMI+</p>
<p style='color: green;'>  币种/交易对:BTCDOWNUSDT DMI+</p>
<p style='color: green;'>  币种/交易对:WRXBUSD DMI+</p>
<p style='color: green;'>  币种/交易对:GBPBUSD DMI+</p>
<p style='color: green;'>  币种/交易对:DGBBUSD DMI+</p>
<p style='color: green;'>  币种/交易对:ETHDOWNUSDT DMI+</p>
<p style='color: green;'>  币种/交易对:ADADOWNUSDT DMI+</p>
<p style='color: green;'>  币种/交易对:LINKUPUSDT DMI+</p>
<p style='color: green;'>  币种/交易对:LINKDOWNUSDT DMI+</p>
<p style='color: green;'>  币种/交易对:DGBUSDT DMI+</p>
<p style='color: green;'>  币种/交易对:DCRUSDT DMI+</p>
<p style='color: green;'>  币种/交易对:BNBDOWNUSDT DMI+</p>
<p style='color: green;'>  币种/交易对:IRISUSDT DMI+</p>
<p style='color: green;'>  币种/交易对:KMDUSDT DMI+</p>
<p style='color: green;'>  币种/交易对:SANDUSDT DMI+</p>
<p style='color: green;'>  币种/交易对:SANDBUSD DMI+</p>
<p style='color: green;'>  币种/交易对:PAXGUSDT DMI+</p>
<p style='color: green;'>  币种/交易对:WNXMUSDT DMI+</p>
<p style='color: green;'>  币种/交易对:EGLDBUSD DMI+</p>
<p style='color: green;'>  币种/交易对:DIAUSDT DMI+</p>
<p style='color: green;'>  币种/交易对:ORNUSDT DMI+</p>
<p style='color: green;'>  币种/交易对:ALPHAUSDT DMI+</p>
<p style='color: green;'>  币种/交易对:NEARUSDT DMI+</p>
<p style='color: green;'>  币种/交易对:AKROUSDT DMI+</p>
<p style='color: green;'>  币种/交易对:CVPBUSD DMI+</p>
<p style='color: green;'>  币种/交易对:SKLBUSD DMI+</p>
<p style='color: green;'>  币种/交易对:SKLUSDT DMI+</p>
<p style='color: green;'>  币种/交易对:JUVBUSD DMI+</p>
<p style='color: green;'>  币种/交易对:JUVUSDT DMI+</p>
<p style='color: green;'>  币种/交易对:REEFUSDT DMI+</p>
<p style='color: green;'>  币种/交易对:ATMUSDT DMI+</p>
<p style='color: green;'>  币种/交易对:FIROUSDT DMI+</p>
<p style='color: green;'>  币种/交易对:LITUSDT DMI+</p>
<p style='color: green;'>  币种/交易对:DODOBUSD DMI+</p>
<p style='color: green;'>  币种/交易对:DODOUSDT DMI+</p>
<p style='color: green;'>  币种/交易对:REEFBUSD DMI+</p>
<p style='color: green;'>  币种/交易对:ACMBUSD DMI+</p>
<p style='color: green;'>  币种/交易对:ACMUSDT DMI+</p>
<p style='color: green;'>  币种/交易对:TVKBUSD DMI+</p>
<p style='color: green;'>  币种/交易对:CFXUSDT DMI+</p>
<p style='color: green;'>  币种/交易对:SLPBUSD DMI+</p>
<p style='color: green;'>  币种/交易对:SLPUSDT DMI+</p>
<p style='color: green;'>  币种/交易对:ICPBUSD DMI+</p>
<p style='color: green;'>  币种/交易对:LPTBUSD DMI+</p>
<p style='color: green;'>  币种/交易对:LPTUSDT DMI+</p>
<p style='color: green;'>  币种/交易对:ATMBUSD DMI+</p>
<p style='color: green;'>  币种/交易对:SCBUSD DMI+</p>
<p style='color: green;'>  币种/交易对:MLNUSDT DMI+</p>
<p style='color: green;'>  币种/交易对:MINABUSD DMI+</p>
<p style='color: green;'>  币种/交易对:MINAUSDT DMI+</p>
<p style='color: green;'>  币种/交易对:DYDXUSDT DMI+</p>
<p style='color: green;'>  币种/交易对:DYDXBUSD DMI+</p>
<p style='color: green;'>  币种/交易对:SYSUSDT DMI+</p>
<p style='color: green;'>  币种/交易对:FIDAUSDT DMI+</p>
<p style='color: green;'>  币种/交易对:FIDABUSD DMI+</p>
<p style='color: green;'>  币种/交易对:HIVEBUSD DMI+</p>
<p style='color: green;'>  币种/交易对:BETABUSD DMI+</p>
<p style='color: green;'>  币种/交易对:TROYBUSD DMI+</p>
<p style='color: green;'>  币种/交易对:CHESSBUSD DMI+</p>
<p style='color: green;'>  币种/交易对:QIUSDT DMI+</p>
<p style='color: green;'>  币种/交易对:QIBUSD DMI+</p>
<p style='color: green;'>  币种/交易对:PLABUSD DMI+</p>
<p style='color: green;'>  币种/交易对:PLAUSDT DMI+</p>
<p style='color: green;'>  币种/交易对:RNDRUSDT DMI+</p>
<p style='color: green;'>  币种/交易对:MCUSDT DMI+</p>
<p style='color: green;'>  币种/交易对:NULSBUSD DMI+</p>
<p style='color: green;'>  币种/交易对:TFUELBUSD DMI+</p>
<p style='color: green;'>  币种/交易对:ALPINEUSDT DMI+</p>
<p style='color: green;'>  币种/交易对:NBTUSDT DMI+</p>
<p style='color: green;'>  币种/交易对:KDABUSD DMI+</p>
<p style='color: green;'>  币种/交易对:KDAUSDT DMI+</p>
<p style='color: green;'>  币种/交易对:BTTCBUSD DMI+</p>
<p style='color: green;'>  币种/交易对:NEXOUSDT DMI+</p>
<p style='color: green;'>  币种/交易对:PUNDIXBUSD DMI+</p>
<p style='color: green;'>  币种/交易对:FIROBUSD DMI+</p>
<p style='color: green;'>  币种/交易对:GLMBUSD DMI+</p>
<p style='color: green;'>  币种/交易对:HOOKUSDT DMI+</p>
<p style='color: green;'>  币种/交易对:HOOKBUSD DMI+</p>
<p style='color: green; font-size:30px;'> <b>分立跳空底背离</b></p>
<p style='color: green;'>  币种/交易对:KEYUSDT 分立跳空底背离</p>
<p style='color: green;'>  币种/交易对:BEAMUSDT 分立跳空底背离</p>
<p style='color: green;'>  币种/交易对:DATABUSD 分立跳空底背离</p>
<p style='color: green;'>  币种/交易对:DATAUSDT 分立跳空底背离</p>
<p style='color: green;'>  币种/交易对:FORBUSD 分立跳空底背离</p>
<p style='color: green;'>  币种/交易对:FORUSDT 分立跳空底背离</p>
<p style='color: green;'>  币种/交易对:KEYBUSD 分立跳空底背离</p>
<p style='color: green;'>  币种/交易对:AGIXBUSD 分立跳空底背离</p>
<p style='color: green; font-size:30px;'> <b>段内底背离</b></p>
<p style='color: green;'>  币种/交易对:FUNUSDT 段内底背离</p>
<p style='color: green; font-size:30px;'> <b>TD 底部 9位置</b></p>
<p style='color: green;'>  币种/交易对:RLCUSDT TD 底部 9位置</p>
<p style='color: green;'>  币种/交易对:ATMUSDT TD 底部 9位置</p>
<p style='color: green;'>  币种/交易对:ATMBUSD TD 底部 9位置</p>
<p style='color: green;'>  币种/交易对:DUSKBUSD TD 底部 9位置</p>
<p style='color: green;'>  币种/交易对:ANCBUSD TD 底部 9位置</p>
<p style='color: green;'>  币种/交易对:OPBUSD TD 底部 9位置</p>
<p style='color: green;'>  币种/交易对:OPUSDT TD 底部 9位置</p>
<p style='color: green; font-size:30px;'> <b>cci over 100</b></p>
<p style='color: green;'>  币种/交易对:HIVEUSDT cci over 100</p>
<p style='color: green;'>  币种/交易对:AUDBUSD cci over 100</p>
<p style='color: green;'>  币种/交易对:AUDUSDT cci over 100</p>
<p style='color: green;'>  币种/交易对:DIABUSD cci over 100</p>
<p style='color: green;'>  币种/交易对:DIAUSDT cci over 100</p>
<p style='color: green;'>  币种/交易对:ALPHABUSD cci over 100</p>
<p style='color: green;'>  币种/交易对:ALPHAUSDT cci over 100</p>
<p style='color: green;'>  币种/交易对:HARDBUSD cci over 100</p>
<p style='color: green;'>  币种/交易对:HARDUSDT cci over 100</p>
<p style='color: green;'>  币种/交易对:CVPBUSD cci over 100</p>
<p style='color: green;'>  币种/交易对:ERNBUSD cci over 100</p>
<p style='color: green;'>  币种/交易对:ERNUSDT cci over 100</p>
<p style='color: green;'>  币种/交易对:MLNBUSD cci over 100</p>
<p style='color: green;'>  币种/交易对:MLNUSDT cci over 100</p>
<p style='color: green;'>  币种/交易对:YGGUSDT cci over 100</p>
<p style='color: green;'>  币种/交易对:YGGBUSD cci over 100</p>
<p style='color: green;'>  币种/交易对:CVPUSDT cci over 100</p>
<p style='color: green;'>  币种/交易对:HIVEBUSD cci over 100</p>
<p style='color: green;'>  币种/交易对:VOXELBUSD cci over 100</p>
<p style='color: green;'>  币种/交易对:VOXELUSDT cci over 100</p>
<p style='color: green;'>  币种/交易对:KDABUSD cci over 100</p>
<p style='color: green;'>  币种/交易对:KDAUSDT cci over 100</p>
<p style='color: green;'>  币种/交易对:LEVERUSDT cci over 100</p>
<p style='color: green;'>  币种/交易对:LEVERBUSD cci over 100</p>
<p style='color: green; font-size:30px;'> <b>macd金叉信号 + DMI</b></p>
<p style='color: green;'>  币种/交易对:DIAUSDT macd金叉信号 + DMI</p>
<p style='color: green;'>  币种/交易对:CVPBUSD macd金叉信号 + DMI</p>
<p style='color: green;'>  币种/交易对:KDABUSD macd金叉信号 + DMI</p>
<p style='color: green;'>  币种/交易对:KDAUSDT macd金叉信号 + DMI</p>
