<p style='color: green; font-size:30px;'> <b>沾到ema30/ema60</b></p>
<p style='color: green;'>  币种/交易对:NEOUSDT 沾到ema30/ema60</p>
<p style='color: green;'>  币种/交易对:XRPUSDT 沾到ema30/ema60</p>
<p style='color: green;'>  币种/交易对:EOSUSDT 沾到ema30/ema60</p>
<p style='color: green;'>  币种/交易对:TUSDUSDT 沾到ema30/ema60</p>
<p style='color: green;'>  币种/交易对:ETCUSDT 沾到ema30/ema60</p>
<p style='color: green;'>  币种/交易对:BCHUSDT 沾到ema30/ema60</p>
<p style='color: green;'>  币种/交易对:LINKUSDT 沾到ema30/ema60</p>
<p style='color: green;'>  币种/交易对:ONGUSDT 沾到ema30/ema60</p>
<p style='color: green;'>  币种/交易对:HOTUSDT 沾到ema30/ema60</p>
<p style='color: green;'>  币种/交易对:ZRXUSDT 沾到ema30/ema60</p>
<p style='color: green;'>  币种/交易对:MITHUSDT 沾到ema30/ema60</p>
<p style='color: green;'>  币种/交易对:ATOMUSDT 沾到ema30/ema60</p>
<p style='color: green;'>  币种/交易对:GTOUSDT 沾到ema30/ema60</p>
<p style='color: green;'>  币种/交易对:TOMOUSDT 沾到ema30/ema60</p>
<p style='color: green;'>  币种/交易对:MFTUSDT 沾到ema30/ema60</p>
<p style='color: green;'>  币种/交易对:DOCKUSDT 沾到ema30/ema60</p>
<p style='color: green;'>  币种/交易对:CVCUSDT 沾到ema30/ema60</p>
<p style='color: green;'>  币种/交易对:RENUSDT 沾到ema30/ema60</p>
<p style='color: green;'>  币种/交易对:HBARUSDT 沾到ema30/ema60</p>
<p style='color: green;'>  币种/交易对:BCHBUSD 沾到ema30/ema60</p>
<p style='color: green;'>  币种/交易对:EOSBUSD 沾到ema30/ema60</p>
<p style='color: green;'>  币种/交易对:XLMBUSD 沾到ema30/ema60</p>
<p style='color: green;'>  币种/交易对:VITEUSDT 沾到ema30/ema60</p>
<p style='color: green;'>  币种/交易对:ATOMBUSD 沾到ema30/ema60</p>
<p style='color: green;'>  币种/交易对:XTZBUSD 沾到ema30/ema60</p>
<p style='color: green;'>  币种/交易对:BATBUSD 沾到ema30/ema60</p>
<p style='color: green;'>  币种/交易对:ENJBUSD 沾到ema30/ema60</p>
<p style='color: green;'>  币种/交易对:AIONUSDT 沾到ema30/ema60</p>
<p style='color: green;'>  币种/交易对:COTIUSDT 沾到ema30/ema60</p>
<p style='color: green;'>  币种/交易对:WTCUSDT 沾到ema30/ema60</p>
<p style='color: green;'>  币种/交易对:DATABUSD 沾到ema30/ema60</p>
<p style='color: green;'>  币种/交易对:DATAUSDT 沾到ema30/ema60</p>
<p style='color: green;'>  币种/交易对:CHRUSDT 沾到ema30/ema60</p>
<p style='color: green;'>  币种/交易对:HBARBUSD 沾到ema30/ema60</p>
<p style='color: green;'>  币种/交易对:DGBBUSD 沾到ema30/ema60</p>
<p style='color: green;'>  币种/交易对:ZENUSDT 沾到ema30/ema60</p>
<p style='color: green;'>  币种/交易对:SNXBUSD 沾到ema30/ema60</p>
<p style='color: green;'>  币种/交易对:SNXUSDT 沾到ema30/ema60</p>
<p style='color: green;'>  币种/交易对:LINKUPUSDT 沾到ema30/ema60</p>
<p style='color: green;'>  币种/交易对:ZRXBUSD 沾到ema30/ema60</p>
<p style='color: green;'>  币种/交易对:DCRUSDT 沾到ema30/ema60</p>
<p style='color: green;'>  币种/交易对:STORJUSDT 沾到ema30/ema60</p>
<p style='color: green;'>  币种/交易对:AUDBUSD 沾到ema30/ema60</p>
<p style='color: green;'>  币种/交易对:BALUSDT 沾到ema30/ema60</p>
<p style='color: green;'>  币种/交易对:BLZUSDT 沾到ema30/ema60</p>
<p style='color: green;'>  币种/交易对:IRISUSDT 沾到ema30/ema60</p>
<p style='color: green;'>  币种/交易对:KMDUSDT 沾到ema30/ema60</p>
<p style='color: green;'>  币种/交易对:JSTBUSD 沾到ema30/ema60</p>
<p style='color: green;'>  币种/交易对:JSTUSDT 沾到ema30/ema60</p>
<p style='color: green;'>  币种/交易对:NMRBUSD 沾到ema30/ema60</p>
<p style='color: green;'>  币种/交易对:TRBBUSD 沾到ema30/ema60</p>
<p style='color: green;'>  币种/交易对:SUSHIBUSD 沾到ema30/ema60</p>
<p style='color: green;'>  币种/交易对:SUSHIUSDT 沾到ema30/ema60</p>
<p style='color: green;'>  币种/交易对:YFIIUSDT 沾到ema30/ema60</p>
<p style='color: green;'>  币种/交易对:EGLDBUSD 沾到ema30/ema60</p>
<p style='color: green;'>  币种/交易对:EGLDUSDT 沾到ema30/ema60</p>
<p style='color: green;'>  币种/交易对:DIABUSD 沾到ema30/ema60</p>
<p style='color: green;'>  币种/交易对:DIAUSDT 沾到ema30/ema60</p>
<p style='color: green;'>  币种/交易对:UNIBUSD 沾到ema30/ema60</p>
<p style='color: green;'>  币种/交易对:UNIUSDT 沾到ema30/ema60</p>
<p style='color: green;'>  币种/交易对:FLMUSDT 沾到ema30/ema60</p>
<p style='color: green;'>  币种/交易对:ORNUSDT 沾到ema30/ema60</p>
<p style='color: green;'>  币种/交易对:ALPHABUSD 沾到ema30/ema60</p>
<p style='color: green;'>  币种/交易对:STRAXBUSD 沾到ema30/ema60</p>
<p style='color: green;'>  币种/交易对:STRAXUSDT 沾到ema30/ema60</p>
<p style='color: green;'>  币种/交易对:UNFIBUSD 沾到ema30/ema60</p>
<p style='color: green;'>  币种/交易对:UNFIUSDT 沾到ema30/ema60</p>
<p style='color: green;'>  币种/交易对:ROSEBUSD 沾到ema30/ema60</p>
<p style='color: green;'>  币种/交易对:XEMUSDT 沾到ema30/ema60</p>
<p style='color: green;'>  币种/交易对:SKLBUSD 沾到ema30/ema60</p>
<p style='color: green;'>  币种/交易对:SKLUSDT 沾到ema30/ema60</p>
<p style='color: green;'>  币种/交易对:USDCBUSD 沾到ema30/ema60</p>
<p style='color: green;'>  币种/交易对:TUSDBUSD 沾到ema30/ema60</p>
<p style='color: green;'>  币种/交易对:SFPBUSD 沾到ema30/ema60</p>
<p style='color: green;'>  币种/交易对:SFPUSDT 沾到ema30/ema60</p>
<p style='color: green;'>  币种/交易对:BAKEBUSD 沾到ema30/ema60</p>
<p style='color: green;'>  币种/交易对:GRTBUSD 沾到ema30/ema60</p>
<p style='color: green;'>  币种/交易对:OMGBUSD 沾到ema30/ema60</p>
<p style='color: green;'>  币种/交易对:AUCTIONBUSD 沾到ema30/ema60</p>
<p style='color: green;'>  币种/交易对:TVKBUSD 沾到ema30/ema60</p>
<p style='color: green;'>  币种/交易对:DEGOBUSD 沾到ema30/ema60</p>
<p style='color: green;'>  币种/交易对:DEGOUSDT 沾到ema30/ema60</p>
<p style='color: green;'>  币种/交易对:LINABUSD 沾到ema30/ema60</p>
<p style='color: green;'>  币种/交易对:LINAUSDT 沾到ema30/ema60</p>
<p style='color: green;'>  币种/交易对:SUPERBUSD 沾到ema30/ema60</p>
<p style='color: green;'>  币种/交易对:SUPERUSDT 沾到ema30/ema60</p>
<p style='color: green;'>  币种/交易对:SLPBUSD 沾到ema30/ema60</p>
<p style='color: green;'>  币种/交易对:SLPUSDT 沾到ema30/ema60</p>
<p style='color: green;'>  币种/交易对:MDXBUSD 沾到ema30/ema60</p>
<p style='color: green;'>  币种/交易对:MDXUSDT 沾到ema30/ema60</p>
<p style='color: green;'>  币种/交易对:ATABUSD 沾到ema30/ema60</p>
<p style='color: green;'>  币种/交易对:ATAUSDT 沾到ema30/ema60</p>
<p style='color: green;'>  币种/交易对:COTIBUSD 沾到ema30/ema60</p>
<p style='color: green;'>  币种/交易对:KLAYBUSD 沾到ema30/ema60</p>
<p style='color: green;'>  币种/交易对:KLAYUSDT 沾到ema30/ema60</p>
<p style='color: green;'>  币种/交易对:XECBUSD 沾到ema30/ema60</p>
<p style='color: green;'>  币种/交易对:ORNBUSD 沾到ema30/ema60</p>
<p style='color: green;'>  币种/交易对:MBOXBUSD 沾到ema30/ema60</p>
<p style='color: green;'>  币种/交易对:MBOXUSDT 沾到ema30/ema60</p>
<p style='color: green;'>  币种/交易对:ELFBUSD 沾到ema30/ema60</p>
<p style='color: green;'>  币种/交易对:USDPUSDT 沾到ema30/ema60</p>
<p style='color: green;'>  币种/交易对:SYSUSDT 沾到ema30/ema60</p>
<p style='color: green;'>  币种/交易对:LSKBUSD 沾到ema30/ema60</p>
<p style='color: green;'>  币种/交易对:FIDAUSDT 沾到ema30/ema60</p>
<p style='color: green;'>  币种/交易对:FIDABUSD 沾到ema30/ema60</p>
<p style='color: green;'>  币种/交易对:AGLDBUSD 沾到ema30/ema60</p>
<p style='color: green;'>  币种/交易对:AGLDUSDT 沾到ema30/ema60</p>
<p style='color: green;'>  币种/交易对:STPTBUSD 沾到ema30/ema60</p>
<p style='color: green;'>  币种/交易对:AUCTIONUSDT 沾到ema30/ema60</p>
<p style='color: green;'>  币种/交易对:BNXBUSD 沾到ema30/ema60</p>
<p style='color: green;'>  币种/交易对:BNXUSDT 沾到ema30/ema60</p>
<p style='color: green;'>  币种/交易对:OXTBUSD 沾到ema30/ema60</p>
<p style='color: green;'>  币种/交易对:POWRUSDT 沾到ema30/ema60</p>
<p style='color: green;'>  币种/交易对:POWRBUSD 沾到ema30/ema60</p>
<p style='color: green;'>  币种/交易对:MCBUSD 沾到ema30/ema60</p>
<p style='color: green;'>  币种/交易对:MCUSDT 沾到ema30/ema60</p>
<p style='color: green;'>  币种/交易对:REQBUSD 沾到ema30/ema60</p>
<p style='color: green;'>  币种/交易对:PEOPLEBUSD 沾到ema30/ema60</p>
<p style='color: green;'>  币种/交易对:PEOPLEUSDT 沾到ema30/ema60</p>
<p style='color: green;'>  币种/交易对:DUSKBUSD 沾到ema30/ema60</p>
<p style='color: green;'>  币种/交易对:ACHBUSD 沾到ema30/ema60</p>
<p style='color: green;'>  币种/交易对:ACHUSDT 沾到ema30/ema60</p>
<p style='color: green;'>  币种/交易对:WOOBUSD 沾到ema30/ema60</p>
<p style='color: green;'>  币种/交易对:WOOUSDT 沾到ema30/ema60</p>
<p style='color: green;'>  币种/交易对:APEUSDT 沾到ema30/ema60</p>
<p style='color: green;'>  币种/交易对:APEBUSD 沾到ema30/ema60</p>
<p style='color: green;'>  币种/交易对:PORTOBUSD 沾到ema30/ema60</p>
<p style='color: green;'>  币种/交易对:STEEMUSDT 沾到ema30/ema60</p>
<p style='color: green;'>  币种/交易对:LDOBUSD 沾到ema30/ema60</p>
<p style='color: green;'>  币种/交易对:LDOUSDT 沾到ema30/ema60</p>
<p style='color: green; font-size:30px;'> <b>DMI+</b></p>
<p style='color: green;'>  币种/交易对:LTCUSDT DMI+</p>
<p style='color: green;'>  币种/交易对:ADAUSDT DMI+</p>
<p style='color: green;'>  币种/交易对:XLMUSDT DMI+</p>
<p style='color: green;'>  币种/交易对:ONTUSDT DMI+</p>
<p style='color: green;'>  币种/交易对:TRXUSDT DMI+</p>
<p style='color: green;'>  币种/交易对:VETUSDT DMI+</p>
<p style='color: green;'>  币种/交易对:TRXTUSD DMI+</p>
<p style='color: green;'>  币种/交易对:ZRXUSDT DMI+</p>
<p style='color: green;'>  币种/交易对:XMRUSDT DMI+</p>
<p style='color: green;'>  币种/交易对:IOSTUSDT DMI+</p>
<p style='color: green;'>  币种/交易对:CELRUSDT DMI+</p>
<p style='color: green;'>  币种/交易对:THETAUSDT DMI+</p>
<p style='color: green;'>  币种/交易对:MATICUSDT DMI+</p>
<p style='color: green;'>  币种/交易对:ONEUSDT DMI+</p>
<p style='color: green;'>  币种/交易对:FTMUSDT DMI+</p>
<p style='color: green;'>  币种/交易对:MTLUSDT DMI+</p>
<p style='color: green;'>  币种/交易对:TOMOUSDT DMI+</p>
<p style='color: green;'>  币种/交易对:DENTUSDT DMI+</p>
<p style='color: green;'>  币种/交易对:CVCUSDT DMI+</p>
<p style='color: green;'>  币种/交易对:LTCBUSD DMI+</p>
<p style='color: green;'>  币种/交易对:IOTXUSDT DMI+</p>
<p style='color: green;'>  币种/交易对:VETBUSD DMI+</p>
<p style='color: green;'>  币种/交易对:OGNUSDT DMI+</p>
<p style='color: green;'>  币种/交易对:TOMOBUSD DMI+</p>
<p style='color: green;'>  币种/交易对:XMRBUSD DMI+</p>
<p style='color: green;'>  币种/交易对:SOLUSDT DMI+</p>
<p style='color: green;'>  币种/交易对:SOLBUSD DMI+</p>
<p style='color: green;'>  币种/交易对:CTSIUSDT DMI+</p>
<p style='color: green;'>  币种/交易对:CTSIBUSD DMI+</p>
<p style='color: green;'>  币种/交易对:CHRUSDT DMI+</p>
<p style='color: green;'>  币种/交易对:MATICBUSD DMI+</p>
<p style='color: green;'>  币种/交易对:ZILBUSD DMI+</p>
<p style='color: green;'>  币种/交易对:LRCBUSD DMI+</p>
<p style='color: green;'>  币种/交易对:LRCUSDT DMI+</p>
<p style='color: green;'>  币种/交易对:DGBBUSD DMI+</p>
<p style='color: green;'>  币种/交易对:SNXBUSD DMI+</p>
<p style='color: green;'>  币种/交易对:SNXUSDT DMI+</p>
<p style='color: green;'>  币种/交易对:LINKUPUSDT DMI+</p>
<p style='color: green;'>  币种/交易对:DGBUSDT DMI+</p>
<p style='color: green;'>  币种/交易对:SRMBUSD DMI+</p>
<p style='color: green;'>  币种/交易对:SRMUSDT DMI+</p>
<p style='color: green;'>  币种/交易对:CRVBUSD DMI+</p>
<p style='color: green;'>  币种/交易对:CRVUSDT DMI+</p>
<p style='color: green;'>  币种/交易对:SANDUSDT DMI+</p>
<p style='color: green;'>  币种/交易对:SANDBUSD DMI+</p>
<p style='color: green;'>  币种/交易对:TRBBUSD DMI+</p>
<p style='color: green;'>  币种/交易对:AVAXUSDT DMI+</p>
<p style='color: green;'>  币种/交易对:AAVEBUSD DMI+</p>
<p style='color: green;'>  币种/交易对:AAVEUSDT DMI+</p>
<p style='color: green;'>  币种/交易对:ONEBUSD DMI+</p>
<p style='color: green;'>  币种/交易对:AUDIOBUSD DMI+</p>
<p style='color: green;'>  币种/交易对:AUDIOUSDT DMI+</p>
<p style='color: green;'>  币种/交易对:CTKUSDT DMI+</p>
<p style='color: green;'>  币种/交易对:DNTBUSD DMI+</p>
<p style='color: green;'>  币种/交易对:DNTUSDT DMI+</p>
<p style='color: green;'>  币种/交易对:ROSEBUSD DMI+</p>
<p style='color: green;'>  币种/交易对:ROSEUSDT DMI+</p>
<p style='color: green;'>  币种/交易对:XEMUSDT DMI+</p>
<p style='color: green;'>  币种/交易对:SKLBUSD DMI+</p>
<p style='color: green;'>  币种/交易对:SKLUSDT DMI+</p>
<p style='color: green;'>  币种/交易对:GRTUSDT DMI+</p>
<p style='color: green;'>  币种/交易对:PSGBUSD DMI+</p>
<p style='color: green;'>  币种/交易对:PSGUSDT DMI+</p>
<p style='color: green;'>  币种/交易对:GRTBUSD DMI+</p>
<p style='color: green;'>  币种/交易对:BADGERBUSD DMI+</p>
<p style='color: green;'>  币种/交易对:TLMBUSD DMI+</p>
<p style='color: green;'>  币种/交易对:TLMUSDT DMI+</p>
<p style='color: green;'>  币种/交易对:BTGBUSD DMI+</p>
<p style='color: green;'>  币种/交易对:BTGUSDT DMI+</p>
<p style='color: green;'>  币种/交易对:BARBUSD DMI+</p>
<p style='color: green;'>  币种/交易对:BARUSDT DMI+</p>
<p style='color: green;'>  币种/交易对:SLPBUSD DMI+</p>
<p style='color: green;'>  币种/交易对:SLPUSDT DMI+</p>
<p style='color: green;'>  币种/交易对:CELRBUSD DMI+</p>
<p style='color: green;'>  币种/交易对:ZENBUSD DMI+</p>
<p style='color: green;'>  币种/交易对:FTMBUSD DMI+</p>
<p style='color: green;'>  币种/交易对:CHRBUSD DMI+</p>
<p style='color: green;'>  币种/交易对:IOTXBUSD DMI+</p>
<p style='color: green;'>  币种/交易对:RAYBUSD DMI+</p>
<p style='color: green;'>  币种/交易对:RAYUSDT DMI+</p>
<p style='color: green;'>  币种/交易对:OGNBUSD DMI+</p>
<p style='color: green;'>  币种/交易对:ILVBUSD DMI+</p>
<p style='color: green;'>  币种/交易对:YGGUSDT DMI+</p>
<p style='color: green;'>  币种/交易对:YGGBUSD DMI+</p>
<p style='color: green;'>  币种/交易对:STXBUSD DMI+</p>
<p style='color: green;'>  币种/交易对:RAREBUSD DMI+</p>
<p style='color: green;'>  币种/交易对:RAREUSDT DMI+</p>
<p style='color: green;'>  币种/交易对:CITYUSDT DMI+</p>
<p style='color: green;'>  币种/交易对:QIUSDT DMI+</p>
<p style='color: green;'>  币种/交易对:SPELLUSDT DMI+</p>
<p style='color: green;'>  币种/交易对:SPELLBUSD DMI+</p>
<p style='color: green;'>  币种/交易对:IMXUSDT DMI+</p>
<p style='color: green;'>  币种/交易对:GLMRBUSD DMI+</p>
<p style='color: green;'>  币种/交易对:GLMRUSDT DMI+</p>
<p style='color: green;'>  币种/交易对:XNOBUSD DMI+</p>
<p style='color: green;'>  币种/交易对:TUSDT DMI+</p>
<p style='color: green;'>  币种/交易对:GMTBUSD DMI+</p>
<p style='color: green;'>  币种/交易对:LEVERUSDT DMI+</p>
<p style='color: green;'>  币种/交易对:LEVERBUSD DMI+</p>
<p style='color: green;'>  币种/交易对:AMBBUSD DMI+</p>
<p style='color: green; font-size:30px;'> <b>macd金叉信号</b></p>
<p style='color: green;'>  币种/交易对:XRPUSDT macd金叉信号</p>
<p style='color: green;'>  币种/交易对:EOSUSDT macd金叉信号</p>
<p style='color: green;'>  币种/交易对:XLMUSDT macd金叉信号</p>
<p style='color: green;'>  币种/交易对:MITHUSDT macd金叉信号</p>
<p style='color: green;'>  币种/交易对:ATOMUSDT macd金叉信号</p>
<p style='color: green;'>  币种/交易对:MFTUSDT macd金叉信号</p>
<p style='color: green;'>  币种/交易对:DOCKUSDT macd金叉信号</p>
<p style='color: green;'>  币种/交易对:CHZUSDT macd金叉信号</p>
<p style='color: green;'>  币种/交易对:BEAMUSDT macd金叉信号</p>
<p style='color: green;'>  币种/交易对:EOSBUSD macd金叉信号</p>
<p style='color: green;'>  币种/交易对:RLCUSDT macd金叉信号</p>
<p style='color: green;'>  币种/交易对:XLMBUSD macd金叉信号</p>
<p style='color: green;'>  币种/交易对:ATOMBUSD macd金叉信号</p>
<p style='color: green;'>  币种/交易对:HIVEUSDT macd金叉信号</p>
<p style='color: green;'>  币种/交易对:KNCBUSD macd金叉信号</p>
<p style='color: green;'>  币种/交易对:KNCUSDT macd金叉信号</p>
<p style='color: green;'>  币种/交易对:IQBUSD macd金叉信号</p>
<p style='color: green;'>  币种/交易对:AVABUSD macd金叉信号</p>
<p style='color: green;'>  币种/交易对:RSRBUSD macd金叉信号</p>
<p style='color: green;'>  币种/交易对:RSRUSDT macd金叉信号</p>
<p style='color: green;'>  币种/交易对:XRPUPUSDT macd金叉信号</p>
<p style='color: green;'>  币种/交易对:CREAMBUSD macd金叉信号</p>
<p style='color: green;'>  币种/交易对:NEARBUSD macd金叉信号</p>
<p style='color: green;'>  币种/交易对:NEARUSDT macd金叉信号</p>
<p style='color: green;'>  币种/交易对:CTKBUSD macd金叉信号</p>
<p style='color: green;'>  币种/交易对:CTKUSDT macd金叉信号</p>
<p style='color: green;'>  币种/交易对:AXSBUSD macd金叉信号</p>
<p style='color: green;'>  币种/交易对:AXSUSDT macd金叉信号</p>
<p style='color: green;'>  币种/交易对:UNFIBUSD macd金叉信号</p>
<p style='color: green;'>  币种/交易对:UNFIUSDT macd金叉信号</p>
<p style='color: green;'>  币种/交易对:AVAUSDT macd金叉信号</p>
<p style='color: green;'>  币种/交易对:PROMBUSD macd金叉信号</p>
<p style='color: green;'>  币种/交易对:PSGBUSD macd金叉信号</p>
<p style='color: green;'>  币种/交易对:PSGUSDT macd金叉信号</p>
<p style='color: green;'>  币种/交易对:AUCTIONBUSD macd金叉信号</p>
<p style='color: green;'>  币种/交易对:CHZBUSD macd金叉信号</p>
<p style='color: green;'>  币种/交易对:BONDBUSD macd金叉信号</p>
<p style='color: green;'>  币种/交易对:BONDUSDT macd金叉信号</p>
<p style='color: green;'>  币种/交易对:XECUSDT macd金叉信号</p>
<p style='color: green;'>  币种/交易对:HIVEBUSD macd金叉信号</p>
<p style='color: green;'>  币种/交易对:LAZIOUSDT macd金叉信号</p>
<p style='color: green;'>  币种/交易对:AUCTIONUSDT macd金叉信号</p>
<p style='color: green;'>  币种/交易对:LAZIOBUSD macd金叉信号</p>
<p style='color: green;'>  币种/交易对:OOKIBUSD macd金叉信号</p>
<p style='color: green;'>  币种/交易对:OOKIUSDT macd金叉信号</p>
<p style='color: green;'>  币种/交易对:SPELLUSDT macd金叉信号</p>
<p style='color: green;'>  币种/交易对:SPELLBUSD macd金叉信号</p>
<p style='color: green;'>  币种/交易对:IMXBUSD macd金叉信号</p>
<p style='color: green;'>  币种/交易对:IMXUSDT macd金叉信号</p>
<p style='color: green;'>  币种/交易对:APEUSDT macd金叉信号</p>
<p style='color: green;'>  币种/交易对:APEBUSD macd金叉信号</p>
<p style='color: green;'>  币种/交易对:LDOBUSD macd金叉信号</p>
<p style='color: green;'>  币种/交易对:LDOUSDT macd金叉信号</p>
<p style='color: green; font-size:30px;'> <b>kdj金叉信号</b></p>
<p style='color: green;'>  币种/交易对:BTCTUSD kdj金叉信号</p>
<p style='color: green;'>  币种/交易对:XLMUSDT kdj金叉信号</p>
<p style='color: green;'>  币种/交易对:XRPBUSD kdj金叉信号</p>
<p style='color: green;'>  币种/交易对:XLMBUSD kdj金叉信号</p>
<p style='color: green;'>  币种/交易对:LTOUSDT kdj金叉信号</p>
<p style='color: green;'>  币种/交易对:WTCUSDT kdj金叉信号</p>
<p style='color: green;'>  币种/交易对:LUNABUSD kdj金叉信号</p>
<p style='color: green;'>  币种/交易对:LUNAUSDT kdj金叉信号</p>
<p style='color: green;'>  币种/交易对:PAXGUSDT kdj金叉信号</p>
<p style='color: green;'>  币种/交易对:TRXUPUSDT kdj金叉信号</p>
<p style='color: green;'>  币种/交易对:XRPUPUSDT kdj金叉信号</p>
<p style='color: green;'>  币种/交易对:DNTBUSD kdj金叉信号</p>
<p style='color: green;'>  币种/交易对:DNTUSDT kdj金叉信号</p>
<p style='color: green;'>  币种/交易对:CVPBUSD kdj金叉信号</p>
<p style='color: green;'>  币种/交易对:CKBUSDT kdj金叉信号</p>
<p style='color: green;'>  币种/交易对:MIRBUSD kdj金叉信号</p>
<p style='color: green;'>  币种/交易对:MIRUSDT kdj金叉信号</p>
<p style='color: green;'>  币种/交易对:KAVABUSD kdj金叉信号</p>
<p style='color: green;'>  币种/交易对:HNTBUSD kdj金叉信号</p>
<p style='color: green;'>  币种/交易对:CLVBUSD kdj金叉信号</p>
<p style='color: green;'>  币种/交易对:CLVUSDT kdj金叉信号</p>
<p style='color: green;'>  币种/交易对:REQUSDT kdj金叉信号</p>
<p style='color: green;'>  币种/交易对:GHSTUSDT kdj金叉信号</p>
<p style='color: green;'>  币种/交易对:CVXBUSD kdj金叉信号</p>
<p style='color: green;'>  币种/交易对:CVXUSDT kdj金叉信号</p>
<p style='color: green;'>  币种/交易对:NULSBUSD kdj金叉信号</p>
<p style='color: green;'>  币种/交易对:LOKABUSD kdj金叉信号</p>
<p style='color: green;'>  币种/交易对:LOKAUSDT kdj金叉信号</p>
<p style='color: green;'>  币种/交易对:MOBUSDT kdj金叉信号</p>
<p style='color: green;'>  币种/交易对:MOBBUSD kdj金叉信号</p>
<p style='color: green; font-size:30px;'> <b>段内底背离</b></p>
<p style='color: green;'>  币种/交易对:ETHTUSD 段内底背离</p>
<p style='color: green;'>  币种/交易对:BNBTUSD 段内底背离</p>
<p style='color: green;'>  币种/交易对:TRXTUSD 段内底背离</p>
<p style='color: green;'>  币种/交易对:DREPUSDT 段内底背离</p>
<p style='color: green;'>  币种/交易对:JUVBUSD 段内底背离</p>
<p style='color: green;'>  币种/交易对:JUVUSDT 段内底背离</p>
<p style='color: green;'>  币种/交易对:ASRUSDT 段内底背离</p>
<p style='color: green;'>  币种/交易对:ACMBUSD 段内底背离</p>
<p style='color: green;'>  币种/交易对:ACMUSDT 段内底背离</p>
<p style='color: green;'>  币种/交易对:BTGUSDT 段内底背离</p>
<p style='color: green;'>  币种/交易对:VGXUSDT 段内底背离</p>
<p style='color: green; font-size:30px;'> <b>分立跳空底背离</b></p>
<p style='color: green;'>  币种/交易对:ETHTUSD 分立跳空底背离</p>
<p style='color: green;'>  币种/交易对:BNBTUSD 分立跳空底背离</p>
<p style='color: green;'>  币种/交易对:TCTUSDT 分立跳空底背离</p>
<p style='color: green;'>  币种/交易对:BNBDOWNUSDT 分立跳空底背离</p>
<p style='color: green;'>  币种/交易对:NBSUSDT 分立跳空底背离</p>
<p style='color: green; font-size:30px;'> <b>macd金叉信号 + DMI</b></p>
<p style='color: green;'>  币种/交易对:XLMUSDT macd金叉信号 + DMI</p>
<p style='color: green;'>  币种/交易对:CTKUSDT macd金叉信号 + DMI</p>
<p style='color: green;'>  币种/交易对:PSGBUSD macd金叉信号 + DMI</p>
<p style='color: green;'>  币种/交易对:PSGUSDT macd金叉信号 + DMI</p>
<p style='color: green;'>  币种/交易对:SPELLUSDT macd金叉信号 + DMI</p>
<p style='color: green;'>  币种/交易对:SPELLBUSD macd金叉信号 + DMI</p>
<p style='color: green;'>  币种/交易对:IMXUSDT macd金叉信号 + DMI</p>
<p style='color: green; font-size:30px;'> <b>TD+底部2B信号</b></p>
<p style='color: green;'>  币种/交易对:WTCUSDT TD+底部2B信号</p>
<p style='color: green;'>  币种/交易对:LUNCBUSD TD+底部2B信号</p>
<p style='color: green;'>  币种/交易对:LUNCUSDT TD+底部2B信号</p>
<p style='color: green; font-size:30px;'> <b>cci over 100</b></p>
<p style='color: green;'>  币种/交易对:FIOBUSD cci over 100</p>
<p style='color: green;'>  币种/交易对:BLZUSDT cci over 100</p>
<p style='color: green;'>  币种/交易对:AUTOBUSD cci over 100</p>
<p style='color: green;'>  币种/交易对:AUTOUSDT cci over 100</p>
<p style='color: green;'>  币种/交易对:ADXBUSD cci over 100</p>
<p style='color: green;'>  币种/交易对:FARMBUSD cci over 100</p>
<p style='color: green;'>  币种/交易对:FARMUSDT cci over 100</p>
<p style='color: green;'>  币种/交易对:LAZIOUSDT cci over 100</p>
<p style='color: green;'>  币种/交易对:ADXUSDT cci over 100</p>
<p style='color: green;'>  币种/交易对:LAZIOBUSD cci over 100</p>
<p style='color: green; font-size:30px;'> <b>TD 底部 9位置</b></p>
<p style='color: green;'>  币种/交易对:HNTBUSD TD 底部 9位置</p>
<p style='color: green;'>  币种/交易对:ERNBUSD TD 底部 9位置</p>
<p style='color: green;'>  币种/交易对:ERNUSDT TD 底部 9位置</p>
