<p style='color: green; font-size:30px;'> <b>DMI+</b></p>
<p style='color: green;'>  币种/交易对:BNBUSDT DMI+</p>
<p style='color: green;'>  币种/交易对:LTCUSDT DMI+</p>
<p style='color: green;'>  币种/交易对:EOSUSDT DMI+</p>
<p style='color: green;'>  币种/交易对:TRXUSDT DMI+</p>
<p style='color: green;'>  币种/交易对:XRPTUSD DMI+</p>
<p style='color: green;'>  币种/交易对:TRXTUSD DMI+</p>
<p style='color: green;'>  币种/交易对:ZRXUSDT DMI+</p>
<p style='color: green;'>  币种/交易对:XMRUSDT DMI+</p>
<p style='color: green;'>  币种/交易对:CELRUSDT DMI+</p>
<p style='color: green;'>  币种/交易对:ATOMUSDT DMI+</p>
<p style='color: green;'>  币种/交易对:ALGOUSDT DMI+</p>
<p style='color: green;'>  币种/交易对:DOGEUSDT DMI+</p>
<p style='color: green;'>  币种/交易对:COCOSUSDT DMI+</p>
<p style='color: green;'>  币种/交易对:TOMOUSDT DMI+</p>
<p style='color: green;'>  币种/交易对:FUNUSDT DMI+</p>
<p style='color: green;'>  币种/交易对:BANDUSDT DMI+</p>
<p style='color: green;'>  币种/交易对:BNBBUSD DMI+</p>
<p style='color: green;'>  币种/交易对:LTCBUSD DMI+</p>
<p style='color: green;'>  币种/交易对:IOTXUSDT DMI+</p>
<p style='color: green;'>  币种/交易对:ATOMBUSD DMI+</p>
<p style='color: green;'>  币种/交易对:ONTBUSD DMI+</p>
<p style='color: green;'>  币种/交易对:ALGOBUSD DMI+</p>
<p style='color: green;'>  币种/交易对:TOMOBUSD DMI+</p>
<p style='color: green;'>  币种/交易对:XMRBUSD DMI+</p>
<p style='color: green;'>  币种/交易对:CTSIUSDT DMI+</p>
<p style='color: green;'>  币种/交易对:CTSIBUSD DMI+</p>
<p style='color: green;'>  币种/交易对:REPUSDT DMI+</p>
<p style='color: green;'>  币种/交易对:LRCBUSD DMI+</p>
<p style='color: green;'>  币种/交易对:LRCUSDT DMI+</p>
<p style='color: green;'>  币种/交易对:DGBBUSD DMI+</p>
<p style='color: green;'>  币种/交易对:SNXUSDT DMI+</p>
<p style='color: green;'>  币种/交易对:VTHOUSDT DMI+</p>
<p style='color: green;'>  币种/交易对:DGBUSDT DMI+</p>
<p style='color: green;'>  币种/交易对:STORJBUSD DMI+</p>
<p style='color: green;'>  币种/交易对:DOGEBUSD DMI+</p>
<p style='color: green;'>  币种/交易对:LUNABUSD DMI+</p>
<p style='color: green;'>  币种/交易对:TRBBUSD DMI+</p>
<p style='color: green;'>  币种/交易对:TRBUSDT DMI+</p>
<p style='color: green;'>  币种/交易对:ORNUSDT DMI+</p>
<p style='color: green;'>  币种/交易对:ALPHABUSD DMI+</p>
<p style='color: green;'>  币种/交易对:AAVEBUSD DMI+</p>
<p style='color: green;'>  币种/交易对:AAVEUSDT DMI+</p>
<p style='color: green;'>  币种/交易对:KP3RBUSD DMI+</p>
<p style='color: green;'>  币种/交易对:DNTBUSD DMI+</p>
<p style='color: green;'>  币种/交易对:DNTUSDT DMI+</p>
<p style='color: green;'>  币种/交易对:PSGBUSD DMI+</p>
<p style='color: green;'>  币种/交易对:PSGUSDT DMI+</p>
<p style='color: green;'>  币种/交易对:DODOBUSD DMI+</p>
<p style='color: green;'>  币种/交易对:DODOUSDT DMI+</p>
<p style='color: green;'>  币种/交易对:BAKEBUSD DMI+</p>
<p style='color: green;'>  币种/交易对:BANDBUSD DMI+</p>
<p style='color: green;'>  币种/交易对:PONDBUSD DMI+</p>
<p style='color: green;'>  币种/交易对:PONDUSDT DMI+</p>
<p style='color: green;'>  币种/交易对:LINABUSD DMI+</p>
<p style='color: green;'>  币种/交易对:LINAUSDT DMI+</p>
<p style='color: green;'>  币种/交易对:BTGBUSD DMI+</p>
<p style='color: green;'>  币种/交易对:BARBUSD DMI+</p>
<p style='color: green;'>  币种/交易对:BARUSDT DMI+</p>
<p style='color: green;'>  币种/交易对:SLPBUSD DMI+</p>
<p style='color: green;'>  币种/交易对:SLPUSDT DMI+</p>
<p style='color: green;'>  币种/交易对:SHIBUSDT DMI+</p>
<p style='color: green;'>  币种/交易对:SHIBBUSD DMI+</p>
<p style='color: green;'>  币种/交易对:ARBUSD DMI+</p>
<p style='color: green;'>  币种/交易对:ARUSDT DMI+</p>
<p style='color: green;'>  币种/交易对:MASKBUSD DMI+</p>
<p style='color: green;'>  币种/交易对:MASKUSDT DMI+</p>
<p style='color: green;'>  币种/交易对:CELRBUSD DMI+</p>
<p style='color: green;'>  币种/交易对:GTCBUSD DMI+</p>
<p style='color: green;'>  币种/交易对:GTCUSDT DMI+</p>
<p style='color: green;'>  币种/交易对:IOTXBUSD DMI+</p>
<p style='color: green;'>  币种/交易对:ORNBUSD DMI+</p>
<p style='color: green;'>  币种/交易对:GNOUSDT DMI+</p>
<p style='color: green;'>  币种/交易对:AGLDBUSD DMI+</p>
<p style='color: green;'>  币种/交易对:AGLDUSDT DMI+</p>
<p style='color: green;'>  币种/交易对:RNDRUSDT DMI+</p>
<p style='color: green;'>  币种/交易对:RNDRBUSD DMI+</p>
<p style='color: green;'>  币种/交易对:ALCXBUSD DMI+</p>
<p style='color: green;'>  币种/交易对:ALCXUSDT DMI+</p>
<p style='color: green;'>  币种/交易对:OOKIBUSD DMI+</p>
<p style='color: green;'>  币种/交易对:UMABUSD DMI+</p>
<p style='color: green;'>  币种/交易对:BIFIUSDT DMI+</p>
<p style='color: green;'>  币种/交易对:LEVERUSDT DMI+</p>
<p style='color: green;'>  币种/交易对:LEVERBUSD DMI+</p>
<p style='color: green; font-size:30px;'> <b>kdj金叉信号</b></p>
<p style='color: green;'>  币种/交易对:LTCUSDT kdj金叉信号</p>
<p style='color: green;'>  币种/交易对:IOTAUSDT kdj金叉信号</p>
<p style='color: green;'>  币种/交易对:XLMUSDT kdj金叉信号</p>
<p style='color: green;'>  币种/交易对:IOSTUSDT kdj金叉信号</p>
<p style='color: green;'>  币种/交易对:ATOMUSDT kdj金叉信号</p>
<p style='color: green;'>  币种/交易对:CHZUSDT kdj金叉信号</p>
<p style='color: green;'>  币种/交易对:LTCBUSD kdj金叉信号</p>
<p style='color: green;'>  币种/交易对:RLCUSDT kdj金叉信号</p>
<p style='color: green;'>  币种/交易对:ATOMBUSD kdj金叉信号</p>
<p style='color: green;'>  币种/交易对:MBLUSDT kdj金叉信号</p>
<p style='color: green;'>  币种/交易对:COTIUSDT kdj金叉信号</p>
<p style='color: green;'>  币种/交易对:DATABUSD kdj金叉信号</p>
<p style='color: green;'>  币种/交易对:DATAUSDT kdj金叉信号</p>
<p style='color: green;'>  币种/交易对:HIVEUSDT kdj金叉信号</p>
<p style='color: green;'>  币种/交易对:SCUSDT kdj金叉信号</p>
<p style='color: green;'>  币种/交易对:ZRXBUSD kdj金叉信号</p>
<p style='color: green;'>  币种/交易对:AVABUSD kdj金叉信号</p>
<p style='color: green;'>  币种/交易对:IOTABUSD kdj金叉信号</p>
<p style='color: green;'>  币种/交易对:TRBBUSD kdj金叉信号</p>
<p style='color: green;'>  币种/交易对:TRBUSDT kdj金叉信号</p>
<p style='color: green;'>  币种/交易对:KSMBUSD kdj金叉信号</p>
<p style='color: green;'>  币种/交易对:KSMUSDT kdj金叉信号</p>
<p style='color: green;'>  币种/交易对:UMAUSDT kdj金叉信号</p>
<p style='color: green;'>  币种/交易对:OXTUSDT kdj金叉信号</p>
<p style='color: green;'>  币种/交易对:CAKEBUSD kdj金叉信号</p>
<p style='color: green;'>  币种/交易对:NEARUSDT kdj金叉信号</p>
<p style='color: green;'>  币种/交易对:AERGOBUSD kdj金叉信号</p>
<p style='color: green;'>  币种/交易对:CTKBUSD kdj金叉信号</p>
<p style='color: green;'>  币种/交易对:CTKUSDT kdj金叉信号</p>
<p style='color: green;'>  币种/交易对:AXSBUSD kdj金叉信号</p>
<p style='color: green;'>  币种/交易对:AXSUSDT kdj金叉信号</p>
<p style='color: green;'>  币种/交易对:HARDBUSD kdj金叉信号</p>
<p style='color: green;'>  币种/交易对:HARDUSDT kdj金叉信号</p>
<p style='color: green;'>  币种/交易对:DNTBUSD kdj金叉信号</p>
<p style='color: green;'>  币种/交易对:DNTUSDT kdj金叉信号</p>
<p style='color: green;'>  币种/交易对:STRAXBUSD kdj金叉信号</p>
<p style='color: green;'>  币种/交易对:STRAXUSDT kdj金叉信号</p>
<p style='color: green;'>  币种/交易对:FORBUSD kdj金叉信号</p>
<p style='color: green;'>  币种/交易对:AVAUSDT kdj金叉信号</p>
<p style='color: green;'>  币种/交易对:GRTUSDT kdj金叉信号</p>
<p style='color: green;'>  币种/交易对:JUVUSDT kdj金叉信号</p>
<p style='color: green;'>  币种/交易对:PSGBUSD kdj金叉信号</p>
<p style='color: green;'>  币种/交易对:PSGUSDT kdj金叉信号</p>
<p style='color: green;'>  币种/交易对:ATMUSDT kdj金叉信号</p>
<p style='color: green;'>  币种/交易对:ASRUSDT kdj金叉信号</p>
<p style='color: green;'>  币种/交易对:BTCSTBUSD kdj金叉信号</p>
<p style='color: green;'>  币种/交易对:BTCSTUSDT kdj金叉信号</p>
<p style='color: green;'>  币种/交易对:DEXEBUSD kdj金叉信号</p>
<p style='color: green;'>  币种/交易对:CAKEUSDT kdj金叉信号</p>
<p style='color: green;'>  币种/交易对:GRTBUSD kdj金叉信号</p>
<p style='color: green;'>  币种/交易对:IOSTBUSD kdj金叉信号</p>
<p style='color: green;'>  币种/交易对:ACMBUSD kdj金叉信号</p>
<p style='color: green;'>  币种/交易对:ACMUSDT kdj金叉信号</p>
<p style='color: green;'>  币种/交易对:OMBUSD kdj金叉信号</p>
<p style='color: green;'>  币种/交易对:OMUSDT kdj金叉信号</p>
<p style='color: green;'>  币种/交易对:CHZBUSD kdj金叉信号</p>
<p style='color: green;'>  币种/交易对:CFXBUSD kdj金叉信号</p>
<p style='color: green;'>  币种/交易对:CFXUSDT kdj金叉信号</p>
<p style='color: green;'>  币种/交易对:BARBUSD kdj金叉信号</p>
<p style='color: green;'>  币种/交易对:BARUSDT kdj金叉信号</p>
<p style='color: green;'>  币种/交易对:FORTHUSDT kdj金叉信号</p>
<p style='color: green;'>  币种/交易对:ICPBUSD kdj金叉信号</p>
<p style='color: green;'>  币种/交易对:ICPUSDT kdj金叉信号</p>
<p style='color: green;'>  币种/交易对:ATMBUSD kdj金叉信号</p>
<p style='color: green;'>  币种/交易对:COTIBUSD kdj金叉信号</p>
<p style='color: green;'>  币种/交易对:DEXEUSDT kdj金叉信号</p>
<p style='color: green;'>  币种/交易对:CLVUSDT kdj金叉信号</p>
<p style='color: green;'>  币种/交易对:XECBUSD kdj金叉信号</p>
<p style='color: green;'>  币种/交易对:MBOXUSDT kdj金叉信号</p>
<p style='color: green;'>  币种/交易对:FORUSDT kdj金叉信号</p>
<p style='color: green;'>  币种/交易对:REQUSDT kdj金叉信号</p>
<p style='color: green;'>  币种/交易对:GHSTUSDT kdj金叉信号</p>
<p style='color: green; font-size:30px;'> <b>沾到ema30/ema60</b></p>
<p style='color: green;'>  币种/交易对:TUSDUSDT 沾到ema30/ema60</p>
<p style='color: green;'>  币种/交易对:USDCUSDT 沾到ema30/ema60</p>
<p style='color: green;'>  币种/交易对:VITEUSDT 沾到ema30/ema60</p>
<p style='color: green;'>  币种/交易对:EURBUSD 沾到ema30/ema60</p>
<p style='color: green;'>  币种/交易对:EURUSDT 沾到ema30/ema60</p>
<p style='color: green;'>  币种/交易对:GBPBUSD 沾到ema30/ema60</p>
<p style='color: green;'>  币种/交易对:GBPUSDT 沾到ema30/ema60</p>
<p style='color: green;'>  币种/交易对:USDCBUSD 沾到ema30/ema60</p>
<p style='color: green;'>  币种/交易对:TUSDBUSD 沾到ema30/ema60</p>
<p style='color: green;'>  币种/交易对:QNTBUSD 沾到ema30/ema60</p>
<p style='color: green;'>  币种/交易对:QNTUSDT 沾到ema30/ema60</p>
<p style='color: green; font-size:30px;'> <b>macd金叉信号 + DMI</b></p>
<p style='color: green;'>  币种/交易对:TRXUSDT macd金叉信号 + DMI</p>
<p style='color: green; font-size:30px;'> <b>macd金叉信号</b></p>
<p style='color: green;'>  币种/交易对:TRXUSDT macd金叉信号</p>
<p style='color: green;'>  币种/交易对:MTLUSDT macd金叉信号</p>
<p style='color: green;'>  币种/交易对:TRXBUSD macd金叉信号</p>
<p style='color: green;'>  币种/交易对:GBPBUSD macd金叉信号</p>
<p style='color: green;'>  币种/交易对:GBPUSDT macd金叉信号</p>
<p style='color: green;'>  币种/交易对:BELBUSD macd金叉信号</p>
<p style='color: green;'>  币种/交易对:BELUSDT macd金叉信号</p>
<p style='color: green;'>  币种/交易对:TORNBUSD macd金叉信号</p>
<p style='color: green;'>  币种/交易对:TORNUSDT macd金叉信号</p>
<p style='color: green; font-size:30px;'> <b>TD+底部2B信号</b></p>
<p style='color: green;'>  币种/交易对:ZRXUSDT TD+底部2B信号</p>
<p style='color: green;'>  币种/交易对:NKNUSDT TD+底部2B信号</p>
<p style='color: green;'>  币种/交易对:ZRXBUSD TD+底部2B信号</p>
<p style='color: green;'>  币种/交易对:DOTBUSD TD+底部2B信号</p>
<p style='color: green;'>  币种/交易对:DOTUSDT TD+底部2B信号</p>
<p style='color: green;'>  币种/交易对:ROSEBUSD TD+底部2B信号</p>
<p style='color: green;'>  币种/交易对:IOSTBUSD TD+底部2B信号</p>
<p style='color: green;'>  币种/交易对:GTCBUSD TD+底部2B信号</p>
<p style='color: green;'>  币种/交易对:GTCUSDT TD+底部2B信号</p>
<p style='color: green;'>  币种/交易对:WAXPUSDT TD+底部2B信号</p>
<p style='color: green;'>  币种/交易对:GALAUSDT TD+底部2B信号</p>
<p style='color: green;'>  币种/交易对:GALABUSD TD+底部2B信号</p>
<p style='color: green;'>  币种/交易对:AUCTIONUSDT TD+底部2B信号</p>
<p style='color: green;'>  币种/交易对:LDOBUSD TD+底部2B信号</p>
<p style='color: green;'>  币种/交易对:LDOUSDT TD+底部2B信号</p>
<p style='color: green;'>  币种/交易对:NKNBUSD TD+底部2B信号</p>
<p style='color: green; font-size:30px;'> <b>段内底背离</b></p>
<p style='color: green;'>  币种/交易对:DREPUSDT 段内底背离</p>
<p style='color: green;'>  币种/交易对:PAXGUSDT 段内底背离</p>
<p style='color: green; font-size:30px;'> <b>分立跳空底背离</b></p>
<p style='color: green;'>  币种/交易对:TCTUSDT 分立跳空底背离</p>
<p style='color: green; font-size:30px;'> <b>cci over 100</b></p>
<p style='color: green;'>  币种/交易对:FIOBUSD cci over 100</p>
<p style='color: green;'>  币种/交易对:BLZUSDT cci over 100</p>
<p style='color: green;'>  币种/交易对:AUTOBUSD cci over 100</p>
<p style='color: green;'>  币种/交易对:AUTOUSDT cci over 100</p>
<p style='color: green;'>  币种/交易对:ADXBUSD cci over 100</p>
<p style='color: green;'>  币种/交易对:FARMBUSD cci over 100</p>
<p style='color: green;'>  币种/交易对:FARMUSDT cci over 100</p>
<p style='color: green; font-size:30px;'> <b>TD 底部 9位置</b></p>
<p style='color: green;'>  币种/交易对:BLZBUSD TD 底部 9位置</p>
<p style='color: green;'>  币种/交易对:BLZUSDT TD 底部 9位置</p>
<p style='color: green;'>  币种/交易对:BTGBUSD TD 底部 9位置</p>
<p style='color: green;'>  币种/交易对:BTGUSDT TD 底部 9位置</p>
<p style='color: green;'>  币种/交易对:XECBUSD TD 底部 9位置</p>
<p style='color: green;'>  币种/交易对:XECUSDT TD 底部 9位置</p>
