<p style='color: green; font-size:30px;'> <b>沾到ema30/ema60</b></p>
<p style='color: green;'>  币种/交易对:EOSUSDT 沾到ema30/ema60</p>
<p style='color: green;'>  币种/交易对:TRXUSDT 沾到ema30/ema60</p>
<p style='color: green;'>  币种/交易对:ONGUSDT 沾到ema30/ema60</p>
<p style='color: green;'>  币种/交易对:IOSTUSDT 沾到ema30/ema60</p>
<p style='color: green;'>  币种/交易对:FUNUSDT 沾到ema30/ema60</p>
<p style='color: green;'>  币种/交易对:BUSDUSDT 沾到ema30/ema60</p>
<p style='color: green;'>  币种/交易对:BEAMUSDT 沾到ema30/ema60</p>
<p style='color: green;'>  币种/交易对:RVNUSDT 沾到ema30/ema60</p>
<p style='color: green;'>  币种/交易对:TRXBUSD 沾到ema30/ema60</p>
<p style='color: green;'>  币种/交易对:VITEUSDT 沾到ema30/ema60</p>
<p style='color: green;'>  币种/交易对:DREPUSDT 沾到ema30/ema60</p>
<p style='color: green;'>  币种/交易对:ICXBUSD 沾到ema30/ema60</p>
<p style='color: green;'>  币种/交易对:BNTUSDT 沾到ema30/ema60</p>
<p style='color: green;'>  币种/交易对:COTIUSDT 沾到ema30/ema60</p>
<p style='color: green;'>  币种/交易对:ARDRUSDT 沾到ema30/ema60</p>
<p style='color: green;'>  币种/交易对:REPUSDT 沾到ema30/ema60</p>
<p style='color: green;'>  币种/交易对:IQBUSD 沾到ema30/ema60</p>
<p style='color: green;'>  币种/交易对:ZENUSDT 沾到ema30/ema60</p>
<p style='color: green;'>  币种/交易对:SNXBUSD 沾到ema30/ema60</p>
<p style='color: green;'>  币种/交易对:SNXUSDT 沾到ema30/ema60</p>
<p style='color: green;'>  币种/交易对:VTHOUSDT 沾到ema30/ema60</p>
<p style='color: green;'>  币种/交易对:GBPUSDT 沾到ema30/ema60</p>
<p style='color: green;'>  币种/交易对:JSTBUSD 沾到ema30/ema60</p>
<p style='color: green;'>  币种/交易对:JSTUSDT 沾到ema30/ema60</p>
<p style='color: green;'>  币种/交易对:SRMUSDT 沾到ema30/ema60</p>
<p style='color: green;'>  币种/交易对:LUNABUSD 沾到ema30/ema60</p>
<p style='color: green;'>  币种/交易对:LUNAUSDT 沾到ema30/ema60</p>
<p style='color: green;'>  币种/交易对:IDEXBUSD 沾到ema30/ema60</p>
<p style='color: green;'>  币种/交易对:EGLDBUSD 沾到ema30/ema60</p>
<p style='color: green;'>  币种/交易对:EGLDUSDT 沾到ema30/ema60</p>
<p style='color: green;'>  币种/交易对:TRXUPUSDT 沾到ema30/ema60</p>
<p style='color: green;'>  币种/交易对:OXTUSDT 沾到ema30/ema60</p>
<p style='color: green;'>  币种/交易对:SUNUSDT 沾到ema30/ema60</p>
<p style='color: green;'>  币种/交易对:ORNUSDT 沾到ema30/ema60</p>
<p style='color: green;'>  币种/交易对:STRAXBUSD 沾到ema30/ema60</p>
<p style='color: green;'>  币种/交易对:STRAXUSDT 沾到ema30/ema60</p>
<p style='color: green;'>  币种/交易对:FORBUSD 沾到ema30/ema60</p>
<p style='color: green;'>  币种/交易对:SYSBUSD 沾到ema30/ema60</p>
<p style='color: green;'>  币种/交易对:XEMUSDT 沾到ema30/ema60</p>
<p style='color: green;'>  币种/交易对:PROMBUSD 沾到ema30/ema60</p>
<p style='color: green;'>  币种/交易对:OGUSDT 沾到ema30/ema60</p>
<p style='color: green;'>  币种/交易对:IOSTBUSD 沾到ema30/ema60</p>
<p style='color: green;'>  币种/交易对:TVKBUSD 沾到ema30/ema60</p>
<p style='color: green;'>  币种/交易对:DEGOBUSD 沾到ema30/ema60</p>
<p style='color: green;'>  币种/交易对:DEGOUSDT 沾到ema30/ema60</p>
<p style='color: green;'>  币种/交易对:PERPBUSD 沾到ema30/ema60</p>
<p style='color: green;'>  币种/交易对:PERPUSDT 沾到ema30/ema60</p>
<p style='color: green;'>  币种/交易对:PUNDIXUSDT 沾到ema30/ema60</p>
<p style='color: green;'>  币种/交易对:BTGBUSD 沾到ema30/ema60</p>
<p style='color: green;'>  币种/交易对:BTGUSDT 沾到ema30/ema60</p>
<p style='color: green;'>  币种/交易对:ICPBUSD 沾到ema30/ema60</p>
<p style='color: green;'>  币种/交易对:ICPUSDT 沾到ema30/ema60</p>
<p style='color: green;'>  币种/交易对:ZENBUSD 沾到ema30/ema60</p>
<p style='color: green;'>  币种/交易对:ATABUSD 沾到ema30/ema60</p>
<p style='color: green;'>  币种/交易对:ATAUSDT 沾到ema30/ema60</p>
<p style='color: green;'>  币种/交易对:TORNBUSD 沾到ema30/ema60</p>
<p style='color: green;'>  币种/交易对:TORNUSDT 沾到ema30/ema60</p>
<p style='color: green;'>  币种/交易对:COTIBUSD 沾到ema30/ema60</p>
<p style='color: green;'>  币种/交易对:SCBUSD 沾到ema30/ema60</p>
<p style='color: green;'>  币种/交易对:KLAYBUSD 沾到ema30/ema60</p>
<p style='color: green;'>  币种/交易对:KLAYUSDT 沾到ema30/ema60</p>
<p style='color: green;'>  币种/交易对:MLNBUSD 沾到ema30/ema60</p>
<p style='color: green;'>  币种/交易对:C98USDT 沾到ema30/ema60</p>
<p style='color: green;'>  币种/交易对:C98BUSD 沾到ema30/ema60</p>
<p style='color: green;'>  币种/交易对:CLVBUSD 沾到ema30/ema60</p>
<p style='color: green;'>  币种/交易对:CLVUSDT 沾到ema30/ema60</p>
<p style='color: green;'>  币种/交易对:QNTBUSD 沾到ema30/ema60</p>
<p style='color: green;'>  币种/交易对:QNTUSDT 沾到ema30/ema60</p>
<p style='color: green;'>  币种/交易对:TVKUSDT 沾到ema30/ema60</p>
<p style='color: green;'>  币种/交易对:ORNBUSD 沾到ema30/ema60</p>
<p style='color: green;'>  币种/交易对:MBOXBUSD 沾到ema30/ema60</p>
<p style='color: green;'>  币种/交易对:MBOXUSDT 沾到ema30/ema60</p>
<p style='color: green;'>  币种/交易对:IDEXUSDT 沾到ema30/ema60</p>
<p style='color: green;'>  币种/交易对:GALAUSDT 沾到ema30/ema60</p>
<p style='color: green;'>  币种/交易对:GALABUSD 沾到ema30/ema60</p>
<p style='color: green;'>  币种/交易对:SUNBUSD 沾到ema30/ema60</p>
<p style='color: green;'>  币种/交易对:ILVUSDT 沾到ema30/ema60</p>
<p style='color: green;'>  币种/交易对:ILVBUSD 沾到ema30/ema60</p>
<p style='color: green;'>  币种/交易对:SYSUSDT 沾到ema30/ema60</p>
<p style='color: green;'>  币种/交易对:DFUSDT 沾到ema30/ema60</p>
<p style='color: green;'>  币种/交易对:BETABUSD 沾到ema30/ema60</p>
<p style='color: green;'>  币种/交易对:BETAUSDT 沾到ema30/ema60</p>
<p style='color: green;'>  币种/交易对:CHESSBUSD 沾到ema30/ema60</p>
<p style='color: green;'>  币种/交易对:CHESSUSDT 沾到ema30/ema60</p>
<p style='color: green;'>  币种/交易对:OXTBUSD 沾到ema30/ema60</p>
<p style='color: green;'>  币种/交易对:POWRBUSD 沾到ema30/ema60</p>
<p style='color: green;'>  币种/交易对:SANTOSUSDT 沾到ema30/ema60</p>
<p style='color: green;'>  币种/交易对:MCUSDT 沾到ema30/ema60</p>
<p style='color: green;'>  币种/交易对:SPELLBUSD 沾到ema30/ema60</p>
<p style='color: green;'>  币种/交易对:IMXBUSD 沾到ema30/ema60</p>
<p style='color: green;'>  币种/交易对:IMXUSDT 沾到ema30/ema60</p>
<p style='color: green;'>  币种/交易对:ANCBUSD 沾到ema30/ema60</p>
<p style='color: green;'>  币种/交易对:ANCUSDT 沾到ema30/ema60</p>
<p style='color: green;'>  币种/交易对:ALPINEUSDT 沾到ema30/ema60</p>
<p style='color: green;'>  币种/交易对:GMTBUSD 沾到ema30/ema60</p>
<p style='color: green;'>  币种/交易对:GMTUSDT 沾到ema30/ema60</p>
<p style='color: green;'>  币种/交易对:ALPINEBUSD 沾到ema30/ema60</p>
<p style='color: green;'>  币种/交易对:SANTOSBUSD 沾到ema30/ema60</p>
<p style='color: green;'>  币种/交易对:STEEMUSDT 沾到ema30/ema60</p>
<p style='color: green;'>  币种/交易对:NEXOUSDT 沾到ema30/ema60</p>
<p style='color: green;'>  币种/交易对:GALUSDT 沾到ema30/ema60</p>
<p style='color: green;'>  币种/交易对:GALBUSD 沾到ema30/ema60</p>
<p style='color: green;'>  币种/交易对:PUNDIXBUSD 沾到ema30/ema60</p>
<p style='color: green;'>  币种/交易对:USTCBUSD 沾到ema30/ema60</p>
<p style='color: green;'>  币种/交易对:OGBUSD 沾到ema30/ema60</p>
<p style='color: green;'>  币种/交易对:FIROBUSD 沾到ema30/ema60</p>
<p style='color: green;'>  币种/交易对:WBTCBUSD 沾到ema30/ema60</p>
<p style='color: green;'>  币种/交易对:LEVERUSDT 沾到ema30/ema60</p>
<p style='color: green;'>  币种/交易对:LEVERBUSD 沾到ema30/ema60</p>
<p style='color: green;'>  币种/交易对:GLMBUSD 沾到ema30/ema60</p>
<p style='color: green;'>  币种/交易对:STGBUSD 沾到ema30/ema60</p>
<p style='color: green;'>  币种/交易对:STGUSDT 沾到ema30/ema60</p>
<p style='color: green;'>  币种/交易对:SNMBUSD 沾到ema30/ema60</p>
<p style='color: green;'>  币种/交易对:PHBBUSD 沾到ema30/ema60</p>
<p style='color: green;'>  币种/交易对:VIBBUSD 沾到ema30/ema60</p>
<p style='color: green; font-size:30px;'> <b>macd金叉信号</b></p>
<p style='color: green;'>  币种/交易对:NULSUSDT macd金叉信号</p>
<p style='color: green;'>  币种/交易对:JSTBUSD macd金叉信号</p>
<p style='color: green;'>  币种/交易对:JSTUSDT macd金叉信号</p>
<p style='color: green;'>  币种/交易对:AUTOBUSD macd金叉信号</p>
<p style='color: green;'>  币种/交易对:AUTOUSDT macd金叉信号</p>
<p style='color: green;'>  币种/交易对:MLNBUSD macd金叉信号</p>
<p style='color: green;'>  币种/交易对:MLNUSDT macd金叉信号</p>
<p style='color: green;'>  币种/交易对:ALCXBUSD macd金叉信号</p>
<p style='color: green;'>  币种/交易对:NULSBUSD macd金叉信号</p>
<p style='color: green;'>  币种/交易对:USTCBUSD macd金叉信号</p>
<p style='color: green;'>  币种/交易对:VIBBUSD macd金叉信号</p>
<p style='color: green; font-size:30px;'> <b>cci over 100</b></p>
<p style='color: green;'>  币种/交易对:MITHUSDT cci over 100</p>
<p style='color: green;'>  币种/交易对:COCOSUSDT cci over 100</p>
<p style='color: green;'>  币种/交易对:KEYUSDT cci over 100</p>
<p style='color: green;'>  币种/交易对:STPTUSDT cci over 100</p>
<p style='color: green;'>  币种/交易对:MDTUSDT cci over 100</p>
<p style='color: green;'>  币种/交易对:ADAUPUSDT cci over 100</p>
<p style='color: green;'>  币种/交易对:WINGBUSD cci over 100</p>
<p style='color: green;'>  币种/交易对:WINGUSDT cci over 100</p>
<p style='color: green;'>  币种/交易对:TWTBUSD cci over 100</p>
<p style='color: green;'>  币种/交易对:OMBUSD cci over 100</p>
<p style='color: green;'>  币种/交易对:AUTOBUSD cci over 100</p>
<p style='color: green;'>  币种/交易对:AUTOUSDT cci over 100</p>
<p style='color: green;'>  币种/交易对:BONDBUSD cci over 100</p>
<p style='color: green;'>  币种/交易对:BONDUSDT cci over 100</p>
<p style='color: green;'>  币种/交易对:ADXBUSD cci over 100</p>
<p style='color: green;'>  币种/交易对:TROYBUSD cci over 100</p>
<p style='color: green;'>  币种/交易对:ADXUSDT cci over 100</p>
<p style='color: green;'>  币种/交易对:PLABUSD cci over 100</p>
<p style='color: green;'>  币种/交易对:PLAUSDT cci over 100</p>
<p style='color: green;'>  币种/交易对:COCOSBUSD cci over 100</p>
<p style='color: green;'>  币种/交易对:MDTBUSD cci over 100</p>
<p style='color: green;'>  币种/交易对:BTTCUSDT cci over 100</p>
<p style='color: green;'>  币种/交易对:BTTCBUSD cci over 100</p>
<p style='color: green;'>  币种/交易对:MOBUSDT cci over 100</p>
<p style='color: green;'>  币种/交易对:MOBBUSD cci over 100</p>
<p style='color: green;'>  币种/交易对:KEYBUSD cci over 100</p>
<p style='color: green; font-size:30px;'> <b>kdj金叉信号</b></p>
<p style='color: green;'>  币种/交易对:DOGEUSDT kdj金叉信号</p>
<p style='color: green;'>  币种/交易对:DOGEBUSD kdj金叉信号</p>
<p style='color: green;'>  币种/交易对:TRIBEUSDT kdj金叉信号</p>
<p style='color: green; font-size:30px;'> <b>分立跳空底背离</b></p>
<p style='color: green;'>  币种/交易对:BTCDOWNUSDT 分立跳空底背离</p>
<p style='color: green;'>  币种/交易对:TRXDOWNUSDT 分立跳空底背离</p>
<p style='color: green;'>  币种/交易对:DOTDOWNUSDT 分立跳空底背离</p>
<p style='color: green; font-size:30px;'> <b>段内底背离</b></p>
<p style='color: green;'>  币种/交易对:LINKDOWNUSDT 段内底背离</p>
<p style='color: green;'>  币种/交易对:BNBDOWNUSDT 段内底背离</p>
<p style='color: green; font-size:30px;'> <b>DMI+</b></p>
<p style='color: green;'>  币种/交易对:NBSUSDT DMI+</p>
<p style='color: green;'>  币种/交易对:GHSTUSDT DMI+</p>
<p style='color: green;'>  币种/交易对:NEXOBUSD DMI+</p>
