<p style='color: green; font-size:30px;'> <b>沾到ema30/ema60</b></p>
<p style='color: green;'>  币种/交易对:BTCUSDT 沾到ema30/ema60</p>
<p style='color: green;'>  币种/交易对:ETHUSDT 沾到ema30/ema60</p>
<p style='color: green;'>  币种/交易对:BNBUSDT 沾到ema30/ema60</p>
<p style='color: green;'>  币种/交易对:NEOUSDT 沾到ema30/ema60</p>
<p style='color: green;'>  币种/交易对:LTCUSDT 沾到ema30/ema60</p>
<p style='color: green;'>  币种/交易对:QTUMUSDT 沾到ema30/ema60</p>
<p style='color: green;'>  币种/交易对:XRPUSDT 沾到ema30/ema60</p>
<p style='color: green;'>  币种/交易对:EOSUSDT 沾到ema30/ema60</p>
<p style='color: green;'>  币种/交易对:IOTAUSDT 沾到ema30/ema60</p>
<p style='color: green;'>  币种/交易对:XLMUSDT 沾到ema30/ema60</p>
<p style='color: green;'>  币种/交易对:ONTUSDT 沾到ema30/ema60</p>
<p style='color: green;'>  币种/交易对:TRXUSDT 沾到ema30/ema60</p>
<p style='color: green;'>  币种/交易对:ETCUSDT 沾到ema30/ema60</p>
<p style='color: green;'>  币种/交易对:ICXUSDT 沾到ema30/ema60</p>
<p style='color: green;'>  币种/交易对:NULSUSDT 沾到ema30/ema60</p>
<p style='color: green;'>  币种/交易对:VETUSDT 沾到ema30/ema60</p>
<p style='color: green;'>  币种/交易对:BCHUSDT 沾到ema30/ema60</p>
<p style='color: green;'>  币种/交易对:LINKUSDT 沾到ema30/ema60</p>
<p style='color: green;'>  币种/交易对:WAVESUSDT 沾到ema30/ema60</p>
<p style='color: green;'>  币种/交易对:ONGUSDT 沾到ema30/ema60</p>
<p style='color: green;'>  币种/交易对:HOTUSDT 沾到ema30/ema60</p>
<p style='color: green;'>  币种/交易对:ZILUSDT 沾到ema30/ema60</p>
<p style='color: green;'>  币种/交易对:FETUSDT 沾到ema30/ema60</p>
<p style='color: green;'>  币种/交易对:BATUSDT 沾到ema30/ema60</p>
<p style='color: green;'>  币种/交易对:XMRUSDT 沾到ema30/ema60</p>
<p style='color: green;'>  币种/交易对:ZECUSDT 沾到ema30/ema60</p>
<p style='color: green;'>  币种/交易对:IOSTUSDT 沾到ema30/ema60</p>
<p style='color: green;'>  币种/交易对:CELRUSDT 沾到ema30/ema60</p>
<p style='color: green;'>  币种/交易对:DASHUSDT 沾到ema30/ema60</p>
<p style='color: green;'>  币种/交易对:OMGUSDT 沾到ema30/ema60</p>
<p style='color: green;'>  币种/交易对:MATICUSDT 沾到ema30/ema60</p>
<p style='color: green;'>  币种/交易对:ATOMUSDT 沾到ema30/ema60</p>
<p style='color: green;'>  币种/交易对:TFUELUSDT 沾到ema30/ema60</p>
<p style='color: green;'>  币种/交易对:ONEUSDT 沾到ema30/ema60</p>
<p style='color: green;'>  币种/交易对:DOGEUSDT 沾到ema30/ema60</p>
<p style='color: green;'>  币种/交易对:WINUSDT 沾到ema30/ema60</p>
<p style='color: green;'>  币种/交易对:COSUSDT 沾到ema30/ema60</p>
<p style='color: green;'>  币种/交易对:COCOSUSDT 沾到ema30/ema60</p>
<p style='color: green;'>  币种/交易对:MTLUSDT 沾到ema30/ema60</p>
<p style='color: green;'>  币种/交易对:TOMOUSDT 沾到ema30/ema60</p>
<p style='color: green;'>  币种/交易对:PERLUSDT 沾到ema30/ema60</p>
<p style='color: green;'>  币种/交易对:DENTUSDT 沾到ema30/ema60</p>
<p style='color: green;'>  币种/交易对:KEYUSDT 沾到ema30/ema60</p>
<p style='color: green;'>  币种/交易对:DOCKUSDT 沾到ema30/ema60</p>
<p style='color: green;'>  币种/交易对:WANUSDT 沾到ema30/ema60</p>
<p style='color: green;'>  币种/交易对:FUNUSDT 沾到ema30/ema60</p>
<p style='color: green;'>  币种/交易对:CHZUSDT 沾到ema30/ema60</p>
<p style='color: green;'>  币种/交易对:BANDUSDT 沾到ema30/ema60</p>
<p style='color: green;'>  币种/交易对:BNBBUSD 沾到ema30/ema60</p>
<p style='color: green;'>  币种/交易对:BTCBUSD 沾到ema30/ema60</p>
<p style='color: green;'>  币种/交易对:RENUSDT 沾到ema30/ema60</p>
<p style='color: green;'>  币种/交易对:RVNUSDT 沾到ema30/ema60</p>
<p style='color: green;'>  币种/交易对:NKNUSDT 沾到ema30/ema60</p>
<p style='color: green;'>  币种/交易对:XRPBUSD 沾到ema30/ema60</p>
<p style='color: green;'>  币种/交易对:ETHBUSD 沾到ema30/ema60</p>
<p style='color: green;'>  币种/交易对:BCHBUSD 沾到ema30/ema60</p>
<p style='color: green;'>  币种/交易对:LTCBUSD 沾到ema30/ema60</p>
<p style='color: green;'>  币种/交易对:LINKBUSD 沾到ema30/ema60</p>
<p style='color: green;'>  币种/交易对:ETCBUSD 沾到ema30/ema60</p>
<p style='color: green;'>  币种/交易对:STXUSDT 沾到ema30/ema60</p>
<p style='color: green;'>  币种/交易对:KAVAUSDT 沾到ema30/ema60</p>
<p style='color: green;'>  币种/交易对:ARPAUSDT 沾到ema30/ema60</p>
<p style='color: green;'>  币种/交易对:TRXBUSD 沾到ema30/ema60</p>
<p style='color: green;'>  币种/交易对:EOSBUSD 沾到ema30/ema60</p>
<p style='color: green;'>  币种/交易对:IOTXUSDT 沾到ema30/ema60</p>
<p style='color: green;'>  币种/交易对:RLCUSDT 沾到ema30/ema60</p>
<p style='color: green;'>  币种/交易对:XLMBUSD 沾到ema30/ema60</p>
<p style='color: green;'>  币种/交易对:CTXCUSDT 沾到ema30/ema60</p>
<p style='color: green;'>  币种/交易对:TROYUSDT 沾到ema30/ema60</p>
<p style='color: green;'>  币种/交易对:QTUMBUSD 沾到ema30/ema60</p>
<p style='color: green;'>  币种/交易对:VETBUSD 沾到ema30/ema60</p>
<p style='color: green;'>  币种/交易对:VITEUSDT 沾到ema30/ema60</p>
<p style='color: green;'>  币种/交易对:OGNUSDT 沾到ema30/ema60</p>
<p style='color: green;'>  币种/交易对:DREPUSDT 沾到ema30/ema60</p>
<p style='color: green;'>  币种/交易对:ICXBUSD 沾到ema30/ema60</p>
<p style='color: green;'>  币种/交易对:BTSUSDT 沾到ema30/ema60</p>
<p style='color: green;'>  币种/交易对:LSKUSDT 沾到ema30/ema60</p>
<p style='color: green;'>  币种/交易对:BNTUSDT 沾到ema30/ema60</p>
<p style='color: green;'>  币种/交易对:BNTBUSD 沾到ema30/ema60</p>
<p style='color: green;'>  币种/交易对:LTOUSDT 沾到ema30/ema60</p>
<p style='color: green;'>  币种/交易对:ATOMBUSD 沾到ema30/ema60</p>
<p style='color: green;'>  币种/交易对:DASHBUSD 沾到ema30/ema60</p>
<p style='color: green;'>  币种/交易对:NEOBUSD 沾到ema30/ema60</p>
<p style='color: green;'>  币种/交易对:WAVESBUSD 沾到ema30/ema60</p>
<p style='color: green;'>  币种/交易对:BATBUSD 沾到ema30/ema60</p>
<p style='color: green;'>  币种/交易对:ONTBUSD 沾到ema30/ema60</p>
<p style='color: green;'>  币种/交易对:AIONUSDT 沾到ema30/ema60</p>
<p style='color: green;'>  币种/交易对:MBLUSDT 沾到ema30/ema60</p>
<p style='color: green;'>  币种/交易对:TOMOBUSD 沾到ema30/ema60</p>
<p style='color: green;'>  币种/交易对:XMRBUSD 沾到ema30/ema60</p>
<p style='color: green;'>  币种/交易对:ZECBUSD 沾到ema30/ema60</p>
<p style='color: green;'>  币种/交易对:STPTUSDT 沾到ema30/ema60</p>
<p style='color: green;'>  币种/交易对:WTCUSDT 沾到ema30/ema60</p>
<p style='color: green;'>  币种/交易对:DATABUSD 沾到ema30/ema60</p>
<p style='color: green;'>  币种/交易对:DATAUSDT 沾到ema30/ema60</p>
<p style='color: green;'>  币种/交易对:SOLUSDT 沾到ema30/ema60</p>
<p style='color: green;'>  币种/交易对:SOLBUSD 沾到ema30/ema60</p>
<p style='color: green;'>  币种/交易对:HIVEUSDT 沾到ema30/ema60</p>
<p style='color: green;'>  币种/交易对:CHRUSDT 沾到ema30/ema60</p>
<p style='color: green;'>  币种/交易对:ARDRUSDT 沾到ema30/ema60</p>
<p style='color: green;'>  币种/交易对:MATICBUSD 沾到ema30/ema60</p>
<p style='color: green;'>  币种/交易对:ZILBUSD 沾到ema30/ema60</p>
<p style='color: green;'>  币种/交易对:MDTUSDT 沾到ema30/ema60</p>
<p style='color: green;'>  币种/交易对:STMXUSDT 沾到ema30/ema60</p>
<p style='color: green;'>  币种/交易对:KNCBUSD 沾到ema30/ema60</p>
<p style='color: green;'>  币种/交易对:KNCUSDT 沾到ema30/ema60</p>
<p style='color: green;'>  币种/交易对:LRCBUSD 沾到ema30/ema60</p>
<p style='color: green;'>  币种/交易对:LRCUSDT 沾到ema30/ema60</p>
<p style='color: green;'>  币种/交易对:PNTUSDT 沾到ema30/ema60</p>
<p style='color: green;'>  币种/交易对:DGBBUSD 沾到ema30/ema60</p>
<p style='color: green;'>  币种/交易对:COMPBUSD 沾到ema30/ema60</p>
<p style='color: green;'>  币种/交易对:COMPUSDT 沾到ema30/ema60</p>
<p style='color: green;'>  币种/交易对:SCUSDT 沾到ema30/ema60</p>
<p style='color: green;'>  币种/交易对:ZENUSDT 沾到ema30/ema60</p>
<p style='color: green;'>  币种/交易对:SXPBUSD 沾到ema30/ema60</p>
<p style='color: green;'>  币种/交易对:ETHUPUSDT 沾到ema30/ema60</p>
<p style='color: green;'>  币种/交易对:VTHOUSDT 沾到ema30/ema60</p>
<p style='color: green;'>  币种/交易对:DGBUSDT 沾到ema30/ema60</p>
<p style='color: green;'>  币种/交易对:STORJBUSD 沾到ema30/ema60</p>
<p style='color: green;'>  币种/交易对:SXPUSDT 沾到ema30/ema60</p>
<p style='color: green;'>  币种/交易对:MKRUSDT 沾到ema30/ema60</p>
<p style='color: green;'>  币种/交易对:MKRBUSD 沾到ema30/ema60</p>
<p style='color: green;'>  币种/交易对:RUNEBUSD 沾到ema30/ema60</p>
<p style='color: green;'>  币种/交易对:MANABUSD 沾到ema30/ema60</p>
<p style='color: green;'>  币种/交易对:DOGEBUSD 沾到ema30/ema60</p>
<p style='color: green;'>  币种/交易对:DCRUSDT 沾到ema30/ema60</p>
<p style='color: green;'>  币种/交易对:STORJUSDT 沾到ema30/ema60</p>
<p style='color: green;'>  币种/交易对:FIOBUSD 沾到ema30/ema60</p>
<p style='color: green;'>  币种/交易对:BNBUPUSDT 沾到ema30/ema60</p>
<p style='color: green;'>  币种/交易对:AVABUSD 沾到ema30/ema60</p>
<p style='color: green;'>  币种/交易对:IOTABUSD 沾到ema30/ema60</p>
<p style='color: green;'>  币种/交易对:MANAUSDT 沾到ema30/ema60</p>
<p style='color: green;'>  币种/交易对:BALBUSD 沾到ema30/ema60</p>
<p style='color: green;'>  币种/交易对:YFIBUSD 沾到ema30/ema60</p>
<p style='color: green;'>  币种/交易对:YFIUSDT 沾到ema30/ema60</p>
<p style='color: green;'>  币种/交易对:BALUSDT 沾到ema30/ema60</p>
<p style='color: green;'>  币种/交易对:IRISUSDT 沾到ema30/ema60</p>
<p style='color: green;'>  币种/交易对:KMDUSDT 沾到ema30/ema60</p>
<p style='color: green;'>  币种/交易对:JSTBUSD 沾到ema30/ema60</p>
<p style='color: green;'>  币种/交易对:JSTUSDT 沾到ema30/ema60</p>
<p style='color: green;'>  币种/交易对:SRMBUSD 沾到ema30/ema60</p>
<p style='color: green;'>  币种/交易对:NMRBUSD 沾到ema30/ema60</p>
<p style='color: green;'>  币种/交易对:NMRUSDT 沾到ema30/ema60</p>
<p style='color: green;'>  币种/交易对:DOTBUSD 沾到ema30/ema60</p>
<p style='color: green;'>  币种/交易对:DOTUSDT 沾到ema30/ema60</p>
<p style='color: green;'>  币种/交易对:IDEXBUSD 沾到ema30/ema60</p>
<p style='color: green;'>  币种/交易对:PAXGBUSD 沾到ema30/ema60</p>
<p style='color: green;'>  币种/交易对:PAXGUSDT 沾到ema30/ema60</p>
<p style='color: green;'>  币种/交易对:TRBBUSD 沾到ema30/ema60</p>
<p style='color: green;'>  币种/交易对:TRBUSDT 沾到ema30/ema60</p>
<p style='color: green;'>  币种/交易对:SUSHIUSDT 沾到ema30/ema60</p>
<p style='color: green;'>  币种/交易对:YFIIUSDT 沾到ema30/ema60</p>
<p style='color: green;'>  币种/交易对:KSMBUSD 沾到ema30/ema60</p>
<p style='color: green;'>  币种/交易对:KSMUSDT 沾到ema30/ema60</p>
<p style='color: green;'>  币种/交易对:EGLDBUSD 沾到ema30/ema60</p>
<p style='color: green;'>  币种/交易对:EGLDUSDT 沾到ema30/ema60</p>
<p style='color: green;'>  币种/交易对:DIABUSD 沾到ema30/ema60</p>
<p style='color: green;'>  币种/交易对:DIAUSDT 沾到ema30/ema60</p>
<p style='color: green;'>  币种/交易对:RUNEUSDT 沾到ema30/ema60</p>
<p style='color: green;'>  币种/交易对:FIOUSDT 沾到ema30/ema60</p>
<p style='color: green;'>  币种/交易对:UMAUSDT 沾到ema30/ema60</p>
<p style='color: green;'>  币种/交易对:XRPUPUSDT 沾到ema30/ema60</p>
<p style='color: green;'>  币种/交易对:WINGBUSD 沾到ema30/ema60</p>
<p style='color: green;'>  币种/交易对:WINGUSDT 沾到ema30/ema60</p>
<p style='color: green;'>  币种/交易对:UNIBUSD 沾到ema30/ema60</p>
<p style='color: green;'>  币种/交易对:UNIUSDT 沾到ema30/ema60</p>
<p style='color: green;'>  币种/交易对:OXTUSDT 沾到ema30/ema60</p>
<p style='color: green;'>  币种/交易对:SUNUSDT 沾到ema30/ema60</p>
<p style='color: green;'>  币种/交易对:AVAXBUSD 沾到ema30/ema60</p>
<p style='color: green;'>  币种/交易对:AVAXUSDT 沾到ema30/ema60</p>
<p style='color: green;'>  币种/交易对:FLMUSDT 沾到ema30/ema60</p>
<p style='color: green;'>  币种/交易对:CAKEBUSD 沾到ema30/ema60</p>
<p style='color: green;'>  币种/交易对:ORNUSDT 沾到ema30/ema60</p>
<p style='color: green;'>  币种/交易对:UTKUSDT 沾到ema30/ema60</p>
<p style='color: green;'>  币种/交易对:XVSBUSD 沾到ema30/ema60</p>
<p style='color: green;'>  币种/交易对:XVSUSDT 沾到ema30/ema60</p>
<p style='color: green;'>  币种/交易对:VIDTBUSD 沾到ema30/ema60</p>
<p style='color: green;'>  币种/交易对:AAVEBUSD 沾到ema30/ema60</p>
<p style='color: green;'>  币种/交易对:AAVEUSDT 沾到ema30/ema60</p>
<p style='color: green;'>  币种/交易对:AERGOBUSD 沾到ema30/ema60</p>
<p style='color: green;'>  币种/交易对:ONEBUSD 沾到ema30/ema60</p>
<p style='color: green;'>  币种/交易对:AUDIOBUSD 沾到ema30/ema60</p>
<p style='color: green;'>  币种/交易对:AUDIOUSDT 沾到ema30/ema60</p>
<p style='color: green;'>  币种/交易对:CTKBUSD 沾到ema30/ema60</p>
<p style='color: green;'>  币种/交易对:CTKUSDT 沾到ema30/ema60</p>
<p style='color: green;'>  币种/交易对:AKROUSDT 沾到ema30/ema60</p>
<p style='color: green;'>  币种/交易对:KP3RBUSD 沾到ema30/ema60</p>
<p style='color: green;'>  币种/交易对:HARDBUSD 沾到ema30/ema60</p>
<p style='color: green;'>  币种/交易对:HARDUSDT 沾到ema30/ema60</p>
<p style='color: green;'>  币种/交易对:STRAXBUSD 沾到ema30/ema60</p>
<p style='color: green;'>  币种/交易对:STRAXUSDT 沾到ema30/ema60</p>
<p style='color: green;'>  币种/交易对:FORBUSD 沾到ema30/ema60</p>
<p style='color: green;'>  币种/交易对:UNFIBUSD 沾到ema30/ema60</p>
<p style='color: green;'>  币种/交易对:UNFIUSDT 沾到ema30/ema60</p>
<p style='color: green;'>  币种/交易对:FRONTBUSD 沾到ema30/ema60</p>
<p style='color: green;'>  币种/交易对:AVAUSDT 沾到ema30/ema60</p>
<p style='color: green;'>  币种/交易对:SYSBUSD 沾到ema30/ema60</p>
<p style='color: green;'>  币种/交易对:XEMUSDT 沾到ema30/ema60</p>
<p style='color: green;'>  币种/交易对:GHSTBUSD 沾到ema30/ema60</p>
<p style='color: green;'>  币种/交易对:DFBUSD 沾到ema30/ema60</p>
<p style='color: green;'>  币种/交易对:GRTUSDT 沾到ema30/ema60</p>
<p style='color: green;'>  币种/交易对:JUVBUSD 沾到ema30/ema60</p>
<p style='color: green;'>  币种/交易对:PSGBUSD 沾到ema30/ema60</p>
<p style='color: green;'>  币种/交易对:PSGUSDT 沾到ema30/ema60</p>
<p style='color: green;'>  币种/交易对:1INCHUSDT 沾到ema30/ema60</p>
<p style='color: green;'>  币种/交易对:REEFUSDT 沾到ema30/ema60</p>
<p style='color: green;'>  币种/交易对:OGUSDT 沾到ema30/ema60</p>
<p style='color: green;'>  币种/交易对:ATMUSDT 沾到ema30/ema60</p>
<p style='color: green;'>  币种/交易对:ASRUSDT 沾到ema30/ema60</p>
<p style='color: green;'>  币种/交易对:CELOUSDT 沾到ema30/ema60</p>
<p style='color: green;'>  币种/交易对:RIFUSDT 沾到ema30/ema60</p>
<p style='color: green;'>  币种/交易对:TRUUSDT 沾到ema30/ema60</p>
<p style='color: green;'>  币种/交易对:DEXEBUSD 沾到ema30/ema60</p>
<p style='color: green;'>  币种/交易对:CKBBUSD 沾到ema30/ema60</p>
<p style='color: green;'>  币种/交易对:CKBUSDT 沾到ema30/ema60</p>
<p style='color: green;'>  币种/交易对:TWTBUSD 沾到ema30/ema60</p>
<p style='color: green;'>  币种/交易对:TWTUSDT 沾到ema30/ema60</p>
<p style='color: green;'>  币种/交易对:FIROUSDT 沾到ema30/ema60</p>
<p style='color: green;'>  币种/交易对:SFPBUSD 沾到ema30/ema60</p>
<p style='color: green;'>  币种/交易对:SFPUSDT 沾到ema30/ema60</p>
<p style='color: green;'>  币种/交易对:DODOBUSD 沾到ema30/ema60</p>
<p style='color: green;'>  币种/交易对:DODOUSDT 沾到ema30/ema60</p>
<p style='color: green;'>  币种/交易对:CAKEUSDT 沾到ema30/ema60</p>
<p style='color: green;'>  币种/交易对:1INCHBUSD 沾到ema30/ema60</p>
<p style='color: green;'>  币种/交易对:BANDBUSD 沾到ema30/ema60</p>
<p style='color: green;'>  币种/交易对:GRTBUSD 沾到ema30/ema60</p>
<p style='color: green;'>  币种/交易对:IOSTBUSD 沾到ema30/ema60</p>
<p style='color: green;'>  币种/交易对:OMGBUSD 沾到ema30/ema60</p>
<p style='color: green;'>  币种/交易对:REEFBUSD 沾到ema30/ema60</p>
<p style='color: green;'>  币种/交易对:TVKBUSD 沾到ema30/ema60</p>
<p style='color: green;'>  币种/交易对:FISBUSD 沾到ema30/ema60</p>
<p style='color: green;'>  币种/交易对:FISUSDT 沾到ema30/ema60</p>
<p style='color: green;'>  币种/交易对:OMBUSD 沾到ema30/ema60</p>
<p style='color: green;'>  币种/交易对:OMUSDT 沾到ema30/ema60</p>
<p style='color: green;'>  币种/交易对:DEGOBUSD 沾到ema30/ema60</p>
<p style='color: green;'>  币种/交易对:DEGOUSDT 沾到ema30/ema60</p>
<p style='color: green;'>  币种/交易对:ALICEBUSD 沾到ema30/ema60</p>
<p style='color: green;'>  币种/交易对:ALICEUSDT 沾到ema30/ema60</p>
<p style='color: green;'>  币种/交易对:CHZBUSD 沾到ema30/ema60</p>
<p style='color: green;'>  币种/交易对:BIFIBUSD 沾到ema30/ema60</p>
<p style='color: green;'>  币种/交易对:PERPBUSD 沾到ema30/ema60</p>
<p style='color: green;'>  币种/交易对:PERPUSDT 沾到ema30/ema60</p>
<p style='color: green;'>  币种/交易对:SUPERBUSD 沾到ema30/ema60</p>
<p style='color: green;'>  币种/交易对:SUPERUSDT 沾到ema30/ema60</p>
<p style='color: green;'>  币种/交易对:CFXBUSD 沾到ema30/ema60</p>
<p style='color: green;'>  币种/交易对:CFXUSDT 沾到ema30/ema60</p>
<p style='color: green;'>  币种/交易对:XVGBUSD 沾到ema30/ema60</p>
<p style='color: green;'>  币种/交易对:AUTOBUSD 沾到ema30/ema60</p>
<p style='color: green;'>  币种/交易对:AUTOUSDT 沾到ema30/ema60</p>
<p style='color: green;'>  币种/交易对:TKOBUSD 沾到ema30/ema60</p>
<p style='color: green;'>  币种/交易对:TKOUSDT 沾到ema30/ema60</p>
<p style='color: green;'>  币种/交易对:PUNDIXUSDT 沾到ema30/ema60</p>
<p style='color: green;'>  币种/交易对:HOTBUSD 沾到ema30/ema60</p>
<p style='color: green;'>  币种/交易对:MIRBUSD 沾到ema30/ema60</p>
<p style='color: green;'>  币种/交易对:BARBUSD 沾到ema30/ema60</p>
<p style='color: green;'>  币种/交易对:BARUSDT 沾到ema30/ema60</p>
<p style='color: green;'>  币种/交易对:FORTHBUSD 沾到ema30/ema60</p>
<p style='color: green;'>  币种/交易对:FORTHUSDT 沾到ema30/ema60</p>
<p style='color: green;'>  币种/交易对:SLPBUSD 沾到ema30/ema60</p>
<p style='color: green;'>  币种/交易对:SLPUSDT 沾到ema30/ema60</p>
<p style='color: green;'>  币种/交易对:SHIBUSDT 沾到ema30/ema60</p>
<p style='color: green;'>  币种/交易对:SHIBBUSD 沾到ema30/ema60</p>
<p style='color: green;'>  币种/交易对:ICPBUSD 沾到ema30/ema60</p>
<p style='color: green;'>  币种/交易对:ICPUSDT 沾到ema30/ema60</p>
<p style='color: green;'>  币种/交易对:POLSBUSD 沾到ema30/ema60</p>
<p style='color: green;'>  币种/交易对:POLSUSDT 沾到ema30/ema60</p>
<p style='color: green;'>  币种/交易对:MDXBUSD 沾到ema30/ema60</p>
<p style='color: green;'>  币种/交易对:MDXUSDT 沾到ema30/ema60</p>
<p style='color: green;'>  币种/交易对:XVGUSDT 沾到ema30/ema60</p>
<p style='color: green;'>  币种/交易对:CELRBUSD 沾到ema30/ema60</p>
<p style='color: green;'>  币种/交易对:ATMBUSD 沾到ema30/ema60</p>
<p style='color: green;'>  币种/交易对:ZENBUSD 沾到ema30/ema60</p>
<p style='color: green;'>  币种/交易对:WINBUSD 沾到ema30/ema60</p>
<p style='color: green;'>  币种/交易对:KAVABUSD 沾到ema30/ema60</p>
<p style='color: green;'>  币种/交易对:ATABUSD 沾到ema30/ema60</p>
<p style='color: green;'>  币种/交易对:ATAUSDT 沾到ema30/ema60</p>
<p style='color: green;'>  币种/交易对:TORNBUSD 沾到ema30/ema60</p>
<p style='color: green;'>  币种/交易对:SCBUSD 沾到ema30/ema60</p>
<p style='color: green;'>  币种/交易对:CHRBUSD 沾到ema30/ema60</p>
<p style='color: green;'>  币种/交易对:STMXBUSD 沾到ema30/ema60</p>
<p style='color: green;'>  币种/交易对:HNTBUSD 沾到ema30/ema60</p>
<p style='color: green;'>  币种/交易对:FTTBUSD 沾到ema30/ema60</p>
<p style='color: green;'>  币种/交易对:DOCKBUSD 沾到ema30/ema60</p>
<p style='color: green;'>  币种/交易对:ERNBUSD 沾到ema30/ema60</p>
<p style='color: green;'>  币种/交易对:ERNUSDT 沾到ema30/ema60</p>
<p style='color: green;'>  币种/交易对:KLAYBUSD 沾到ema30/ema60</p>
<p style='color: green;'>  币种/交易对:KLAYUSDT 沾到ema30/ema60</p>
<p style='color: green;'>  币种/交易对:UTKBUSD 沾到ema30/ema60</p>
<p style='color: green;'>  币种/交易对:IOTXBUSD 沾到ema30/ema60</p>
<p style='color: green;'>  币种/交易对:MLNBUSD 沾到ema30/ema60</p>
<p style='color: green;'>  币种/交易对:MLNUSDT 沾到ema30/ema60</p>
<p style='color: green;'>  币种/交易对:DEXEUSDT 沾到ema30/ema60</p>
<p style='color: green;'>  币种/交易对:LTOBUSD 沾到ema30/ema60</p>
<p style='color: green;'>  币种/交易对:ADXBUSD 沾到ema30/ema60</p>
<p style='color: green;'>  币种/交易对:QUICKBUSD 沾到ema30/ema60</p>
<p style='color: green;'>  币种/交易对:CLVBUSD 沾到ema30/ema60</p>
<p style='color: green;'>  币种/交易对:CLVUSDT 沾到ema30/ema60</p>
<p style='color: green;'>  币种/交易对:QNTBUSD 沾到ema30/ema60</p>
<p style='color: green;'>  币种/交易对:QNTUSDT 沾到ema30/ema60</p>
<p style='color: green;'>  币种/交易对:XECBUSD 沾到ema30/ema60</p>
<p style='color: green;'>  币种/交易对:TVKUSDT 沾到ema30/ema60</p>
<p style='color: green;'>  币种/交易对:MINABUSD 沾到ema30/ema60</p>
<p style='color: green;'>  币种/交易对:MINAUSDT 沾到ema30/ema60</p>
<p style='color: green;'>  币种/交易对:RAYBUSD 沾到ema30/ema60</p>
<p style='color: green;'>  币种/交易对:RAYUSDT 沾到ema30/ema60</p>
<p style='color: green;'>  币种/交易对:FARMBUSD 沾到ema30/ema60</p>
<p style='color: green;'>  币种/交易对:FARMUSDT 沾到ema30/ema60</p>
<p style='color: green;'>  币种/交易对:ALPACABUSD 沾到ema30/ema60</p>
<p style='color: green;'>  币种/交易对:ALPACAUSDT 沾到ema30/ema60</p>
<p style='color: green;'>  币种/交易对:QUICKUSDT 沾到ema30/ema60</p>
<p style='color: green;'>  币种/交易对:ORNBUSD 沾到ema30/ema60</p>
<p style='color: green;'>  币种/交易对:MBOXBUSD 沾到ema30/ema60</p>
<p style='color: green;'>  币种/交易对:MBOXUSDT 沾到ema30/ema60</p>
<p style='color: green;'>  币种/交易对:FORUSDT 沾到ema30/ema60</p>
<p style='color: green;'>  币种/交易对:REQUSDT 沾到ema30/ema60</p>
<p style='color: green;'>  币种/交易对:GHSTUSDT 沾到ema30/ema60</p>
<p style='color: green;'>  币种/交易对:WAXPUSDT 沾到ema30/ema60</p>
<p style='color: green;'>  币种/交易对:GNOUSDT 沾到ema30/ema60</p>
<p style='color: green;'>  币种/交易对:MTLBUSD 沾到ema30/ema60</p>
<p style='color: green;'>  币种/交易对:OGNBUSD 沾到ema30/ema60</p>
<p style='color: green;'>  币种/交易对:XECUSDT 沾到ema30/ema60</p>
<p style='color: green;'>  币种/交易对:ELFUSDT 沾到ema30/ema60</p>
<p style='color: green;'>  币种/交易对:ELFBUSD 沾到ema30/ema60</p>
<p style='color: green;'>  币种/交易对:IDEXUSDT 沾到ema30/ema60</p>
<p style='color: green;'>  币种/交易对:VIDTUSDT 沾到ema30/ema60</p>
<p style='color: green;'>  币种/交易对:GALAUSDT 沾到ema30/ema60</p>
<p style='color: green;'>  币种/交易对:GALABUSD 沾到ema30/ema60</p>
<p style='color: green;'>  币种/交易对:SUNBUSD 沾到ema30/ema60</p>
<p style='color: green;'>  币种/交易对:ILVUSDT 沾到ema30/ema60</p>
<p style='color: green;'>  币种/交易对:ILVBUSD 沾到ema30/ema60</p>
<p style='color: green;'>  币种/交易对:RENBUSD 沾到ema30/ema60</p>
<p style='color: green;'>  币种/交易对:YGGUSDT 沾到ema30/ema60</p>
<p style='color: green;'>  币种/交易对:YGGBUSD 沾到ema30/ema60</p>
<p style='color: green;'>  币种/交易对:STXBUSD 沾到ema30/ema60</p>
<p style='color: green;'>  币种/交易对:SYSUSDT 沾到ema30/ema60</p>
<p style='color: green;'>  币种/交易对:DFUSDT 沾到ema30/ema60</p>
<p style='color: green;'>  币种/交易对:FETBUSD 沾到ema30/ema60</p>
<p style='color: green;'>  币种/交易对:ARPABUSD 沾到ema30/ema60</p>
<p style='color: green;'>  币种/交易对:LSKBUSD 沾到ema30/ema60</p>
<p style='color: green;'>  币种/交易对:FIDAUSDT 沾到ema30/ema60</p>
<p style='color: green;'>  币种/交易对:FIDABUSD 沾到ema30/ema60</p>
<p style='color: green;'>  币种/交易对:DENTBUSD 沾到ema30/ema60</p>
<p style='color: green;'>  币种/交易对:FRONTUSDT 沾到ema30/ema60</p>
<p style='color: green;'>  币种/交易对:AGLDBUSD 沾到ema30/ema60</p>
<p style='color: green;'>  币种/交易对:AGLDUSDT 沾到ema30/ema60</p>
<p style='color: green;'>  币种/交易对:RADBUSD 沾到ema30/ema60</p>
<p style='color: green;'>  币种/交易对:RADUSDT 沾到ema30/ema60</p>
<p style='color: green;'>  币种/交易对:STPTBUSD 沾到ema30/ema60</p>
<p style='color: green;'>  币种/交易对:BETABUSD 沾到ema30/ema60</p>
<p style='color: green;'>  币种/交易对:BETAUSDT 沾到ema30/ema60</p>
<p style='color: green;'>  币种/交易对:RAREBUSD 沾到ema30/ema60</p>
<p style='color: green;'>  币种/交易对:RAREUSDT 沾到ema30/ema60</p>
<p style='color: green;'>  币种/交易对:TROYBUSD 沾到ema30/ema60</p>
<p style='color: green;'>  币种/交易对:LAZIOUSDT 沾到ema30/ema60</p>
<p style='color: green;'>  币种/交易对:CHESSBUSD 沾到ema30/ema60</p>
<p style='color: green;'>  币种/交易对:CHESSUSDT 沾到ema30/ema60</p>
<p style='color: green;'>  币种/交易对:SCRTBUSD 沾到ema30/ema60</p>
<p style='color: green;'>  币种/交易对:ADXUSDT 沾到ema30/ema60</p>
<p style='color: green;'>  币种/交易对:CELOBUSD 沾到ema30/ema60</p>
<p style='color: green;'>  币种/交易对:DARUSDT 沾到ema30/ema60</p>
<p style='color: green;'>  币种/交易对:DARBUSD 沾到ema30/ema60</p>
<p style='color: green;'>  币种/交易对:BNXBUSD 沾到ema30/ema60</p>
<p style='color: green;'>  币种/交易对:BNXUSDT 沾到ema30/ema60</p>
<p style='color: green;'>  币种/交易对:LAZIOBUSD 沾到ema30/ema60</p>
<p style='color: green;'>  币种/交易对:OXTBUSD 沾到ema30/ema60</p>
<p style='color: green;'>  币种/交易对:MOVRBUSD 沾到ema30/ema60</p>
<p style='color: green;'>  币种/交易对:MOVRUSDT 沾到ema30/ema60</p>
<p style='color: green;'>  币种/交易对:CITYBUSD 沾到ema30/ema60</p>
<p style='color: green;'>  币种/交易对:CITYUSDT 沾到ema30/ema60</p>
<p style='color: green;'>  币种/交易对:ENSBUSD 沾到ema30/ema60</p>
<p style='color: green;'>  币种/交易对:ENSUSDT 沾到ema30/ema60</p>
<p style='color: green;'>  币种/交易对:ANKRBUSD 沾到ema30/ema60</p>
<p style='color: green;'>  币种/交易对:KP3RUSDT 沾到ema30/ema60</p>
<p style='color: green;'>  币种/交易对:QIUSDT 沾到ema30/ema60</p>
<p style='color: green;'>  币种/交易对:QIBUSD 沾到ema30/ema60</p>
<p style='color: green;'>  币种/交易对:PORTOUSDT 沾到ema30/ema60</p>
<p style='color: green;'>  币种/交易对:POWRUSDT 沾到ema30/ema60</p>
<p style='color: green;'>  币种/交易对:POWRBUSD 沾到ema30/ema60</p>
<p style='color: green;'>  币种/交易对:VGXUSDT 沾到ema30/ema60</p>
<p style='color: green;'>  币种/交易对:JASMYUSDT 沾到ema30/ema60</p>
<p style='color: green;'>  币种/交易对:JASMYBUSD 沾到ema30/ema60</p>
<p style='color: green;'>  币种/交易对:AMPBUSD 沾到ema30/ema60</p>
<p style='color: green;'>  币种/交易对:AMPUSDT 沾到ema30/ema60</p>
<p style='color: green;'>  币种/交易对:PYRBUSD 沾到ema30/ema60</p>
<p style='color: green;'>  币种/交易对:PYRUSDT 沾到ema30/ema60</p>
<p style='color: green;'>  币种/交易对:ALCXBUSD 沾到ema30/ema60</p>
<p style='color: green;'>  币种/交易对:ALCXUSDT 沾到ema30/ema60</p>
<p style='color: green;'>  币种/交易对:SANTOSUSDT 沾到ema30/ema60</p>
<p style='color: green;'>  币种/交易对:MCBUSD 沾到ema30/ema60</p>
<p style='color: green;'>  币种/交易对:MCUSDT 沾到ema30/ema60</p>
<p style='color: green;'>  币种/交易对:COCOSBUSD 沾到ema30/ema60</p>
<p style='color: green;'>  币种/交易对:FLUXBUSD 沾到ema30/ema60</p>
<p style='color: green;'>  币种/交易对:FLUXUSDT 沾到ema30/ema60</p>
<p style='color: green;'>  币种/交易对:REQBUSD 沾到ema30/ema60</p>
<p style='color: green;'>  币种/交易对:COSBUSD 沾到ema30/ema60</p>
<p style='color: green;'>  币种/交易对:CTXCBUSD 沾到ema30/ema60</p>
<p style='color: green;'>  币种/交易对:HIGHBUSD 沾到ema30/ema60</p>
<p style='color: green;'>  币种/交易对:HIGHUSDT 沾到ema30/ema60</p>
<p style='color: green;'>  币种/交易对:PEOPLEBUSD 沾到ema30/ema60</p>
<p style='color: green;'>  币种/交易对:PEOPLEUSDT 沾到ema30/ema60</p>
<p style='color: green;'>  币种/交易对:OOKIBUSD 沾到ema30/ema60</p>
<p style='color: green;'>  币种/交易对:OOKIUSDT 沾到ema30/ema60</p>
<p style='color: green;'>  币种/交易对:MDTBUSD 沾到ema30/ema60</p>
<p style='color: green;'>  币种/交易对:NULSBUSD 沾到ema30/ema60</p>
<p style='color: green;'>  币种/交易对:SPELLUSDT 沾到ema30/ema60</p>
<p style='color: green;'>  币种/交易对:SPELLBUSD 沾到ema30/ema60</p>
<p style='color: green;'>  币种/交易对:JOEBUSD 沾到ema30/ema60</p>
<p style='color: green;'>  币种/交易对:JOEUSDT 沾到ema30/ema60</p>
<p style='color: green;'>  币种/交易对:DUSKBUSD 沾到ema30/ema60</p>
<p style='color: green;'>  币种/交易对:ACHBUSD 沾到ema30/ema60</p>
<p style='color: green;'>  币种/交易对:ACHUSDT 沾到ema30/ema60</p>
<p style='color: green;'>  币种/交易对:UMABUSD 沾到ema30/ema60</p>
<p style='color: green;'>  币种/交易对:LOKABUSD 沾到ema30/ema60</p>
<p style='color: green;'>  币种/交易对:LOKAUSDT 沾到ema30/ema60</p>
<p style='color: green;'>  币种/交易对:SCRTUSDT 沾到ema30/ema60</p>
<p style='color: green;'>  币种/交易对:BTTCUSDT 沾到ema30/ema60</p>
<p style='color: green;'>  币种/交易对:ACABUSD 沾到ema30/ema60</p>
<p style='color: green;'>  币种/交易对:ACAUSDT 沾到ema30/ema60</p>
<p style='color: green;'>  币种/交易对:ANCBUSD 沾到ema30/ema60</p>
<p style='color: green;'>  币种/交易对:WOOBUSD 沾到ema30/ema60</p>
<p style='color: green;'>  币种/交易对:WOOUSDT 沾到ema30/ema60</p>
<p style='color: green;'>  币种/交易对:TFUELBUSD 沾到ema30/ema60</p>
<p style='color: green;'>  币种/交易对:ALPINEUSDT 沾到ema30/ema60</p>
<p style='color: green;'>  币种/交易对:TUSDT 沾到ema30/ema60</p>
<p style='color: green;'>  币种/交易对:TBUSD 沾到ema30/ema60</p>
<p style='color: green;'>  币种/交易对:GMTBUSD 沾到ema30/ema60</p>
<p style='color: green;'>  币种/交易对:GMTUSDT 沾到ema30/ema60</p>
<p style='color: green;'>  币种/交易对:ALPINEBUSD 沾到ema30/ema60</p>
<p style='color: green;'>  币种/交易对:BSWUSDT 沾到ema30/ema60</p>
<p style='color: green;'>  币种/交易对:BSWBUSD 沾到ema30/ema60</p>
<p style='color: green;'>  币种/交易对:SANTOSBUSD 沾到ema30/ema60</p>
<p style='color: green;'>  币种/交易对:BIFIUSDT 沾到ema30/ema60</p>
<p style='color: green;'>  币种/交易对:PORTOBUSD 沾到ema30/ema60</p>
<p style='color: green;'>  币种/交易对:STEEMUSDT 沾到ema30/ema60</p>
<p style='color: green;'>  币种/交易对:MBLBUSD 沾到ema30/ema60</p>
<p style='color: green;'>  币种/交易对:REIUSDT 沾到ema30/ema60</p>
<p style='color: green;'>  币种/交易对:LDOBUSD 沾到ema30/ema60</p>
<p style='color: green;'>  币种/交易对:LDOUSDT 沾到ema30/ema60</p>
<p style='color: green;'>  币种/交易对:EPXUSDT 沾到ema30/ema60</p>
<p style='color: green;'>  币种/交易对:EPXBUSD 沾到ema30/ema60</p>
<p style='color: green;'>  币种/交易对:STEEMBUSD 沾到ema30/ema60</p>
<p style='color: green;'>  币种/交易对:CVCBUSD 沾到ema30/ema60</p>
<p style='color: green;'>  币种/交易对:REIBUSD 沾到ema30/ema60</p>
<p style='color: green;'>  币种/交易对:DREPBUSD 沾到ema30/ema60</p>
<p style='color: green;'>  币种/交易对:AKROBUSD 沾到ema30/ema60</p>
<p style='color: green;'>  币种/交易对:PUNDIXBUSD 沾到ema30/ema60</p>
<p style='color: green;'>  币种/交易对:LUNCBUSD 沾到ema30/ema60</p>
<p style='color: green;'>  币种/交易对:USTCBUSD 沾到ema30/ema60</p>
<p style='color: green;'>  币种/交易对:OGBUSD 沾到ema30/ema60</p>
<p style='color: green;'>  币种/交易对:KEYBUSD 沾到ema30/ema60</p>
<p style='color: green;'>  币种/交易对:ASRBUSD 沾到ema30/ema60</p>
<p style='color: green;'>  币种/交易对:FIROBUSD 沾到ema30/ema60</p>
<p style='color: green;'>  币种/交易对:NKNBUSD 沾到ema30/ema60</p>
<p style='color: green;'>  币种/交易对:GTOBUSD 沾到ema30/ema60</p>
<p style='color: green;'>  币种/交易对:WBTCBUSD 沾到ema30/ema60</p>
<p style='color: green;'>  币种/交易对:GLMBUSD 沾到ema30/ema60</p>
<p style='color: green;'>  币种/交易对:SSVBUSD 沾到ema30/ema60</p>
<p style='color: green;'>  币种/交易对:ARKBUSD 沾到ema30/ema60</p>
<p style='color: green;'>  币种/交易对:BETHBUSD 沾到ema30/ema60</p>
<p style='color: green;'>  币种/交易对:LOOMBUSD 沾到ema30/ema60</p>
<p style='color: green;'>  币种/交易对:LUNCUSDT 沾到ema30/ema60</p>
<p style='color: green;'>  币种/交易对:PHBBUSD 沾到ema30/ema60</p>
<p style='color: green;'>  币种/交易对:GASBUSD 沾到ema30/ema60</p>
<p style='color: green;'>  币种/交易对:GMXBUSD 沾到ema30/ema60</p>
<p style='color: green;'>  币种/交易对:GMXUSDT 沾到ema30/ema60</p>
<p style='color: green;'>  币种/交易对:AGIXBUSD 沾到ema30/ema60</p>
<p style='color: green;'>  币种/交易对:SNTBUSD 沾到ema30/ema60</p>
<p style='color: green;'>  币种/交易对:POLYXBUSD 沾到ema30/ema60</p>
<p style='color: green;'>  币种/交易对:POLYXUSDT 沾到ema30/ema60</p>
<p style='color: green;'>  币种/交易对:QKCBUSD 沾到ema30/ema60</p>
<p style='color: green;'>  币种/交易对:PHBUSDT 沾到ema30/ema60</p>
<p style='color: green;'>  币种/交易对:VITEBUSD 沾到ema30/ema60</p>
<p style='color: green; font-size:30px;'> <b>段内底背离</b></p>
<p style='color: green;'>  币种/交易对:BEAMUSDT 段内底背离</p>
<p style='color: green;'>  币种/交易对:LINKDOWNUSDT 段内底背离</p>
<p style='color: green;'>  币种/交易对:NBTUSDT 段内底背离</p>
<p style='color: green; font-size:30px;'> <b>cci over 100</b></p>
<p style='color: green;'>  币种/交易对:EURBUSD cci over 100</p>
<p style='color: green;'>  币种/交易对:EURUSDT cci over 100</p>
<p style='color: green;'>  币种/交易对:GBPUSDT cci over 100</p>
<p style='color: green;'>  币种/交易对:CREAMBUSD cci over 100</p>
<p style='color: green;'>  币种/交易对:UFTBUSD cci over 100</p>
<p style='color: green;'>  币种/交易对:PHABUSD cci over 100</p>
<p style='color: green;'>  币种/交易对:PHAUSDT cci over 100</p>
<p style='color: green;'>  币种/交易对:SNMBUSD cci over 100</p>
<p style='color: green;'>  币种/交易对:PROSBUSD cci over 100</p>
<p style='color: green;'>  币种/交易对:VIBBUSD cci over 100</p>
<p style='color: green; font-size:30px;'> <b>0轴上macd金叉信号</b></p>
<p style='color: green;'>  币种/交易对:HIVEUSDT 0轴上macd金叉信号</p>
<p style='color: green;'>  币种/交易对:ALPHABUSD 0轴上macd金叉信号</p>
<p style='color: green;'>  币种/交易对:ALPHAUSDT 0轴上macd金叉信号</p>
<p style='color: green;'>  币种/交易对:ACMBUSD 0轴上macd金叉信号</p>
<p style='color: green;'>  币种/交易对:ACMUSDT 0轴上macd金叉信号</p>
<p style='color: green;'>  币种/交易对:PHABUSD 0轴上macd金叉信号</p>
<p style='color: green;'>  币种/交易对:SLPBUSD 0轴上macd金叉信号</p>
<p style='color: green;'>  币种/交易对:SLPUSDT 0轴上macd金叉信号</p>
<p style='color: green;'>  币种/交易对:PHAUSDT 0轴上macd金叉信号</p>
<p style='color: green;'>  币种/交易对:HIVEBUSD 0轴上macd金叉信号</p>
<p style='color: green;'>  币种/交易对:RAREBUSD 0轴上macd金叉信号</p>
<p style='color: green;'>  币种/交易对:RAREUSDT 0轴上macd金叉信号</p>
<p style='color: green;'>  币种/交易对:VGXUSDT 0轴上macd金叉信号</p>
<p style='color: green;'>  币种/交易对:MCBUSD 0轴上macd金叉信号</p>
<p style='color: green;'>  币种/交易对:MCUSDT 0轴上macd金叉信号</p>
<p style='color: green;'>  币种/交易对:HIGHBUSD 0轴上macd金叉信号</p>
<p style='color: green;'>  币种/交易对:HIGHUSDT 0轴上macd金叉信号</p>
<p style='color: green;'>  币种/交易对:GTOBUSD 0轴上macd金叉信号</p>
<p style='color: green; font-size:30px;'> <b>接近0轴的macd金叉信号</b></p>
<p style='color: green;'>  币种/交易对:HIVEUSDT 接近0轴的macd金叉信号</p>
<p style='color: green;'>  币种/交易对:ALPHABUSD 接近0轴的macd金叉信号</p>
<p style='color: green;'>  币种/交易对:ALPHAUSDT 接近0轴的macd金叉信号</p>
<p style='color: green;'>  币种/交易对:ACMBUSD 接近0轴的macd金叉信号</p>
<p style='color: green;'>  币种/交易对:ACMUSDT 接近0轴的macd金叉信号</p>
<p style='color: green;'>  币种/交易对:PHABUSD 接近0轴的macd金叉信号</p>
<p style='color: green;'>  币种/交易对:SLPBUSD 接近0轴的macd金叉信号</p>
<p style='color: green;'>  币种/交易对:SLPUSDT 接近0轴的macd金叉信号</p>
<p style='color: green;'>  币种/交易对:PHAUSDT 接近0轴的macd金叉信号</p>
<p style='color: green;'>  币种/交易对:HIVEBUSD 接近0轴的macd金叉信号</p>
<p style='color: green;'>  币种/交易对:RAREBUSD 接近0轴的macd金叉信号</p>
<p style='color: green;'>  币种/交易对:RAREUSDT 接近0轴的macd金叉信号</p>
<p style='color: green;'>  币种/交易对:VGXUSDT 接近0轴的macd金叉信号</p>
<p style='color: green;'>  币种/交易对:MCBUSD 接近0轴的macd金叉信号</p>
<p style='color: green;'>  币种/交易对:MCUSDT 接近0轴的macd金叉信号</p>
<p style='color: green;'>  币种/交易对:HIGHBUSD 接近0轴的macd金叉信号</p>
<p style='color: green;'>  币种/交易对:HIGHUSDT 接近0轴的macd金叉信号</p>
<p style='color: green;'>  币种/交易对:GTOBUSD 接近0轴的macd金叉信号</p>
<p style='color: green; font-size:30px;'> <b>macd金叉信号</b></p>
<p style='color: green;'>  币种/交易对:HIVEUSDT macd金叉信号</p>
<p style='color: green;'>  币种/交易对:BTCDOWNUSDT macd金叉信号</p>
<p style='color: green;'>  币种/交易对:AUDBUSD macd金叉信号</p>
<p style='color: green;'>  币种/交易对:AUDUSDT macd金叉信号</p>
<p style='color: green;'>  币种/交易对:XRPDOWNUSDT macd金叉信号</p>
<p style='color: green;'>  币种/交易对:CREAMBUSD macd金叉信号</p>
<p style='color: green;'>  币种/交易对:ALPHABUSD macd金叉信号</p>
<p style='color: green;'>  币种/交易对:ALPHAUSDT macd金叉信号</p>
<p style='color: green;'>  币种/交易对:ACMBUSD macd金叉信号</p>
<p style='color: green;'>  币种/交易对:ACMUSDT macd金叉信号</p>
<p style='color: green;'>  币种/交易对:PHABUSD macd金叉信号</p>
<p style='color: green;'>  币种/交易对:SLPBUSD macd金叉信号</p>
<p style='color: green;'>  币种/交易对:SLPUSDT macd金叉信号</p>
<p style='color: green;'>  币种/交易对:PHAUSDT macd金叉信号</p>
<p style='color: green;'>  币种/交易对:HIVEBUSD macd金叉信号</p>
<p style='color: green;'>  币种/交易对:RAREBUSD macd金叉信号</p>
<p style='color: green;'>  币种/交易对:RAREUSDT macd金叉信号</p>
<p style='color: green;'>  币种/交易对:VGXUSDT macd金叉信号</p>
<p style='color: green;'>  币种/交易对:MCBUSD macd金叉信号</p>
<p style='color: green;'>  币种/交易对:MCUSDT macd金叉信号</p>
<p style='color: green;'>  币种/交易对:HIGHBUSD macd金叉信号</p>
<p style='color: green;'>  币种/交易对:HIGHUSDT macd金叉信号</p>
<p style='color: green;'>  币种/交易对:GTOBUSD macd金叉信号</p>
<p style='color: green; font-size:30px;'> <b>kdj金叉信号</b></p>
<p style='color: green;'>  币种/交易对:BTCDOWNUSDT kdj金叉信号</p>
<p style='color: green;'>  币种/交易对:ETHDOWNUSDT kdj金叉信号</p>
<p style='color: green;'>  币种/交易对:LINKDOWNUSDT kdj金叉信号</p>
<p style='color: green;'>  币种/交易对:AUDBUSD kdj金叉信号</p>
<p style='color: green;'>  币种/交易对:AUDUSDT kdj金叉信号</p>
<p style='color: green;'>  币种/交易对:BTTCBUSD kdj金叉信号</p>
<p style='color: green;'>  币种/交易对:MOBUSDT kdj金叉信号</p>
<p style='color: green;'>  币种/交易对:MOBBUSD kdj金叉信号</p>
<p style='color: green;'>  币种/交易对:SNMBUSD kdj金叉信号</p>
<p style='color: green; font-size:30px;'> <b>分立跳空底背离</b></p>
<p style='color: green;'>  币种/交易对:ADADOWNUSDT 分立跳空底背离</p>
<p style='color: green; font-size:30px;'> <b>DMI+</b></p>
<p style='color: green;'>  币种/交易对:AUDBUSD DMI+</p>
<p style='color: green;'>  币种/交易对:CREAMBUSD DMI+</p>
<p style='color: green;'>  币种/交易对:SLPUSDT DMI+</p>
<p style='color: green;'>  币种/交易对:QUICKBUSD DMI+</p>
<p style='color: green;'>  币种/交易对:FARMUSDT DMI+</p>
<p style='color: green;'>  币种/交易对:QUICKUSDT DMI+</p>
<p style='color: green; font-size:30px;'> <b>macd金叉信号 + DMI</b></p>
<p style='color: green;'>  币种/交易对:SLPUSDT macd金叉信号 + DMI</p>
