<p style='color: green; font-size:30px;'> <b>macd金叉信号</b></p>
<p style='color: green;'>  币种/交易对:1INCHUSD macd金叉信号</p>
<p style='color: green;'>  币种/交易对:ALPHAUSD macd金叉信号</p>
<p style='color: green;'>  币种/交易对:AUDIOUSD macd金叉信号</p>
<p style='color: green;'>  币种/交易对:AUDIOUSDT macd金叉信号</p>
<p style='color: green;'>  币种/交易对:BALUSD macd金叉信号</p>
<p style='color: green;'>  币种/交易对:BALUSDT macd金叉信号</p>
<p style='color: green;'>  币种/交易对:BANDUSD macd金叉信号</p>
<p style='color: green;'>  币种/交易对:BITOUSD macd金叉信号</p>
<p style='color: green;'>  币种/交易对:BNTUSD macd金叉信号</p>
<p style='color: green;'>  币种/交易对:BTCUSD macd金叉信号</p>
<p style='color: green;'>  币种/交易对:BTCUSDT macd金叉信号</p>
<p style='color: green;'>  币种/交易对:BTTUSD macd金叉信号</p>
<p style='color: green;'>  币种/交易对:CADUSD macd金叉信号</p>
<p style='color: green;'>  币种/交易对:CHRUSD macd金叉信号</p>
<p style='color: green;'>  币种/交易对:CLVUSD macd金叉信号</p>
<p style='color: green;'>  币种/交易对:CRONUSD macd金叉信号</p>
<p style='color: green;'>  币种/交易对:CVCUSD macd金叉信号</p>
<p style='color: green;'>  币种/交易对:DAIUSDT macd金叉信号</p>
<p style='color: green;'>  币种/交易对:DENTUSD macd金叉信号</p>
<p style='color: green;'>  币种/交易对:EDENUSD macd金叉信号</p>
<p style='color: green;'>  币种/交易对:ENSUSD macd金叉信号</p>
<p style='color: green;'>  币种/交易对:ETHEUSD macd金叉信号</p>
<p style='color: green;'>  币种/交易对:FRONTUSD macd金叉信号</p>
<p style='color: green;'>  币种/交易对:FRONTUSDT macd金叉信号</p>
<p style='color: green;'>  币种/交易对:FTMUSD macd金叉信号</p>
<p style='color: green;'>  币种/交易对:FTTUSD macd金叉信号</p>
<p style='color: green;'>  币种/交易对:FTTUSDT macd金叉信号</p>
<p style='color: green;'>  币种/交易对:GBTCUSD macd金叉信号</p>
<p style='color: green;'>  币种/交易对:GLDUSD macd金叉信号</p>
<p style='color: green;'>  币种/交易对:GMEUSD macd金叉信号</p>
<p style='color: green;'>  币种/交易对:GOGUSD macd金叉信号</p>
<p style='color: green;'>  币种/交易对:HOLYUSD macd金叉信号</p>
<p style='color: green;'>  币种/交易对:KINUSD macd金叉信号</p>
<p style='color: green;'>  币种/交易对:KNCUSD macd金叉信号</p>
<p style='color: green;'>  币种/交易对:KNCUSDT macd金叉信号</p>
<p style='color: green;'>  币种/交易对:KSHIBUSD macd金叉信号</p>
<p style='color: green;'>  币种/交易对:KSOSUSD macd金叉信号</p>
<p style='color: green;'>  币种/交易对:LINKUSD macd金叉信号</p>
<p style='color: green;'>  币种/交易对:LINKUSDT macd金叉信号</p>
<p style='color: green;'>  币种/交易对:LRCUSD macd金叉信号</p>
<p style='color: green;'>  币种/交易对:LTCUSD macd金叉信号</p>
<p style='color: green;'>  币种/交易对:LTCUSDT macd金叉信号</p>
<p style='color: green;'>  币种/交易对:LUAUSD macd金叉信号</p>
<p style='color: green;'>  币种/交易对:MANAUSD macd金叉信号</p>
<p style='color: green;'>  币种/交易对:MATICUSD macd金叉信号</p>
<p style='color: green;'>  币种/交易对:MKRUSD macd金叉信号</p>
<p style='color: green;'>  币种/交易对:MKRUSDT macd金叉信号</p>
<p style='color: green;'>  币种/交易对:MOBUSD macd金叉信号</p>
<p style='color: green;'>  币种/交易对:MOBUSDT macd金叉信号</p>
<p style='color: green;'>  币种/交易对:MSTRUSD macd金叉信号</p>
<p style='color: green;'>  币种/交易对:NVDAUSD macd金叉信号</p>
<p style='color: green;'>  币种/交易对:OMGUSD macd金叉信号</p>
<p style='color: green;'>  币种/交易对:ORBSUSD macd金叉信号</p>
<p style='color: green;'>  币种/交易对:PAXGUSD macd金叉信号</p>
<p style='color: green;'>  币种/交易对:PAXGUSDT macd金叉信号</p>
<p style='color: green;'>  币种/交易对:PSYUSD macd金叉信号</p>
<p style='color: green;'>  币种/交易对:PYPLUSD macd金叉信号</p>
<p style='color: green;'>  币种/交易对:RAYUSD macd金叉信号</p>
<p style='color: green;'>  币种/交易对:RENUSD macd金叉信号</p>
<p style='color: green;'>  币种/交易对:RNDRUSD macd金叉信号</p>
<p style='color: green;'>  币种/交易对:RSRUSD macd金叉信号</p>
<p style='color: green;'>  币种/交易对:SANDUSD macd金叉信号</p>
<p style='color: green;'>  币种/交易对:SECOUSD macd金叉信号</p>
<p style='color: green;'>  币种/交易对:SHIBUSD macd金叉信号</p>
<p style='color: green;'>  币种/交易对:SKLUSD macd金叉信号</p>
<p style='color: green;'>  币种/交易对:SNXUSD macd金叉信号</p>
<p style='color: green;'>  币种/交易对:SOSUSD macd金叉信号</p>
<p style='color: green;'>  币种/交易对:SPYUSD macd金叉信号</p>
<p style='color: green;'>  币种/交易对:SRMUSD macd金叉信号</p>
<p style='color: green;'>  币种/交易对:SUNUSD macd金叉信号</p>
<p style='color: green;'>  币种/交易对:TOMOUSD macd金叉信号</p>
<p style='color: green;'>  币种/交易对:TOMOUSDT macd金叉信号</p>
<p style='color: green;'>  币种/交易对:TONCOINUSD macd金叉信号</p>
<p style='color: green;'>  币种/交易对:TRUUSD macd金叉信号</p>
<p style='color: green;'>  币种/交易对:TRUUSDT macd金叉信号</p>
<p style='color: green;'>  币种/交易对:TRXUSD macd金叉信号</p>
<p style='color: green;'>  币种/交易对:TRXUSDT macd金叉信号</p>
<p style='color: green;'>  币种/交易对:TWTRUSD macd金叉信号</p>
<p style='color: green;'>  币种/交易对:UNIUSD macd金叉信号</p>
<p style='color: green;'>  币种/交易对:UNIUSDT macd金叉信号</p>
<p style='color: green;'>  币种/交易对:WBTCUSD macd金叉信号</p>
<p style='color: green;'>  币种/交易对:XAUTUSDT macd金叉信号</p>
<p style='color: green;'>  币种/交易对:XRPUSD macd金叉信号</p>
<p style='color: green;'>  币种/交易对:XRPUSDT macd金叉信号</p>
<p style='color: green;'>  币种/交易对:YFIUSD macd金叉信号</p>
<p style='color: green;'>  币种/交易对:YFIUSDT macd金叉信号</p>
<p style='color: green;'>  币种/交易对:ADABEARUSD macd金叉信号</p>
<p style='color: green;'>  币种/交易对:ALTBULLUSD macd金叉信号</p>
<p style='color: green;'>  币种/交易对:BALBULLUSD macd金叉信号</p>
<p style='color: green;'>  币种/交易对:BALBULLUSDT macd金叉信号</p>
<p style='color: green;'>  币种/交易对:BCHBULLUSD macd金叉信号</p>
<p style='color: green;'>  币种/交易对:BCHHALFUSD macd金叉信号</p>
<p style='color: green;'>  币种/交易对:BULLUSD macd金叉信号</p>
<p style='color: green;'>  币种/交易对:BULLUSDT macd金叉信号</p>
<p style='color: green;'>  币种/交易对:COMPBULLUSD macd金叉信号</p>
<p style='color: green;'>  币种/交易对:COMPBULLUSDT macd金叉信号</p>
<p style='color: green;'>  币种/交易对:CUSDTBULLUSD macd金叉信号</p>
<p style='color: green;'>  币种/交易对:DEFIBULLUSD macd金叉信号</p>
<p style='color: green;'>  币种/交易对:DEFIBULLUSDT macd金叉信号</p>
<p style='color: green;'>  币种/交易对:DRGNBULLUSD macd金叉信号</p>
<p style='color: green;'>  币种/交易对:DRGNHALFUSD macd金叉信号</p>
<p style='color: green;'>  币种/交易对:EOSBULLUSD macd金叉信号</p>
<p style='color: green;'>  币种/交易对:EOSBULLUSDT macd金叉信号</p>
<p style='color: green;'>  币种/交易对:EOSHALFUSD macd金叉信号</p>
<p style='color: green;'>  币种/交易对:ETHBULLUSD macd金叉信号</p>
<p style='color: green;'>  币种/交易对:ETHBULLUSDT macd金叉信号</p>
<p style='color: green;'>  币种/交易对:EXCHBULLUSD macd金叉信号</p>
<p style='color: green;'>  币种/交易对:HALFUSD macd金叉信号</p>
<p style='color: green;'>  币种/交易对:KNCBULLUSD macd金叉信号</p>
<p style='color: green;'>  币种/交易对:KNCBULLUSDT macd金叉信号</p>
<p style='color: green;'>  币种/交易对:KNCHALFUSD macd金叉信号</p>
<p style='color: green;'>  币种/交易对:LINKBEARUSD macd金叉信号</p>
<p style='color: green;'>  币种/交易对:LINKBEARUSDT macd金叉信号</p>
<p style='color: green;'>  币种/交易对:LINKBULLUSD macd金叉信号</p>
<p style='color: green;'>  币种/交易对:LINKBULLUSDT macd金叉信号</p>
<p style='color: green;'>  币种/交易对:LINKHALFUSD macd金叉信号</p>
<p style='color: green;'>  币种/交易对:LTCBULLUSD macd金叉信号</p>
<p style='color: green;'>  币种/交易对:LTCBULLUSDT macd金叉信号</p>
<p style='color: green;'>  币种/交易对:LTCHALFUSD macd金叉信号</p>
<p style='color: green;'>  币种/交易对:MATICBULLUSD macd金叉信号</p>
<p style='color: green;'>  币种/交易对:MATICHALFUSD macd金叉信号</p>
<p style='color: green;'>  币种/交易对:MIDBULLUSD macd金叉信号</p>
<p style='color: green;'>  币种/交易对:MKRBULLUSD macd金叉信号</p>
<p style='color: green;'>  币种/交易对:PRIVBULLUSD macd金叉信号</p>
<p style='color: green;'>  币种/交易对:PRIVHALFUSD macd金叉信号</p>
<p style='color: green;'>  币种/交易对:SUSHIBEARUSD macd金叉信号</p>
<p style='color: green;'>  币种/交易对:SUSHIBULLUSD macd金叉信号</p>
<p style='color: green;'>  币种/交易对:THETABEARUSD macd金叉信号</p>
<p style='color: green;'>  币种/交易对:TOMOHALFUSD macd金叉信号</p>
<p style='color: green;'>  币种/交易对:TRXBULLUSD macd金叉信号</p>
<p style='color: green;'>  币种/交易对:TRXHALFUSD macd金叉信号</p>
<p style='color: green;'>  币种/交易对:USDTHEDGEUSD macd金叉信号</p>
<p style='color: green;'>  币种/交易对:XRPBULLUSD macd金叉信号</p>
<p style='color: green;'>  币种/交易对:XRPBULLUSDT macd金叉信号</p>
<p style='color: green;'>  币种/交易对:XRPHALFUSD macd金叉信号</p>
<p style='color: green;'>  币种/交易对:ZECBULLUSD macd金叉信号</p>
<p style='color: green; font-size:30px;'> <b>kdj金叉信号</b></p>
<p style='color: green;'>  币种/交易对:1INCHUSD kdj金叉信号</p>
<p style='color: green;'>  币种/交易对:AAVEUSD kdj金叉信号</p>
<p style='color: green;'>  币种/交易对:AAVEUSDT kdj金叉信号</p>
<p style='color: green;'>  币种/交易对:AGLDUSD kdj金叉信号</p>
<p style='color: green;'>  币种/交易对:AKROUSDT kdj金叉信号</p>
<p style='color: green;'>  币种/交易对:ALGOUSD kdj金叉信号</p>
<p style='color: green;'>  币种/交易对:ALGOUSDT kdj金叉信号</p>
<p style='color: green;'>  币种/交易对:ALICEUSD kdj金叉信号</p>
<p style='color: green;'>  币种/交易对:ALPHAUSD kdj金叉信号</p>
<p style='color: green;'>  币种/交易对:AMDUSD kdj金叉信号</p>
<p style='color: green;'>  币种/交易对:AMPLUSD kdj金叉信号</p>
<p style='color: green;'>  币种/交易对:AMPLUSDT kdj金叉信号</p>
<p style='color: green;'>  币种/交易对:APEUSD kdj金叉信号</p>
<p style='color: green;'>  币种/交易对:APHAUSD kdj金叉信号</p>
<p style='color: green;'>  币种/交易对:ASDUSD kdj金叉信号</p>
<p style='color: green;'>  币种/交易对:ATOMUSD kdj金叉信号</p>
<p style='color: green;'>  币种/交易对:ATOMUSDT kdj金叉信号</p>
<p style='color: green;'>  币种/交易对:AUDIOUSD kdj金叉信号</p>
<p style='color: green;'>  币种/交易对:AUDIOUSDT kdj金叉信号</p>
<p style='color: green;'>  币种/交易对:AVAXUSD kdj金叉信号</p>
<p style='color: green;'>  币种/交易对:AVAXUSDT kdj金叉信号</p>
<p style='color: green;'>  币种/交易对:AXSUSD kdj金叉信号</p>
<p style='color: green;'>  币种/交易对:BADGERUSD kdj金叉信号</p>
<p style='color: green;'>  币种/交易对:BALUSD kdj金叉信号</p>
<p style='color: green;'>  币种/交易对:BALUSDT kdj金叉信号</p>
<p style='color: green;'>  币种/交易对:BANDUSD kdj金叉信号</p>
<p style='color: green;'>  币种/交易对:BATUSD kdj金叉信号</p>
<p style='color: green;'>  币种/交易对:BCHUSD kdj金叉信号</p>
<p style='color: green;'>  币种/交易对:BCHUSDT kdj金叉信号</p>
<p style='color: green;'>  币种/交易对:BICOUSD kdj金叉信号</p>
<p style='color: green;'>  币种/交易对:BITWUSD kdj金叉信号</p>
<p style='color: green;'>  币种/交易对:BNBUSD kdj金叉信号</p>
<p style='color: green;'>  币种/交易对:BNBUSDT kdj金叉信号</p>
<p style='color: green;'>  币种/交易对:BTCUSD kdj金叉信号</p>
<p style='color: green;'>  币种/交易对:BTCUSDT kdj金叉信号</p>
<p style='color: green;'>  币种/交易对:BTTUSD kdj金叉信号</p>
<p style='color: green;'>  币种/交易对:CELUSD kdj金叉信号</p>
<p style='color: green;'>  币种/交易对:CHZUSD kdj金叉信号</p>
<p style='color: green;'>  币种/交易对:CHZUSDT kdj金叉信号</p>
<p style='color: green;'>  币种/交易对:CLVUSD kdj金叉信号</p>
<p style='color: green;'>  币种/交易对:COINUSD kdj金叉信号</p>
<p style='color: green;'>  币种/交易对:COMPUSD kdj金叉信号</p>
<p style='color: green;'>  币种/交易对:COMPUSDT kdj金叉信号</p>
<p style='color: green;'>  币种/交易对:CONVUSD kdj金叉信号</p>
<p style='color: green;'>  币种/交易对:CQTUSD kdj金叉信号</p>
<p style='color: green;'>  币种/交易对:CROUSD kdj金叉信号</p>
<p style='color: green;'>  币种/交易对:CVCUSD kdj金叉信号</p>
<p style='color: green;'>  币种/交易对:CVXUSD kdj金叉信号</p>
<p style='color: green;'>  币种/交易对:DAIUSDT kdj金叉信号</p>
<p style='color: green;'>  币种/交易对:DAWNUSD kdj金叉信号</p>
<p style='color: green;'>  币种/交易对:DENTUSD kdj金叉信号</p>
<p style='color: green;'>  币种/交易对:DKNGUSD kdj金叉信号</p>
<p style='color: green;'>  币种/交易对:DOTUSD kdj金叉信号</p>
<p style='color: green;'>  币种/交易对:DOTUSDT kdj金叉信号</p>
<p style='color: green;'>  币种/交易对:EDENUSD kdj金叉信号</p>
<p style='color: green;'>  币种/交易对:ENJUSD kdj金叉信号</p>
<p style='color: green;'>  币种/交易对:ENSUSD kdj金叉信号</p>
<p style='color: green;'>  币种/交易对:ETHUSD kdj金叉信号</p>
<p style='color: green;'>  币种/交易对:ETHUSDT kdj金叉信号</p>
<p style='color: green;'>  币种/交易对:FIDAUSD kdj金叉信号</p>
<p style='color: green;'>  币种/交易对:FIDAUSDT kdj金叉信号</p>
<p style='color: green;'>  币种/交易对:FRONTUSD kdj金叉信号</p>
<p style='color: green;'>  币种/交易对:FRONTUSDT kdj金叉信号</p>
<p style='color: green;'>  币种/交易对:FTMUSD kdj金叉信号</p>
<p style='color: green;'>  币种/交易对:FTTUSD kdj金叉信号</p>
<p style='color: green;'>  币种/交易对:FTTUSDT kdj金叉信号</p>
<p style='color: green;'>  币种/交易对:GALUSD kdj金叉信号</p>
<p style='color: green;'>  币种/交易对:GDXUSD kdj金叉信号</p>
<p style='color: green;'>  币种/交易对:GENEUSD kdj金叉信号</p>
<p style='color: green;'>  币种/交易对:GLXYUSD kdj金叉信号</p>
<p style='color: green;'>  币种/交易对:GMTUSD kdj金叉信号</p>
<p style='color: green;'>  币种/交易对:GTUSD kdj金叉信号</p>
<p style='color: green;'>  币种/交易对:HOLYUSD kdj金叉信号</p>
<p style='color: green;'>  币种/交易对:HTUSD kdj金叉信号</p>
<p style='color: green;'>  币种/交易对:HUMUSD kdj金叉信号</p>
<p style='color: green;'>  币种/交易对:HXROUSDT kdj金叉信号</p>
<p style='color: green;'>  币种/交易对:IMXUSD kdj金叉信号</p>
<p style='color: green;'>  币种/交易对:JOEUSD kdj金叉信号</p>
<p style='color: green;'>  币种/交易对:KBTTUSD kdj金叉信号</p>
<p style='color: green;'>  币种/交易对:KNCUSD kdj金叉信号</p>
<p style='color: green;'>  币种/交易对:KNCUSDT kdj金叉信号</p>
<p style='color: green;'>  币种/交易对:LINAUSD kdj金叉信号</p>
<p style='color: green;'>  币种/交易对:LOOKSUSD kdj金叉信号</p>
<p style='color: green;'>  币种/交易对:MANAUSD kdj金叉信号</p>
<p style='color: green;'>  币种/交易对:MATICUSD kdj金叉信号</p>
<p style='color: green;'>  币种/交易对:MSTRUSD kdj金叉信号</p>
<p style='color: green;'>  币种/交易对:MTAUSDT kdj金叉信号</p>
<p style='color: green;'>  币种/交易对:NEARUSD kdj金叉信号</p>
<p style='color: green;'>  币种/交易对:NEARUSDT kdj金叉信号</p>
<p style='color: green;'>  币种/交易对:OMGUSD kdj金叉信号</p>
<p style='color: green;'>  币种/交易对:PEOPLEUSD kdj金叉信号</p>
<p style='color: green;'>  币种/交易对:POLISUSD kdj金叉信号</p>
<p style='color: green;'>  币种/交易对:PORTUSD kdj金叉信号</p>
<p style='color: green;'>  币种/交易对:RAMPUSD kdj金叉信号</p>
<p style='color: green;'>  币种/交易对:RAYUSD kdj金叉信号</p>
<p style='color: green;'>  币种/交易对:REEFUSD kdj金叉信号</p>
<p style='color: green;'>  币种/交易对:RENUSD kdj金叉信号</p>
<p style='color: green;'>  币种/交易对:RNDRUSD kdj金叉信号</p>
<p style='color: green;'>  币种/交易对:SANDUSD kdj金叉信号</p>
<p style='color: green;'>  币种/交易对:SECOUSD kdj金叉信号</p>
<p style='color: green;'>  币种/交易对:SLPUSD kdj金叉信号</p>
<p style='color: green;'>  币种/交易对:SNXUSD kdj金叉信号</p>
<p style='color: green;'>  币种/交易对:SNYUSD kdj金叉信号</p>
<p style='color: green;'>  币种/交易对:SPAUSD kdj金叉信号</p>
<p style='color: green;'>  币种/交易对:SPELLUSD kdj金叉信号</p>
<p style='color: green;'>  币种/交易对:STARSUSD kdj金叉信号</p>
<p style='color: green;'>  币种/交易对:STETHUSD kdj金叉信号</p>
<p style='color: green;'>  币种/交易对:STGUSD kdj金叉信号</p>
<p style='color: green;'>  币种/交易对:STMXUSD kdj金叉信号</p>
<p style='color: green;'>  币种/交易对:SUSHIUSD kdj金叉信号</p>
<p style='color: green;'>  币种/交易对:SUSHIUSDT kdj金叉信号</p>
<p style='color: green;'>  币种/交易对:SXPUSD kdj金叉信号</p>
<p style='color: green;'>  币种/交易对:SXPUSDT kdj金叉信号</p>
<p style='color: green;'>  币种/交易对:TLMUSD kdj金叉信号</p>
<p style='color: green;'>  币种/交易对:TOMOUSD kdj金叉信号</p>
<p style='color: green;'>  币种/交易对:TOMOUSDT kdj金叉信号</p>
<p style='color: green;'>  币种/交易对:TULIPUSD kdj金叉信号</p>
<p style='color: green;'>  币种/交易对:UNIUSD kdj金叉信号</p>
<p style='color: green;'>  币种/交易对:UNIUSDT kdj金叉信号</p>
<p style='color: green;'>  币种/交易对:WAVESUSD kdj金叉信号</p>
<p style='color: green;'>  币种/交易对:WBTCUSD kdj金叉信号</p>
<p style='color: green;'>  币种/交易对:WFLOWUSD kdj金叉信号</p>
<p style='color: green;'>  币种/交易对:YGGUSD kdj金叉信号</p>
<p style='color: green;'>  币种/交易对:ADABEARUSD kdj金叉信号</p>
<p style='color: green;'>  币种/交易对:ALGOHALFUSD kdj金叉信号</p>
<p style='color: green;'>  币种/交易对:ASDBULLUSDT kdj金叉信号</p>
<p style='color: green;'>  币种/交易对:ASDHEDGEUSD kdj金叉信号</p>
<p style='color: green;'>  币种/交易对:ATOMBULLUSD kdj金叉信号</p>
<p style='color: green;'>  币种/交易对:ATOMHALFUSD kdj金叉信号</p>
<p style='color: green;'>  币种/交易对:BALBULLUSD kdj金叉信号</p>
<p style='color: green;'>  币种/交易对:BALBULLUSDT kdj金叉信号</p>
<p style='color: green;'>  币种/交易对:BALHALFUSD kdj金叉信号</p>
<p style='color: green;'>  币种/交易对:BCHBULLUSD kdj金叉信号</p>
<p style='color: green;'>  币种/交易对:BCHBULLUSDT kdj金叉信号</p>
<p style='color: green;'>  币种/交易对:BNBBULLUSD kdj金叉信号</p>
<p style='color: green;'>  币种/交易对:BNBBULLUSDT kdj金叉信号</p>
<p style='color: green;'>  币种/交易对:BULLUSD kdj金叉信号</p>
<p style='color: green;'>  币种/交易对:BULLUSDT kdj金叉信号</p>
<p style='color: green;'>  币种/交易对:BULLSHITUSD kdj金叉信号</p>
<p style='color: green;'>  币种/交易对:COMPBULLUSD kdj金叉信号</p>
<p style='color: green;'>  币种/交易对:COMPBULLUSDT kdj金叉信号</p>
<p style='color: green;'>  币种/交易对:COMPHALFUSD kdj金叉信号</p>
<p style='color: green;'>  币种/交易对:DEFIBULLUSD kdj金叉信号</p>
<p style='color: green;'>  币种/交易对:DEFIBULLUSDT kdj金叉信号</p>
<p style='color: green;'>  币种/交易对:DEFIHALFUSD kdj金叉信号</p>
<p style='color: green;'>  币种/交易对:DRGNBULLUSD kdj金叉信号</p>
<p style='color: green;'>  币种/交易对:DRGNHALFUSD kdj金叉信号</p>
<p style='color: green;'>  币种/交易对:ETCBEARUSD kdj金叉信号</p>
<p style='color: green;'>  币种/交易对:ETCBULLUSD kdj金叉信号</p>
<p style='color: green;'>  币种/交易对:ETCHALFUSD kdj金叉信号</p>
<p style='color: green;'>  币种/交易对:ETHBULLUSD kdj金叉信号</p>
<p style='color: green;'>  币种/交易对:ETHBULLUSDT kdj金叉信号</p>
<p style='color: green;'>  币种/交易对:ETHHALFUSD kdj金叉信号</p>
<p style='color: green;'>  币种/交易对:EXCHBULLUSD kdj金叉信号</p>
<p style='color: green;'>  币种/交易对:EXCHHALFUSD kdj金叉信号</p>
<p style='color: green;'>  币种/交易对:HALFUSD kdj金叉信号</p>
<p style='color: green;'>  币种/交易对:HALFSHITUSD kdj金叉信号</p>
<p style='color: green;'>  币种/交易对:HTBULLUSD kdj金叉信号</p>
<p style='color: green;'>  币种/交易对:HTHALFUSD kdj金叉信号</p>
<p style='color: green;'>  币种/交易对:IBVOLUSD kdj金叉信号</p>
<p style='color: green;'>  币种/交易对:KNCBULLUSD kdj金叉信号</p>
<p style='color: green;'>  币种/交易对:KNCHALFUSD kdj金叉信号</p>
<p style='color: green;'>  币种/交易对:LEOBULLUSD kdj金叉信号</p>
<p style='color: green;'>  币种/交易对:LEOHALFUSD kdj金叉信号</p>
<p style='color: green;'>  币种/交易对:LINKBEARUSD kdj金叉信号</p>
<p style='color: green;'>  币种/交易对:LINKBEARUSDT kdj金叉信号</p>
<p style='color: green;'>  币种/交易对:MATICBULLUSD kdj金叉信号</p>
<p style='color: green;'>  币种/交易对:MATICHALFUSD kdj金叉信号</p>
<p style='color: green;'>  币种/交易对:MIDBULLUSD kdj金叉信号</p>
<p style='color: green;'>  币种/交易对:MIDHALFUSD kdj金叉信号</p>
<p style='color: green;'>  币种/交易对:SUSHIBEARUSD kdj金叉信号</p>
<p style='color: green;'>  币种/交易对:SUSHIBULLUSD kdj金叉信号</p>
<p style='color: green;'>  币种/交易对:SXPBEARUSD kdj金叉信号</p>
<p style='color: green;'>  币种/交易对:SXPBULLUSD kdj金叉信号</p>
<p style='color: green;'>  币种/交易对:SXPHALFUSD kdj金叉信号</p>
<p style='color: green;'>  币种/交易对:SXPHALFUSDT kdj金叉信号</p>
<p style='color: green;'>  币种/交易对:THETABEARUSD kdj金叉信号</p>
<p style='color: green;'>  币种/交易对:TOMOBULLUSD kdj金叉信号</p>
<p style='color: green;'>  币种/交易对:TOMOHALFUSD kdj金叉信号</p>
<p style='color: green;'>  币种/交易对:TRXBEARUSD kdj金叉信号</p>
<p style='color: green;'>  币种/交易对:VETBULLUSD kdj金叉信号</p>
<p style='color: green;'>  币种/交易对:VETBULLUSDT kdj金叉信号</p>
<p style='color: green;'>  币种/交易对:XLMBULLUSD kdj金叉信号</p>
<p style='color: green;'>  币种/交易对:XTZHALFUSD kdj金叉信号</p>
<p style='color: green;'>  币种/交易对:ZECBULLUSD kdj金叉信号</p>
<p style='color: green; font-size:30px;'> <b>段内底背离</b></p>
<p style='color: green;'>  币种/交易对:AAVEUSD 段内底背离</p>
<p style='color: green;'>  币种/交易对:AAVEUSDT 段内底背离</p>
<p style='color: green;'>  币种/交易对:APHAUSD 段内底背离</p>
<p style='color: green;'>  币种/交易对:CVXUSD 段内底背离</p>
<p style='color: green;'>  币种/交易对:DOGEUSD 段内底背离</p>
<p style='color: green;'>  币种/交易对:DOGEUSDT 段内底背离</p>
<p style='color: green;'>  币种/交易对:DYDXUSD 段内底背离</p>
<p style='color: green;'>  币种/交易对:EURUSD 段内底背离</p>
<p style='color: green;'>  币种/交易对:GALUSD 段内底背离</p>
<p style='color: green;'>  币种/交易对:JOEUSD 段内底背离</p>
<p style='color: green;'>  币种/交易对:NFLXUSD 段内底背离</p>
<p style='color: green;'>  币种/交易对:POLISUSD 段内底背离</p>
<p style='color: green;'>  币种/交易对:PROMUSD 段内底背离</p>
<p style='color: green;'>  币种/交易对:SPELLUSD 段内底背离</p>
<p style='color: green;'>  币种/交易对:TLRYUSD 段内底背离</p>
<p style='color: green;'>  币种/交易对:TSMUSD 段内底背离</p>
<p style='color: green;'>  币种/交易对:WFLOWUSD 段内底背离</p>
<p style='color: green;'>  币种/交易对:YGGUSD 段内底背离</p>
<p style='color: green;'>  币种/交易对:DOGEBULLUSD 段内底背离</p>
<p style='color: green;'>  币种/交易对:DOGEHALFUSD 段内底背离</p>
<p style='color: green;'>  币种/交易对:OKBHALFUSD 段内底背离</p>
<p style='color: green;'>  币种/交易对:XTZBEARUSD 段内底背离</p>
<p style='color: green;'>  币种/交易对:XTZBEARUSDT 段内底背离</p>
<p style='color: green;'>  币种/交易对:XTZHEDGEUSD 段内底背离</p>
<p style='color: green; font-size:30px;'> <b>沾到ema30/ema60</b></p>
<p style='color: green;'>  币种/交易对:ACBUSD 沾到ema30/ema60</p>
<p style='color: green;'>  币种/交易对:AMCUSD 沾到ema30/ema60</p>
<p style='color: green;'>  币种/交易对:AMDUSD 沾到ema30/ema60</p>
<p style='color: green;'>  币种/交易对:APEUSD 沾到ema30/ema60</p>
<p style='color: green;'>  币种/交易对:APHAUSD 沾到ema30/ema60</p>
<p style='color: green;'>  币种/交易对:ARKKUSD 沾到ema30/ema60</p>
<p style='color: green;'>  币种/交易对:AURYUSD 沾到ema30/ema60</p>
<p style='color: green;'>  币种/交易对:BAOUSD 沾到ema30/ema60</p>
<p style='color: green;'>  币种/交易对:BARUSD 沾到ema30/ema60</p>
<p style='color: green;'>  币种/交易对:BBUSD 沾到ema30/ema60</p>
<p style='color: green;'>  币种/交易对:BITUSD 沾到ema30/ema60</p>
<p style='color: green;'>  币种/交易对:BITOUSD 沾到ema30/ema60</p>
<p style='color: green;'>  币种/交易对:BNBUSD 沾到ema30/ema60</p>
<p style='color: green;'>  币种/交易对:BNBUSDT 沾到ema30/ema60</p>
<p style='color: green;'>  币种/交易对:BNTXUSD 沾到ema30/ema60</p>
<p style='color: green;'>  币种/交易对:BRZUSDT 沾到ema30/ema60</p>
<p style='color: green;'>  币种/交易对:CITYUSD 沾到ema30/ema60</p>
<p style='color: green;'>  币种/交易对:CREAMUSD 沾到ema30/ema60</p>
<p style='color: green;'>  币种/交易对:CREAMUSDT 沾到ema30/ema60</p>
<p style='color: green;'>  币种/交易对:CRONUSD 沾到ema30/ema60</p>
<p style='color: green;'>  币种/交易对:CTXUSD 沾到ema30/ema60</p>
<p style='color: green;'>  币种/交易对:CTXUSDT 沾到ema30/ema60</p>
<p style='color: green;'>  币种/交易对:DAIUSD 沾到ema30/ema60</p>
<p style='color: green;'>  币种/交易对:DFLUSD 沾到ema30/ema60</p>
<p style='color: green;'>  币种/交易对:DOTUSD 沾到ema30/ema60</p>
<p style='color: green;'>  币种/交易对:DOTUSDT 沾到ema30/ema60</p>
<p style='color: green;'>  币种/交易对:EDENUSD 沾到ema30/ema60</p>
<p style='color: green;'>  币种/交易对:ETHUSD 沾到ema30/ema60</p>
<p style='color: green;'>  币种/交易对:ETHUSDT 沾到ema30/ema60</p>
<p style='color: green;'>  币种/交易对:ETHEUSD 沾到ema30/ema60</p>
<p style='color: green;'>  币种/交易对:EURTUSD 沾到ema30/ema60</p>
<p style='color: green;'>  币种/交易对:FBUSD 沾到ema30/ema60</p>
<p style='color: green;'>  币种/交易对:GALFANUSD 沾到ema30/ema60</p>
<p style='color: green;'>  币种/交易对:GBPUSD 沾到ema30/ema60</p>
<p style='color: green;'>  币种/交易对:GDXJUSD 沾到ema30/ema60</p>
<p style='color: green;'>  币种/交易对:GLDUSD 沾到ema30/ema60</p>
<p style='color: green;'>  币种/交易对:GMTUSD 沾到ema30/ema60</p>
<p style='color: green;'>  币种/交易对:GODSUSD 沾到ema30/ema60</p>
<p style='color: green;'>  币种/交易对:IMXUSD 沾到ema30/ema60</p>
<p style='color: green;'>  币种/交易对:KBTTUSD 沾到ema30/ema60</p>
<p style='color: green;'>  币种/交易对:KINUSD 沾到ema30/ema60</p>
<p style='color: green;'>  币种/交易对:MEDIAUSD 沾到ema30/ema60</p>
<p style='color: green;'>  币种/交易对:MERUSD 沾到ema30/ema60</p>
<p style='color: green;'>  币种/交易对:MNGOUSD 沾到ema30/ema60</p>
<p style='color: green;'>  币种/交易对:MRNAUSD 沾到ema30/ema60</p>
<p style='color: green;'>  币种/交易对:MSOLUSD 沾到ema30/ema60</p>
<p style='color: green;'>  币种/交易对:NEXOUSD 沾到ema30/ema60</p>
<p style='color: green;'>  币种/交易对:NFLXUSD 沾到ema30/ema60</p>
<p style='color: green;'>  币种/交易对:NOKUSD 沾到ema30/ema60</p>
<p style='color: green;'>  币种/交易对:OKBUSD 沾到ema30/ema60</p>
<p style='color: green;'>  币种/交易对:OXYUSD 沾到ema30/ema60</p>
<p style='color: green;'>  币种/交易对:PAXGUSD 沾到ema30/ema60</p>
<p style='color: green;'>  币种/交易对:PENNUSD 沾到ema30/ema60</p>
<p style='color: green;'>  币种/交易对:PFEUSD 沾到ema30/ema60</p>
<p style='color: green;'>  币种/交易对:PROMUSD 沾到ema30/ema60</p>
<p style='color: green;'>  币种/交易对:REALUSD 沾到ema30/ema60</p>
<p style='color: green;'>  币种/交易对:ROOKUSD 沾到ema30/ema60</p>
<p style='color: green;'>  币种/交易对:ROOKUSDT 沾到ema30/ema60</p>
<p style='color: green;'>  币种/交易对:SOLUSD 沾到ema30/ema60</p>
<p style='color: green;'>  币种/交易对:SOLUSDT 沾到ema30/ema60</p>
<p style='color: green;'>  币种/交易对:SPYUSD 沾到ema30/ema60</p>
<p style='color: green;'>  币种/交易对:SQUSD 沾到ema30/ema60</p>
<p style='color: green;'>  币种/交易对:STGUSD 沾到ema30/ema60</p>
<p style='color: green;'>  币种/交易对:TLRYUSD 沾到ema30/ema60</p>
<p style='color: green;'>  币种/交易对:TONCOINUSD 沾到ema30/ema60</p>
<p style='color: green;'>  币种/交易对:TRXUSD 沾到ema30/ema60</p>
<p style='color: green;'>  币种/交易对:TRXUSDT 沾到ema30/ema60</p>
<p style='color: green;'>  币种/交易对:TRYBUSD 沾到ema30/ema60</p>
<p style='color: green;'>  币种/交易对:TSLAUSD 沾到ema30/ema60</p>
<p style='color: green;'>  币种/交易对:TSMUSD 沾到ema30/ema60</p>
<p style='color: green;'>  币种/交易对:TWTRUSD 沾到ema30/ema60</p>
<p style='color: green;'>  币种/交易对:UMEEUSD 沾到ema30/ema60</p>
<p style='color: green;'>  币种/交易对:USOUSD 沾到ema30/ema60</p>
<p style='color: green;'>  币种/交易对:VGXUSD 沾到ema30/ema60</p>
<p style='color: green;'>  币种/交易对:WRXUSD 沾到ema30/ema60</p>
<p style='color: green;'>  币种/交易对:WRXUSDT 沾到ema30/ema60</p>
<p style='color: green;'>  币种/交易对:XRPUSD 沾到ema30/ema60</p>
<p style='color: green;'>  币种/交易对:XRPUSDT 沾到ema30/ema60</p>
<p style='color: green;'>  币种/交易对:YFIIUSD 沾到ema30/ema60</p>
<p style='color: green;'>  币种/交易对:ZMUSD 沾到ema30/ema60</p>
<p style='color: green;'>  币种/交易对:ADAHALFUSD 沾到ema30/ema60</p>
<p style='color: green;'>  币种/交易对:ALGOHEDGEUSD 沾到ema30/ema60</p>
<p style='color: green;'>  币种/交易对:ALTBULLUSD 沾到ema30/ema60</p>
<p style='color: green;'>  币种/交易对:ALTHALFUSD 沾到ema30/ema60</p>
<p style='color: green;'>  币种/交易对:ASDBEARUSD 沾到ema30/ema60</p>
<p style='color: green;'>  币种/交易对:ASDBEARUSDT 沾到ema30/ema60</p>
<p style='color: green;'>  币种/交易对:ATOMHEDGEUSD 沾到ema30/ema60</p>
<p style='color: green;'>  币种/交易对:BCHBEARUSDT 沾到ema30/ema60</p>
<p style='color: green;'>  币种/交易对:BCHHEDGEUSD 沾到ema30/ema60</p>
<p style='color: green;'>  币种/交易对:BNBHALFUSD 沾到ema30/ema60</p>
<p style='color: green;'>  币种/交易对:BSVHEDGEUSD 沾到ema30/ema60</p>
<p style='color: green;'>  币种/交易对:COMPHEDGEUSD 沾到ema30/ema60</p>
<p style='color: green;'>  币种/交易对:CUSDTBULLUSD 沾到ema30/ema60</p>
<p style='color: green;'>  币种/交易对:CUSDTBULLUSDT 沾到ema30/ema60</p>
<p style='color: green;'>  币种/交易对:CUSDTHALFUSD 沾到ema30/ema60</p>
<p style='color: green;'>  币种/交易对:DEFIHEDGEUSD 沾到ema30/ema60</p>
<p style='color: green;'>  币种/交易对:DOGEBEAR2021USD 沾到ema30/ema60</p>
<p style='color: green;'>  币种/交易对:DOGEHEDGEUSD 沾到ema30/ema60</p>
<p style='color: green;'>  币种/交易对:DRGNHEDGEUSD 沾到ema30/ema60</p>
<p style='color: green;'>  币种/交易对:EOSHEDGEUSD 沾到ema30/ema60</p>
<p style='color: green;'>  币种/交易对:ETCHALFUSD 沾到ema30/ema60</p>
<p style='color: green;'>  币种/交易对:ETHBULLUSD 沾到ema30/ema60</p>
<p style='color: green;'>  币种/交易对:ETHBULLUSDT 沾到ema30/ema60</p>
<p style='color: green;'>  币种/交易对:ETHHALFUSD 沾到ema30/ema60</p>
<p style='color: green;'>  币种/交易对:EXCHBEARUSD 沾到ema30/ema60</p>
<p style='color: green;'>  币种/交易对:EXCHHEDGEUSD 沾到ema30/ema60</p>
<p style='color: green;'>  币种/交易对:HEDGEUSD 沾到ema30/ema60</p>
<p style='color: green;'>  币种/交易对:HEDGESHITUSD 沾到ema30/ema60</p>
<p style='color: green;'>  币种/交易对:HTBEARUSD 沾到ema30/ema60</p>
<p style='color: green;'>  币种/交易对:HTHEDGEUSD 沾到ema30/ema60</p>
<p style='color: green;'>  币种/交易对:KNCHEDGEUSD 沾到ema30/ema60</p>
<p style='color: green;'>  币种/交易对:LTCHEDGEUSD 沾到ema30/ema60</p>
<p style='color: green;'>  币种/交易对:MATICHEDGEUSD 沾到ema30/ema60</p>
<p style='color: green;'>  币种/交易对:MIDBEARUSD 沾到ema30/ema60</p>
<p style='color: green;'>  币种/交易对:MIDHEDGEUSD 沾到ema30/ema60</p>
<p style='color: green;'>  币种/交易对:OKBHALFUSD 沾到ema30/ema60</p>
<p style='color: green;'>  币种/交易对:PAXGBULLUSD 沾到ema30/ema60</p>
<p style='color: green;'>  币种/交易对:PRIVHEDGEUSD 沾到ema30/ema60</p>
<p style='color: green;'>  币种/交易对:SXPHEDGEUSD 沾到ema30/ema60</p>
<p style='color: green;'>  币种/交易对:THETAHEDGEUSD 沾到ema30/ema60</p>
<p style='color: green;'>  币种/交易对:TOMOHEDGEUSD 沾到ema30/ema60</p>
<p style='color: green;'>  币种/交易对:TRXHEDGEUSD 沾到ema30/ema60</p>
<p style='color: green;'>  币种/交易对:TRYBBEARUSD 沾到ema30/ema60</p>
<p style='color: green;'>  币种/交易对:TRYBHEDGEUSD 沾到ema30/ema60</p>
<p style='color: green;'>  币种/交易对:UNISWAPBULLUSD 沾到ema30/ema60</p>
<p style='color: green;'>  币种/交易对:USDTBULLUSD 沾到ema30/ema60</p>
<p style='color: green;'>  币种/交易对:VETBEARUSD 沾到ema30/ema60</p>
<p style='color: green;'>  币种/交易对:VETBEARUSDT 沾到ema30/ema60</p>
<p style='color: green;'>  币种/交易对:VETBULLUSD 沾到ema30/ema60</p>
<p style='color: green;'>  币种/交易对:XAUTBULLUSD 沾到ema30/ema60</p>
<p style='color: green;'>  币种/交易对:XAUTHALFUSD 沾到ema30/ema60</p>
<p style='color: green;'>  币种/交易对:XLMBEARUSD 沾到ema30/ema60</p>
<p style='color: green;'>  币种/交易对:XRPBULLUSD 沾到ema30/ema60</p>
<p style='color: green;'>  币种/交易对:XRPHALFUSD 沾到ema30/ema60</p>
<p style='color: green; font-size:30px;'> <b>DMI+</b></p>
<p style='color: green;'>  币种/交易对:AKROUSD DMI+</p>
<p style='color: green;'>  币种/交易对:AKROUSDT DMI+</p>
<p style='color: green;'>  币种/交易对:ALGOUSD DMI+</p>
<p style='color: green;'>  币种/交易对:ALGOUSDT DMI+</p>
<p style='color: green;'>  币种/交易对:ALPHAUSD DMI+</p>
<p style='color: green;'>  币种/交易对:AMPLUSD DMI+</p>
<p style='color: green;'>  币种/交易对:AMPLUSDT DMI+</p>
<p style='color: green;'>  币种/交易对:APEUSD DMI+</p>
<p style='color: green;'>  币种/交易对:ASDUSD DMI+</p>
<p style='color: green;'>  币种/交易对:AUDIOUSD DMI+</p>
<p style='color: green;'>  币种/交易对:AUDIOUSDT DMI+</p>
<p style='color: green;'>  币种/交易对:AVAXUSD DMI+</p>
<p style='color: green;'>  币种/交易对:AVAXUSDT DMI+</p>
<p style='color: green;'>  币种/交易对:BALUSD DMI+</p>
<p style='color: green;'>  币种/交易对:BALUSDT DMI+</p>
<p style='color: green;'>  币种/交易对:BANDUSD DMI+</p>
<p style='color: green;'>  币种/交易对:BATUSD DMI+</p>
<p style='color: green;'>  币种/交易对:BBUSD DMI+</p>
<p style='color: green;'>  币种/交易对:BCHUSD DMI+</p>
<p style='color: green;'>  币种/交易对:BCHUSDT DMI+</p>
<p style='color: green;'>  币种/交易对:BICOUSD DMI+</p>
<p style='color: green;'>  币种/交易对:BOBAUSD DMI+</p>
<p style='color: green;'>  币种/交易对:BTCUSD DMI+</p>
<p style='color: green;'>  币种/交易对:BTCUSDT DMI+</p>
<p style='color: green;'>  币种/交易对:BTTUSD DMI+</p>
<p style='color: green;'>  币种/交易对:CHZUSD DMI+</p>
<p style='color: green;'>  币种/交易对:CHZUSDT DMI+</p>
<p style='color: green;'>  币种/交易对:CLVUSD DMI+</p>
<p style='color: green;'>  币种/交易对:COINUSD DMI+</p>
<p style='color: green;'>  币种/交易对:COMPUSD DMI+</p>
<p style='color: green;'>  币种/交易对:COMPUSDT DMI+</p>
<p style='color: green;'>  币种/交易对:CROUSD DMI+</p>
<p style='color: green;'>  币种/交易对:CTXUSDT DMI+</p>
<p style='color: green;'>  币种/交易对:CVXUSD DMI+</p>
<p style='color: green;'>  币种/交易对:DENTUSD DMI+</p>
<p style='color: green;'>  币种/交易对:DKNGUSD DMI+</p>
<p style='color: green;'>  币种/交易对:DMGUSD DMI+</p>
<p style='color: green;'>  币种/交易对:DODOUSD DMI+</p>
<p style='color: green;'>  币种/交易对:EDENUSD DMI+</p>
<p style='color: green;'>  币种/交易对:ENJUSD DMI+</p>
<p style='color: green;'>  币种/交易对:ETHUSD DMI+</p>
<p style='color: green;'>  币种/交易对:ETHUSDT DMI+</p>
<p style='color: green;'>  币种/交易对:ETHEUSD DMI+</p>
<p style='color: green;'>  币种/交易对:FRONTUSD DMI+</p>
<p style='color: green;'>  币种/交易对:FRONTUSDT DMI+</p>
<p style='color: green;'>  币种/交易对:FTTUSD DMI+</p>
<p style='color: green;'>  币种/交易对:FTTUSDT DMI+</p>
<p style='color: green;'>  币种/交易对:GALFANUSD DMI+</p>
<p style='color: green;'>  币种/交易对:GBTCUSD DMI+</p>
<p style='color: green;'>  币种/交易对:GENEUSD DMI+</p>
<p style='color: green;'>  币种/交易对:GLDUSD DMI+</p>
<p style='color: green;'>  币种/交易对:GOGUSD DMI+</p>
<p style='color: green;'>  币种/交易对:GRTUSD DMI+</p>
<p style='color: green;'>  币种/交易对:HOODUSD DMI+</p>
<p style='color: green;'>  币种/交易对:KSOSUSD DMI+</p>
<p style='color: green;'>  币种/交易对:LRCUSD DMI+</p>
<p style='color: green;'>  币种/交易对:LTCUSD DMI+</p>
<p style='color: green;'>  币种/交易对:LTCUSDT DMI+</p>
<p style='color: green;'>  币种/交易对:MATICUSD DMI+</p>
<p style='color: green;'>  币种/交易对:MKRUSD DMI+</p>
<p style='color: green;'>  币种/交易对:MKRUSDT DMI+</p>
<p style='color: green;'>  币种/交易对:MNGOUSD DMI+</p>
<p style='color: green;'>  币种/交易对:MOBUSD DMI+</p>
<p style='color: green;'>  币种/交易对:NEARUSDT DMI+</p>
<p style='color: green;'>  币种/交易对:NVDAUSD DMI+</p>
<p style='color: green;'>  币种/交易对:OMGUSD DMI+</p>
<p style='color: green;'>  币种/交易对:PEOPLEUSD DMI+</p>
<p style='color: green;'>  币种/交易对:PERPUSD DMI+</p>
<p style='color: green;'>  币种/交易对:PROMUSD DMI+</p>
<p style='color: green;'>  币种/交易对:RAYUSD DMI+</p>
<p style='color: green;'>  币种/交易对:REEFUSD DMI+</p>
<p style='color: green;'>  币种/交易对:RENUSD DMI+</p>
<p style='color: green;'>  币种/交易对:RUNEUSD DMI+</p>
<p style='color: green;'>  币种/交易对:RUNEUSDT DMI+</p>
<p style='color: green;'>  币种/交易对:SANDUSD DMI+</p>
<p style='color: green;'>  币种/交易对:SECOUSD DMI+</p>
<p style='color: green;'>  币种/交易对:SNXUSD DMI+</p>
<p style='color: green;'>  币种/交易对:SPAUSD DMI+</p>
<p style='color: green;'>  币种/交易对:STEPUSD DMI+</p>
<p style='color: green;'>  币种/交易对:STETHUSD DMI+</p>
<p style='color: green;'>  币种/交易对:STORJUSD DMI+</p>
<p style='color: green;'>  币种/交易对:SXPUSD DMI+</p>
<p style='color: green;'>  币种/交易对:TLMUSD DMI+</p>
<p style='color: green;'>  币种/交易对:TOMOUSD DMI+</p>
<p style='color: green;'>  币种/交易对:TOMOUSDT DMI+</p>
<p style='color: green;'>  币种/交易对:TONCOINUSD DMI+</p>
<p style='color: green;'>  币种/交易对:TRUUSD DMI+</p>
<p style='color: green;'>  币种/交易对:TRUUSDT DMI+</p>
<p style='color: green;'>  币种/交易对:TRXUSD DMI+</p>
<p style='color: green;'>  币种/交易对:TULIPUSD DMI+</p>
<p style='color: green;'>  币种/交易对:UNIUSD DMI+</p>
<p style='color: green;'>  币种/交易对:UNIUSDT DMI+</p>
<p style='color: green;'>  币种/交易对:WBTCUSD DMI+</p>
<p style='color: green;'>  币种/交易对:WFLOWUSD DMI+</p>
<p style='color: green;'>  币种/交易对:XAUTUSD DMI+</p>
<p style='color: green;'>  币种/交易对:XAUTUSDT DMI+</p>
<p style='color: green;'>  币种/交易对:XRPUSD DMI+</p>
<p style='color: green;'>  币种/交易对:XRPUSDT DMI+</p>
<p style='color: green;'>  币种/交易对:ZRXUSD DMI+</p>
<p style='color: green;'>  币种/交易对:ALGOHALFUSD DMI+</p>
<p style='color: green;'>  币种/交易对:ALTBULLUSD DMI+</p>
<p style='color: green;'>  币种/交易对:ASDBULLUSD DMI+</p>
<p style='color: green;'>  币种/交易对:BALBULLUSD DMI+</p>
<p style='color: green;'>  币种/交易对:BALBULLUSDT DMI+</p>
<p style='color: green;'>  币种/交易对:BCHBULLUSD DMI+</p>
<p style='color: green;'>  币种/交易对:BCHBULLUSDT DMI+</p>
<p style='color: green;'>  币种/交易对:BSVBULLUSD DMI+</p>
<p style='color: green;'>  币种/交易对:BSVHALFUSD DMI+</p>
<p style='color: green;'>  币种/交易对:BULLUSD DMI+</p>
<p style='color: green;'>  币种/交易对:BULLUSDT DMI+</p>
<p style='color: green;'>  币种/交易对:COMPBULLUSD DMI+</p>
<p style='color: green;'>  币种/交易对:COMPBULLUSDT DMI+</p>
<p style='color: green;'>  币种/交易对:COMPHALFUSD DMI+</p>
<p style='color: green;'>  币种/交易对:DEFIBULLUSD DMI+</p>
<p style='color: green;'>  币种/交易对:DRGNHALFUSD DMI+</p>
<p style='color: green;'>  币种/交易对:EOSBULLUSD DMI+</p>
<p style='color: green;'>  币种/交易对:EOSBULLUSDT DMI+</p>
<p style='color: green;'>  币种/交易对:EOSHALFUSD DMI+</p>
<p style='color: green;'>  币种/交易对:ETCHALFUSD DMI+</p>
<p style='color: green;'>  币种/交易对:ETHBULLUSD DMI+</p>
<p style='color: green;'>  币种/交易对:ETHBULLUSDT DMI+</p>
<p style='color: green;'>  币种/交易对:EXCHBULLUSD DMI+</p>
<p style='color: green;'>  币种/交易对:EXCHHALFUSD DMI+</p>
<p style='color: green;'>  币种/交易对:KNCBULLUSD DMI+</p>
<p style='color: green;'>  币种/交易对:KNCBULLUSDT DMI+</p>
<p style='color: green;'>  币种/交易对:LTCBULLUSD DMI+</p>
<p style='color: green;'>  币种/交易对:LTCBULLUSDT DMI+</p>
<p style='color: green;'>  币种/交易对:MATICBULLUSD DMI+</p>
<p style='color: green;'>  币种/交易对:MIDBULLUSD DMI+</p>
<p style='color: green;'>  币种/交易对:MKRBULLUSD DMI+</p>
<p style='color: green;'>  币种/交易对:PAXGBULLUSD DMI+</p>
<p style='color: green;'>  币种/交易对:PRIVHALFUSD DMI+</p>
<p style='color: green;'>  币种/交易对:SXPBULLUSD DMI+</p>
<p style='color: green;'>  币种/交易对:THETABULLUSD DMI+</p>
<p style='color: green;'>  币种/交易对:TOMOBULLUSD DMI+</p>
<p style='color: green;'>  币种/交易对:TRXHALFUSD DMI+</p>
<p style='color: green;'>  币种/交易对:TRYBBULLUSD DMI+</p>
<p style='color: green;'>  币种/交易对:VETBULLUSD DMI+</p>
<p style='color: green;'>  币种/交易对:VETBULLUSDT DMI+</p>
<p style='color: green;'>  币种/交易对:XRPBULLUSD DMI+</p>
<p style='color: green;'>  币种/交易对:XRPBULLUSDT DMI+</p>
<p style='color: green;'>  币种/交易对:ZECBULLUSD DMI+</p>
<p style='color: green; font-size:30px;'> <b>macd金叉信号 + DMI</b></p>
<p style='color: green;'>  币种/交易对:ALPHAUSD macd金叉信号 + DMI</p>
<p style='color: green;'>  币种/交易对:AUDIOUSD macd金叉信号 + DMI</p>
<p style='color: green;'>  币种/交易对:AUDIOUSDT macd金叉信号 + DMI</p>
<p style='color: green;'>  币种/交易对:BALUSD macd金叉信号 + DMI</p>
<p style='color: green;'>  币种/交易对:BALUSDT macd金叉信号 + DMI</p>
<p style='color: green;'>  币种/交易对:BANDUSD macd金叉信号 + DMI</p>
<p style='color: green;'>  币种/交易对:BTCUSD macd金叉信号 + DMI</p>
<p style='color: green;'>  币种/交易对:BTCUSDT macd金叉信号 + DMI</p>
<p style='color: green;'>  币种/交易对:BTTUSD macd金叉信号 + DMI</p>
<p style='color: green;'>  币种/交易对:CLVUSD macd金叉信号 + DMI</p>
<p style='color: green;'>  币种/交易对:DENTUSD macd金叉信号 + DMI</p>
<p style='color: green;'>  币种/交易对:EDENUSD macd金叉信号 + DMI</p>
<p style='color: green;'>  币种/交易对:ETHEUSD macd金叉信号 + DMI</p>
<p style='color: green;'>  币种/交易对:FRONTUSD macd金叉信号 + DMI</p>
<p style='color: green;'>  币种/交易对:FRONTUSDT macd金叉信号 + DMI</p>
<p style='color: green;'>  币种/交易对:FTTUSD macd金叉信号 + DMI</p>
<p style='color: green;'>  币种/交易对:FTTUSDT macd金叉信号 + DMI</p>
<p style='color: green;'>  币种/交易对:GBTCUSD macd金叉信号 + DMI</p>
<p style='color: green;'>  币种/交易对:GLDUSD macd金叉信号 + DMI</p>
<p style='color: green;'>  币种/交易对:GOGUSD macd金叉信号 + DMI</p>
<p style='color: green;'>  币种/交易对:KSOSUSD macd金叉信号 + DMI</p>
<p style='color: green;'>  币种/交易对:LRCUSD macd金叉信号 + DMI</p>
<p style='color: green;'>  币种/交易对:LTCUSD macd金叉信号 + DMI</p>
<p style='color: green;'>  币种/交易对:LTCUSDT macd金叉信号 + DMI</p>
<p style='color: green;'>  币种/交易对:MATICUSD macd金叉信号 + DMI</p>
<p style='color: green;'>  币种/交易对:MKRUSD macd金叉信号 + DMI</p>
<p style='color: green;'>  币种/交易对:MKRUSDT macd金叉信号 + DMI</p>
<p style='color: green;'>  币种/交易对:MOBUSD macd金叉信号 + DMI</p>
<p style='color: green;'>  币种/交易对:NVDAUSD macd金叉信号 + DMI</p>
<p style='color: green;'>  币种/交易对:OMGUSD macd金叉信号 + DMI</p>
<p style='color: green;'>  币种/交易对:RAYUSD macd金叉信号 + DMI</p>
<p style='color: green;'>  币种/交易对:RENUSD macd金叉信号 + DMI</p>
<p style='color: green;'>  币种/交易对:SANDUSD macd金叉信号 + DMI</p>
<p style='color: green;'>  币种/交易对:SECOUSD macd金叉信号 + DMI</p>
<p style='color: green;'>  币种/交易对:SNXUSD macd金叉信号 + DMI</p>
<p style='color: green;'>  币种/交易对:TOMOUSD macd金叉信号 + DMI</p>
<p style='color: green;'>  币种/交易对:TOMOUSDT macd金叉信号 + DMI</p>
<p style='color: green;'>  币种/交易对:TONCOINUSD macd金叉信号 + DMI</p>
<p style='color: green;'>  币种/交易对:TRUUSD macd金叉信号 + DMI</p>
<p style='color: green;'>  币种/交易对:TRUUSDT macd金叉信号 + DMI</p>
<p style='color: green;'>  币种/交易对:TRXUSD macd金叉信号 + DMI</p>
<p style='color: green;'>  币种/交易对:UNIUSD macd金叉信号 + DMI</p>
<p style='color: green;'>  币种/交易对:UNIUSDT macd金叉信号 + DMI</p>
<p style='color: green;'>  币种/交易对:WBTCUSD macd金叉信号 + DMI</p>
<p style='color: green;'>  币种/交易对:XAUTUSDT macd金叉信号 + DMI</p>
<p style='color: green;'>  币种/交易对:XRPUSD macd金叉信号 + DMI</p>
<p style='color: green;'>  币种/交易对:XRPUSDT macd金叉信号 + DMI</p>
<p style='color: green;'>  币种/交易对:ALTBULLUSD macd金叉信号 + DMI</p>
<p style='color: green;'>  币种/交易对:BALBULLUSD macd金叉信号 + DMI</p>
<p style='color: green;'>  币种/交易对:BALBULLUSDT macd金叉信号 + DMI</p>
<p style='color: green;'>  币种/交易对:BCHBULLUSD macd金叉信号 + DMI</p>
<p style='color: green;'>  币种/交易对:BULLUSD macd金叉信号 + DMI</p>
<p style='color: green;'>  币种/交易对:BULLUSDT macd金叉信号 + DMI</p>
<p style='color: green;'>  币种/交易对:COMPBULLUSD macd金叉信号 + DMI</p>
<p style='color: green;'>  币种/交易对:COMPBULLUSDT macd金叉信号 + DMI</p>
<p style='color: green;'>  币种/交易对:DEFIBULLUSD macd金叉信号 + DMI</p>
<p style='color: green;'>  币种/交易对:DRGNHALFUSD macd金叉信号 + DMI</p>
<p style='color: green;'>  币种/交易对:EOSBULLUSD macd金叉信号 + DMI</p>
<p style='color: green;'>  币种/交易对:EOSBULLUSDT macd金叉信号 + DMI</p>
<p style='color: green;'>  币种/交易对:EOSHALFUSD macd金叉信号 + DMI</p>
<p style='color: green;'>  币种/交易对:ETHBULLUSD macd金叉信号 + DMI</p>
<p style='color: green;'>  币种/交易对:ETHBULLUSDT macd金叉信号 + DMI</p>
<p style='color: green;'>  币种/交易对:EXCHBULLUSD macd金叉信号 + DMI</p>
<p style='color: green;'>  币种/交易对:KNCBULLUSD macd金叉信号 + DMI</p>
<p style='color: green;'>  币种/交易对:KNCBULLUSDT macd金叉信号 + DMI</p>
<p style='color: green;'>  币种/交易对:LTCBULLUSD macd金叉信号 + DMI</p>
<p style='color: green;'>  币种/交易对:LTCBULLUSDT macd金叉信号 + DMI</p>
<p style='color: green;'>  币种/交易对:MATICBULLUSD macd金叉信号 + DMI</p>
<p style='color: green;'>  币种/交易对:MIDBULLUSD macd金叉信号 + DMI</p>
<p style='color: green;'>  币种/交易对:MKRBULLUSD macd金叉信号 + DMI</p>
<p style='color: green;'>  币种/交易对:PRIVHALFUSD macd金叉信号 + DMI</p>
<p style='color: green;'>  币种/交易对:TRXHALFUSD macd金叉信号 + DMI</p>
<p style='color: green;'>  币种/交易对:XRPBULLUSD macd金叉信号 + DMI</p>
<p style='color: green;'>  币种/交易对:XRPBULLUSDT macd金叉信号 + DMI</p>
<p style='color: green;'>  币种/交易对:ZECBULLUSD macd金叉信号 + DMI</p>
<p style='color: green; font-size:30px;'> <b>分立跳空底背离</b></p>
<p style='color: green;'>  币种/交易对:ANCUSD 分立跳空底背离</p>
<p style='color: green;'>  币种/交易对:APEUSD 分立跳空底背离</p>
<p style='color: green;'>  币种/交易对:ATOMUSD 分立跳空底背离</p>
<p style='color: green;'>  币种/交易对:ATOMUSDT 分立跳空底背离</p>
<p style='color: green;'>  币种/交易对:BRZUSD 分立跳空底背离</p>
<p style='color: green;'>  币种/交易对:BRZUSDT 分立跳空底背离</p>
<p style='color: green;'>  币种/交易对:BYNDUSD 分立跳空底背离</p>
<p style='color: green;'>  币种/交易对:CVXUSD 分立跳空底背离</p>
<p style='color: green;'>  币种/交易对:FXSUSD 分立跳空底背离</p>
<p style='color: green;'>  币种/交易对:GALUSD 分立跳空底背离</p>
<p style='color: green;'>  币种/交易对:HGETUSD 分立跳空底背离</p>
<p style='color: green;'>  币种/交易对:HOODUSD 分立跳空底背离</p>
<p style='color: green;'>  币种/交易对:JOEUSD 分立跳空底背离</p>
<p style='color: green;'>  币种/交易对:LOOKSUSD 分立跳空底背离</p>
<p style='color: green;'>  币种/交易对:MSOLUSD 分立跳空底背离</p>
<p style='color: green;'>  币种/交易对:OKBUSD 分立跳空底背离</p>
<p style='color: green;'>  币种/交易对:SOLUSD 分立跳空底背离</p>
<p style='color: green;'>  币种/交易对:SOLUSDT 分立跳空底背离</p>
<p style='color: green;'>  币种/交易对:SPELLUSD 分立跳空底背离</p>
<p style='color: green;'>  币种/交易对:STSOLUSD 分立跳空底背离</p>
<p style='color: green;'>  币种/交易对:ADAHEDGEUSD 分立跳空底背离</p>
<p style='color: green;'>  币种/交易对:ATOMBULLUSD 分立跳空底背离</p>
<p style='color: green;'>  币种/交易对:ATOMHALFUSD 分立跳空底背离</p>
<p style='color: green;'>  币种/交易对:BNBBULLUSD 分立跳空底背离</p>
<p style='color: green;'>  币种/交易对:BVOLUSD 分立跳空底背离</p>
<p style='color: green;'>  币种/交易对:CUSDTHEDGEUSD 分立跳空底背离</p>
<p style='color: green;'>  币种/交易对:ETCBULLUSD 分立跳空底背离</p>
<p style='color: green;'>  币种/交易对:LINKHEDGEUSD 分立跳空底背离</p>
<p style='color: green;'>  币种/交易对:OKBBULLUSD 分立跳空底背离</p>
<p style='color: green;'>  币种/交易对:XTZHEDGEUSD 分立跳空底背离</p>
<p style='color: green; font-size:30px;'> <b>TD 底部 9位置</b></p>
<p style='color: green;'>  币种/交易对:HOODUSD TD 底部 9位置</p>
<p style='color: green;'>  币种/交易对:STARSUSD TD 底部 9位置</p>
<p style='color: green;'>  币种/交易对:XTZHEDGEUSD TD 底部 9位置</p>
