<p style='color: green; font-size:30px;'> <b>kdj金叉信号</b></p>
<p style='color: green;'>  币种/交易对:ABNBUSD kdj金叉信号</p>
<p style='color: green;'>  币种/交易对:AGLDUSD kdj金叉信号</p>
<p style='color: green;'>  币种/交易对:ATOMUSDT kdj金叉信号</p>
<p style='color: green;'>  币种/交易对:BABAUSD kdj金叉信号</p>
<p style='color: green;'>  币种/交易对:BILIUSD kdj金叉信号</p>
<p style='color: green;'>  币种/交易对:CGCUSD kdj金叉信号</p>
<p style='color: green;'>  币种/交易对:CRONUSD kdj金叉信号</p>
<p style='color: green;'>  币种/交易对:DMGUSD kdj金叉信号</p>
<p style='color: green;'>  币种/交易对:DMGUSDT kdj金叉信号</p>
<p style='color: green;'>  币种/交易对:FRONTUSD kdj金叉信号</p>
<p style='color: green;'>  币种/交易对:GARIUSD kdj金叉信号</p>
<p style='color: green;'>  币种/交易对:GBPUSD kdj金叉信号</p>
<p style='color: green;'>  币种/交易对:GBTCUSD kdj金叉信号</p>
<p style='color: green;'>  币种/交易对:GMEUSD kdj金叉信号</p>
<p style='color: green;'>  币种/交易对:LINAUSD kdj金叉信号</p>
<p style='color: green;'>  币种/交易对:LTCUSD kdj金叉信号</p>
<p style='color: green;'>  币种/交易对:LTCUSDT kdj金叉信号</p>
<p style='color: green;'>  币种/交易对:MEDIAUSD kdj金叉信号</p>
<p style='color: green;'>  币种/交易对:MRNAUSD kdj金叉信号</p>
<p style='color: green;'>  币种/交易对:MTAUSD kdj金叉信号</p>
<p style='color: green;'>  币种/交易对:MTAUSDT kdj金叉信号</p>
<p style='color: green;'>  币种/交易对:OMGUSD kdj金叉信号</p>
<p style='color: green;'>  币种/交易对:PAXGUSDT kdj金叉信号</p>
<p style='color: green;'>  币种/交易对:RAYUSD kdj金叉信号</p>
<p style='color: green;'>  币种/交易对:SLVUSD kdj金叉信号</p>
<p style='color: green;'>  币种/交易对:SPAUSD kdj金叉信号</p>
<p style='color: green;'>  币种/交易对:STETHUSD kdj金叉信号</p>
<p style='color: green;'>  币种/交易对:SUNUSD kdj金叉信号</p>
<p style='color: green;'>  币种/交易对:TRUUSD kdj金叉信号</p>
<p style='color: green;'>  币种/交易对:TRUUSDT kdj金叉信号</p>
<p style='color: green;'>  币种/交易对:UBERUSD kdj金叉信号</p>
<p style='color: green;'>  币种/交易对:XRPUSD kdj金叉信号</p>
<p style='color: green;'>  币种/交易对:XRPUSDT kdj金叉信号</p>
<p style='color: green;'>  币种/交易对:ZMUSD kdj金叉信号</p>
<p style='color: green;'>  币种/交易对:ADABEARUSD kdj金叉信号</p>
<p style='color: green;'>  币种/交易对:ATOMHALFUSD kdj金叉信号</p>
<p style='color: green;'>  币种/交易对:BNBBEARUSDT kdj金叉信号</p>
<p style='color: green;'>  币种/交易对:COMPHEDGEUSD kdj金叉信号</p>
<p style='color: green;'>  币种/交易对:DEFIBEARUSD kdj金叉信号</p>
<p style='color: green;'>  币种/交易对:DEFIBEARUSDT kdj金叉信号</p>
<p style='color: green;'>  币种/交易对:DEFIHEDGEUSD kdj金叉信号</p>
<p style='color: green;'>  币种/交易对:DRGNBULLUSD kdj金叉信号</p>
<p style='color: green;'>  币种/交易对:DRGNHALFUSD kdj金叉信号</p>
<p style='color: green;'>  币种/交易对:EOSBEARUSD kdj金叉信号</p>
<p style='color: green;'>  币种/交易对:EOSBEARUSDT kdj金叉信号</p>
<p style='color: green;'>  币种/交易对:EOSBULLUSD kdj金叉信号</p>
<p style='color: green;'>  币种/交易对:EOSBULLUSDT kdj金叉信号</p>
<p style='color: green;'>  币种/交易对:EOSHALFUSD kdj金叉信号</p>
<p style='color: green;'>  币种/交易对:ETHBEARUSDT kdj金叉信号</p>
<p style='color: green;'>  币种/交易对:ETHHEDGEUSD kdj金叉信号</p>
<p style='color: green;'>  币种/交易对:EXCHBULLUSD kdj金叉信号</p>
<p style='color: green;'>  币种/交易对:LINKBEARUSD kdj金叉信号</p>
<p style='color: green;'>  币种/交易对:LINKBEARUSDT kdj金叉信号</p>
<p style='color: green;'>  币种/交易对:LTCHALFUSD kdj金叉信号</p>
<p style='color: green;'>  币种/交易对:PRIVBULLUSD kdj金叉信号</p>
<p style='color: green;'>  币种/交易对:TRYBBULLUSD kdj金叉信号</p>
<p style='color: green;'>  币种/交易对:TRYBHEDGEUSD kdj金叉信号</p>
<p style='color: green;'>  币种/交易对:UNISWAPBULLUSD kdj金叉信号</p>
<p style='color: green;'>  币种/交易对:VETBEARUSDT kdj金叉信号</p>
<p style='color: green;'>  币种/交易对:XRPBEARUSDT kdj金叉信号</p>
<p style='color: green;'>  币种/交易对:XRPBULLUSD kdj金叉信号</p>
<p style='color: green;'>  币种/交易对:XRPBULLUSDT kdj金叉信号</p>
<p style='color: green;'>  币种/交易对:XRPHALFUSD kdj金叉信号</p>
<p style='color: green;'>  币种/交易对:XTZHALFUSD kdj金叉信号</p>
<p style='color: green; font-size:30px;'> <b>段内底背离</b></p>
<p style='color: green;'>  币种/交易对:ACBUSD 段内底背离</p>
<p style='color: green;'>  币种/交易对:CRONUSD 段内底背离</p>
<p style='color: green;'>  币种/交易对:HOODUSD 段内底背离</p>
<p style='color: green;'>  币种/交易对:JETUSD 段内底背离</p>
<p style='color: green;'>  币种/交易对:XLMBEARUSD 段内底背离</p>
<p style='color: green; font-size:30px;'> <b>macd金叉信号</b></p>
<p style='color: green;'>  币种/交易对:AMCUSD macd金叉信号</p>
<p style='color: green;'>  币种/交易对:DAIUSD macd金叉信号</p>
<p style='color: green;'>  币种/交易对:EURTUSD macd金叉信号</p>
<p style='color: green;'>  币种/交易对:GBPUSD macd金叉信号</p>
<p style='color: green;'>  币种/交易对:MCBUSD macd金叉信号</p>
<p style='color: green;'>  币种/交易对:MERUSD macd金叉信号</p>
<p style='color: green;'>  币种/交易对:MKRUSD macd金叉信号</p>
<p style='color: green;'>  币种/交易对:MKRUSDT macd金叉信号</p>
<p style='color: green;'>  币种/交易对:MRNAUSD macd金叉信号</p>
<p style='color: green;'>  币种/交易对:YFIIUSD macd金叉信号</p>
<p style='color: green;'>  币种/交易对:ADABEARUSD macd金叉信号</p>
<p style='color: green;'>  币种/交易对:BNBBEARUSDT macd金叉信号</p>
<p style='color: green;'>  币种/交易对:BNBHEDGEUSD macd金叉信号</p>
<p style='color: green;'>  币种/交易对:LINKBEARUSD macd金叉信号</p>
<p style='color: green;'>  币种/交易对:LINKBEARUSDT macd金叉信号</p>
<p style='color: green; font-size:30px;'> <b>沾到ema30/ema60</b></p>
<p style='color: green;'>  币种/交易对:AMDUSD 沾到ema30/ema60</p>
<p style='color: green;'>  币种/交易对:BADGERUSD 沾到ema30/ema60</p>
<p style='color: green;'>  币种/交易对:BARUSD 沾到ema30/ema60</p>
<p style='color: green;'>  币种/交易对:BNTXUSD 沾到ema30/ema60</p>
<p style='color: green;'>  币种/交易对:BRZUSD 沾到ema30/ema60</p>
<p style='color: green;'>  币种/交易对:BRZUSDT 沾到ema30/ema60</p>
<p style='color: green;'>  币种/交易对:C98USD 沾到ema30/ema60</p>
<p style='color: green;'>  币种/交易对:CHZUSDT 沾到ema30/ema60</p>
<p style='color: green;'>  币种/交易对:CUSDTUSD 沾到ema30/ema60</p>
<p style='color: green;'>  币种/交易对:CUSDTUSDT 沾到ema30/ema60</p>
<p style='color: green;'>  币种/交易对:DAWNUSD 沾到ema30/ema60</p>
<p style='color: green;'>  币种/交易对:DENTUSD 沾到ema30/ema60</p>
<p style='color: green;'>  币种/交易对:EURTUSDT 沾到ema30/ema60</p>
<p style='color: green;'>  币种/交易对:GENEUSD 沾到ema30/ema60</p>
<p style='color: green;'>  币种/交易对:GTUSD 沾到ema30/ema60</p>
<p style='color: green;'>  币种/交易对:HNTUSD 沾到ema30/ema60</p>
<p style='color: green;'>  币种/交易对:HNTUSDT 沾到ema30/ema60</p>
<p style='color: green;'>  币种/交易对:HTUSD 沾到ema30/ema60</p>
<p style='color: green;'>  币种/交易对:HUMUSD 沾到ema30/ema60</p>
<p style='color: green;'>  币种/交易对:LRCUSD 沾到ema30/ema60</p>
<p style='color: green;'>  币种/交易对:PSGUSD 沾到ema30/ema60</p>
<p style='color: green;'>  币种/交易对:PUNDIXUSD 沾到ema30/ema60</p>
<p style='color: green;'>  币种/交易对:STMXUSD 沾到ema30/ema60</p>
<p style='color: green;'>  币种/交易对:TRYBUSD 沾到ema30/ema60</p>
<p style='color: green;'>  币种/交易对:ALGOHALFUSD 沾到ema30/ema60</p>
<p style='color: green;'>  币种/交易对:ALTBEARUSD 沾到ema30/ema60</p>
<p style='color: green;'>  币种/交易对:ALTHEDGEUSD 沾到ema30/ema60</p>
<p style='color: green;'>  币种/交易对:ASDBEARUSD 沾到ema30/ema60</p>
<p style='color: green;'>  币种/交易对:ASDBEARUSDT 沾到ema30/ema60</p>
<p style='color: green;'>  币种/交易对:ASDHEDGEUSD 沾到ema30/ema60</p>
<p style='color: green;'>  币种/交易对:BNBHALFUSD 沾到ema30/ema60</p>
<p style='color: green;'>  币种/交易对:CUSDTBEARUSD 沾到ema30/ema60</p>
<p style='color: green;'>  币种/交易对:CUSDTBEARUSDT 沾到ema30/ema60</p>
<p style='color: green;'>  币种/交易对:CUSDTHEDGEUSD 沾到ema30/ema60</p>
<p style='color: green;'>  币种/交易对:DEFIHALFUSD 沾到ema30/ema60</p>
<p style='color: green;'>  币种/交易对:DOGEHALFUSD 沾到ema30/ema60</p>
<p style='color: green;'>  币种/交易对:DRGNHEDGEUSD 沾到ema30/ema60</p>
<p style='color: green;'>  币种/交易对:EOSBEARUSD 沾到ema30/ema60</p>
<p style='color: green;'>  币种/交易对:EOSBEARUSDT 沾到ema30/ema60</p>
<p style='color: green;'>  币种/交易对:EOSHEDGEUSD 沾到ema30/ema60</p>
<p style='color: green;'>  币种/交易对:ETCHALFUSD 沾到ema30/ema60</p>
<p style='color: green;'>  币种/交易对:ETHHALFUSD 沾到ema30/ema60</p>
<p style='color: green;'>  币种/交易对:EXCHBEARUSD 沾到ema30/ema60</p>
<p style='color: green;'>  币种/交易对:EXCHHALFUSD 沾到ema30/ema60</p>
<p style='color: green;'>  币种/交易对:HALFSHITUSD 沾到ema30/ema60</p>
<p style='color: green;'>  币种/交易对:HTHALFUSD 沾到ema30/ema60</p>
<p style='color: green;'>  币种/交易对:KNCHALFUSD 沾到ema30/ema60</p>
<p style='color: green;'>  币种/交易对:LEOBULLUSD 沾到ema30/ema60</p>
<p style='color: green;'>  币种/交易对:LTCBEARUSD 沾到ema30/ema60</p>
<p style='color: green;'>  币种/交易对:LTCBEARUSDT 沾到ema30/ema60</p>
<p style='color: green;'>  币种/交易对:LTCHEDGEUSD 沾到ema30/ema60</p>
<p style='color: green;'>  币种/交易对:MATICHALFUSD 沾到ema30/ema60</p>
<p style='color: green;'>  币种/交易对:MIDHALFUSD 沾到ema30/ema60</p>
<p style='color: green;'>  币种/交易对:OKBHALFUSD 沾到ema30/ema60</p>
<p style='color: green;'>  币种/交易对:PAXGBEARUSD 沾到ema30/ema60</p>
<p style='color: green;'>  币种/交易对:PAXGHEDGEUSD 沾到ema30/ema60</p>
<p style='color: green;'>  币种/交易对:PRIVHEDGEUSD 沾到ema30/ema60</p>
<p style='color: green;'>  币种/交易对:SXPHALFUSD 沾到ema30/ema60</p>
<p style='color: green;'>  币种/交易对:SXPHALFUSDT 沾到ema30/ema60</p>
<p style='color: green;'>  币种/交易对:THETAHALFUSD 沾到ema30/ema60</p>
<p style='color: green;'>  币种/交易对:TOMOHEDGEUSD 沾到ema30/ema60</p>
<p style='color: green;'>  币种/交易对:USDTBEARUSD 沾到ema30/ema60</p>
<p style='color: green;'>  币种/交易对:USDTBULLUSD 沾到ema30/ema60</p>
<p style='color: green;'>  币种/交易对:USDTHEDGEUSD 沾到ema30/ema60</p>
<p style='color: green;'>  币种/交易对:XAUTBULLUSD 沾到ema30/ema60</p>
<p style='color: green;'>  币种/交易对:XAUTHEDGEUSD 沾到ema30/ema60</p>
<p style='color: green;'>  币种/交易对:XRPBEARUSD 沾到ema30/ema60</p>
<p style='color: green;'>  币种/交易对:XRPHEDGEUSD 沾到ema30/ema60</p>
<p style='color: green; font-size:30px;'> <b>分立跳空底背离</b></p>
<p style='color: green;'>  币种/交易对:APHAUSD 分立跳空底背离</p>
<p style='color: green;'>  币种/交易对:BITUSD 分立跳空底背离</p>
<p style='color: green;'>  币种/交易对:TLRYUSD 分立跳空底背离</p>
<p style='color: green; font-size:30px;'> <b>DMI+</b></p>
<p style='color: green;'>  币种/交易对:BBUSD DMI+</p>
<p style='color: green;'>  币种/交易对:BNTXUSD DMI+</p>
<p style='color: green;'>  币种/交易对:BTCUSD DMI+</p>
<p style='color: green;'>  币种/交易对:DAIUSD DMI+</p>
<p style='color: green;'>  币种/交易对:GALAUSD DMI+</p>
<p style='color: green;'>  币种/交易对:GDXUSD DMI+</p>
<p style='color: green;'>  币种/交易对:HNTUSDT DMI+</p>
<p style='color: green;'>  币种/交易对:KINUSD DMI+</p>
<p style='color: green;'>  币种/交易对:LINAUSD DMI+</p>
<p style='color: green;'>  币种/交易对:LINKUSD DMI+</p>
<p style='color: green;'>  币种/交易对:LINKUSDT DMI+</p>
<p style='color: green;'>  币种/交易对:LUAUSD DMI+</p>
<p style='color: green;'>  币种/交易对:MATHUSD DMI+</p>
<p style='color: green;'>  币种/交易对:MATHUSDT DMI+</p>
<p style='color: green;'>  币种/交易对:MBSUSD DMI+</p>
<p style='color: green;'>  币种/交易对:MRNAUSD DMI+</p>
<p style='color: green;'>  币种/交易对:NEXOUSD DMI+</p>
<p style='color: green;'>  币种/交易对:PENNUSD DMI+</p>
<p style='color: green;'>  币种/交易对:PEOPLEUSD DMI+</p>
<p style='color: green;'>  币种/交易对:ROOKUSDT DMI+</p>
<p style='color: green;'>  币种/交易对:RUNEUSDT DMI+</p>
<p style='color: green;'>  币种/交易对:STGUSD DMI+</p>
<p style='color: green;'>  币种/交易对:TRUUSD DMI+</p>
<p style='color: green;'>  币种/交易对:TRUUSDT DMI+</p>
<p style='color: green;'>  币种/交易对:UBERUSD DMI+</p>
<p style='color: green;'>  币种/交易对:UBXTUSD DMI+</p>
<p style='color: green;'>  币种/交易对:UBXTUSDT DMI+</p>
<p style='color: green;'>  币种/交易对:ZRXUSD DMI+</p>
<p style='color: green;'>  币种/交易对:BALBEARUSD DMI+</p>
<p style='color: green;'>  币种/交易对:BALBEARUSDT DMI+</p>
<p style='color: green;'>  币种/交易对:BALHEDGEUSD DMI+</p>
<p style='color: green;'>  币种/交易对:BEARSHITUSD DMI+</p>
<p style='color: green;'>  币种/交易对:COMPHALFUSD DMI+</p>
<p style='color: green;'>  币种/交易对:DEFIHALFUSD DMI+</p>
<p style='color: green;'>  币种/交易对:DRGNBEARUSD DMI+</p>
<p style='color: green;'>  币种/交易对:EOSHEDGEUSD DMI+</p>
<p style='color: green;'>  币种/交易对:ETHBEARUSDT DMI+</p>
<p style='color: green;'>  币种/交易对:EXCHHEDGEUSD DMI+</p>
<p style='color: green;'>  币种/交易对:GRTBEARUSD DMI+</p>
<p style='color: green;'>  币种/交易对:LTCHEDGEUSD DMI+</p>
<p style='color: green;'>  币种/交易对:PAXGHEDGEUSD DMI+</p>
<p style='color: green;'>  币种/交易对:PRIVHEDGEUSD DMI+</p>
<p style='color: green;'>  币种/交易对:SXPHEDGEUSD DMI+</p>
<p style='color: green;'>  币种/交易对:THETAHALFUSD DMI+</p>
<p style='color: green;'>  币种/交易对:TRYBBEARUSD DMI+</p>
<p style='color: green;'>  币种/交易对:TRYBHEDGEUSD DMI+</p>
<p style='color: green;'>  币种/交易对:XAUTHALFUSD DMI+</p>
<p style='color: green; font-size:30px;'> <b>macd金叉信号 + DMI</b></p>
<p style='color: green;'>  币种/交易对:DAIUSD macd金叉信号 + DMI</p>
<p style='color: green;'>  币种/交易对:MRNAUSD macd金叉信号 + DMI</p>
<p style='color: green; font-size:30px;'> <b>TD 底部 9位置</b></p>
<p style='color: green;'>  币种/交易对:DKNGUSD TD 底部 9位置</p>
<p style='color: green;'>  币种/交易对:BSVBEARUSD TD 底部 9位置</p>
<p style='color: green;'>  币种/交易对:BSVBEARUSDT TD 底部 9位置</p>
<p style='color: green;'>  币种/交易对:BVOLUSD TD 底部 9位置</p>
