<p style='color: green; font-size:30px;'> <b>沾到ema30/ema60</b></p>
<p style='color: green;'>  币种/交易对:VRUSDT 沾到ema30/ema60</p>
<p style='color: green;'>  币种/交易对:BITUSDT 沾到ema30/ema60</p>
<p style='color: green;'>  币种/交易对:GODSUSDT 沾到ema30/ema60</p>
<p style='color: green;'>  币种/交易对:STARLYUSDT 沾到ema30/ema60</p>
<p style='color: green;'>  币种/交易对:NCTUSDT 沾到ema30/ema60</p>
<p style='color: green;'>  币种/交易对:SOCUSDT 沾到ema30/ema60</p>
<p style='color: green;'>  币种/交易对:DOTHUSD 沾到ema30/ema60</p>
<p style='color: green;'>  币种/交易对:QRDOUSDT 沾到ema30/ema60</p>
<p style='color: green;'>  币种/交易对:XMRUSDT 沾到ema30/ema60</p>
<p style='color: green;'>  币种/交易对:FILUSDT 沾到ema30/ema60</p>
<p style='color: green;'>  币种/交易对:GOFUSDT 沾到ema30/ema60</p>
<p style='color: green;'>  币种/交易对:FILHUSD 沾到ema30/ema60</p>
<p style='color: green;'>  币种/交易对:RUFFUSDT 沾到ema30/ema60</p>
<p style='color: green;'>  币种/交易对:PLUUSDT 沾到ema30/ema60</p>
<p style='color: green;'>  币种/交易对:TNBUSDT 沾到ema30/ema60</p>
<p style='color: green;'>  币种/交易对:ABBCUSDT 沾到ema30/ema60</p>
<p style='color: green;'>  币种/交易对:RADARUSDT 沾到ema30/ema60</p>
<p style='color: green;'>  币种/交易对:MESAUSDT 沾到ema30/ema60</p>
<p style='color: green;'>  币种/交易对:THETAHUSD 沾到ema30/ema60</p>
<p style='color: green;'>  币种/交易对:ZECHUSD 沾到ema30/ema60</p>
<p style='color: green;'>  币种/交易对:TRXUSDT 沾到ema30/ema60</p>
<p style='color: green;'>  币种/交易对:ZIGUSDT 沾到ema30/ema60</p>
<p style='color: green;'>  币种/交易对:OPULUSDT 沾到ema30/ema60</p>
<p style='color: green;'>  币种/交易对:DASHHUSD 沾到ema30/ema60</p>
<p style='color: green;'>  币种/交易对:STOREUSDT 沾到ema30/ema60</p>
<p style='color: green;'>  币种/交易对:WILDUSDT 沾到ema30/ema60</p>
<p style='color: green;'>  币种/交易对:DOTUSDT 沾到ema30/ema60</p>
<p style='color: green;'>  币种/交易对:XCURUSDT 沾到ema30/ema60</p>
<p style='color: green;'>  币种/交易对:ZRXHUSD 沾到ema30/ema60</p>
<p style='color: green;'>  币种/交易对:DOGUSDT 沾到ema30/ema60</p>
<p style='color: green;'>  币种/交易对:BREEDUSDT 沾到ema30/ema60</p>
<p style='color: green;'>  币种/交易对:PAIUSDT 沾到ema30/ema60</p>
<p style='color: green;'>  币种/交易对:EOS3LUSDT 沾到ema30/ema60</p>
<p style='color: green;'>  币种/交易对:ZBCUSDT 沾到ema30/ema60</p>
<p style='color: green;'>  币种/交易对:DOCKUSDT 沾到ema30/ema60</p>
<p style='color: green;'>  币种/交易对:CRVHUSD 沾到ema30/ema60</p>
<p style='color: green;'>  币种/交易对:SLCUSDT 沾到ema30/ema60</p>
<p style='color: green;'>  币种/交易对:VETHUSD 沾到ema30/ema60</p>
<p style='color: green;'>  币种/交易对:LETUSDT 沾到ema30/ema60</p>
<p style='color: green;'>  币种/交易对:XRPUSDT 沾到ema30/ema60</p>
<p style='color: green;'>  币种/交易对:DOGEHUSD 沾到ema30/ema60</p>
<p style='color: green;'>  币种/交易对:FILDAUSDT 沾到ema30/ema60</p>
<p style='color: green;'>  币种/交易对:PLATOUSDT 沾到ema30/ema60</p>
<p style='color: green;'>  币种/交易对:ETH3LUSDT 沾到ema30/ema60</p>
<p style='color: green;'>  币种/交易对:DIOUSDT 沾到ema30/ema60</p>
<p style='color: green;'>  币种/交易对:ARVUSDT 沾到ema30/ema60</p>
<p style='color: green;'>  币种/交易对:FIL3LUSDT 沾到ema30/ema60</p>
<p style='color: green;'>  币种/交易对:TOKEUSDT 沾到ema30/ema60</p>
<p style='color: green;'>  币种/交易对:APEUSDT 沾到ema30/ema60</p>
<p style='color: green;'>  币种/交易对:CMTUSDT 沾到ema30/ema60</p>
<p style='color: green;'>  币种/交易对:INVUSDT 沾到ema30/ema60</p>
<p style='color: green;'>  币种/交易对:FUSEUSDT 沾到ema30/ema60</p>
<p style='color: green;'>  币种/交易对:CTXC2XUSDT 沾到ema30/ema60</p>
<p style='color: green;'>  币种/交易对:ETHUSDT 沾到ema30/ema60</p>
<p style='color: green;'>  币种/交易对:DCRUSDT 沾到ema30/ema60</p>
<p style='color: green;'>  币种/交易对:SDNUSDT 沾到ema30/ema60</p>
<p style='color: green;'>  币种/交易对:POLCUSDT 沾到ema30/ema60</p>
<p style='color: green;'>  币种/交易对:CROHUSD 沾到ema30/ema60</p>
<p style='color: green;'>  币种/交易对:PYRUSDT 沾到ema30/ema60</p>
<p style='color: green;'>  币种/交易对:WALLETUSDT 沾到ema30/ema60</p>
<p style='color: green;'>  币种/交易对:KTUSDT 沾到ema30/ema60</p>
<p style='color: green;'>  币种/交易对:KANUSDT 沾到ema30/ema60</p>
<p style='color: green;'>  币种/交易对:BRTUSDT 沾到ema30/ema60</p>
<p style='color: green;'>  币种/交易对:H2OUSDT 沾到ema30/ema60</p>
<p style='color: green;'>  币种/交易对:RLYUSDT 沾到ema30/ema60</p>
<p style='color: green;'>  币种/交易对:ZEC3LUSDT 沾到ema30/ema60</p>
<p style='color: green;'>  币种/交易对:TUSDHUSD 沾到ema30/ema60</p>
<p style='color: green;'>  币种/交易对:BHDUSDT 沾到ema30/ema60</p>
<p style='color: green;'>  币种/交易对:ETCUSDT 沾到ema30/ema60</p>
<p style='color: green;'>  币种/交易对:DOSEUSDT 沾到ema30/ema60</p>
<p style='color: green;'>  币种/交易对:USDCHUSD 沾到ema30/ema60</p>
<p style='color: green;'>  币种/交易对:FLOKIUSDT 沾到ema30/ema60</p>
<p style='color: green;'>  币种/交易对:XRP3LUSDT 沾到ema30/ema60</p>
<p style='color: green;'>  币种/交易对:GALFTUSDT 沾到ema30/ema60</p>
<p style='color: green;'>  币种/交易对:ROCOUSDT 沾到ema30/ema60</p>
<p style='color: green;'>  币种/交易对:BNBUSDT 沾到ema30/ema60</p>
<p style='color: green;'>  币种/交易对:AIOZUSDT 沾到ema30/ema60</p>
<p style='color: green;'>  币种/交易对:CAKEUSDT 沾到ema30/ema60</p>
<p style='color: green;'>  币种/交易对:ZKSUSDT 沾到ema30/ema60</p>
<p style='color: green;'>  币种/交易对:DAOUSDT 沾到ema30/ema60</p>
<p style='color: green;'>  币种/交易对:DOT2LUSDT 沾到ema30/ema60</p>
<p style='color: green;'>  币种/交易对:PRQUSDT 沾到ema30/ema60</p>
<p style='color: green;'>  币种/交易对:UTKUSDT 沾到ema30/ema60</p>
<p style='color: green;'>  币种/交易对:INSURUSDT 沾到ema30/ema60</p>
<p style='color: green;'>  币种/交易对:USDDUSDT 沾到ema30/ema60</p>
<p style='color: green;'>  币种/交易对:BCH3SUSDT 沾到ema30/ema60</p>
<p style='color: green;'>  币种/交易对:XPRTUSDT 沾到ema30/ema60</p>
<p style='color: green;'>  币种/交易对:NEXOUSDT 沾到ema30/ema60</p>
<p style='color: green;'>  币种/交易对:WHALEUSDT 沾到ema30/ema60</p>
<p style='color: green;'>  币种/交易对:OCNUSDT 沾到ema30/ema60</p>
<p style='color: green;'>  币种/交易对:IMXUSDT 沾到ema30/ema60</p>
<p style='color: green;'>  币种/交易对:MDSUSDT 沾到ema30/ema60</p>
<p style='color: green;'>  币种/交易对:SOLUSDT 沾到ema30/ema60</p>
<p style='color: green;'>  币种/交易对:XDEFIUSDT 沾到ema30/ema60</p>
<p style='color: green;'>  币种/交易对:NHBTCUSDT 沾到ema30/ema60</p>
<p style='color: green;'>  币种/交易对:LTC3LUSDT 沾到ema30/ema60</p>
<p style='color: green;'>  币种/交易对:SNSUSDT 沾到ema30/ema60</p>
<p style='color: green;'>  币种/交易对:SPRTUSDT 沾到ema30/ema60</p>
<p style='color: green;'>  币种/交易对:XRTUSDT 沾到ema30/ema60</p>
<p style='color: green;'>  币种/交易对:SKUUSDT 沾到ema30/ema60</p>
<p style='color: green;'>  币种/交易对:ZKPUSDT 沾到ema30/ema60</p>
<p style='color: green;'>  币种/交易对:NODEUSDT 沾到ema30/ema60</p>
<p style='color: green;'>  币种/交易对:MXCUSDT 沾到ema30/ema60</p>
<p style='color: green;'>  币种/交易对:NEWUSDT 沾到ema30/ema60</p>
<p style='color: green;'>  币种/交易对:MKRUSDT 沾到ema30/ema60</p>
<p style='color: green;'>  币种/交易对:GMTUSDT 沾到ema30/ema60</p>
<p style='color: green;'>  币种/交易对:GBPUSDT 沾到ema30/ema60</p>
<p style='color: green;'>  币种/交易对:RAINUSDT 沾到ema30/ema60</p>
<p style='color: green;'>  币种/交易对:VALUEUSDT 沾到ema30/ema60</p>
<p style='color: green;'>  币种/交易对:SMCWUSDT 沾到ema30/ema60</p>
<p style='color: green;'>  币种/交易对:LBPUSDT 沾到ema30/ema60</p>
<p style='color: green;'>  币种/交易对:DBCUSDT 沾到ema30/ema60</p>
<p style='color: green;'>  币种/交易对:BULLUSDT 沾到ema30/ema60</p>
<p style='color: green;'>  币种/交易对:USDCUSDT 沾到ema30/ema60</p>
<p style='color: green;'>  币种/交易对:SKMUSDT 沾到ema30/ema60</p>
<p style='color: green;'>  币种/交易对:ETH1SUSDT 沾到ema30/ema60</p>
<p style='color: green;'>  币种/交易对:USDTHUSD 沾到ema30/ema60</p>
<p style='color: green;'>  币种/交易对:VEMPUSDT 沾到ema30/ema60</p>
<p style='color: green;'>  币种/交易对:MKRHUSD 沾到ema30/ema60</p>
<p style='color: green;'>  币种/交易对:AACUSDT 沾到ema30/ema60</p>
<p style='color: green;'>  币种/交易对:XYOUSDT 沾到ema30/ema60</p>
<p style='color: green;'>  币种/交易对:EGSUSDT 沾到ema30/ema60</p>
<p style='color: green;'>  币种/交易对:Hydro ProtocolUSDT 沾到ema30/ema60</p>
<p style='color: green;'>  币种/交易对:ACHUSDT 沾到ema30/ema60</p>
<p style='color: green;'>  币种/交易对:ETHHUSD 沾到ema30/ema60</p>
<p style='color: green;'>  币种/交易对:DFAUSDT 沾到ema30/ema60</p>
<p style='color: green;'>  币种/交易对:KAIUSDT 沾到ema30/ema60</p>
<p style='color: green;'>  币种/交易对:ITCUSDT 沾到ema30/ema60</p>
<p style='color: green;'>  币种/交易对:LOOMUSDT 沾到ema30/ema60</p>
<p style='color: green;'>  币种/交易对:UNICUSDT 沾到ema30/ema60</p>
<p style='color: green;'>  币种/交易对:TRXHUSD 沾到ema30/ema60</p>
<p style='color: green;'>  币种/交易对:CEEKUSDT 沾到ema30/ema60</p>
<p style='color: green;'>  币种/交易对:IDEXUSDT 沾到ema30/ema60</p>
<p style='color: green;'>  币种/交易对:STFUSDT 沾到ema30/ema60</p>
<p style='color: green;'>  币种/交易对:UPIUSDT 沾到ema30/ema60</p>
<p style='color: green;'>  币种/交易对:WBTCUSDT 沾到ema30/ema60</p>
<p style='color: green;'>  币种/交易对:SPELLUSDT 沾到ema30/ema60</p>
<p style='color: green;'>  币种/交易对:BETHUSDT 沾到ema30/ema60</p>
<p style='color: green;'>  币种/交易对:ATPUSDT 沾到ema30/ema60</p>
<p style='color: green;'>  币种/交易对:XRPHUSD 沾到ema30/ema60</p>
<p style='color: green;'>  币种/交易对:EMUSDT 沾到ema30/ema60</p>
<p style='color: green; font-size:30px;'> <b>DMI+</b></p>
<p style='color: green;'>  币种/交易对:BITUSDT DMI+</p>
<p style='color: green;'>  币种/交易对:ENJUSDT DMI+</p>
<p style='color: green;'>  币种/交易对:IOTAUSDT DMI+</p>
<p style='color: green;'>  币种/交易对:RACAUSDT DMI+</p>
<p style='color: green;'>  币种/交易对:DASHUSDT DMI+</p>
<p style='color: green;'>  币种/交易对:RLCUSDT DMI+</p>
<p style='color: green;'>  币种/交易对:GALUSDT DMI+</p>
<p style='color: green;'>  币种/交易对:OCTUSDT DMI+</p>
<p style='color: green;'>  币种/交易对:ZRXUSDT DMI+</p>
<p style='color: green;'>  币种/交易对:SUKUUSDT DMI+</p>
<p style='color: green;'>  币种/交易对:UNIHUSD DMI+</p>
<p style='color: green;'>  币种/交易对:GOFUSDT DMI+</p>
<p style='color: green;'>  币种/交易对:FILHUSD DMI+</p>
<p style='color: green;'>  币种/交易对:NEOUSDT DMI+</p>
<p style='color: green;'>  币种/交易对:ICXUSDT DMI+</p>
<p style='color: green;'>  币种/交易对:UNI2LUSDT DMI+</p>
<p style='color: green;'>  币种/交易对:SCUSDT DMI+</p>
<p style='color: green;'>  币种/交易对:MATICUSDT DMI+</p>
<p style='color: green;'>  币种/交易对:MGGUSDT DMI+</p>
<p style='color: green;'>  币种/交易对:AKROUSDT DMI+</p>
<p style='color: green;'>  币种/交易对:GFUSDT DMI+</p>
<p style='color: green;'>  币种/交易对:RENHUSD DMI+</p>
<p style='color: green;'>  币种/交易对:IOTXUSDT DMI+</p>
<p style='color: green;'>  币种/交易对:RADARUSDT DMI+</p>
<p style='color: green;'>  币种/交易对:MCONTENTUSDT DMI+</p>
<p style='color: green;'>  币种/交易对:FRONTUSDT DMI+</p>
<p style='color: green;'>  币种/交易对:OGNUSDT DMI+</p>
<p style='color: green;'>  币种/交易对:ZECUSDT DMI+</p>
<p style='color: green;'>  币种/交易对:POLYXUSDT DMI+</p>
<p style='color: green;'>  币种/交易对:CTXCUSDT DMI+</p>
<p style='color: green;'>  币种/交易对:ANTUSDT DMI+</p>
<p style='color: green;'>  币种/交易对:DODOUSDT DMI+</p>
<p style='color: green;'>  币种/交易对:ZECHUSD DMI+</p>
<p style='color: green;'>  币种/交易对:TRXUSDT DMI+</p>
<p style='color: green;'>  币种/交易对:O3USDT DMI+</p>
<p style='color: green;'>  币种/交易对:SNXUSDT DMI+</p>
<p style='color: green;'>  币种/交易对:OPULUSDT DMI+</p>
<p style='color: green;'>  币种/交易对:DASHHUSD DMI+</p>
<p style='color: green;'>  币种/交易对:ELAHUSD DMI+</p>
<p style='color: green;'>  币种/交易对:SXPUSDT DMI+</p>
<p style='color: green;'>  币种/交易对:ETCHUSD DMI+</p>
<p style='color: green;'>  币种/交易对:BCHHUSD DMI+</p>
<p style='color: green;'>  币种/交易对:DOGUSDT DMI+</p>
<p style='color: green;'>  币种/交易对:EDENUSDT DMI+</p>
<p style='color: green;'>  币种/交易对:EOS3LUSDT DMI+</p>
<p style='color: green;'>  币种/交易对:RNDRUSDT DMI+</p>
<p style='color: green;'>  币种/交易对:ANKRUSDT DMI+</p>
<p style='color: green;'>  币种/交易对:ZENUSDT DMI+</p>
<p style='color: green;'>  币种/交易对:BTTUSDT DMI+</p>
<p style='color: green;'>  币种/交易对:VETHUSD DMI+</p>
<p style='color: green;'>  币种/交易对:AVAXUSDT DMI+</p>
<p style='color: green;'>  币种/交易对:XRPUSDT DMI+</p>
<p style='color: green;'>  币种/交易对:LUNRUSDT DMI+</p>
<p style='color: green;'>  币种/交易对:ETH3LUSDT DMI+</p>
<p style='color: green;'>  币种/交易对:BTC3LUSDT DMI+</p>
<p style='color: green;'>  币种/交易对:ACAUSDT DMI+</p>
<p style='color: green;'>  币种/交易对:TOKEUSDT DMI+</p>
<p style='color: green;'>  币种/交易对:LRCUSDT DMI+</p>
<p style='color: green;'>  币种/交易对:APEUSDT DMI+</p>
<p style='color: green;'>  币种/交易对:SNXHUSD DMI+</p>
<p style='color: green;'>  币种/交易对:VRAUSDT DMI+</p>
<p style='color: green;'>  币种/交易对:QTUMUSDT DMI+</p>
<p style='color: green;'>  币种/交易对:STORJUSDT DMI+</p>
<p style='color: green;'>  币种/交易对:CTXC2XUSDT DMI+</p>
<p style='color: green;'>  币种/交易对:SNTUSDT DMI+</p>
<p style='color: green;'>  币种/交易对:ETHUSDT DMI+</p>
<p style='color: green;'>  币种/交易对:COTIUSDT DMI+</p>
<p style='color: green;'>  币种/交易对:SDNUSDT DMI+</p>
<p style='color: green;'>  币种/交易对:CROHUSD DMI+</p>
<p style='color: green;'>  币种/交易对:KANUSDT DMI+</p>
<p style='color: green;'>  币种/交易对:TRBUSDT DMI+</p>
<p style='color: green;'>  币种/交易对:RLYUSDT DMI+</p>
<p style='color: green;'>  币种/交易对:ZEC3LUSDT DMI+</p>
<p style='color: green;'>  币种/交易对:SUPERUSDT DMI+</p>
<p style='color: green;'>  币种/交易对:RSRHUSD DMI+</p>
<p style='color: green;'>  币种/交易对:BANDUSDT DMI+</p>
<p style='color: green;'>  币种/交易对:XRP3LUSDT DMI+</p>
<p style='color: green;'>  币种/交易对:XCHUSDT DMI+</p>
<p style='color: green;'>  币种/交易对:SANDUSDT DMI+</p>
<p style='color: green;'>  币种/交易对:AIOZUSDT DMI+</p>
<p style='color: green;'>  币种/交易对:ARPAUSDT DMI+</p>
<p style='color: green;'>  币种/交易对:ALGOHUSD DMI+</p>
<p style='color: green;'>  币种/交易对:ALGOUSDT DMI+</p>
<p style='color: green;'>  币种/交易对:ZILHUSD DMI+</p>
<p style='color: green;'>  币种/交易对:NOIAUSDT DMI+</p>
<p style='color: green;'>  币种/交易对:ZILUSDT DMI+</p>
<p style='color: green;'>  币种/交易对:INJUSDT DMI+</p>
<p style='color: green;'>  币种/交易对:BTCHUSD DMI+</p>
<p style='color: green;'>  币种/交易对:GTUSDT DMI+</p>
<p style='color: green;'>  币种/交易对:TTUSDT DMI+</p>
<p style='color: green;'>  币种/交易对:NEARUSDT DMI+</p>
<p style='color: green;'>  币种/交易对:NKNUSDT DMI+</p>
<p style='color: green;'>  币种/交易对:LTCUSDT DMI+</p>
<p style='color: green;'>  币种/交易对:XPRTUSDT DMI+</p>
<p style='color: green;'>  币种/交易对:BCH3LUSDT DMI+</p>
<p style='color: green;'>  币种/交易对:API3USDT DMI+</p>
<p style='color: green;'>  币种/交易对:WHALEUSDT DMI+</p>
<p style='color: green;'>  币种/交易对:WOZXUSDT DMI+</p>
<p style='color: green;'>  币种/交易对:ERNUSDT DMI+</p>
<p style='color: green;'>  币种/交易对:BTCUSDT DMI+</p>
<p style='color: green;'>  币种/交易对:OMGUSDT DMI+</p>
<p style='color: green;'>  币种/交易对:YGGUSDT DMI+</p>
<p style='color: green;'>  币种/交易对:CVPUSDT DMI+</p>
<p style='color: green;'>  币种/交易对:LTCHUSD DMI+</p>
<p style='color: green;'>  币种/交易对:LTC3LUSDT DMI+</p>
<p style='color: green;'>  币种/交易对:UIPUSDT DMI+</p>
<p style='color: green;'>  币种/交易对:WTCUSDT DMI+</p>
<p style='color: green;'>  币种/交易对:SKUUSDT DMI+</p>
<p style='color: green;'>  币种/交易对:FTIUSDT DMI+</p>
<p style='color: green;'>  币种/交易对:EOSHUSD DMI+</p>
<p style='color: green;'>  币种/交易对:BTSUSDT DMI+</p>
<p style='color: green;'>  币种/交易对:AUDIOUSDT DMI+</p>
<p style='color: green;'>  币种/交易对:NEWUSDT DMI+</p>
<p style='color: green;'>  币种/交易对:MKRUSDT DMI+</p>
<p style='color: green;'>  币种/交易对:LPTUSDT DMI+</p>
<p style='color: green;'>  币种/交易对:IOSTHUSD DMI+</p>
<p style='color: green;'>  币种/交易对:BALUSDT DMI+</p>
<p style='color: green;'>  币种/交易对:BANDHUSD DMI+</p>
<p style='color: green;'>  币种/交易对:EOSUSDT DMI+</p>
<p style='color: green;'>  币种/交易对:CLVUSDT DMI+</p>
<p style='color: green;'>  币种/交易对:VALUEUSDT DMI+</p>
<p style='color: green;'>  币种/交易对:XLMUSDT DMI+</p>
<p style='color: green;'>  币种/交易对:BSVHUSD DMI+</p>
<p style='color: green;'>  币种/交易对:VEMPUSDT DMI+</p>
<p style='color: green;'>  币种/交易对:MKRHUSD DMI+</p>
<p style='color: green;'>  币种/交易对:ASTRUSDT DMI+</p>
<p style='color: green;'>  币种/交易对:CROUSDT DMI+</p>
<p style='color: green;'>  币种/交易对:RVNUSDT DMI+</p>
<p style='color: green;'>  币种/交易对:Hydro ProtocolUSDT DMI+</p>
<p style='color: green;'>  币种/交易对:NASUSDT DMI+</p>
<p style='color: green;'>  币种/交易对:BATUSDT DMI+</p>
<p style='color: green;'>  币种/交易对:BSV3LUSDT DMI+</p>
<p style='color: green;'>  币种/交易对:OMGHUSD DMI+</p>
<p style='color: green;'>  币种/交易对:BCHUSDT DMI+</p>
<p style='color: green;'>  币种/交易对:ETHHUSD DMI+</p>
<p style='color: green;'>  币种/交易对:THETAUSDT DMI+</p>
<p style='color: green;'>  币种/交易对:MASKUSDT DMI+</p>
<p style='color: green;'>  币种/交易对:MDXUSDT DMI+</p>
<p style='color: green;'>  币种/交易对:NFTUSDT DMI+</p>
<p style='color: green;'>  币种/交易对:FIROUSDT DMI+</p>
<p style='color: green;'>  币种/交易对:HBARUSDT DMI+</p>
<p style='color: green;'>  币种/交易对:MULTIUSDT DMI+</p>
<p style='color: green;'>  币种/交易对:CEREUSDT DMI+</p>
<p style='color: green;'>  币种/交易对:SKLUSDT DMI+</p>
<p style='color: green;'>  币种/交易对:CEEKUSDT DMI+</p>
<p style='color: green;'>  币种/交易对:IDEXUSDT DMI+</p>
<p style='color: green;'>  币种/交易对:CHZUSDT DMI+</p>
<p style='color: green;'>  币种/交易对:GRTUSDT DMI+</p>
<p style='color: green;'>  币种/交易对:KNCHUSD DMI+</p>
<p style='color: green;'>  币种/交易对:UPIUSDT DMI+</p>
<p style='color: green;'>  币种/交易对:BOSONUSDT DMI+</p>
<p style='color: green;'>  币种/交易对:WBTCUSDT DMI+</p>
<p style='color: green;'>  币种/交易对:ELAUSDT DMI+</p>
<p style='color: green;'>  币种/交易对:FTTUSDT DMI+</p>
<p style='color: green;'>  币种/交易对:TLMUSDT DMI+</p>
<p style='color: green;'>  币种/交易对:BETHUSDT DMI+</p>
<p style='color: green;'>  币种/交易对:XRPHUSD DMI+</p>
<p style='color: green;'>  币种/交易对:AUCTIONUSDT DMI+</p>
<p style='color: green; font-size:30px;'> <b>kdj金叉信号</b></p>
<p style='color: green;'>  币种/交易对:BITUSDT kdj金叉信号</p>
<p style='color: green;'>  币种/交易对:ENJUSDT kdj金叉信号</p>
<p style='color: green;'>  币种/交易对:PUSHUSDT kdj金叉信号</p>
<p style='color: green;'>  币种/交易对:ONTHUSD kdj金叉信号</p>
<p style='color: green;'>  币种/交易对:XTMUSDT kdj金叉信号</p>
<p style='color: green;'>  币种/交易对:TUSDT kdj金叉信号</p>
<p style='color: green;'>  币种/交易对:DOTHUSD kdj金叉信号</p>
<p style='color: green;'>  币种/交易对:GALUSDT kdj金叉信号</p>
<p style='color: green;'>  币种/交易对:QRDOUSDT kdj金叉信号</p>
<p style='color: green;'>  币种/交易对:PHAUSDT kdj金叉信号</p>
<p style='color: green;'>  币种/交易对:RENUSDT kdj金叉信号</p>
<p style='color: green;'>  币种/交易对:TRACEUSDT kdj金叉信号</p>
<p style='color: green;'>  币种/交易对:UNIHUSD kdj金叉信号</p>
<p style='color: green;'>  币种/交易对:FILHUSD kdj金叉信号</p>
<p style='color: green;'>  币种/交易对:NEOUSDT kdj金叉信号</p>
<p style='color: green;'>  币种/交易对:ICXUSDT kdj金叉信号</p>
<p style='color: green;'>  币种/交易对:UNI2LUSDT kdj金叉信号</p>
<p style='color: green;'>  币种/交易对:PLUUSDT kdj金叉信号</p>
<p style='color: green;'>  币种/交易对:RETHUSDT kdj金叉信号</p>
<p style='color: green;'>  币种/交易对:ONTUSDT kdj金叉信号</p>
<p style='color: green;'>  币种/交易对:XEMUSDT kdj金叉信号</p>
<p style='color: green;'>  币种/交易对:CKBUSDT kdj金叉信号</p>
<p style='color: green;'>  币种/交易对:WOOUSDT kdj金叉信号</p>
<p style='color: green;'>  币种/交易对:SCUSDT kdj金叉信号</p>
<p style='color: green;'>  币种/交易对:MATICUSDT kdj金叉信号</p>
<p style='color: green;'>  币种/交易对:AKROUSDT kdj金叉信号</p>
<p style='color: green;'>  币种/交易对:RENHUSD kdj金叉信号</p>
<p style='color: green;'>  币种/交易对:UNIUSDT kdj金叉信号</p>
<p style='color: green;'>  币种/交易对:FLOWUSDT kdj金叉信号</p>
<p style='color: green;'>  币种/交易对:HECUSDT kdj金叉信号</p>
<p style='color: green;'>  币种/交易对:FRONTUSDT kdj金叉信号</p>
<p style='color: green;'>  币种/交易对:AMPUSDT kdj金叉信号</p>
<p style='color: green;'>  币种/交易对:DODOUSDT kdj金叉信号</p>
<p style='color: green;'>  币种/交易对:ZECHUSD kdj金叉信号</p>
<p style='color: green;'>  币种/交易对:KSMHUSD kdj金叉信号</p>
<p style='color: green;'>  币种/交易对:SNXUSDT kdj金叉信号</p>
<p style='color: green;'>  币种/交易对:DASHHUSD kdj金叉信号</p>
<p style='color: green;'>  币种/交易对:WILDUSDT kdj金叉信号</p>
<p style='color: green;'>  币种/交易对:AAVEHUSD kdj金叉信号</p>
<p style='color: green;'>  币种/交易对:SXPUSDT kdj金叉信号</p>
<p style='color: green;'>  币种/交易对:MBOXUSDT kdj金叉信号</p>
<p style='color: green;'>  币种/交易对:ETCHUSD kdj金叉信号</p>
<p style='color: green;'>  币种/交易对:DOTUSDT kdj金叉信号</p>
<p style='color: green;'>  币种/交易对:BCHHUSD kdj金叉信号</p>
<p style='color: green;'>  币种/交易对:SYSUSDT kdj金叉信号</p>
<p style='color: green;'>  币种/交易对:DIAUSDT kdj金叉信号</p>
<p style='color: green;'>  币种/交易对:EDENUSDT kdj金叉信号</p>
<p style='color: green;'>  币种/交易对:BREEDUSDT kdj金叉信号</p>
<p style='color: green;'>  币种/交易对:RNDRUSDT kdj金叉信号</p>
<p style='color: green;'>  币种/交易对:ANKRUSDT kdj金叉信号</p>
<p style='color: green;'>  币种/交易对:ZENUSDT kdj金叉信号</p>
<p style='color: green;'>  币种/交易对:COMPUSDT kdj金叉信号</p>
<p style='color: green;'>  币种/交易对:IOSTUSDT kdj金叉信号</p>
<p style='color: green;'>  币种/交易对:BTTUSDT kdj金叉信号</p>
<p style='color: green;'>  币种/交易对:DOCKUSDT kdj金叉信号</p>
<p style='color: green;'>  币种/交易对:KCTUSDT kdj金叉信号</p>
<p style='color: green;'>  币种/交易对:AVAXUSDT kdj金叉信号</p>
<p style='color: green;'>  币种/交易对:HTHUSD kdj金叉信号</p>
<p style='color: green;'>  币种/交易对:QTUMHUSD kdj金叉信号</p>
<p style='color: green;'>  币种/交易对:DOGEHUSD kdj金叉信号</p>
<p style='color: green;'>  币种/交易对:LUNRUSDT kdj金叉信号</p>
<p style='color: green;'>  币种/交易对:PLATOUSDT kdj金叉信号</p>
<p style='color: green;'>  币种/交易对:FITFIUSDT kdj金叉信号</p>
<p style='color: green;'>  币种/交易对:ETH3LUSDT kdj金叉信号</p>
<p style='color: green;'>  币种/交易对:BTC3LUSDT kdj金叉信号</p>
<p style='color: green;'>  币种/交易对:ENSUSDT kdj金叉信号</p>
<p style='color: green;'>  币种/交易对:CELOUSDT kdj金叉信号</p>
<p style='color: green;'>  币种/交易对:ACAUSDT kdj金叉信号</p>
<p style='color: green;'>  币种/交易对:APEUSDT kdj金叉信号</p>
<p style='color: green;'>  币种/交易对:AXSUSDT kdj金叉信号</p>
<p style='color: green;'>  币种/交易对:SNXHUSD kdj金叉信号</p>
<p style='color: green;'>  币种/交易对:VRAUSDT kdj金叉信号</p>
<p style='color: green;'>  币种/交易对:XLMHUSD kdj金叉信号</p>
<p style='color: green;'>  币种/交易对:QTUMUSDT kdj金叉信号</p>
<p style='color: green;'>  币种/交易对:SNTUSDT kdj金叉信号</p>
<p style='color: green;'>  币种/交易对:ETHUSDT kdj金叉信号</p>
<p style='color: green;'>  币种/交易对:COTIUSDT kdj金叉信号</p>
<p style='color: green;'>  币种/交易对:POLCUSDT kdj金叉信号</p>
<p style='color: green;'>  币种/交易对:CROHUSD kdj金叉信号</p>
<p style='color: green;'>  币种/交易对:PYRUSDT kdj金叉信号</p>
<p style='color: green;'>  币种/交易对:ELONUSDT kdj金叉信号</p>
<p style='color: green;'>  币种/交易对:PVTUSDT kdj金叉信号</p>
<p style='color: green;'>  币种/交易对:APNUSDT kdj金叉信号</p>
<p style='color: green;'>  币种/交易对:TRBUSDT kdj金叉信号</p>
<p style='color: green;'>  币种/交易对:WEMIXUSDT kdj金叉信号</p>
<p style='color: green;'>  币种/交易对:SUPERUSDT kdj金叉信号</p>
<p style='color: green;'>  币种/交易对:LMRUSDT kdj金叉信号</p>
<p style='color: green;'>  币种/交易对:ONEUSDT kdj金叉信号</p>
<p style='color: green;'>  币种/交易对:WINUSDT kdj金叉信号</p>
<p style='color: green;'>  币种/交易对:BALHUSD kdj金叉信号</p>
<p style='color: green;'>  币种/交易对:ETCUSDT kdj金叉信号</p>
<p style='color: green;'>  币种/交易对:BANDUSDT kdj金叉信号</p>
<p style='color: green;'>  币种/交易对:POLSUSDT kdj金叉信号</p>
<p style='color: green;'>  币种/交易对:AAVEUSDT kdj金叉信号</p>
<p style='color: green;'>  币种/交易对:DOSEUSDT kdj金叉信号</p>
<p style='color: green;'>  币种/交易对:PEOPLEUSDT kdj金叉信号</p>
<p style='color: green;'>  币种/交易对:FTMUSDT kdj金叉信号</p>
<p style='color: green;'>  币种/交易对:BNBUSDT kdj金叉信号</p>
<p style='color: green;'>  币种/交易对:IRISUSDT kdj金叉信号</p>
<p style='color: green;'>  币种/交易对:LQTYUSDT kdj金叉信号</p>
<p style='color: green;'>  币种/交易对:SANDUSDT kdj金叉信号</p>
<p style='color: green;'>  币种/交易对:MONOUSDT kdj金叉信号</p>
<p style='color: green;'>  币种/交易对:ACTUSDT kdj金叉信号</p>
<p style='color: green;'>  币种/交易对:CAKEUSDT kdj金叉信号</p>
<p style='color: green;'>  币种/交易对:REEFUSDT kdj金叉信号</p>
<p style='color: green;'>  币种/交易对:ALGOHUSD kdj金叉信号</p>
<p style='color: green;'>  币种/交易对:SUSHIUSDT kdj金叉信号</p>
<p style='color: green;'>  币种/交易对:ALGOUSDT kdj金叉信号</p>
<p style='color: green;'>  币种/交易对:ZILHUSD kdj金叉信号</p>
<p style='color: green;'>  币种/交易对:ELFUSDT kdj金叉信号</p>
<p style='color: green;'>  币种/交易对:STNUSDT kdj金叉信号</p>
<p style='color: green;'>  币种/交易对:DOT2LUSDT kdj金叉信号</p>
<p style='color: green;'>  币种/交易对:MOVRUSDT kdj金叉信号</p>
<p style='color: green;'>  币种/交易对:ZILUSDT kdj金叉信号</p>
<p style='color: green;'>  币种/交易对:INJUSDT kdj金叉信号</p>
<p style='color: green;'>  币种/交易对:BTCHUSD kdj金叉信号</p>
<p style='color: green;'>  币种/交易对:USDDUSDT kdj金叉信号</p>
<p style='color: green;'>  币种/交易对:GTUSDT kdj金叉信号</p>
<p style='color: green;'>  币种/交易对:TTUSDT kdj金叉信号</p>
<p style='color: green;'>  币种/交易对:NEARUSDT kdj金叉信号</p>
<p style='color: green;'>  币种/交易对:ALICEUSDT kdj金叉信号</p>
<p style='color: green;'>  币种/交易对:NKNUSDT kdj金叉信号</p>
<p style='color: green;'>  币种/交易对:MANAUSDT kdj金叉信号</p>
<p style='color: green;'>  币种/交易对:GLMUSDT kdj金叉信号</p>
<p style='color: green;'>  币种/交易对:BCH3LUSDT kdj金叉信号</p>
<p style='color: green;'>  币种/交易对:API3USDT kdj金叉信号</p>
<p style='color: green;'>  币种/交易对:WOZXUSDT kdj金叉信号</p>
<p style='color: green;'>  币种/交易对:OCNUSDT kdj金叉信号</p>
<p style='color: green;'>  币种/交易对:IMXUSDT kdj金叉信号</p>
<p style='color: green;'>  币种/交易对:DAIUSDT kdj金叉信号</p>
<p style='color: green;'>  币种/交易对:BTCUSDT kdj金叉信号</p>
<p style='color: green;'>  币种/交易对:AQTUSDT kdj金叉信号</p>
<p style='color: green;'>  币种/交易对:OMGUSDT kdj金叉信号</p>
<p style='color: green;'>  币种/交易对:YGGUSDT kdj金叉信号</p>
<p style='color: green;'>  币种/交易对:CSPRUSDT kdj金叉信号</p>
<p style='color: green;'>  币种/交易对:WNXMUSDT kdj金叉信号</p>
<p style='color: green;'>  币种/交易对:NANOUSDT kdj金叉信号</p>
<p style='color: green;'>  币种/交易对:FSNUSDT kdj金叉信号</p>
<p style='color: green;'>  币种/交易对:BICOUSDT kdj金叉信号</p>
<p style='color: green;'>  币种/交易对:GMEEUSDT kdj金叉信号</p>
<p style='color: green;'>  币种/交易对:XTZUSDT kdj金叉信号</p>
<p style='color: green;'>  币种/交易对:KNCUSDT kdj金叉信号</p>
<p style='color: green;'>  币种/交易对:UIPUSDT kdj金叉信号</p>
<p style='color: green;'>  币种/交易对:WTCUSDT kdj金叉信号</p>
<p style='color: green;'>  币种/交易对:WAVESUSDT kdj金叉信号</p>
<p style='color: green;'>  币种/交易对:PLAUSDT kdj金叉信号</p>
<p style='color: green;'>  币种/交易对:SKUUSDT kdj金叉信号</p>
<p style='color: green;'>  币种/交易对:NODEUSDT kdj金叉信号</p>
<p style='color: green;'>  币种/交易对:VETUSDT kdj金叉信号</p>
<p style='color: green;'>  币种/交易对:AUDIOUSDT kdj金叉信号</p>
<p style='color: green;'>  币种/交易对:LPTUSDT kdj金叉信号</p>
<p style='color: green;'>  币种/交易对:JSTUSDT kdj金叉信号</p>
<p style='color: green;'>  币种/交易对:IOSTHUSD kdj金叉信号</p>
<p style='color: green;'>  币种/交易对:AGLDUSDT kdj金叉信号</p>
<p style='color: green;'>  币种/交易对:BALUSDT kdj金叉信号</p>
<p style='color: green;'>  币种/交易对:BANDHUSD kdj金叉信号</p>
<p style='color: green;'>  币种/交易对:CVCUSDT kdj金叉信号</p>
<p style='color: green;'>  币种/交易对:GMTUSDT kdj金叉信号</p>
<p style='color: green;'>  币种/交易对:CLVUSDT kdj金叉信号</p>
<p style='color: green;'>  币种/交易对:EFIUSDT kdj金叉信号</p>
<p style='color: green;'>  币种/交易对:XLMUSDT kdj金叉信号</p>
<p style='color: green;'>  币种/交易对:BSVHUSD kdj金叉信号</p>
<p style='color: green;'>  币种/交易对:TRACUSDT kdj金叉信号</p>
<p style='color: green;'>  币种/交易对:ATOMUSDT kdj金叉信号</p>
<p style='color: green;'>  币种/交易对:MKRHUSD kdj金叉信号</p>
<p style='color: green;'>  币种/交易对:ASTRUSDT kdj金叉信号</p>
<p style='color: green;'>  币种/交易对:CROUSDT kdj金叉信号</p>
<p style='color: green;'>  币种/交易对:BADGERUSDT kdj金叉信号</p>
<p style='color: green;'>  币种/交易对:1INCHUSDT kdj金叉信号</p>
<p style='color: green;'>  币种/交易对:RVNUSDT kdj金叉信号</p>
<p style='color: green;'>  币种/交易对:Hydro ProtocolUSDT kdj金叉信号</p>
<p style='color: green;'>  币种/交易对:LUNAUSDT kdj金叉信号</p>
<p style='color: green;'>  币种/交易对:BATUSDT kdj金叉信号</p>
<p style='color: green;'>  币种/交易对:OMGHUSD kdj金叉信号</p>
<p style='color: green;'>  币种/交易对:BCHUSDT kdj金叉信号</p>
<p style='color: green;'>  币种/交易对:ETHHUSD kdj金叉信号</p>
<p style='color: green;'>  币种/交易对:WAXPUSDT kdj金叉信号</p>
<p style='color: green;'>  币种/交易对:MDXUSDT kdj金叉信号</p>
<p style='color: green;'>  币种/交易对:IOIUSDT kdj金叉信号</p>
<p style='color: green;'>  币种/交易对:MULTIUSDT kdj金叉信号</p>
<p style='color: green;'>  币种/交易对:GNXUSDT kdj金叉信号</p>
<p style='color: green;'>  币种/交易对:TRXHUSD kdj金叉信号</p>
<p style='color: green;'>  币种/交易对:UNBUSDT kdj金叉信号</p>
<p style='color: green;'>  币种/交易对:CEREUSDT kdj金叉信号</p>
<p style='color: green;'>  币种/交易对:GLMRUSDT kdj金叉信号</p>
<p style='color: green;'>  币种/交易对:CHZUSDT kdj金叉信号</p>
<p style='color: green;'>  币种/交易对:SUSHIHUSD kdj金叉信号</p>
<p style='color: green;'>  币种/交易对:BOSONUSDT kdj金叉信号</p>
<p style='color: green;'>  币种/交易对:HTUSDT kdj金叉信号</p>
<p style='color: green;'>  币种/交易对:FTTUSDT kdj金叉信号</p>
<p style='color: green;'>  币种/交易对:SPELLUSDT kdj金叉信号</p>
<p style='color: green;'>  币种/交易对:BETHUSDT kdj金叉信号</p>
<p style='color: green;'>  币种/交易对:LINAUSDT kdj金叉信号</p>
<p style='color: green;'>  币种/交易对:KSMUSDT kdj金叉信号</p>
<p style='color: green;'>  币种/交易对:AUCTIONUSDT kdj金叉信号</p>
<p style='color: green; font-size:30px;'> <b>分立跳空底背离</b></p>
<p style='color: green;'>  币种/交易对:LINK3SUSDT 分立跳空底背离</p>
<p style='color: green;'>  币种/交易对:PUSHUSDT 分立跳空底背离</p>
<p style='color: green;'>  币种/交易对:ANMLUSDT 分立跳空底背离</p>
<p style='color: green;'>  币种/交易对:MUUSDT 分立跳空底背离</p>
<p style='color: green;'>  币种/交易对:GALUSDT 分立跳空底背离</p>
<p style='color: green;'>  币种/交易对:LOOKSUSDT 分立跳空底背离</p>
<p style='color: green;'>  币种/交易对:RUFFUSDT 分立跳空底背离</p>
<p style='color: green;'>  币种/交易对:FOXUSDT 分立跳空底背离</p>
<p style='color: green;'>  币种/交易对:BTC3SUSDT 分立跳空底背离</p>
<p style='color: green;'>  币种/交易对:MESAUSDT 分立跳空底背离</p>
<p style='color: green;'>  币种/交易对:OPULUSDT 分立跳空底背离</p>
<p style='color: green;'>  币种/交易对:NYMUSDT 分立跳空底背离</p>
<p style='color: green;'>  币种/交易对:WILDUSDT 分立跳空底背离</p>
<p style='color: green;'>  币种/交易对:PSTAKEUSDT 分立跳空底背离</p>
<p style='color: green;'>  币种/交易对:AURORAUSDT 分立跳空底背离</p>
<p style='color: green;'>  币种/交易对:SLCUSDT 分立跳空底背离</p>
<p style='color: green;'>  币种/交易对:LOKAUSDT 分立跳空底背离</p>
<p style='color: green;'>  币种/交易对:ZEC3SUSDT 分立跳空底背离</p>
<p style='color: green;'>  币种/交易对:LUNRUSDT 分立跳空底背离</p>
<p style='color: green;'>  币种/交易对:FITFIUSDT 分立跳空底背离</p>
<p style='color: green;'>  币种/交易对:APEUSDT 分立跳空底背离</p>
<p style='color: green;'>  币种/交易对:ATSUSDT 分立跳空底背离</p>
<p style='color: green;'>  币种/交易对:SDNUSDT 分立跳空底背离</p>
<p style='color: green;'>  币种/交易对:WEMIXUSDT 分立跳空底背离</p>
<p style='color: green;'>  币种/交易对:CVXUSDT 分立跳空底背离</p>
<p style='color: green;'>  币种/交易对:ONEUSDT 分立跳空底背离</p>
<p style='color: green;'>  币种/交易对:XCHUSDT 分立跳空底背离</p>
<p style='color: green;'>  币种/交易对:MONOUSDT 分立跳空底背离</p>
<p style='color: green;'>  币种/交易对:MOVRUSDT 分立跳空底背离</p>
<p style='color: green;'>  币种/交易对:OCNUSDT 分立跳空底背离</p>
<p style='color: green;'>  币种/交易对:SOLUSDT 分立跳空底背离</p>
<p style='color: green;'>  币种/交易对:HBBUSDT 分立跳空底背离</p>
<p style='color: green;'>  币种/交易对:YAMUSDT 分立跳空底背离</p>
<p style='color: green;'>  币种/交易对:PRIMATEUSDT 分立跳空底背离</p>
<p style='color: green;'>  币种/交易对:WNDRUSDT 分立跳空底背离</p>
<p style='color: green;'>  币种/交易对:LPTUSDT 分立跳空底背离</p>
<p style='color: green;'>  币种/交易对:ANCUSDT 分立跳空底背离</p>
<p style='color: green;'>  币种/交易对:ASTUSDT 分立跳空底背离</p>
<p style='color: green;'>  币种/交易对:BSV3SUSDT 分立跳空底背离</p>
<p style='color: green;'>  币种/交易对:ATOMUSDT 分立跳空底背离</p>
<p style='color: green;'>  币种/交易对:BORINGUSDT 分立跳空底背离</p>
<p style='color: green;'>  币种/交易对:DYDXUSDT 分立跳空底背离</p>
<p style='color: green;'>  币种/交易对:MULTIUSDT 分立跳空底背离</p>
<p style='color: green;'>  币种/交易对:UNICUSDT 分立跳空底背离</p>
<p style='color: green;'>  币种/交易对:UPIUSDT 分立跳空底背离</p>
<p style='color: green;'>  币种/交易对:SPELLUSDT 分立跳空底背离</p>
<p style='color: green; font-size:30px;'> <b>macd金叉信号 + DMI</b></p>
<p style='color: green;'>  币种/交易对:DASHUSDT macd金叉信号 + DMI</p>
<p style='color: green;'>  币种/交易对:RLCUSDT macd金叉信号 + DMI</p>
<p style='color: green;'>  币种/交易对:SUKUUSDT macd金叉信号 + DMI</p>
<p style='color: green;'>  币种/交易对:UNIHUSD macd金叉信号 + DMI</p>
<p style='color: green;'>  币种/交易对:GOFUSDT macd金叉信号 + DMI</p>
<p style='color: green;'>  币种/交易对:UNI2LUSDT macd金叉信号 + DMI</p>
<p style='color: green;'>  币种/交易对:MATICUSDT macd金叉信号 + DMI</p>
<p style='color: green;'>  币种/交易对:RENHUSD macd金叉信号 + DMI</p>
<p style='color: green;'>  币种/交易对:IOTXUSDT macd金叉信号 + DMI</p>
<p style='color: green;'>  币种/交易对:FRONTUSDT macd金叉信号 + DMI</p>
<p style='color: green;'>  币种/交易对:ZECUSDT macd金叉信号 + DMI</p>
<p style='color: green;'>  币种/交易对:ANTUSDT macd金叉信号 + DMI</p>
<p style='color: green;'>  币种/交易对:ZECHUSD macd金叉信号 + DMI</p>
<p style='color: green;'>  币种/交易对:TRXUSDT macd金叉信号 + DMI</p>
<p style='color: green;'>  币种/交易对:SNXUSDT macd金叉信号 + DMI</p>
<p style='color: green;'>  币种/交易对:DASHHUSD macd金叉信号 + DMI</p>
<p style='color: green;'>  币种/交易对:ELAHUSD macd金叉信号 + DMI</p>
<p style='color: green;'>  币种/交易对:DOGUSDT macd金叉信号 + DMI</p>
<p style='color: green;'>  币种/交易对:EDENUSDT macd金叉信号 + DMI</p>
<p style='color: green;'>  币种/交易对:EOS3LUSDT macd金叉信号 + DMI</p>
<p style='color: green;'>  币种/交易对:RNDRUSDT macd金叉信号 + DMI</p>
<p style='color: green;'>  币种/交易对:ANKRUSDT macd金叉信号 + DMI</p>
<p style='color: green;'>  币种/交易对:ZENUSDT macd金叉信号 + DMI</p>
<p style='color: green;'>  币种/交易对:XRPUSDT macd金叉信号 + DMI</p>
<p style='color: green;'>  币种/交易对:BTC3LUSDT macd金叉信号 + DMI</p>
<p style='color: green;'>  币种/交易对:ACAUSDT macd金叉信号 + DMI</p>
<p style='color: green;'>  币种/交易对:LRCUSDT macd金叉信号 + DMI</p>
<p style='color: green;'>  币种/交易对:SNXHUSD macd金叉信号 + DMI</p>
<p style='color: green;'>  币种/交易对:ETHUSDT macd金叉信号 + DMI</p>
<p style='color: green;'>  币种/交易对:COTIUSDT macd金叉信号 + DMI</p>
<p style='color: green;'>  币种/交易对:KANUSDT macd金叉信号 + DMI</p>
<p style='color: green;'>  币种/交易对:TRBUSDT macd金叉信号 + DMI</p>
<p style='color: green;'>  币种/交易对:ZEC3LUSDT macd金叉信号 + DMI</p>
<p style='color: green;'>  币种/交易对:BANDUSDT macd金叉信号 + DMI</p>
<p style='color: green;'>  币种/交易对:XRP3LUSDT macd金叉信号 + DMI</p>
<p style='color: green;'>  币种/交易对:SANDUSDT macd金叉信号 + DMI</p>
<p style='color: green;'>  币种/交易对:ARPAUSDT macd金叉信号 + DMI</p>
<p style='color: green;'>  币种/交易对:BTCHUSD macd金叉信号 + DMI</p>
<p style='color: green;'>  币种/交易对:GTUSDT macd金叉信号 + DMI</p>
<p style='color: green;'>  币种/交易对:NKNUSDT macd金叉信号 + DMI</p>
<p style='color: green;'>  币种/交易对:LTCUSDT macd金叉信号 + DMI</p>
<p style='color: green;'>  币种/交易对:API3USDT macd金叉信号 + DMI</p>
<p style='color: green;'>  币种/交易对:WHALEUSDT macd金叉信号 + DMI</p>
<p style='color: green;'>  币种/交易对:ERNUSDT macd金叉信号 + DMI</p>
<p style='color: green;'>  币种/交易对:BTCUSDT macd金叉信号 + DMI</p>
<p style='color: green;'>  币种/交易对:OMGUSDT macd金叉信号 + DMI</p>
<p style='color: green;'>  币种/交易对:LTCHUSD macd金叉信号 + DMI</p>
<p style='color: green;'>  币种/交易对:LTC3LUSDT macd金叉信号 + DMI</p>
<p style='color: green;'>  币种/交易对:FTIUSDT macd金叉信号 + DMI</p>
<p style='color: green;'>  币种/交易对:EOSHUSD macd金叉信号 + DMI</p>
<p style='color: green;'>  币种/交易对:BTSUSDT macd金叉信号 + DMI</p>
<p style='color: green;'>  币种/交易对:AUDIOUSDT macd金叉信号 + DMI</p>
<p style='color: green;'>  币种/交易对:MKRUSDT macd金叉信号 + DMI</p>
<p style='color: green;'>  币种/交易对:BALUSDT macd金叉信号 + DMI</p>
<p style='color: green;'>  币种/交易对:EOSUSDT macd金叉信号 + DMI</p>
<p style='color: green;'>  币种/交易对:CLVUSDT macd金叉信号 + DMI</p>
<p style='color: green;'>  币种/交易对:MKRHUSD macd金叉信号 + DMI</p>
<p style='color: green;'>  币种/交易对:RVNUSDT macd金叉信号 + DMI</p>
<p style='color: green;'>  币种/交易对:NASUSDT macd金叉信号 + DMI</p>
<p style='color: green;'>  币种/交易对:OMGHUSD macd金叉信号 + DMI</p>
<p style='color: green;'>  币种/交易对:MASKUSDT macd金叉信号 + DMI</p>
<p style='color: green;'>  币种/交易对:NFTUSDT macd金叉信号 + DMI</p>
<p style='color: green;'>  币种/交易对:SKLUSDT macd金叉信号 + DMI</p>
<p style='color: green;'>  币种/交易对:IDEXUSDT macd金叉信号 + DMI</p>
<p style='color: green;'>  币种/交易对:KNCHUSD macd金叉信号 + DMI</p>
<p style='color: green;'>  币种/交易对:WBTCUSDT macd金叉信号 + DMI</p>
<p style='color: green;'>  币种/交易对:ELAUSDT macd金叉信号 + DMI</p>
<p style='color: green;'>  币种/交易对:FTTUSDT macd金叉信号 + DMI</p>
<p style='color: green;'>  币种/交易对:BETHUSDT macd金叉信号 + DMI</p>
<p style='color: green;'>  币种/交易对:XRPHUSD macd金叉信号 + DMI</p>
<p style='color: green; font-size:30px;'> <b>macd金叉信号</b></p>
<p style='color: green;'>  币种/交易对:DASHUSDT macd金叉信号</p>
<p style='color: green;'>  币种/交易对:RLCUSDT macd金叉信号</p>
<p style='color: green;'>  币种/交易对:XMRUSDT macd金叉信号</p>
<p style='color: green;'>  币种/交易对:SUKUUSDT macd金叉信号</p>
<p style='color: green;'>  币种/交易对:PHAUSDT macd金叉信号</p>
<p style='color: green;'>  币种/交易对:FILUSDT macd金叉信号</p>
<p style='color: green;'>  币种/交易对:RENUSDT macd金叉信号</p>
<p style='color: green;'>  币种/交易对:UNIHUSD macd金叉信号</p>
<p style='color: green;'>  币种/交易对:GOFUSDT macd金叉信号</p>
<p style='color: green;'>  币种/交易对:SUNUSDT macd金叉信号</p>
<p style='color: green;'>  币种/交易对:UNI2LUSDT macd金叉信号</p>
<p style='color: green;'>  币种/交易对:PLUUSDT macd金叉信号</p>
<p style='color: green;'>  币种/交易对:XEMUSDT macd金叉信号</p>
<p style='color: green;'>  币种/交易对:MPLUSDT macd金叉信号</p>
<p style='color: green;'>  币种/交易对:WOOUSDT macd金叉信号</p>
<p style='color: green;'>  币种/交易对:MATICUSDT macd金叉信号</p>
<p style='color: green;'>  币种/交易对:RENHUSD macd金叉信号</p>
<p style='color: green;'>  币种/交易对:UNIUSDT macd金叉信号</p>
<p style='color: green;'>  币种/交易对:IOTXUSDT macd金叉信号</p>
<p style='color: green;'>  币种/交易对:FRONTUSDT macd金叉信号</p>
<p style='color: green;'>  币种/交易对:ZECUSDT macd金叉信号</p>
<p style='color: green;'>  币种/交易对:AMPUSDT macd金叉信号</p>
<p style='color: green;'>  币种/交易对:ANTUSDT macd金叉信号</p>
<p style='color: green;'>  币种/交易对:ZECHUSD macd金叉信号</p>
<p style='color: green;'>  币种/交易对:TRXUSDT macd金叉信号</p>
<p style='color: green;'>  币种/交易对:KSMHUSD macd金叉信号</p>
<p style='color: green;'>  币种/交易对:SNXUSDT macd金叉信号</p>
<p style='color: green;'>  币种/交易对:KAVAUSDT macd金叉信号</p>
<p style='color: green;'>  币种/交易对:DASHHUSD macd金叉信号</p>
<p style='color: green;'>  币种/交易对:ELAHUSD macd金叉信号</p>
<p style='color: green;'>  币种/交易对:UMAUSDT macd金叉信号</p>
<p style='color: green;'>  币种/交易对:YFIUSDT macd金叉信号</p>
<p style='color: green;'>  币种/交易对:DOGUSDT macd金叉信号</p>
<p style='color: green;'>  币种/交易对:DIAUSDT macd金叉信号</p>
<p style='color: green;'>  币种/交易对:EDENUSDT macd金叉信号</p>
<p style='color: green;'>  币种/交易对:EOS3LUSDT macd金叉信号</p>
<p style='color: green;'>  币种/交易对:RNDRUSDT macd金叉信号</p>
<p style='color: green;'>  币种/交易对:ANKRUSDT macd金叉信号</p>
<p style='color: green;'>  币种/交易对:ZENUSDT macd金叉信号</p>
<p style='color: green;'>  币种/交易对:DOCKUSDT macd金叉信号</p>
<p style='color: green;'>  币种/交易对:CHRUSDT macd金叉信号</p>
<p style='color: green;'>  币种/交易对:QTUMHUSD macd金叉信号</p>
<p style='color: green;'>  币种/交易对:XRPUSDT macd金叉信号</p>
<p style='color: green;'>  币种/交易对:YFIHUSD macd金叉信号</p>
<p style='color: green;'>  币种/交易对:NESTUSDT macd金叉信号</p>
<p style='color: green;'>  币种/交易对:PLATOUSDT macd金叉信号</p>
<p style='color: green;'>  币种/交易对:BTC3LUSDT macd金叉信号</p>
<p style='color: green;'>  币种/交易对:FIL3LUSDT macd金叉信号</p>
<p style='color: green;'>  币种/交易对:ENSUSDT macd金叉信号</p>
<p style='color: green;'>  币种/交易对:ACAUSDT macd金叉信号</p>
<p style='color: green;'>  币种/交易对:LRCUSDT macd金叉信号</p>
<p style='color: green;'>  币种/交易对:SNXHUSD macd金叉信号</p>
<p style='color: green;'>  币种/交易对:ETHUSDT macd金叉信号</p>
<p style='color: green;'>  币种/交易对:DCRUSDT macd金叉信号</p>
<p style='color: green;'>  币种/交易对:COTIUSDT macd金叉信号</p>
<p style='color: green;'>  币种/交易对:POLCUSDT macd金叉信号</p>
<p style='color: green;'>  币种/交易对:PYRUSDT macd金叉信号</p>
<p style='color: green;'>  币种/交易对:NULSUSDT macd金叉信号</p>
<p style='color: green;'>  币种/交易对:KANUSDT macd金叉信号</p>
<p style='color: green;'>  币种/交易对:TRBUSDT macd金叉信号</p>
<p style='color: green;'>  币种/交易对:ZEC3LUSDT macd金叉信号</p>
<p style='color: green;'>  币种/交易对:MLNUSDT macd金叉信号</p>
<p style='color: green;'>  币种/交易对:YEEUSDT macd金叉信号</p>
<p style='color: green;'>  币种/交易对:MXUSDT macd金叉信号</p>
<p style='color: green;'>  币种/交易对:BANDUSDT macd金叉信号</p>
<p style='color: green;'>  币种/交易对:XRP3LUSDT macd金叉信号</p>
<p style='color: green;'>  币种/交易对:ADPUSDT macd金叉信号</p>
<p style='color: green;'>  币种/交易对:FTMUSDT macd金叉信号</p>
<p style='color: green;'>  币种/交易对:PONDUSDT macd金叉信号</p>
<p style='color: green;'>  币种/交易对:LQTYUSDT macd金叉信号</p>
<p style='color: green;'>  币种/交易对:SANDUSDT macd金叉信号</p>
<p style='color: green;'>  币种/交易对:ARPAUSDT macd金叉信号</p>
<p style='color: green;'>  币种/交易对:ZKSUSDT macd金叉信号</p>
<p style='color: green;'>  币种/交易对:FISUSDT macd金叉信号</p>
<p style='color: green;'>  币种/交易对:RSRUSDT macd金叉信号</p>
<p style='color: green;'>  币种/交易对:DAOUSDT macd金叉信号</p>
<p style='color: green;'>  币种/交易对:LINKUSDT macd金叉信号</p>
<p style='color: green;'>  币种/交易对:EURUSDT macd金叉信号</p>
<p style='color: green;'>  币种/交易对:BTCHUSD macd金叉信号</p>
<p style='color: green;'>  币种/交易对:LINKHUSD macd金叉信号</p>
<p style='color: green;'>  币种/交易对:REQUSDT macd金叉信号</p>
<p style='color: green;'>  币种/交易对:INSURUSDT macd金叉信号</p>
<p style='color: green;'>  币种/交易对:GTUSDT macd金叉信号</p>
<p style='color: green;'>  币种/交易对:NKNUSDT macd金叉信号</p>
<p style='color: green;'>  币种/交易对:LTCUSDT macd金叉信号</p>
<p style='color: green;'>  币种/交易对:MANAUSDT macd金叉信号</p>
<p style='color: green;'>  币种/交易对:ABTUSDT macd金叉信号</p>
<p style='color: green;'>  币种/交易对:BNTUSDT macd金叉信号</p>
<p style='color: green;'>  币种/交易对:API3USDT macd金叉信号</p>
<p style='color: green;'>  币种/交易对:WHALEUSDT macd金叉信号</p>
<p style='color: green;'>  币种/交易对:ERNUSDT macd金叉信号</p>
<p style='color: green;'>  币种/交易对:DAIUSDT macd金叉信号</p>
<p style='color: green;'>  币种/交易对:BTCUSDT macd金叉信号</p>
<p style='color: green;'>  币种/交易对:OMGUSDT macd金叉信号</p>
<p style='color: green;'>  币种/交易对:SOSUSDT macd金叉信号</p>
<p style='color: green;'>  币种/交易对:WNXMUSDT macd金叉信号</p>
<p style='color: green;'>  币种/交易对:RINGUSDT macd金叉信号</p>
<p style='color: green;'>  币种/交易对:NANOUSDT macd金叉信号</p>
<p style='color: green;'>  币种/交易对:FORTHUSDT macd金叉信号</p>
<p style='color: green;'>  币种/交易对:LTCHUSD macd金叉信号</p>
<p style='color: green;'>  币种/交易对:GMEEUSDT macd金叉信号</p>
<p style='color: green;'>  币种/交易对:KNCUSDT macd金叉信号</p>
<p style='color: green;'>  币种/交易对:LATUSDT macd金叉信号</p>
<p style='color: green;'>  币种/交易对:LTC3LUSDT macd金叉信号</p>
<p style='color: green;'>  币种/交易对:LINK3LUSDT macd金叉信号</p>
<p style='color: green;'>  币种/交易对:FTIUSDT macd金叉信号</p>
<p style='color: green;'>  币种/交易对:EOSHUSD macd金叉信号</p>
<p style='color: green;'>  币种/交易对:BTSUSDT macd金叉信号</p>
<p style='color: green;'>  币种/交易对:AUDIOUSDT macd金叉信号</p>
<p style='color: green;'>  币种/交易对:MKRUSDT macd金叉信号</p>
<p style='color: green;'>  币种/交易对:BALUSDT macd金叉信号</p>
<p style='color: green;'>  币种/交易对:CVCUSDT macd金叉信号</p>
<p style='color: green;'>  币种/交易对:SHIBUSDT macd金叉信号</p>
<p style='color: green;'>  币种/交易对:EOSUSDT macd金叉信号</p>
<p style='color: green;'>  币种/交易对:CLVUSDT macd金叉信号</p>
<p style='color: green;'>  币种/交易对:JASMYUSDT macd金叉信号</p>
<p style='color: green;'>  币种/交易对:OCEANUSDT macd金叉信号</p>
<p style='color: green;'>  币种/交易对:MKRHUSD macd金叉信号</p>
<p style='color: green;'>  币种/交易对:AACUSDT macd金叉信号</p>
<p style='color: green;'>  币种/交易对:1INCHUSDT macd金叉信号</p>
<p style='color: green;'>  币种/交易对:XYOUSDT macd金叉信号</p>
<p style='color: green;'>  币种/交易对:RVNUSDT macd金叉信号</p>
<p style='color: green;'>  币种/交易对:NASUSDT macd金叉信号</p>
<p style='color: green;'>  币种/交易对:OMGHUSD macd金叉信号</p>
<p style='color: green;'>  币种/交易对:KLAYUSDT macd金叉信号</p>
<p style='color: green;'>  币种/交易对:MASKUSDT macd金叉信号</p>
<p style='color: green;'>  币种/交易对:NFTUSDT macd金叉信号</p>
<p style='color: green;'>  币种/交易对:TRXHUSD macd金叉信号</p>
<p style='color: green;'>  币种/交易对:BTMUSDT macd金叉信号</p>
<p style='color: green;'>  币种/交易对:SKLUSDT macd金叉信号</p>
<p style='color: green;'>  币种/交易对:IDEXUSDT macd金叉信号</p>
<p style='color: green;'>  币种/交易对:KMAUSDT macd金叉信号</p>
<p style='color: green;'>  币种/交易对:KNCHUSD macd金叉信号</p>
<p style='color: green;'>  币种/交易对:LOOTUSDT macd金叉信号</p>
<p style='color: green;'>  币种/交易对:WBTCUSDT macd金叉信号</p>
<p style='color: green;'>  币种/交易对:ELAUSDT macd金叉信号</p>
<p style='color: green;'>  币种/交易对:FTTUSDT macd金叉信号</p>
<p style='color: green;'>  币种/交易对:BETHUSDT macd金叉信号</p>
<p style='color: green;'>  币种/交易对:XRPHUSD macd金叉信号</p>
<p style='color: green;'>  币种/交易对:KSMUSDT macd金叉信号</p>
<p style='color: green;'>  币种/交易对:FXUSDT macd金叉信号</p>
<p style='color: green; font-size:30px;'> <b>段内底背离</b></p>
<p style='color: green;'>  币种/交易对:GALUSDT 段内底背离</p>
<p style='color: green;'>  币种/交易对:TRACEUSDT 段内底背离</p>
<p style='color: green;'>  币种/交易对:FILHUSD 段内底背离</p>
<p style='color: green;'>  币种/交易对:SCREAMUSDT 段内底背离</p>
<p style='color: green;'>  币种/交易对:MGGUSDT 段内底背离</p>
<p style='color: green;'>  币种/交易对:FLOWUSDT 段内底背离</p>
<p style='color: green;'>  币种/交易对:MESAUSDT 段内底背离</p>
<p style='color: green;'>  币种/交易对:AAVEHUSD 段内底背离</p>
<p style='color: green;'>  币种/交易对:BCHHUSD 段内底背离</p>
<p style='color: green;'>  币种/交易对:PERPUSDT 段内底背离</p>
<p style='color: green;'>  币种/交易对:BREEDUSDT 段内底背离</p>
<p style='color: green;'>  币种/交易对:AURORAUSDT 段内底背离</p>
<p style='color: green;'>  币种/交易对:LOKAUSDT 段内底背离</p>
<p style='color: green;'>  币种/交易对:DOGEHUSD 段内底背离</p>
<p style='color: green;'>  币种/交易对:DIOUSDT 段内底背离</p>
<p style='color: green;'>  币种/交易对:CELUSDT 段内底背离</p>
<p style='color: green;'>  币种/交易对:DOGEUSDT 段内底背离</p>
<p style='color: green;'>  币种/交易对:CROHUSD 段内底背离</p>
<p style='color: green;'>  币种/交易对:WALLETUSDT 段内底背离</p>
<p style='color: green;'>  币种/交易对:CVXUSDT 段内底背离</p>
<p style='color: green;'>  币种/交易对:AAVEUSDT 段内底背离</p>
<p style='color: green;'>  币种/交易对:FLOKIUSDT 段内底背离</p>
<p style='color: green;'>  币种/交易对:EGLDUSDT 段内底背离</p>
<p style='color: green;'>  币种/交易对:MONOUSDT 段内底背离</p>
<p style='color: green;'>  币种/交易对:DOT2LUSDT 段内底背离</p>
<p style='color: green;'>  币种/交易对:XPRTUSDT 段内底背离</p>
<p style='color: green;'>  币种/交易对:YGGUSDT 段内底背离</p>
<p style='color: green;'>  币种/交易对:NPTUSDT 段内底背离</p>
<p style='color: green;'>  币种/交易对:RAINUSDT 段内底背离</p>
<p style='color: green;'>  币种/交易对:DBCUSDT 段内底背离</p>
<p style='color: green;'>  币种/交易对:EGSUSDT 段内底背离</p>
<p style='color: green;'>  币种/交易对:DYDXUSDT 段内底背离</p>
<p style='color: green;'>  币种/交易对:FIROUSDT 段内底背离</p>
<p style='color: green;'>  币种/交易对:UNICUSDT 段内底背离</p>
<p style='color: green;'>  币种/交易对:ARKNUSDT 段内底背离</p>
<p style='color: green;'>  币种/交易对:AUCTIONUSDT 段内底背离</p>
<p style='color: green;'>  币种/交易对:EMUSDT 段内底背离</p>
