<p style='color: green; font-size:30px;'> <b>macd金叉信号</b></p>
<p style='color: green;'>  币种/交易对:NANOUSDT macd金叉信号</p>
<p style='color: green;'>  币种/交易对:AAVEBTC macd金叉信号</p>
<p style='color: green;'>  币种/交易对:PHAUSDT macd金叉信号</p>
<p style='color: green;'>  币种/交易对:LOOMETH macd金叉信号</p>
<p style='color: green;'>  币种/交易对:DOCKBTC macd金叉信号</p>
<p style='color: green;'>  币种/交易对:REEFBTC macd金叉信号</p>
<p style='color: green;'>  币种/交易对:RSRHUSD macd金叉信号</p>
<p style='color: green;'>  币种/交易对:ELAETH macd金叉信号</p>
<p style='color: green;'>  币种/交易对:SUSHIUSDT macd金叉信号</p>
<p style='color: green;'>  币种/交易对:GRSBTC macd金叉信号</p>
<p style='color: green;'>  币种/交易对:RSRUSDT macd金叉信号</p>
<p style='color: green;'>  币种/交易对:ALGOETH macd金叉信号</p>
<p style='color: green;'>  币种/交易对:FISBTC macd金叉信号</p>
<p style='color: green;'>  币种/交易对:SUSHIBTC macd金叉信号</p>
<p style='color: green;'>  币种/交易对:TRBUSDT macd金叉信号</p>
<p style='color: green;'>  币种/交易对:CHZETH macd金叉信号</p>
<p style='color: green;'>  币种/交易对:CVCETH macd金叉信号</p>
<p style='color: green;'>  币种/交易对:DAIHUSD macd金叉信号</p>
<p style='color: green;'>  币种/交易对:LINKETH macd金叉信号</p>
<p style='color: green;'>  币种/交易对:DFUSDT macd金叉信号</p>
<p style='color: green;'>  币种/交易对:WTCETH macd金叉信号</p>
<p style='color: green;'>  币种/交易对:AEUSDT macd金叉信号</p>
<p style='color: green;'>  币种/交易对:DHTUSDT macd金叉信号</p>
<p style='color: green;'>  币种/交易对:GLMETH macd金叉信号</p>
<p style='color: green;'>  币种/交易对:MTAUSDT macd金叉信号</p>
<p style='color: green;'>  币种/交易对:RSRHT macd金叉信号</p>
<p style='color: green;'>  币种/交易对:Hydro ProtocolUSDT macd金叉信号</p>
<p style='color: green;'>  币种/交易对:RSRBTC macd金叉信号</p>
<p style='color: green;'>  币种/交易对:RENETH macd金叉信号</p>
<p style='color: green;'>  币种/交易对:REEFUSDT macd金叉信号</p>
<p style='color: green;'>  币种/交易对:LSKBTC macd金叉信号</p>
<p style='color: green;'>  币种/交易对:BLZBTC macd金叉信号</p>
<p style='color: green;'>  币种/交易对:UTKBTC macd金叉信号</p>
<p style='color: green;'>  币种/交易对:TRBBTC macd金叉信号</p>
<p style='color: green; font-size:30px;'> <b>kdj金叉信号</b></p>
<p style='color: green;'>  币种/交易对:AAVEBTC kdj金叉信号</p>
<p style='color: green;'>  币种/交易对:XLMHUSD kdj金叉信号</p>
<p style='color: green;'>  币种/交易对:WTCUSDT kdj金叉信号</p>
<p style='color: green;'>  币种/交易对:CVCBTC kdj金叉信号</p>
<p style='color: green;'>  币种/交易对:DKAUSDT kdj金叉信号</p>
<p style='color: green;'>  币种/交易对:BADGERUSDT kdj金叉信号</p>
<p style='color: green;'>  币种/交易对:CHRUSDT kdj金叉信号</p>
<p style='color: green;'>  币种/交易对:LINKUSDT kdj金叉信号</p>
<p style='color: green;'>  币种/交易对:TOPUSDT kdj金叉信号</p>
<p style='color: green;'>  币种/交易对:AKROUSDT kdj金叉信号</p>
<p style='color: green;'>  币种/交易对:GNXUSDT kdj金叉信号</p>
<p style='color: green;'>  币种/交易对:RSRHUSD kdj金叉信号</p>
<p style='color: green;'>  币种/交易对:BSVUSDT kdj金叉信号</p>
<p style='color: green;'>  币种/交易对:CTXCUSDT kdj金叉信号</p>
<p style='color: green;'>  币种/交易对:BIXUSDT kdj金叉信号</p>
<p style='color: green;'>  币种/交易对:FAIRBTC kdj金叉信号</p>
<p style='color: green;'>  币种/交易对:SUSHIUSDT kdj金叉信号</p>
<p style='color: green;'>  币种/交易对:PEARLUSDT kdj金叉信号</p>
<p style='color: green;'>  币种/交易对:THETAETH kdj金叉信号</p>
<p style='color: green;'>  币种/交易对:LRCUSDT kdj金叉信号</p>
<p style='color: green;'>  币种/交易对:VSYSUSDT kdj金叉信号</p>
<p style='color: green;'>  币种/交易对:SUSHIHUSD kdj金叉信号</p>
<p style='color: green;'>  币种/交易对:ADAUSDT kdj金叉信号</p>
<p style='color: green;'>  币种/交易对:HIVEUSDT kdj金叉信号</p>
<p style='color: green;'>  币种/交易对:XTZHUSD kdj金叉信号</p>
<p style='color: green;'>  币种/交易对:IRISUSDT kdj金叉信号</p>
<p style='color: green;'>  币种/交易对:UNIBTC kdj金叉信号</p>
<p style='color: green;'>  币种/交易对:BLZUSDT kdj金叉信号</p>
<p style='color: green;'>  币种/交易对:IOTXUSDT kdj金叉信号</p>
<p style='color: green;'>  币种/交易对:ELAUSDT kdj金叉信号</p>
<p style='color: green;'>  币种/交易对:NEOBTC kdj金叉信号</p>
<p style='color: green;'>  币种/交易对:ADAHUSD kdj金叉信号</p>
<p style='color: green;'>  币种/交易对:TRBUSDT kdj金叉信号</p>
<p style='color: green;'>  币种/交易对:GLMUSDT kdj金叉信号</p>
<p style='color: green;'>  币种/交易对:WAVESETH kdj金叉信号</p>
<p style='color: green;'>  币种/交易对:BTMUSDT kdj金叉信号</p>
<p style='color: green;'>  币种/交易对:LINKBTC kdj金叉信号</p>
<p style='color: green;'>  币种/交易对:STPTUSDT kdj金叉信号</p>
<p style='color: green;'>  币种/交易对:LOOMUSDT kdj金叉信号</p>
<p style='color: green;'>  币种/交易对:OGOUSDT kdj金叉信号</p>
<p style='color: green;'>  币种/交易对:ARPAHT kdj金叉信号</p>
<p style='color: green;'>  币种/交易对:FORUSDT kdj金叉信号</p>
<p style='color: green;'>  币种/交易对:KCASHUSDT kdj金叉信号</p>
<p style='color: green;'>  币种/交易对:NULSBTC kdj金叉信号</p>
<p style='color: green;'>  币种/交易对:WAXPUSDT kdj金叉信号</p>
<p style='color: green;'>  币种/交易对:NHBTCUSDT kdj金叉信号</p>
<p style='color: green;'>  币种/交易对:IOTAUSDT kdj金叉信号</p>
<p style='color: green;'>  币种/交易对:MANETH kdj金叉信号</p>
<p style='color: green;'>  币种/交易对:TRIOBTC kdj金叉信号</p>
<p style='color: green;'>  币种/交易对:SCUSDT kdj金叉信号</p>
<p style='color: green;'>  币种/交易对:AEUSDT kdj金叉信号</p>
<p style='color: green;'>  币种/交易对:ARPAUSDT kdj金叉信号</p>
<p style='color: green;'>  币种/交易对:DHTUSDT kdj金叉信号</p>
<p style='color: green;'>  币种/交易对:XTZUSDT kdj金叉信号</p>
<p style='color: green;'>  币种/交易对:LRCBTC kdj金叉信号</p>
<p style='color: green;'>  币种/交易对:TTBTC kdj金叉信号</p>
<p style='color: green;'>  币种/交易对:CVCUSDT kdj金叉信号</p>
<p style='color: green;'>  币种/交易对:MDXHT kdj金叉信号</p>
<p style='color: green;'>  币种/交易对:ELFBTC kdj金叉信号</p>
<p style='color: green;'>  币种/交易对:DGDETH kdj金叉信号</p>
<p style='color: green;'>  币种/交易对:STORJBTC kdj金叉信号</p>
<p style='color: green;'>  币种/交易对:ONTBTC kdj金叉信号</p>
<p style='color: green;'>  币种/交易对:LYMBTC kdj金叉信号</p>
<p style='color: green;'>  币种/交易对:MANAUSDT kdj金叉信号</p>
<p style='color: green;'>  币种/交易对:BSVHUSD kdj金叉信号</p>
<p style='color: green;'>  币种/交易对:HitChainUSDT kdj金叉信号</p>
<p style='color: green;'>  币种/交易对:ADABTC kdj金叉信号</p>
<p style='color: green;'>  币种/交易对:RENETH kdj金叉信号</p>
<p style='color: green;'>  币种/交易对:REEFUSDT kdj金叉信号</p>
<p style='color: green;'>  币种/交易对:WICCUSDT kdj金叉信号</p>
<p style='color: green;'>  币种/交易对:FISUSDT kdj金叉信号</p>
<p style='color: green;'>  币种/交易对:DOCKUSDT kdj金叉信号</p>
<p style='color: green;'>  币种/交易对:SANDUSDT kdj金叉信号</p>
<p style='color: green;'>  币种/交易对:UNIHUSD kdj金叉信号</p>
<p style='color: green;'>  币种/交易对:SCBTC kdj金叉信号</p>
<p style='color: green;'>  币种/交易对:BSV3LUSDT kdj金叉信号</p>
<p style='color: green;'>  币种/交易对:PONDUSDT kdj金叉信号</p>
<p style='color: green;'>  币种/交易对:MTLBTC kdj金叉信号</p>
<p style='color: green;'>  币种/交易对:LINKHUSD kdj金叉信号</p>
<p style='color: green;'>  币种/交易对:TRBBTC kdj金叉信号</p>
<p style='color: green;'>  币种/交易对:XLMUSDT kdj金叉信号</p>
<p style='color: green; font-size:30px;'> <b>分立跳空底背离</b></p>
<p style='color: green;'>  币种/交易对:XLMHUSD 分立跳空底背离</p>
<p style='color: green;'>  币种/交易对:BCHHUSD 分立跳空底背离</p>
<p style='color: green;'>  币种/交易对:INJBTC 分立跳空底背离</p>
<p style='color: green;'>  币种/交易对:FRONTUSDT 分立跳空底背离</p>
<p style='color: green;'>  币种/交易对:YFIUSDT 分立跳空底背离</p>
<p style='color: green;'>  币种/交易对:HTHUSD 分立跳空底背离</p>
<p style='color: green;'>  币种/交易对:1INCHUSDT 分立跳空底背离</p>
<p style='color: green;'>  币种/交易对:DKAUSDT 分立跳空底背离</p>
<p style='color: green;'>  币种/交易对:OGNBTC 分立跳空底背离</p>
<p style='color: green;'>  币种/交易对:BANDHUSD 分立跳空底背离</p>
<p style='color: green;'>  币种/交易对:EOSHUSD 分立跳空底背离</p>
<p style='color: green;'>  币种/交易对:ZRXUSDT 分立跳空底背离</p>
<p style='color: green;'>  币种/交易对:NASUSDT 分立跳空底背离</p>
<p style='color: green;'>  币种/交易对:KSMHUSD 分立跳空底背离</p>
<p style='color: green;'>  币种/交易对:CVPUSDT 分立跳空底背离</p>
<p style='color: green;'>  币种/交易对:AKROUSDT 分立跳空底背离</p>
<p style='color: green;'>  币种/交易对:QTUMHUSD 分立跳空底背离</p>
<p style='color: green;'>  币种/交易对:HTUSDT 分立跳空底背离</p>
<p style='color: green;'>  币种/交易对:BANDUSDT 分立跳空底背离</p>
<p style='color: green;'>  币种/交易对:GNXUSDT 分立跳空底背离</p>
<p style='color: green;'>  币种/交易对:LINAUSDT 分立跳空底背离</p>
<p style='color: green;'>  币种/交易对:ONTUSDT 分立跳空底背离</p>
<p style='color: green;'>  币种/交易对:CREUSDT 分立跳空底背离</p>
<p style='color: green;'>  币种/交易对:OXTBTC 分立跳空底背离</p>
<p style='color: green;'>  币种/交易对:BSVUSDT 分立跳空底背离</p>
<p style='color: green;'>  币种/交易对:MTNBTC 分立跳空底背离</p>
<p style='color: green;'>  币种/交易对:BIXUSDT 分立跳空底背离</p>
<p style='color: green;'>  币种/交易对:TTUSDT 分立跳空底背离</p>
<p style='color: green;'>  币种/交易对:BCHHT 分立跳空底背离</p>
<p style='color: green;'>  币种/交易对:ZENUSDT 分立跳空底背离</p>
<p style='color: green;'>  币种/交易对:XRTBTC 分立跳空底背离</p>
<p style='color: green;'>  币种/交易对:GRTUSDT 分立跳空底背离</p>
<p style='color: green;'>  币种/交易对:GRTBTC 分立跳空底背离</p>
<p style='color: green;'>  币种/交易对:KANUSDT 分立跳空底背离</p>
<p style='color: green;'>  币种/交易对:RENHUSD 分立跳空底背离</p>
<p style='color: green;'>  币种/交易对:AUCTIONBTC 分立跳空底背离</p>
<p style='color: green;'>  币种/交易对:WANBTC 分立跳空底背离</p>
<p style='color: green;'>  币种/交易对:BCHUSDT 分立跳空底背离</p>
<p style='color: green;'>  币种/交易对:YCCBTC 分立跳空底背离</p>
<p style='color: green;'>  币种/交易对:ICXBTC 分立跳空底背离</p>
<p style='color: green;'>  币种/交易对:WICCBTC 分立跳空底背离</p>
<p style='color: green;'>  币种/交易对:DASHUSDT 分立跳空底背离</p>
<p style='color: green;'>  币种/交易对:BALUSDT 分立跳空底背离</p>
<p style='color: green;'>  币种/交易对:DASHHUSD 分立跳空底背离</p>
<p style='color: green;'>  币种/交易对:BALHUSD 分立跳空底背离</p>
<p style='color: green;'>  币种/交易对:BLZUSDT 分立跳空底背离</p>
<p style='color: green;'>  币种/交易对:MLNUSDT 分立跳空底背离</p>
<p style='color: green;'>  币种/交易对:SNTUSDT 分立跳空底背离</p>
<p style='color: green;'>  币种/交易对:YFIHUSD 分立跳空底背离</p>
<p style='color: green;'>  币种/交易对:UTKUSDT 分立跳空底背离</p>
<p style='color: green;'>  币种/交易对:XRPHUSD 分立跳空底背离</p>
<p style='color: green;'>  币种/交易对:SNXBTC 分立跳空底背离</p>
<p style='color: green;'>  币种/交易对:STEEMUSDT 分立跳空底背离</p>
<p style='color: green;'>  币种/交易对:DASHHT 分立跳空底背离</p>
<p style='color: green;'>  币种/交易对:KSMUSDT 分立跳空底背离</p>
<p style='color: green;'>  币种/交易对:FIROUSDT 分立跳空底背离</p>
<p style='color: green;'>  币种/交易对:RENBTC 分立跳空底背离</p>
<p style='color: green;'>  币种/交易对:XEMBTC 分立跳空底背离</p>
<p style='color: green;'>  币种/交易对:QTUMBTC 分立跳空底背离</p>
<p style='color: green;'>  币种/交易对:LOOMUSDT 分立跳空底背离</p>
<p style='color: green;'>  币种/交易对:VETHUSD 分立跳空底背离</p>
<p style='color: green;'>  币种/交易对:AAVEHUSD 分立跳空底背离</p>
<p style='color: green;'>  币种/交易对:LINABTC 分立跳空底背离</p>
<p style='color: green;'>  币种/交易对:XRPUSDT 分立跳空底背离</p>
<p style='color: green;'>  币种/交易对:BCHBTC 分立跳空底背离</p>
<p style='color: green;'>  币种/交易对:BTSUSDT 分立跳空底背离</p>
<p style='color: green;'>  币种/交易对:AKROBTC 分立跳空底背离</p>
<p style='color: green;'>  币种/交易对:XMRUSDT 分立跳空底背离</p>
<p style='color: green;'>  币种/交易对:NULSBTC 分立跳空底背离</p>
<p style='color: green;'>  币种/交易对:BATETH 分立跳空底背离</p>
<p style='color: green;'>  币种/交易对:EOSBTC 分立跳空底背离</p>
<p style='color: green;'>  币种/交易对:OGNUSDT 分立跳空底背离</p>
<p style='color: green;'>  币种/交易对:SCUSDT 分立跳空底背离</p>
<p style='color: green;'>  币种/交易对:ZILUSDT 分立跳空底背离</p>
<p style='color: green;'>  币种/交易对:UMAUSDT 分立跳空底背离</p>
<p style='color: green;'>  币种/交易对:AUCTIONUSDT 分立跳空底背离</p>
<p style='color: green;'>  币种/交易对:INJUSDT 分立跳空底背离</p>
<p style='color: green;'>  币种/交易对:XRTUSDT 分立跳空底背离</p>
<p style='color: green;'>  币种/交易对:ONTHUSD 分立跳空底背离</p>
<p style='color: green;'>  币种/交易对:OXTUSDT 分立跳空底背离</p>
<p style='color: green;'>  币种/交易对:ELFETH 分立跳空底背离</p>
<p style='color: green;'>  币种/交易对:XEMUSDT 分立跳空底背离</p>
<p style='color: green;'>  币种/交易对:ONTBTC 分立跳空底背离</p>
<p style='color: green;'>  币种/交易对:WNXMUSDT 分立跳空底背离</p>
<p style='color: green;'>  币种/交易对:BNTUSDT 分立跳空底背离</p>
<p style='color: green;'>  币种/交易对:UNIUSDT 分立跳空底背离</p>
<p style='color: green;'>  币种/交易对:FSNBTC 分立跳空底背离</p>
<p style='color: green;'>  币种/交易对:POLSETH 分立跳空底背离</p>
<p style='color: green;'>  币种/交易对:BSVHUSD 分立跳空底背离</p>
<p style='color: green;'>  币种/交易对:ICXUSDT 分立跳空底背离</p>
<p style='color: green;'>  币种/交易对:CHZBTC 分立跳空底背离</p>
<p style='color: green;'>  币种/交易对:WICCUSDT 分立跳空底背离</p>
<p style='color: green;'>  币种/交易对:THETAHUSD 分立跳空底背离</p>
<p style='color: green;'>  币种/交易对:RENUSDT 分立跳空底背离</p>
<p style='color: green;'>  币种/交易对:FISUSDT 分立跳空底背离</p>
<p style='color: green;'>  币种/交易对:LTCHUSD 分立跳空底背离</p>
<p style='color: green;'>  币种/交易对:DOCKUSDT 分立跳空底背离</p>
<p style='color: green;'>  币种/交易对:IOTABTC 分立跳空底背离</p>
<p style='color: green;'>  币种/交易对:DCRUSDT 分立跳空底背离</p>
<p style='color: green;'>  币种/交易对:LTCUSDT 分立跳空底背离</p>
<p style='color: green;'>  币种/交易对:VETUSDT 分立跳空底背离</p>
<p style='color: green;'>  币种/交易对:FRONTBTC 分立跳空底背离</p>
<p style='color: green;'>  币种/交易对:SSPBTC 分立跳空底背离</p>
<p style='color: green;'>  币种/交易对:HCUSDT 分立跳空底背离</p>
<p style='color: green;'>  币种/交易对:ZRXHUSD 分立跳空底背离</p>
<p style='color: green;'>  币种/交易对:SCBTC 分立跳空底背离</p>
<p style='color: green;'>  币种/交易对:THETAUSDT 分立跳空底背离</p>
<p style='color: green;'>  币种/交易对:PONDUSDT 分立跳空底背离</p>
<p style='color: green;'>  币种/交易对:SNXUSDT 分立跳空底背离</p>
<p style='color: green;'>  币种/交易对:EOSUSDT 分立跳空底背离</p>
<p style='color: green;'>  币种/交易对:EOSHT 分立跳空底背离</p>
<p style='color: green;'>  币种/交易对:QTUMUSDT 分立跳空底背离</p>
<p style='color: green;'>  币种/交易对:KSMBTC 分立跳空底背离</p>
<p style='color: green;'>  币种/交易对:NEOUSDT 分立跳空底背离</p>
<p style='color: green;'>  币种/交易对:XLMUSDT 分立跳空底背离</p>
<p style='color: green;'>  币种/交易对:BALBTC 分立跳空底背离</p>
<p style='color: green; font-size:30px;'> <b>段内底背离</b></p>
<p style='color: green;'>  币种/交易对:SKMUSDT 段内底背离</p>
<p style='color: green;'>  币种/交易对:WTCUSDT 段内底背离</p>
<p style='color: green;'>  币种/交易对:ATOMBTC 段内底背离</p>
<p style='color: green;'>  币种/交易对:1INCHUSDT 段内底背离</p>
<p style='color: green;'>  币种/交易对:DKAUSDT 段内底背离</p>
<p style='color: green;'>  币种/交易对:CVPUSDT 段内底背离</p>
<p style='color: green;'>  币种/交易对:MTNBTC 段内底背离</p>
<p style='color: green;'>  币种/交易对:CKBUSDT 段内底背离</p>
<p style='color: green;'>  币种/交易对:RVNUSDT 段内底背离</p>
<p style='color: green;'>  币种/交易对:XTZHUSD 段内底背离</p>
<p style='color: green;'>  币种/交易对:IRISUSDT 段内底背离</p>
<p style='color: green;'>  币种/交易对:ASTBTC 段内底背离</p>
<p style='color: green;'>  币种/交易对:ENJUSDT 段内底背离</p>
<p style='color: green;'>  币种/交易对:POLSBTC 段内底背离</p>
<p style='color: green;'>  币种/交易对:WOOETH 段内底背离</p>
<p style='color: green;'>  币种/交易对:XRPHT 段内底背离</p>
<p style='color: green;'>  币种/交易对:MASKUSDT 段内底背离</p>
<p style='color: green;'>  币种/交易对:FSNUSDT 段内底背离</p>
<p style='color: green;'>  币种/交易对:XMRUSDT 段内底背离</p>
<p style='color: green;'>  币种/交易对:IOTAUSDT 段内底背离</p>
<p style='color: green;'>  币种/交易对:ATOMUSDT 段内底背离</p>
<p style='color: green;'>  币种/交易对:WAVESUSDT 段内底背离</p>
<p style='color: green;'>  币种/交易对:RVNBTC 段内底背离</p>
<p style='color: green;'>  币种/交易对:AUCTIONUSDT 段内底背离</p>
<p style='color: green;'>  币种/交易对:XTZUSDT 段内底背离</p>
<p style='color: green;'>  币种/交易对:BANDBTC 段内底背离</p>
<p style='color: green;'>  币种/交易对:POLSUSDT 段内底背离</p>
<p style='color: green;'>  币种/交易对:MATICBTC 段内底背离</p>
<p style='color: green;'>  币种/交易对:FSNBTC 段内底背离</p>
<p style='color: green;'>  币种/交易对:MANAUSDT 段内底背离</p>
<p style='color: green;'>  币种/交易对:DOTBTC 段内底背离</p>
<p style='color: green;'>  币种/交易对:ELABTC 段内底背离</p>
<p style='color: green;'>  币种/交易对:ALGOBTC 段内底背离</p>
<p style='color: green;'>  币种/交易对:IOTABTC 段内底背离</p>
<p style='color: green;'>  币种/交易对:WTCBTC 段内底背离</p>
<p style='color: green;'>  币种/交易对:ABTUSDT 段内底背离</p>
<p style='color: green; font-size:30px;'> <b>DMI+</b></p>
<p style='color: green;'>  币种/交易对:DOCKBTC DMI+</p>
<p style='color: green;'>  币种/交易对:APNUSDT DMI+</p>
<p style='color: green;'>  币种/交易对:OMGETH DMI+</p>
<p style='color: green;'>  币种/交易对:CTXUSDT DMI+</p>
<p style='color: green;'>  币种/交易对:FORBTC DMI+</p>
<p style='color: green;'>  币种/交易对:LINAUSDT DMI+</p>
<p style='color: green;'>  币种/交易对:RSRHUSD DMI+</p>
<p style='color: green;'>  币种/交易对:BIXUSDT DMI+</p>
<p style='color: green;'>  币种/交易对:BHDUSDT DMI+</p>
<p style='color: green;'>  币种/交易对:KAVAETH DMI+</p>
<p style='color: green;'>  币种/交易对:RSRUSDT DMI+</p>
<p style='color: green;'>  币种/交易对:IICBTC DMI+</p>
<p style='color: green;'>  币种/交易对:BLZUSDT DMI+</p>
<p style='color: green;'>  币种/交易对:XTZBTC DMI+</p>
<p style='color: green;'>  币种/交易对:CHRHT DMI+</p>
<p style='color: green;'>  币种/交易对:CTSIUSDT DMI+</p>
<p style='color: green;'>  币种/交易对:ONTETH DMI+</p>
<p style='color: green;'>  币种/交易对:CHZETH DMI+</p>
<p style='color: green;'>  币种/交易对:GLMUSDT DMI+</p>
<p style='color: green;'>  币种/交易对:PORTALBTC DMI+</p>
<p style='color: green;'>  币种/交易对:STPTUSDT DMI+</p>
<p style='color: green;'>  币种/交易对:GALFTUSDT DMI+</p>
<p style='color: green;'>  币种/交易对:OGNUSDT DMI+</p>
<p style='color: green;'>  币种/交易对:UNFIUSDT DMI+</p>
<p style='color: green;'>  币种/交易对:AAVEUSDT DMI+</p>
<p style='color: green;'>  币种/交易对:XLMETH DMI+</p>
<p style='color: green;'>  币种/交易对:RSRHT DMI+</p>
<p style='color: green;'>  币种/交易对:ADAETH DMI+</p>
<p style='color: green;'>  币种/交易对:WARUSDT DMI+</p>
<p style='color: green;'>  币种/交易对:RSRBTC DMI+</p>
<p style='color: green;'>  币种/交易对:LBAUSDT DMI+</p>
<p style='color: green;'>  币种/交易对:WICCUSDT DMI+</p>
<p style='color: green;'>  币种/交易对:CHRBTC DMI+</p>
<p style='color: green;'>  币种/交易对:SNXUSDT DMI+</p>
<p style='color: green;'>  币种/交易对:BLZBTC DMI+</p>
<p style='color: green;'>  币种/交易对:TRBBTC DMI+</p>
<p style='color: green; font-size:30px;'> <b>macd金叉信号 + DMI</b></p>
<p style='color: green;'>  币种/交易对:DOCKBTC macd金叉信号 + DMI</p>
<p style='color: green;'>  币种/交易对:RSRHUSD macd金叉信号 + DMI</p>
<p style='color: green;'>  币种/交易对:RSRUSDT macd金叉信号 + DMI</p>
<p style='color: green;'>  币种/交易对:CHZETH macd金叉信号 + DMI</p>
<p style='color: green;'>  币种/交易对:RSRHT macd金叉信号 + DMI</p>
<p style='color: green;'>  币种/交易对:RSRBTC macd金叉信号 + DMI</p>
<p style='color: green;'>  币种/交易对:BLZBTC macd金叉信号 + DMI</p>
<p style='color: green;'>  币种/交易对:TRBBTC macd金叉信号 + DMI</p>
<p style='color: green; font-size:30px;'> <b>沾到ema30/ema60</b></p>
<p style='color: green;'>  币种/交易对:NEXOETH 沾到ema30/ema60</p>
<p style='color: green;'>  币种/交易对:XMRETH 沾到ema30/ema60</p>
<p style='color: green;'>  币种/交易对:GRSBTC 沾到ema30/ema60</p>
<p style='color: green;'>  币种/交易对:WBTCBTC 沾到ema30/ema60</p>
<p style='color: green;'>  币种/交易对:KAVAETH 沾到ema30/ema60</p>
<p style='color: green;'>  币种/交易对:BTC1SUSDT 沾到ema30/ema60</p>
<p style='color: green;'>  币种/交易对:REQETH 沾到ema30/ema60</p>
<p style='color: green;'>  币种/交易对:USDCHUSD 沾到ema30/ema60</p>
<p style='color: green;'>  币种/交易对:UTKETH 沾到ema30/ema60</p>
<p style='color: green;'>  币种/交易对:USDCUSDT 沾到ema30/ema60</p>
<p style='color: green;'>  币种/交易对:KNCBTC 沾到ema30/ema60</p>
<p style='color: green;'>  币种/交易对:BETHETH 沾到ema30/ema60</p>
<p style='color: green;'>  币种/交易对:UNI2SUSDT 沾到ema30/ema60</p>
<p style='color: green;'>  币种/交易对:KNCETH 沾到ema30/ema60</p>
<p style='color: green;'>  币种/交易对:GLMETH 沾到ema30/ema60</p>
<p style='color: green;'>  币种/交易对:TITANUSDT 沾到ema30/ema60</p>
<p style='color: green;'>  币种/交易对:HTBTC 沾到ema30/ema60</p>
<p style='color: green;'>  币种/交易对:XLMETH 沾到ema30/ema60</p>
<p style='color: green;'>  币种/交易对:ZILETH 沾到ema30/ema60</p>
<p style='color: green;'>  币种/交易对:GLMBTC 沾到ema30/ema60</p>
<p style='color: green;'>  币种/交易对:MXHT 沾到ema30/ema60</p>
<p style='color: green;'>  币种/交易对:UTKBTC 沾到ema30/ema60</p>
<p style='color: green; font-size:30px;'> <b>TD 底部 9位置</b></p>
<p style='color: green;'>  币种/交易对:FORTHUSDT TD 底部 9位置</p>
<p style='color: green;'>  币种/交易对:PSTAKEUSDT TD 底部 9位置</p>
<p style='color: green;'>  币种/交易对:OMGETH TD 底部 9位置</p>
<p style='color: green;'>  币种/交易对:CTXUSDT TD 底部 9位置</p>
<p style='color: green;'>  币种/交易对:GNXUSDT TD 底部 9位置</p>
<p style='color: green;'>  币种/交易对:EKTETH TD 底部 9位置</p>
<p style='color: green;'>  币种/交易对:WAXPBTC TD 底部 9位置</p>
<p style='color: green;'>  币种/交易对:GFUSDT TD 底部 9位置</p>
<p style='color: green;'>  币种/交易对:GALAUSDT TD 底部 9位置</p>
<p style='color: green;'>  币种/交易对:WOOBTC TD 底部 9位置</p>
<p style='color: green;'>  币种/交易对:ONEHT TD 底部 9位置</p>
<p style='color: green;'>  币种/交易对:SWRVUSDT TD 底部 9位置</p>
<p style='color: green;'>  币种/交易对:ARPABTC TD 底部 9位置</p>
<p style='color: green;'>  币种/交易对:REEFETH TD 底部 9位置</p>
<p style='color: green;'>  币种/交易对:MONOUSDT TD 底部 9位置</p>
<p style='color: green;'>  币种/交易对:IOTXETH TD 底部 9位置</p>
<p style='color: green;'>  币种/交易对:AUCTIONETH TD 底部 9位置</p>
<p style='color: green;'>  币种/交易对:XRPHUSD TD 底部 9位置</p>
<p style='color: green;'>  币种/交易对:HBARUSDT TD 底部 9位置</p>
<p style='color: green;'>  币种/交易对:GLMUSDT TD 底部 9位置</p>
<p style='color: green;'>  币种/交易对:MDXETH TD 底部 9位置</p>
<p style='color: green;'>  币种/交易对:XRPHT TD 底部 9位置</p>
<p style='color: green;'>  币种/交易对:XRP3LUSDT TD 底部 9位置</p>
<p style='color: green;'>  币种/交易对:WAVESETH TD 底部 9位置</p>
<p style='color: green;'>  币种/交易对:YGGUSDT TD 底部 9位置</p>
<p style='color: green;'>  币种/交易对:ONEBTC TD 底部 9位置</p>
<p style='color: green;'>  币种/交易对:XRPUSDT TD 底部 9位置</p>
<p style='color: green;'>  币种/交易对:KCASHUSDT TD 底部 9位置</p>
<p style='color: green;'>  币种/交易对:NASETH TD 底部 9位置</p>
<p style='color: green;'>  币种/交易对:ARETH TD 底部 9位置</p>
<p style='color: green;'>  币种/交易对:FIROETH TD 底部 9位置</p>
<p style='color: green;'>  币种/交易对:WAVESUSDT TD 底部 9位置</p>
<p style='color: green;'>  币种/交易对:LQTYUSDT TD 底部 9位置</p>
<p style='color: green;'>  币种/交易对:DACUSDT TD 底部 9位置</p>
<p style='color: green;'>  币种/交易对:RNDRBTC TD 底部 9位置</p>
<p style='color: green;'>  币种/交易对:GRTETH TD 底部 9位置</p>
<p style='color: green;'>  币种/交易对:ICXETH TD 底部 9位置</p>
<p style='color: green;'>  币种/交易对:MANAUSDT TD 底部 9位置</p>
<p style='color: green;'>  币种/交易对:ATPUSDT TD 底部 9位置</p>
<p style='color: green;'>  币种/交易对:FLOWETH TD 底部 9位置</p>
<p style='color: green;'>  币种/交易对:SLCUSDT TD 底部 9位置</p>
<p style='color: green;'>  币种/交易对:WAVESBTC TD 底部 9位置</p>
<p style='color: green;'>  币种/交易对:WICCUSDT TD 底部 9位置</p>
<p style='color: green;'>  币种/交易对:IOTABTC TD 底部 9位置</p>
<p style='color: green;'>  币种/交易对:YEEUSDT TD 底部 9位置</p>
<p style='color: green;'>  币种/交易对:SANDHT TD 底部 9位置</p>
<p style='color: green;'>  币种/交易对:ARBTC TD 底部 9位置</p>
<p style='color: green;'>  币种/交易对:FIROBTC TD 底部 9位置</p>
<p style='color: green; font-size:30px;'> <b>TD+底部2B信号</b></p>
<p style='color: green;'>  币种/交易对:MIRUSDT TD+底部2B信号</p>
