<p style='color: green; font-size:30px;'> <b>沾到ema30/ema60</b></p>
<p style='color: green;'>  币种/交易对:TUSDHUSD 沾到ema30/ema60</p>
<p style='color: green;'>  币种/交易对:LTC3SUSDT 沾到ema30/ema60</p>
<p style='color: green;'>  币种/交易对:NHBTCUSDT 沾到ema30/ema60</p>
<p style='color: green;'>  币种/交易对:CUDOSUSDT 沾到ema30/ema60</p>
<p style='color: green;'>  币种/交易对:STARLYUSDT 沾到ema30/ema60</p>
<p style='color: green;'>  币种/交易对:EMUSDT 沾到ema30/ema60</p>
<p style='color: green;'>  币种/交易对:C98USDT 沾到ema30/ema60</p>
<p style='color: green;'>  币种/交易对:MXCUSDT 沾到ema30/ema60</p>
<p style='color: green;'>  币种/交易对:XTZHUSD 沾到ema30/ema60</p>
<p style='color: green;'>  币种/交易对:EOS3SUSDT 沾到ema30/ema60</p>
<p style='color: green;'>  币种/交易对:CMTUSDT 沾到ema30/ema60</p>
<p style='color: green;'>  币种/交易对:PLUUSDT 沾到ema30/ema60</p>
<p style='color: green;'>  币种/交易对:FIL3SUSDT 沾到ema30/ema60</p>
<p style='color: green;'>  币种/交易对:LBAUSDT 沾到ema30/ema60</p>
<p style='color: green;'>  币种/交易对:UUUUSDT 沾到ema30/ema60</p>
<p style='color: green;'>  币种/交易对:ETH1SUSDT 沾到ema30/ema60</p>
<p style='color: green;'>  币种/交易对:UNI2SUSDT 沾到ema30/ema60</p>
<p style='color: green;'>  币种/交易对:DAIUSDT 沾到ema30/ema60</p>
<p style='color: green;'>  币种/交易对:XMXUSDT 沾到ema30/ema60</p>
<p style='color: green;'>  币种/交易对:USDCUSDT 沾到ema30/ema60</p>
<p style='color: green;'>  币种/交易对:XRP3SUSDT 沾到ema30/ema60</p>
<p style='color: green;'>  币种/交易对:GODSUSDT 沾到ema30/ema60</p>
<p style='color: green;'>  币种/交易对:ETH3SUSDT 沾到ema30/ema60</p>
<p style='color: green;'>  币种/交易对:USDCHUSD 沾到ema30/ema60</p>
<p style='color: green;'>  币种/交易对:NCTUSDT 沾到ema30/ema60</p>
<p style='color: green;'>  币种/交易对:BTC1SUSDT 沾到ema30/ema60</p>
<p style='color: green;'>  币种/交易对:OGOUSDT 沾到ema30/ema60</p>
<p style='color: green;'>  币种/交易对:BCH3SUSDT 沾到ema30/ema60</p>
<p style='color: green; font-size:30px;'> <b>分立跳空底背离</b></p>
<p style='color: green;'>  币种/交易对:NTUSDT 分立跳空底背离</p>
<p style='color: green;'>  币种/交易对:MONOUSDT 分立跳空底背离</p>
<p style='color: green;'>  币种/交易对:BITUSDT 分立跳空底背离</p>
<p style='color: green;'>  币种/交易对:SOCUSDT 分立跳空底背离</p>
<p style='color: green;'>  币种/交易对:LOOTUSDT 分立跳空底背离</p>
<p style='color: green;'>  币种/交易对:VPADUSDT 分立跳空底背离</p>
<p style='color: green;'>  币种/交易对:NGLUSDT 分立跳空底背离</p>
<p style='color: green; font-size:30px;'> <b>kdj金叉信号</b></p>
<p style='color: green;'>  币种/交易对:IOTXUSDT kdj金叉信号</p>
<p style='color: green;'>  币种/交易对:OXTUSDT kdj金叉信号</p>
<p style='color: green;'>  币种/交易对:FRONTUSDT kdj金叉信号</p>
<p style='color: green;'>  币种/交易对:SRMUSDT kdj金叉信号</p>
<p style='color: green;'>  币种/交易对:QTUMHUSD kdj金叉信号</p>
<p style='color: green;'>  币种/交易对:LINAUSDT kdj金叉信号</p>
<p style='color: green;'>  币种/交易对:BANDHUSD kdj金叉信号</p>
<p style='color: green;'>  币种/交易对:SKLUSDT kdj金叉信号</p>
<p style='color: green;'>  币种/交易对:OMGUSDT kdj金叉信号</p>
<p style='color: green;'>  币种/交易对:MLNUSDT kdj金叉信号</p>
<p style='color: green;'>  币种/交易对:BTC3LUSDT kdj金叉信号</p>
<p style='color: green;'>  币种/交易对:BADGERUSDT kdj金叉信号</p>
<p style='color: green;'>  币种/交易对:RENHUSD kdj金叉信号</p>
<p style='color: green;'>  币种/交易对:FTTUSDT kdj金叉信号</p>
<p style='color: green;'>  币种/交易对:MOVRUSDT kdj金叉信号</p>
<p style='color: green;'>  币种/交易对:ELAHUSD kdj金叉信号</p>
<p style='color: green;'>  币种/交易对:QTUMUSDT kdj金叉信号</p>
<p style='color: green;'>  币种/交易对:BANDUSDT kdj金叉信号</p>
<p style='color: green;'>  币种/交易对:XRPHUSD kdj金叉信号</p>
<p style='color: green;'>  币种/交易对:LQTYUSDT kdj金叉信号</p>
<p style='color: green;'>  币种/交易对:CTXCUSDT kdj金叉信号</p>
<p style='color: green;'>  币种/交易对:RVNUSDT kdj金叉信号</p>
<p style='color: green;'>  币种/交易对:AMPUSDT kdj金叉信号</p>
<p style='color: green;'>  币种/交易对:NANOUSDT kdj金叉信号</p>
<p style='color: green;'>  币种/交易对:SUNUSDT kdj金叉信号</p>
<p style='color: green;'>  币种/交易对:PUSHUSDT kdj金叉信号</p>
<p style='color: green;'>  币种/交易对:MATICUSDT kdj金叉信号</p>
<p style='color: green;'>  币种/交易对:BTCHUSD kdj金叉信号</p>
<p style='color: green;'>  币种/交易对:WTCUSDT kdj金叉信号</p>
<p style='color: green;'>  币种/交易对:XRP3LUSDT kdj金叉信号</p>
<p style='color: green;'>  币种/交易对:SUKUUSDT kdj金叉信号</p>
<p style='color: green;'>  币种/交易对:LTC3LUSDT kdj金叉信号</p>
<p style='color: green;'>  币种/交易对:SPELLUSDT kdj金叉信号</p>
<p style='color: green;'>  币种/交易对:TRBUSDT kdj金叉信号</p>
<p style='color: green;'>  币种/交易对:SCUSDT kdj金叉信号</p>
<p style='color: green;'>  币种/交易对:LPTUSDT kdj金叉信号</p>
<p style='color: green;'>  币种/交易对:YFIIUSDT kdj金叉信号</p>
<p style='color: green;'>  币种/交易对:BTTUSDT kdj金叉信号</p>
<p style='color: green;'>  币种/交易对:ZKSUSDT kdj金叉信号</p>
<p style='color: green;'>  币种/交易对:ATOMUSDT kdj金叉信号</p>
<p style='color: green;'>  币种/交易对:COMPUSDT kdj金叉信号</p>
<p style='color: green;'>  币种/交易对:BTCUSDT kdj金叉信号</p>
<p style='color: green;'>  币种/交易对:JASMYUSDT kdj金叉信号</p>
<p style='color: green;'>  币种/交易对:GTUSDT kdj金叉信号</p>
<p style='color: green;'>  币种/交易对:BRWLUSDT kdj金叉信号</p>
<p style='color: green;'>  币种/交易对:ELAUSDT kdj金叉信号</p>
<p style='color: green;'>  币种/交易对:TRACEUSDT kdj金叉信号</p>
<p style='color: green;'>  币种/交易对:ERTHAUSDT kdj金叉信号</p>
<p style='color: green;'>  币种/交易对:ANKRUSDT kdj金叉信号</p>
<p style='color: green;'>  币种/交易对:OMGHUSD kdj金叉信号</p>
<p style='color: green;'>  币种/交易对:ARUSDT kdj金叉信号</p>
<p style='color: green;'>  币种/交易对:IOIUSDT kdj金叉信号</p>
<p style='color: green;'>  币种/交易对:GNXUSDT kdj金叉信号</p>
<p style='color: green;'>  币种/交易对:BNTUSDT kdj金叉信号</p>
<p style='color: green;'>  币种/交易对:FILDAUSDT kdj金叉信号</p>
<p style='color: green;'>  币种/交易对:LTCHUSD kdj金叉信号</p>
<p style='color: green;'>  币种/交易对:FILUSDT kdj金叉信号</p>
<p style='color: green;'>  币种/交易对:MTAUSDT kdj金叉信号</p>
<p style='color: green;'>  币种/交易对:DIAUSDT kdj金叉信号</p>
<p style='color: green;'>  币种/交易对:BTSUSDT kdj金叉信号</p>
<p style='color: green;'>  币种/交易对:XRPUSDT kdj金叉信号</p>
<p style='color: green;'>  币种/交易对:MULTIUSDT kdj金叉信号</p>
<p style='color: green;'>  币种/交易对:ARPAUSDT kdj金叉信号</p>
<p style='color: green;'>  币种/交易对:LTCUSDT kdj金叉信号</p>
<p style='color: green;'>  币种/交易对:RENUSDT kdj金叉信号</p>
<p style='color: green;'>  币种/交易对:MASKUSDT kdj金叉信号</p>
<p style='color: green;'>  币种/交易对:FILHUSD kdj金叉信号</p>
<p style='color: green;'>  币种/交易对:FTIUSDT kdj金叉信号</p>
<p style='color: green;'>  币种/交易对:IDEXUSDT kdj金叉信号</p>
<p style='color: green;'>  币种/交易对:ICXUSDT kdj金叉信号</p>
<p style='color: green; font-size:30px;'> <b>DMI+</b></p>
<p style='color: green;'>  币种/交易对:LINAUSDT DMI+</p>
<p style='color: green;'>  币种/交易对:OMGUSDT DMI+</p>
<p style='color: green;'>  币种/交易对:EKTUSDT DMI+</p>
<p style='color: green;'>  币种/交易对:RENHUSD DMI+</p>
<p style='color: green;'>  币种/交易对:ELAHUSD DMI+</p>
<p style='color: green;'>  币种/交易对:COTIUSDT DMI+</p>
<p style='color: green;'>  币种/交易对:RLCUSDT DMI+</p>
<p style='color: green;'>  币种/交易对:SUKUUSDT DMI+</p>
<p style='color: green;'>  币种/交易对:ELAUSDT DMI+</p>
<p style='color: green;'>  币种/交易对:UNI2SUSDT DMI+</p>
<p style='color: green;'>  币种/交易对:SPRTUSDT DMI+</p>
<p style='color: green;'>  币种/交易对:GALAUSDT DMI+</p>
<p style='color: green;'>  币种/交易对:OMGHUSD DMI+</p>
<p style='color: green;'>  币种/交易对:FILDAUSDT DMI+</p>
<p style='color: green;'>  币种/交易对:BSV3LUSDT DMI+</p>
<p style='color: green;'>  币种/交易对:ARPAUSDT DMI+</p>
<p style='color: green;'>  币种/交易对:CLVUSDT DMI+</p>
<p style='color: green;'>  币种/交易对:BTC1SUSDT DMI+</p>
<p style='color: green; font-size:30px;'> <b>macd金叉信号</b></p>
<p style='color: green;'>  币种/交易对:GSTUSDT macd金叉信号</p>
<p style='color: green;'>  币种/交易对:DAIHUSD macd金叉信号</p>
<p style='color: green;'>  币种/交易对:ZKPUSDT macd金叉信号</p>
<p style='color: green;'>  币种/交易对:YFIIUSDT macd金叉信号</p>
<p style='color: green;'>  币种/交易对:DOT2SUSDT macd金叉信号</p>
<p style='color: green;'>  币种/交易对:UNBUSDT macd金叉信号</p>
<p style='color: green; font-size:30px;'> <b>段内底背离</b></p>
<p style='color: green;'>  币种/交易对:LQTYUSDT 段内底背离</p>
<p style='color: green;'>  币种/交易对:VPADUSDT 段内底背离</p>
