<p style='color: green; font-size:30px;'> <b>沾到ema30/ema60</b></p>
<p style='color: green;'>  币种/交易对:ETHUSD 沾到ema30/ema60</p>
<p style='color: green;'>  币种/交易对:HKCUSD 沾到ema30/ema60</p>
<p style='color: green;'>  币种/交易对:HKCUSDT 沾到ema30/ema60</p>
<p style='color: green;'>  币种/交易对:USDTUSD 沾到ema30/ema60</p>
<p style='color: green; font-size:30px;'> <b>TD 底部 9位置</b></p>
<p style='color: green;'>  币种/交易对:SNXUSD TD 底部 9位置</p>
<p style='color: green;'>  币种/交易对:NEARUSD TD 底部 9位置</p>
<p style='color: green;'>  币种/交易对:ARUSD TD 底部 9位置</p>
<p style='color: green;'>  币种/交易对:MAGICUSD TD 底部 9位置</p>
<p style='color: green;'>  币种/交易对:USDKUSD TD 底部 9位置</p>
<p style='color: green; font-size:30px;'> <b>DMI+</b></p>
<p style='color: green;'>  币种/交易对:FLOWUSD DMI+</p>
<p style='color: green;'>  币种/交易对:DIKOUSD DMI+</p>
<p style='color: green;'>  币种/交易对:USDCUSDT DMI+</p>
<p style='color: green; font-size:30px;'> <b>kdj金叉信号</b></p>
<p style='color: green;'>  币种/交易对:ZENUSD kdj金叉信号</p>
<p style='color: green;'>  币种/交易对:ARUSD kdj金叉信号</p>
<p style='color: green;'>  币种/交易对:USTCUSD kdj金叉信号</p>
<p style='color: green;'>  币种/交易对:STMXUSD kdj金叉信号</p>
<p style='color: green;'>  币种/交易对:USDTUSD kdj金叉信号</p>
<p style='color: green; font-size:30px;'> <b>cci over 100</b></p>
<p style='color: green;'>  币种/交易对:WAXPUSD cci over 100</p>
<p style='color: green; font-size:30px;'> <b>段内底背离</b></p>
<p style='color: green;'>  币种/交易对:CUSDUSD 段内底背离</p>
