<p style='color: green; font-size:30px;'> <b>macd金叉信号</b></p>
<p style='color: green;'>  币种/交易对:ALGOUSDT macd金叉信号</p>
<p style='color: green;'>  币种/交易对:CSPRUSDT macd金叉信号</p>
<p style='color: green;'>  币种/交易对:DAIUSDT macd金叉信号</p>
<p style='color: green;'>  币种/交易对:DOSEUSDT macd金叉信号</p>
<p style='color: green;'>  币种/交易对:LITHUSDT macd金叉信号</p>
<p style='color: green;'>  币种/交易对:MXTUSDT macd金叉信号</p>
<p style='color: green;'>  币种/交易对:OXTUSDT macd金叉信号</p>
<p style='color: green;'>  币种/交易对:PITUSDT macd金叉信号</p>
<p style='color: green;'>  币种/交易对:SHIBUSDT macd金叉信号</p>
<p style='color: green;'>  币种/交易对:SISUSDT macd金叉信号</p>
<p style='color: green;'>  币种/交易对:XCHUSDT macd金叉信号</p>
<p style='color: green;'>  币种/交易对:YOUUSDT macd金叉信号</p>
<p style='color: green;'>  币种/交易对:ZENUSDT macd金叉信号</p>
<p style='color: green;'>  币种/交易对:ZYROUSDT macd金叉信号</p>
<p style='color: green;'>  币种/交易对:ALGOUSDT:USDT macd金叉信号</p>
<p style='color: green;'>  币种/交易对:CSPRUSDT:USDT macd金叉信号</p>
<p style='color: green;'>  币种/交易对:SHIBUSDT:USDT macd金叉信号</p>
<p style='color: green;'>  币种/交易对:XCHUSDT:USDT macd金叉信号</p>
<p style='color: green;'>  币种/交易对:ZENUSDT:USDT macd金叉信号</p>
<p style='color: green; font-size:30px;'> <b>沾到ema30/ema60</b></p>
<p style='color: green;'>  币种/交易对:BORAUSDT 沾到ema30/ema60</p>
<p style='color: green;'>  币种/交易对:BZZUSDT 沾到ema30/ema60</p>
<p style='color: green;'>  币种/交易对:CFXUSDT 沾到ema30/ema60</p>
<p style='color: green;'>  币种/交易对:CHATUSDT 沾到ema30/ema60</p>
<p style='color: green;'>  币种/交易对:CSPRUSDT 沾到ema30/ema60</p>
<p style='color: green;'>  币种/交易对:CVTUSDT 沾到ema30/ema60</p>
<p style='color: green;'>  币种/交易对:DAIUSDT 沾到ema30/ema60</p>
<p style='color: green;'>  币种/交易对:DNAUSDT 沾到ema30/ema60</p>
<p style='color: green;'>  币种/交易对:DORAUSDT 沾到ema30/ema60</p>
<p style='color: green;'>  币种/交易对:EFIUSDT 沾到ema30/ema60</p>
<p style='color: green;'>  币种/交易对:HYCUSDT 沾到ema30/ema60</p>
<p style='color: green;'>  币种/交易对:LATUSDT 沾到ema30/ema60</p>
<p style='color: green;'>  币种/交易对:LBAUSDT 沾到ema30/ema60</p>
<p style='color: green;'>  币种/交易对:PRQUSDT 沾到ema30/ema60</p>
<p style='color: green;'>  币种/交易对:RSRUSDT 沾到ema30/ema60</p>
<p style='color: green;'>  币种/交易对:RSS3USDT 沾到ema30/ema60</p>
<p style='color: green;'>  币种/交易对:SISUSDT 沾到ema30/ema60</p>
<p style='color: green;'>  币种/交易对:SWRVUSDT 沾到ema30/ema60</p>
<p style='color: green;'>  币种/交易对:TAIUSDT 沾到ema30/ema60</p>
<p style='color: green;'>  币种/交易对:TUSDUSDT 沾到ema30/ema60</p>
<p style='color: green;'>  币种/交易对:WEMIXUSDT 沾到ema30/ema60</p>
<p style='color: green;'>  币种/交易对:XMRUSDT 沾到ema30/ema60</p>
<p style='color: green;'>  币种/交易对:XRPUSDT 沾到ema30/ema60</p>
<p style='color: green;'>  币种/交易对:BZZUSDT:USDT 沾到ema30/ema60</p>
<p style='color: green;'>  币种/交易对:CFXUSDT:USDT 沾到ema30/ema60</p>
<p style='color: green;'>  币种/交易对:CSPRUSDT:USDT 沾到ema30/ema60</p>
<p style='color: green;'>  币种/交易对:DORAUSDT:USDT 沾到ema30/ema60</p>
<p style='color: green;'>  币种/交易对:EFIUSDT:USDT 沾到ema30/ema60</p>
<p style='color: green;'>  币种/交易对:LATUSDT:USDT 沾到ema30/ema60</p>
<p style='color: green;'>  币种/交易对:RSRUSDT:USDT 沾到ema30/ema60</p>
<p style='color: green;'>  币种/交易对:RSS3USDT:USDT 沾到ema30/ema60</p>
<p style='color: green;'>  币种/交易对:SWRVUSDT:USDT 沾到ema30/ema60</p>
<p style='color: green;'>  币种/交易对:XCHUSDT:USDT 沾到ema30/ema60</p>
<p style='color: green;'>  币种/交易对:XMRUSDT:USDT 沾到ema30/ema60</p>
<p style='color: green;'>  币种/交易对:XRPUSDT:USDT 沾到ema30/ema60</p>
<p style='color: green; font-size:30px;'> <b>kdj金叉信号</b></p>
<p style='color: green;'>  币种/交易对:BTMUSDT kdj金叉信号</p>
<p style='color: green;'>  币种/交易对:DEVTUSDT kdj金叉信号</p>
<p style='color: green;'>  币种/交易对:DHTUSDT kdj金叉信号</p>
<p style='color: green;'>  币种/交易对:ECUSDT kdj金叉信号</p>
<p style='color: green;'>  币种/交易对:ITCUSDT kdj金叉信号</p>
<p style='color: green;'>  币种/交易对:KDAUSDT kdj金叉信号</p>
<p style='color: green;'>  币种/交易对:LEASHUSDT kdj金叉信号</p>
<p style='color: green;'>  币种/交易对:MANAUSDT kdj金叉信号</p>
<p style='color: green;'>  币种/交易对:MCOUSDT kdj金叉信号</p>
<p style='color: green;'>  币种/交易对:NEOUSDT kdj金叉信号</p>
<p style='color: green;'>  币种/交易对:OMGUSDT kdj金叉信号</p>
<p style='color: green;'>  币种/交易对:PITUSDT kdj金叉信号</p>
<p style='color: green;'>  币种/交易对:RENUSDT kdj金叉信号</p>
<p style='color: green;'>  币种/交易对:RVNUSDT kdj金叉信号</p>
<p style='color: green;'>  币种/交易对:SAMOUSDT kdj金叉信号</p>
<p style='color: green;'>  币种/交易对:THETAUSDT kdj金叉信号</p>
<p style='color: green;'>  币种/交易对:TORNUSDT kdj金叉信号</p>
<p style='color: green;'>  币种/交易对:TRBUSDT kdj金叉信号</p>
<p style='color: green;'>  币种/交易对:TUSDUSDT kdj金叉信号</p>
<p style='color: green;'>  币种/交易对:UMEEUSDT kdj金叉信号</p>
<p style='color: green;'>  币种/交易对:WOOUSDT kdj金叉信号</p>
<p style='color: green;'>  币种/交易对:YOYOWUSDT kdj金叉信号</p>
<p style='color: green;'>  币种/交易对:ZECUSDT kdj金叉信号</p>
<p style='color: green;'>  币种/交易对:BATUSDT:USDT kdj金叉信号</p>
<p style='color: green;'>  币种/交易对:BTMUSDT:USDT kdj金叉信号</p>
<p style='color: green;'>  币种/交易对:MANAUSDT:USDT kdj金叉信号</p>
<p style='color: green;'>  币种/交易对:NEOUSDT:USDT kdj金叉信号</p>
<p style='color: green;'>  币种/交易对:OMGUSDT:USDT kdj金叉信号</p>
<p style='color: green;'>  币种/交易对:RENUSDT:USDT kdj金叉信号</p>
<p style='color: green;'>  币种/交易对:RVNUSDT:USDT kdj金叉信号</p>
<p style='color: green;'>  币种/交易对:THETAUSDT:USDT kdj金叉信号</p>
<p style='color: green;'>  币种/交易对:TORNUSDT:USDT kdj金叉信号</p>
<p style='color: green;'>  币种/交易对:TRBUSDT:USDT kdj金叉信号</p>
<p style='color: green;'>  币种/交易对:UMEEUSDT:USDT kdj金叉信号</p>
<p style='color: green; font-size:30px;'> <b>DMI+</b></p>
<p style='color: green;'>  币种/交易对:DEVTUSDT DMI+</p>
<p style='color: green;'>  币种/交易对:EURTUSDT DMI+</p>
<p style='color: green;'>  币种/交易对:GLMRUSDT DMI+</p>
<p style='color: green;'>  币种/交易对:GODSUSDT DMI+</p>
<p style='color: green;'>  币种/交易对:HCUSDT DMI+</p>
<p style='color: green;'>  币种/交易对:KISHUUSDT DMI+</p>
<p style='color: green;'>  币种/交易对:LAMBUSDT DMI+</p>
<p style='color: green;'>  币种/交易对:PNKUSDT DMI+</p>
<p style='color: green;'>  币种/交易对:WEMIXUSDT DMI+</p>
<p style='color: green;'>  币种/交易对:BABYDOGEUSDT:USDT DMI+</p>
<p style='color: green;'>  币种/交易对:GODSUSDT:USDT DMI+</p>
<p style='color: green;'>  币种/交易对:KISHUUSDT:USDT DMI+</p>
<p style='color: green; font-size:30px;'> <b>分立跳空底背离</b></p>
<p style='color: green;'>  币种/交易对:DOMEUSDT 分立跳空底背离</p>
<p style='color: green;'>  币种/交易对:KINEUSDT 分立跳空底背离</p>
<p style='color: green;'>  币种/交易对:DOMEUSDT:USDT 分立跳空底背离</p>
<p style='color: green; font-size:30px;'> <b>段内底背离</b></p>
<p style='color: green;'>  币种/交易对:ECUSDT 段内底背离</p>
