<p style='color: green; font-size:30px;'> <b>DMI+</b></p>
<p style='color: green;'>  币种/交易对:BTCUSD DMI+</p>
<p style='color: green;'>  币种/交易对:UNIUSD DMI+</p>
<p style='color: green;'>  币种/交易对:STXUSD DMI+</p>
<p style='color: green;'>  币种/交易对:ALGOUSD DMI+</p>
<p style='color: green;'>  币种/交易对:STXUSDT DMI+</p>
<p style='color: green;'>  币种/交易对:ATOMUSD DMI+</p>
<p style='color: green;'>  币种/交易对:MATICUSD DMI+</p>
<p style='color: green;'>  币种/交易对:WBTCUSD DMI+</p>
<p style='color: green;'>  币种/交易对:SUSHIUSD DMI+</p>
<p style='color: green;'>  币种/交易对:EOSUSD DMI+</p>
<p style='color: green;'>  币种/交易对:BTCUSDT DMI+</p>
<p style='color: green; font-size:30px;'> <b>kdj金叉信号</b></p>
<p style='color: green;'>  币种/交易对:BTCUSD kdj金叉信号</p>
<p style='color: green;'>  币种/交易对:ETHUSD kdj金叉信号</p>
<p style='color: green;'>  币种/交易对:CELOUSD kdj金叉信号</p>
<p style='color: green;'>  币种/交易对:DOTUSD kdj金叉信号</p>
<p style='color: green;'>  币种/交易对:LINKUSD kdj金叉信号</p>
<p style='color: green;'>  币种/交易对:SNXUSD kdj金叉信号</p>
<p style='color: green;'>  币种/交易对:ETHUSDT kdj金叉信号</p>
<p style='color: green;'>  币种/交易对:STXUSDT kdj金叉信号</p>
<p style='color: green;'>  币种/交易对:DOGEUSD kdj金叉信号</p>
<p style='color: green;'>  币种/交易对:ATOMUSD kdj金叉信号</p>
<p style='color: green;'>  币种/交易对:WBTCUSD kdj金叉信号</p>
<p style='color: green;'>  币种/交易对:SUSHIUSD kdj金叉信号</p>
<p style='color: green;'>  币种/交易对:LUNRUSD kdj金叉信号</p>
<p style='color: green;'>  币种/交易对:EOSUSD kdj金叉信号</p>
<p style='color: green;'>  币种/交易对:BTCUSDT kdj金叉信号</p>
<p style='color: green;'>  币种/交易对:HBARUSD kdj金叉信号</p>
<p style='color: green; font-size:30px;'> <b>分立跳空底背离</b></p>
<p style='color: green;'>  币种/交易对:DOTUSD 分立跳空底背离</p>
<p style='color: green; font-size:30px;'> <b>段内底背离</b></p>
<p style='color: green;'>  币种/交易对:SNXUSD 段内底背离</p>
<p style='color: green;'>  币种/交易对:HASHUSD 段内底背离</p>
<p style='color: green; font-size:30px;'> <b>沾到ema30/ema60</b></p>
<p style='color: green;'>  币种/交易对:MIAUSD 沾到ema30/ema60</p>
<p style='color: green;'>  币种/交易对:HKCUSDT 沾到ema30/ema60</p>
<p style='color: green; font-size:30px;'> <b>macd金叉信号 + DMI</b></p>
<p style='color: green;'>  币种/交易对:WBTCUSD macd金叉信号 + DMI</p>
<p style='color: green;'>  币种/交易对:BTCUSDT macd金叉信号 + DMI</p>
<p style='color: green; font-size:30px;'> <b>macd金叉信号</b></p>
<p style='color: green;'>  币种/交易对:WBTCUSD macd金叉信号</p>
<p style='color: green;'>  币种/交易对:NYCUSD macd金叉信号</p>
<p style='color: green;'>  币种/交易对:USDTUSD macd金叉信号</p>
<p style='color: green;'>  币种/交易对:BTCUSDT macd金叉信号</p>
