<p style='color: green; font-size:30px;'> <b>macd金叉信号</b></p>
<p style='color: green;'>  币种/交易对:ETHUSD macd金叉信号</p>
<p style='color: green;'>  币种/交易对:CELOUSD macd金叉信号</p>
<p style='color: green;'>  币种/交易对:DOTUSD macd金叉信号</p>
<p style='color: green;'>  币种/交易对:STXUSD macd金叉信号</p>
<p style='color: green;'>  币种/交易对:MKRUSD macd金叉信号</p>
<p style='color: green;'>  币种/交易对:ETHUSDT macd金叉信号</p>
<p style='color: green;'>  币种/交易对:STXUSDT macd金叉信号</p>
<p style='color: green;'>  币种/交易对:TRXUSD macd金叉信号</p>
<p style='color: green;'>  币种/交易对:HBARUSD macd金叉信号</p>
<p style='color: green;'>  币种/交易对:DAIUSD macd金叉信号</p>
<p style='color: green; font-size:30px;'> <b>DMI+</b></p>
<p style='color: green;'>  币种/交易对:UNIUSD DMI+</p>
<p style='color: green;'>  币种/交易对:CHZUSD DMI+</p>
<p style='color: green;'>  币种/交易对:MIMUSD DMI+</p>
<p style='color: green;'>  币种/交易对:ARUSD DMI+</p>
<p style='color: green;'>  币种/交易对:HBARUSD DMI+</p>
<p style='color: green; font-size:30px;'> <b>TD 底部 9位置</b></p>
<p style='color: green;'>  币种/交易对:MIAUSD TD 底部 9位置</p>
<p style='color: green; font-size:30px;'> <b>kdj金叉信号</b></p>
<p style='color: green;'>  币种/交易对:USDTUSD kdj金叉信号</p>
<p style='color: green;'>  币种/交易对:TRXUSD kdj金叉信号</p>
<p style='color: green;'>  币种/交易对:USDKUSD kdj金叉信号</p>
<p style='color: green; font-size:30px;'> <b>沾到ema30/ema60</b></p>
<p style='color: green;'>  币种/交易对:USDCUSD 沾到ema30/ema60</p>
<p style='color: green;'>  币种/交易对:TRXUSD 沾到ema30/ema60</p>
<p style='color: green; font-size:30px;'> <b>macd金叉信号 + DMI</b></p>
<p style='color: green;'>  币种/交易对:HBARUSD macd金叉信号 + DMI</p>
<p style='color: green; font-size:30px;'> <b>分立跳空底背离</b></p>
<p style='color: green;'>  币种/交易对:CUSDUSD 分立跳空底背离</p>
<p style='color: green; font-size:30px;'> <b>段内底背离</b></p>
<p style='color: green;'>  币种/交易对:AVAXUSD 段内底背离</p>
